Measurement id = 33993009 To popcluster1.atlas.winet.dcc.ufmg.br  created -> start :2021-11-27 19:25 estimation of stop:2021-11-28 03:45-> 15320,14520,14955,1002118,16228,15053,31079,50397,31612,14761,12652,14727,12732,15743,1000610,16020,13691,16363,15644,16785
Measurement id = 33993011 To popcluster2.atlas.winet.dcc.ufmg.br  created -> start :2021-11-27 19:25 estimation of stop:2021-11-28 03:45-> 15320,14520,14955,1002118,16228,15053,31079,50397,31612,14761,12652,14727,12732,15743,1000610,16020,13691,16363,15644,16785
Measurement id = 33993013 To popcluster3.atlas.winet.dcc.ufmg.br  created -> start :2021-11-27 19:25 estimation of stop:2021-11-28 03:45-> 15320,14520,14955,1002118,16228,15053,31079,50397,31612,14761,12652,14727,12732,15743,1000610,16020,13691,16363,15644,16785
Measurement id = 33993015 To popcluster4.atlas.winet.dcc.ufmg.br  created -> start :2021-11-27 19:25 estimation of stop:2021-11-28 03:45-> 15320,14520,14955,1002118,16228,15053,31079,50397,31612,14761,12652,14727,12732,15743,1000610,16020,13691,16363,15644,16785
Measurement id = 33993017 To popcluster5.atlas.winet.dcc.ufmg.br  created -> start :2021-11-27 19:25 estimation of stop:2021-11-28 03:45-> 15320,14520,14955,1002118,16228,15053,31079,50397,31612,14761,12652,14727,12732,15743,1000610,16020,13691,16363,15644,16785
Measurement id = 33993019 To popcluster6.atlas.winet.dcc.ufmg.br  created -> start :2021-11-27 19:25 estimation of stop:2021-11-28 03:45-> 15320,14520,14955,1002118,16228,15053,31079,50397,31612,14761,12652,14727,12732,15743,1000610,16020,13691,16363,15644,16785
Measurement id = 33993022 To popcluster7.atlas.winet.dcc.ufmg.br  created -> start :2021-11-27 19:25 estimation of stop:2021-11-28 03:45-> 15320,14520,14955,1002118,16228,15053,31079,50397,31612,14761,12652,14727,12732,15743,1000610,16020,13691,16363,15644,16785
Measurement id = 33993024 To popcluster8.atlas.winet.dcc.ufmg.br  created -> start :2021-11-27 19:25 estimation of stop:2021-11-28 03:45-> 15320,14520,14955,1002118,16228,15053,31079,50397,31612,14761,12652,14727,12732,15743,1000610,16020,13691,16363,15644,16785
Measurement id = 33993026 To popcluster9.atlas.winet.dcc.ufmg.br  created -> start :2021-11-27 19:25 estimation of stop:2021-11-28 03:45-> 15320,14520,14955,1002118,16228,15053,31079,50397,31612,14761,12652,14727,12732,15743,1000610,16020,13691,16363,15644,16785
Measurement id = 33993028 To popcluster10.atlas.winet.dcc.ufmg.br  created -> start :2021-11-27 19:25 estimation of stop:2021-11-28 03:45-> 15320,14520,14955,1002118,16228,15053,31079,50397,31612,14761,12652,14727,12732,15743,1000610,16020,13691,16363,15644,16785
Measurement id = 33993030 To popcluster11.atlas.winet.dcc.ufmg.br  created -> start :2021-11-27 19:25 estimation of stop:2021-11-28 03:45-> 15320,14520,14955,1002118,16228,15053,31079,50397,31612,14761,12652,14727,12732,15743,1000610,16020,13691,16363,15644,16785
Measurement id = 33993032 To popcluster12.atlas.winet.dcc.ufmg.br  created -> start :2021-11-27 19:25 estimation of stop:2021-11-28 03:45-> 15320,14520,14955,1002118,16228,15053,31079,50397,31612,14761,12652,14727,12732,15743,1000610,16020,13691,16363,15644,16785
Measurement id = 33993034 To popcluster13.atlas.winet.dcc.ufmg.br  created -> start :2021-11-27 19:25 estimation of stop:2021-11-28 03:45-> 15320,14520,14955,1002118,16228,15053,31079,50397,31612,14761,12652,14727,12732,15743,1000610,16020,13691,16363,15644,16785
Measurement id = 33993036 To popcluster14.atlas.winet.dcc.ufmg.br  created -> start :2021-11-27 19:25 estimation of stop:2021-11-28 03:45-> 15320,14520,14955,1002118,16228,15053,31079,50397,31612,14761,12652,14727,12732,15743,1000610,16020,13691,16363,15644,16785
Measurement id = 33993038 To popcluster15.atlas.winet.dcc.ufmg.br  created -> start :2021-11-27 19:25 estimation of stop:2021-11-28 03:45-> 15320,14520,14955,1002118,16228,15053,31079,50397,31612,14761,12652,14727,12732,15743,1000610,16020,13691,16363,15644,16785
Measurement id = 33993040 To popcluster16.atlas.winet.dcc.ufmg.br  created -> start :2021-11-27 19:25 estimation of stop:2021-11-28 03:45-> 15320,14520,14955,1002118,16228,15053,31079,50397,31612,14761,12652,14727,12732,15743,1000610,16020,13691,16363,15644,16785
Measurement id = 33993042 To popcluster17.atlas.winet.dcc.ufmg.br  created -> start :2021-11-27 19:25 estimation of stop:2021-11-28 03:45-> 15320,14520,14955,1002118,16228,15053,31079,50397,31612,14761,12652,14727,12732,15743,1000610,16020,13691,16363,15644,16785
Measurement id = 33993045 To popcluster18.atlas.winet.dcc.ufmg.br  created -> start :2021-11-27 19:25 estimation of stop:2021-11-28 03:45-> 15320,14520,14955,1002118,16228,15053,31079,50397,31612,14761,12652,14727,12732,15743,1000610,16020,13691,16363,15644,16785
Measurement id = 33993048 To popcluster19.atlas.winet.dcc.ufmg.br  created -> start :2021-11-27 19:25 estimation of stop:2021-11-28 03:45-> 15320,14520,14955,1002118,16228,15053,31079,50397,31612,14761,12652,14727,12732,15743,1000610,16020,13691,16363,15644,16785
Measurement id = 33993050 To popcluster20.atlas.winet.dcc.ufmg.br  created -> start :2021-11-27 19:25 estimation of stop:2021-11-28 03:45-> 15320,14520,14955,1002118,16228,15053,31079,50397,31612,14761,12652,14727,12732,15743,1000610,16020,13691,16363,15644,16785
Measurement id = 33993052 To popcluster21.atlas.winet.dcc.ufmg.br  created -> start :2021-11-27 19:25 estimation of stop:2021-11-28 03:45-> 15320,14520,14955,1002118,16228,15053,31079,50397,31612,14761,12652,14727,12732,15743,1000610,16020,13691,16363,15644,16785
Measurement id = 33993054 To popcluster22.atlas.winet.dcc.ufmg.br  created -> start :2021-11-27 19:25 estimation of stop:2021-11-28 03:45-> 15320,14520,14955,1002118,16228,15053,31079,50397,31612,14761,12652,14727,12732,15743,1000610,16020,13691,16363,15644,16785
Measurement id = 33993056 To popcluster23.atlas.winet.dcc.ufmg.br  created -> start :2021-11-27 19:25 estimation of stop:2021-11-28 03:45-> 15320,14520,14955,1002118,16228,15053,31079,50397,31612,14761,12652,14727,12732,15743,1000610,16020,13691,16363,15644,16785
Measurement id = 33993058 To popcluster24.atlas.winet.dcc.ufmg.br  created -> start :2021-11-27 19:25 estimation of stop:2021-11-28 03:45-> 15320,14520,14955,1002118,16228,15053,31079,50397,31612,14761,12652,14727,12732,15743,1000610,16020,13691,16363,15644,16785
Measurement id = 33993060 To popcluster25.atlas.winet.dcc.ufmg.br  created -> start :2021-11-27 19:25 estimation of stop:2021-11-28 03:45-> 15320,14520,14955,1002118,16228,15053,31079,50397,31612,14761,12652,14727,12732,15743,1000610,16020,13691,16363,15644,16785
Measurement id = 33993062 To popcluster26.atlas.winet.dcc.ufmg.br  created -> start :2021-11-27 19:25 estimation of stop:2021-11-28 03:45-> 15320,14520,14955,1002118,16228,15053,31079,50397,31612,14761,12652,14727,12732,15743,1000610,16020,13691,16363,15644,16785
Measurement id = 33993064 To popcluster27.atlas.winet.dcc.ufmg.br  created -> start :2021-11-27 19:25 estimation of stop:2021-11-28 03:45-> 15320,14520,14955,1002118,16228,15053,31079,50397,31612,14761,12652,14727,12732,15743,1000610,16020,13691,16363,15644,16785
Measurement id = 33993066 To popcluster28.atlas.winet.dcc.ufmg.br  created -> start :2021-11-27 19:25 estimation of stop:2021-11-28 03:45-> 15320,14520,14955,1002118,16228,15053,31079,50397,31612,14761,12652,14727,12732,15743,1000610,16020,13691,16363,15644,16785
Measurement id = 33993068 To popcluster29.atlas.winet.dcc.ufmg.br  created -> start :2021-11-27 19:25 estimation of stop:2021-11-28 03:45-> 15320,14520,14955,1002118,16228,15053,31079,50397,31612,14761,12652,14727,12732,15743,1000610,16020,13691,16363,15644,16785
Measurement id = 33993071 To popcluster30.atlas.winet.dcc.ufmg.br  created -> start :2021-11-27 19:25 estimation of stop:2021-11-28 03:45-> 15320,14520,14955,1002118,16228,15053,31079,50397,31612,14761,12652,14727,12732,15743,1000610,16020,13691,16363,15644,16785
Measurement id = 33993073 To popcluster31.atlas.winet.dcc.ufmg.br  created -> start :2021-11-27 19:25 estimation of stop:2021-11-28 03:45-> 15320,14520,14955,1002118,16228,15053,31079,50397,31612,14761,12652,14727,12732,15743,1000610,16020,13691,16363,15644,16785
Measurement id = 33993075 To popcluster32.atlas.winet.dcc.ufmg.br  created -> start :2021-11-27 19:25 estimation of stop:2021-11-28 03:45-> 15320,14520,14955,1002118,16228,15053,31079,50397,31612,14761,12652,14727,12732,15743,1000610,16020,13691,16363,15644,16785
Measurement id = 33993077 To popcluster33.atlas.winet.dcc.ufmg.br  created -> start :2021-11-27 19:25 estimation of stop:2021-11-28 03:45-> 15320,14520,14955,1002118,16228,15053,31079,50397,31612,14761,12652,14727,12732,15743,1000610,16020,13691,16363,15644,16785
Measurement id = 33993079 To popcluster34.atlas.winet.dcc.ufmg.br  created -> start :2021-11-27 19:25 estimation of stop:2021-11-28 03:45-> 15320,14520,14955,1002118,16228,15053,31079,50397,31612,14761,12652,14727,12732,15743,1000610,16020,13691,16363,15644,16785
Measurement id = 33993081 To popcluster35.atlas.winet.dcc.ufmg.br  created -> start :2021-11-27 19:25 estimation of stop:2021-11-28 03:45-> 15320,14520,14955,1002118,16228,15053,31079,50397,31612,14761,12652,14727,12732,15743,1000610,16020,13691,16363,15644,16785
Measurement id = 33993083 To popcluster36.atlas.winet.dcc.ufmg.br  created -> start :2021-11-27 19:25 estimation of stop:2021-11-28 03:45-> 15320,14520,14955,1002118,16228,15053,31079,50397,31612,14761,12652,14727,12732,15743,1000610,16020,13691,16363,15644,16785
Measurement id = 33993085 To popcluster37.atlas.winet.dcc.ufmg.br  created -> start :2021-11-27 19:25 estimation of stop:2021-11-28 03:45-> 15320,14520,14955,1002118,16228,15053,31079,50397,31612,14761,12652,14727,12732,15743,1000610,16020,13691,16363,15644,16785
Measurement id = 33993087 To popcluster38.atlas.winet.dcc.ufmg.br  created -> start :2021-11-27 19:25 estimation of stop:2021-11-28 03:45-> 15320,14520,14955,1002118,16228,15053,31079,50397,31612,14761,12652,14727,12732,15743,1000610,16020,13691,16363,15644,16785
Measurement id = 33993089 To popcluster39.atlas.winet.dcc.ufmg.br  created -> start :2021-11-27 19:25 estimation of stop:2021-11-28 03:45-> 15320,14520,14955,1002118,16228,15053,31079,50397,31612,14761,12652,14727,12732,15743,1000610,16020,13691,16363,15644,16785
Measurement id = 33993090 To popcluster40.atlas.winet.dcc.ufmg.br  created -> start :2021-11-27 19:25 estimation of stop:2021-11-28 03:45-> 15320,14520,14955,1002118,16228,15053,31079,50397,31612,14761,12652,14727,12732,15743,1000610,16020,13691,16363,15644,16785
Measurement id = 33993091 To popcluster41.atlas.winet.dcc.ufmg.br  created -> start :2021-11-27 19:25 estimation of stop:2021-11-28 03:45-> 15320,14520,14955,1002118,16228,15053,31079,50397,31612,14761,12652,14727,12732,15743,1000610,16020,13691,16363,15644,16785
Measurement id = 33993092 To popcluster42.atlas.winet.dcc.ufmg.br  created -> start :2021-11-27 19:25 estimation of stop:2021-11-28 03:45-> 15320,14520,14955,1002118,16228,15053,31079,50397,31612,14761,12652,14727,12732,15743,1000610,16020,13691,16363,15644,16785
Measurement id = 33993093 To popcluster43.atlas.winet.dcc.ufmg.br  created -> start :2021-11-27 19:25 estimation of stop:2021-11-28 03:45-> 15320,14520,14955,1002118,16228,15053,31079,50397,31612,14761,12652,14727,12732,15743,1000610,16020,13691,16363,15644,16785
Measurement id = 33993094 To popcluster44.atlas.winet.dcc.ufmg.br  created -> start :2021-11-27 19:25 estimation of stop:2021-11-28 03:45-> 15320,14520,14955,1002118,16228,15053,31079,50397,31612,14761,12652,14727,12732,15743,1000610,16020,13691,16363,15644,16785
Measurement id = 33993095 To popcluster45.atlas.winet.dcc.ufmg.br  created -> start :2021-11-27 19:25 estimation of stop:2021-11-28 03:45-> 15320,14520,14955,1002118,16228,15053,31079,50397,31612,14761,12652,14727,12732,15743,1000610,16020,13691,16363,15644,16785
Measurement id = 33993096 To popcluster46.atlas.winet.dcc.ufmg.br  created -> start :2021-11-27 19:25 estimation of stop:2021-11-28 03:45-> 15320,14520,14955,1002118,16228,15053,31079,50397,31612,14761,12652,14727,12732,15743,1000610,16020,13691,16363,15644,16785
Measurement id = 33993097 To popcluster47.atlas.winet.dcc.ufmg.br  created -> start :2021-11-27 19:25 estimation of stop:2021-11-28 03:45-> 15320,14520,14955,1002118,16228,15053,31079,50397,31612,14761,12652,14727,12732,15743,1000610,16020,13691,16363,15644,16785
Measurement id = 33993098 To popcluster48.atlas.winet.dcc.ufmg.br  created -> start :2021-11-27 19:25 estimation of stop:2021-11-28 03:45-> 15320,14520,14955,1002118,16228,15053,31079,50397,31612,14761,12652,14727,12732,15743,1000610,16020,13691,16363,15644,16785
Measurement id = 33993099 To popcluster49.atlas.winet.dcc.ufmg.br  created -> start :2021-11-27 19:25 estimation of stop:2021-11-28 03:45-> 15320,14520,14955,1002118,16228,15053,31079,50397,31612,14761,12652,14727,12732,15743,1000610,16020,13691,16363,15644,16785
Measurement id = 33993100 To popcluster50.atlas.winet.dcc.ufmg.br  created -> start :2021-11-27 19:25 estimation of stop:2021-11-28 03:45-> 15320,14520,14955,1002118,16228,15053,31079,50397,31612,14761,12652,14727,12732,15743,1000610,16020,13691,16363,15644,16785
Measurement id = 33993101 To popcluster51.atlas.winet.dcc.ufmg.br  created -> start :2021-11-27 19:25 estimation of stop:2021-11-28 03:45-> 15320,14520,14955,1002118,16228,15053,31079,50397,31612,14761,12652,14727,12732,15743,1000610,16020,13691,16363,15644,16785
Measurement id = 33993102 To popcluster52.atlas.winet.dcc.ufmg.br  created -> start :2021-11-27 19:25 estimation of stop:2021-11-28 03:45-> 15320,14520,14955,1002118,16228,15053,31079,50397,31612,14761,12652,14727,12732,15743,1000610,16020,13691,16363,15644,16785
Measurement id = 33993103 To popcluster53.atlas.winet.dcc.ufmg.br  created -> start :2021-11-27 19:25 estimation of stop:2021-11-28 03:45-> 15320,14520,14955,1002118,16228,15053,31079,50397,31612,14761,12652,14727,12732,15743,1000610,16020,13691,16363,15644,16785
Measurement id = 33993104 To popcluster54.atlas.winet.dcc.ufmg.br  created -> start :2021-11-27 19:25 estimation of stop:2021-11-28 03:45-> 15320,14520,14955,1002118,16228,15053,31079,50397,31612,14761,12652,14727,12732,15743,1000610,16020,13691,16363,15644,16785
Measurement id = 33993105 To popcluster55.atlas.winet.dcc.ufmg.br  created -> start :2021-11-27 19:25 estimation of stop:2021-11-28 03:45-> 15320,14520,14955,1002118,16228,15053,31079,50397,31612,14761,12652,14727,12732,15743,1000610,16020,13691,16363,15644,16785
Measurement id = 33993106 To popcluster56.atlas.winet.dcc.ufmg.br  created -> start :2021-11-27 19:25 estimation of stop:2021-11-28 03:45-> 15320,14520,14955,1002118,16228,15053,31079,50397,31612,14761,12652,14727,12732,15743,1000610,16020,13691,16363,15644,16785
Measurement id = 33993107 To popcluster57.atlas.winet.dcc.ufmg.br  created -> start :2021-11-27 19:25 estimation of stop:2021-11-28 03:45-> 15320,14520,14955,1002118,16228,15053,31079,50397,31612,14761,12652,14727,12732,15743,1000610,16020,13691,16363,15644,16785
Measurement id = 33993108 To popcluster58.atlas.winet.dcc.ufmg.br  created -> start :2021-11-27 19:25 estimation of stop:2021-11-28 03:45-> 15320,14520,14955,1002118,16228,15053,31079,50397,31612,14761,12652,14727,12732,15743,1000610,16020,13691,16363,15644,16785
Measurement id = 33993109 To popcluster59.atlas.winet.dcc.ufmg.br  created -> start :2021-11-27 19:25 estimation of stop:2021-11-28 03:45-> 15320,14520,14955,1002118,16228,15053,31079,50397,31612,14761,12652,14727,12732,15743,1000610,16020,13691,16363,15644,16785
Measurement id = 33993110 To popcluster60.atlas.winet.dcc.ufmg.br  created -> start :2021-11-27 19:25 estimation of stop:2021-11-28 03:45-> 15320,14520,14955,1002118,16228,15053,31079,50397,31612,14761,12652,14727,12732,15743,1000610,16020,13691,16363,15644,16785
Measurement id = 33993111 To popcluster61.atlas.winet.dcc.ufmg.br  created -> start :2021-11-27 19:25 estimation of stop:2021-11-28 03:45-> 15320,14520,14955,1002118,16228,15053,31079,50397,31612,14761,12652,14727,12732,15743,1000610,16020,13691,16363,15644,16785
Measurement id = 33993112 To popcluster62.atlas.winet.dcc.ufmg.br  created -> start :2021-11-27 19:25 estimation of stop:2021-11-28 03:45-> 15320,14520,14955,1002118,16228,15053,31079,50397,31612,14761,12652,14727,12732,15743,1000610,16020,13691,16363,15644,16785
Measurement id = 33993113 To popcluster63.atlas.winet.dcc.ufmg.br  created -> start :2021-11-27 19:25 estimation of stop:2021-11-28 03:45-> 15320,14520,14955,1002118,16228,15053,31079,50397,31612,14761,12652,14727,12732,15743,1000610,16020,13691,16363,15644,16785
Measurement id = 33993114 To popcluster64.atlas.winet.dcc.ufmg.br  created -> start :2021-11-27 19:25 estimation of stop:2021-11-28 03:45-> 15320,14520,14955,1002118,16228,15053,31079,50397,31612,14761,12652,14727,12732,15743,1000610,16020,13691,16363,15644,16785
Measurement id = 33993116 To popcluster65.atlas.winet.dcc.ufmg.br  created -> start :2021-11-27 19:25 estimation of stop:2021-11-28 03:45-> 15320,14520,14955,1002118,16228,15053,31079,50397,31612,14761,12652,14727,12732,15743,1000610,16020,13691,16363,15644,16785
Measurement id = 33993117 To popcluster66.atlas.winet.dcc.ufmg.br  created -> start :2021-11-27 19:25 estimation of stop:2021-11-28 03:45-> 15320,14520,14955,1002118,16228,15053,31079,50397,31612,14761,12652,14727,12732,15743,1000610,16020,13691,16363,15644,16785
Measurement id = 33993120 To popcluster67.atlas.winet.dcc.ufmg.br  created -> start :2021-11-27 19:25 estimation of stop:2021-11-28 03:45-> 15320,14520,14955,1002118,16228,15053,31079,50397,31612,14761,12652,14727,12732,15743,1000610,16020,13691,16363,15644,16785
Measurement id = 33993121 To popcluster68.atlas.winet.dcc.ufmg.br  created -> start :2021-11-27 19:25 estimation of stop:2021-11-28 03:45-> 15320,14520,14955,1002118,16228,15053,31079,50397,31612,14761,12652,14727,12732,15743,1000610,16020,13691,16363,15644,16785
Measurement id = 33993122 To popcluster69.atlas.winet.dcc.ufmg.br  created -> start :2021-11-27 19:25 estimation of stop:2021-11-28 03:45-> 15320,14520,14955,1002118,16228,15053,31079,50397,31612,14761,12652,14727,12732,15743,1000610,16020,13691,16363,15644,16785
Measurement id = 33993123 To popcluster70.atlas.winet.dcc.ufmg.br  created -> start :2021-11-27 19:25 estimation of stop:2021-11-28 03:45-> 15320,14520,14955,1002118,16228,15053,31079,50397,31612,14761,12652,14727,12732,15743,1000610,16020,13691,16363,15644,16785
Measurement id = 33993124 To popcluster71.atlas.winet.dcc.ufmg.br  created -> start :2021-11-27 19:25 estimation of stop:2021-11-28 03:45-> 15320,14520,14955,1002118,16228,15053,31079,50397,31612,14761,12652,14727,12732,15743,1000610,16020,13691,16363,15644,16785
Measurement id = 33993125 To popcluster72.atlas.winet.dcc.ufmg.br  created -> start :2021-11-27 19:25 estimation of stop:2021-11-28 03:45-> 15320,14520,14955,1002118,16228,15053,31079,50397,31612,14761,12652,14727,12732,15743,1000610,16020,13691,16363,15644,16785
Measurement id = 33993126 To popcluster73.atlas.winet.dcc.ufmg.br  created -> start :2021-11-27 19:25 estimation of stop:2021-11-28 03:45-> 15320,14520,14955,1002118,16228,15053,31079,50397,31612,14761,12652,14727,12732,15743,1000610,16020,13691,16363,15644,16785
Measurement id = 33993127 To popcluster74.atlas.winet.dcc.ufmg.br  created -> start :2021-11-27 19:25 estimation of stop:2021-11-28 03:45-> 15320,14520,14955,1002118,16228,15053,31079,50397,31612,14761,12652,14727,12732,15743,1000610,16020,13691,16363,15644,16785
Measurement id = 33993128 To popcluster75.atlas.winet.dcc.ufmg.br  created -> start :2021-11-27 19:25 estimation of stop:2021-11-28 03:45-> 15320,14520,14955,1002118,16228,15053,31079,50397,31612,14761,12652,14727,12732,15743,1000610,16020,13691,16363,15644,16785
Measurement id = 33993129 To popcluster76.atlas.winet.dcc.ufmg.br  created -> start :2021-11-27 19:25 estimation of stop:2021-11-28 03:45-> 15320,14520,14955,1002118,16228,15053,31079,50397,31612,14761,12652,14727,12732,15743,1000610,16020,13691,16363,15644,16785
Measurement id = 33993130 To popcluster77.atlas.winet.dcc.ufmg.br  created -> start :2021-11-27 19:25 estimation of stop:2021-11-28 03:45-> 15320,14520,14955,1002118,16228,15053,31079,50397,31612,14761,12652,14727,12732,15743,1000610,16020,13691,16363,15644,16785
Measurement id = 33993131 To popcluster78.atlas.winet.dcc.ufmg.br  created -> start :2021-11-27 19:25 estimation of stop:2021-11-28 03:45-> 15320,14520,14955,1002118,16228,15053,31079,50397,31612,14761,12652,14727,12732,15743,1000610,16020,13691,16363,15644,16785
Measurement id = 33993132 To popcluster79.atlas.winet.dcc.ufmg.br  created -> start :2021-11-27 19:25 estimation of stop:2021-11-28 03:45-> 15320,14520,14955,1002118,16228,15053,31079,50397,31612,14761,12652,14727,12732,15743,1000610,16020,13691,16363,15644,16785
Measurement id = 33993133 To popcluster80.atlas.winet.dcc.ufmg.br  created -> start :2021-11-27 19:25 estimation of stop:2021-11-28 03:45-> 15320,14520,14955,1002118,16228,15053,31079,50397,31612,14761,12652,14727,12732,15743,1000610,16020,13691,16363,15644,16785
Measurement id = 33993134 To popcluster81.atlas.winet.dcc.ufmg.br  created -> start :2021-11-27 19:25 estimation of stop:2021-11-28 03:45-> 15320,14520,14955,1002118,16228,15053,31079,50397,31612,14761,12652,14727,12732,15743,1000610,16020,13691,16363,15644,16785
Measurement id = 33993135 To popcluster82.atlas.winet.dcc.ufmg.br  created -> start :2021-11-27 19:25 estimation of stop:2021-11-28 03:45-> 15320,14520,14955,1002118,16228,15053,31079,50397,31612,14761,12652,14727,12732,15743,1000610,16020,13691,16363,15644,16785
Measurement id = 33993136 To popcluster83.atlas.winet.dcc.ufmg.br  created -> start :2021-11-27 19:25 estimation of stop:2021-11-28 03:45-> 15320,14520,14955,1002118,16228,15053,31079,50397,31612,14761,12652,14727,12732,15743,1000610,16020,13691,16363,15644,16785
Measurement id = 33993137 To popcluster84.atlas.winet.dcc.ufmg.br  created -> start :2021-11-27 19:25 estimation of stop:2021-11-28 03:45-> 15320,14520,14955,1002118,16228,15053,31079,50397,31612,14761,12652,14727,12732,15743,1000610,16020,13691,16363,15644,16785
Measurement id = 33993138 To popcluster85.atlas.winet.dcc.ufmg.br  created -> start :2021-11-27 19:25 estimation of stop:2021-11-28 03:45-> 15320,14520,14955,1002118,16228,15053,31079,50397,31612,14761,12652,14727,12732,15743,1000610,16020,13691,16363,15644,16785
Measurement id = 33993139 To popcluster86.atlas.winet.dcc.ufmg.br  created -> start :2021-11-27 19:25 estimation of stop:2021-11-28 03:45-> 15320,14520,14955,1002118,16228,15053,31079,50397,31612,14761,12652,14727,12732,15743,1000610,16020,13691,16363,15644,16785
Measurement id = 33993140 To popcluster87.atlas.winet.dcc.ufmg.br  created -> start :2021-11-27 19:25 estimation of stop:2021-11-28 03:45-> 15320,14520,14955,1002118,16228,15053,31079,50397,31612,14761,12652,14727,12732,15743,1000610,16020,13691,16363,15644,16785
Measurement id = 33993141 To popcluster88.atlas.winet.dcc.ufmg.br  created -> start :2021-11-27 19:25 estimation of stop:2021-11-28 03:45-> 15320,14520,14955,1002118,16228,15053,31079,50397,31612,14761,12652,14727,12732,15743,1000610,16020,13691,16363,15644,16785
Measurement id = 33993142 To popcluster89.atlas.winet.dcc.ufmg.br  created -> start :2021-11-27 19:25 estimation of stop:2021-11-28 03:45-> 15320,14520,14955,1002118,16228,15053,31079,50397,31612,14761,12652,14727,12732,15743,1000610,16020,13691,16363,15644,16785
Measurement id = 33993144 To popcluster90.atlas.winet.dcc.ufmg.br  created -> start :2021-11-27 19:25 estimation of stop:2021-11-28 03:45-> 15320,14520,14955,1002118,16228,15053,31079,50397,31612,14761,12652,14727,12732,15743,1000610,16020,13691,16363,15644,16785
Measurement id = 33993145 To popcluster91.atlas.winet.dcc.ufmg.br  created -> start :2021-11-27 19:25 estimation of stop:2021-11-28 03:45-> 15320,14520,14955,1002118,16228,15053,31079,50397,31612,14761,12652,14727,12732,15743,1000610,16020,13691,16363,15644,16785
Measurement id = 33993146 To popcluster92.atlas.winet.dcc.ufmg.br  created -> start :2021-11-27 19:25 estimation of stop:2021-11-28 03:45-> 15320,14520,14955,1002118,16228,15053,31079,50397,31612,14761,12652,14727,12732,15743,1000610,16020,13691,16363,15644,16785
Measurement id = 33993147 To popcluster93.atlas.winet.dcc.ufmg.br  created -> start :2021-11-27 19:25 estimation of stop:2021-11-28 03:45-> 15320,14520,14955,1002118,16228,15053,31079,50397,31612,14761,12652,14727,12732,15743,1000610,16020,13691,16363,15644,16785
Measurement id = 33993148 To popcluster94.atlas.winet.dcc.ufmg.br  created -> start :2021-11-27 19:25 estimation of stop:2021-11-28 03:45-> 15320,14520,14955,1002118,16228,15053,31079,50397,31612,14761,12652,14727,12732,15743,1000610,16020,13691,16363,15644,16785
Measurement id = 33993149 To popcluster95.atlas.winet.dcc.ufmg.br  created -> start :2021-11-27 19:25 estimation of stop:2021-11-28 03:45-> 15320,14520,14955,1002118,16228,15053,31079,50397,31612,14761,12652,14727,12732,15743,1000610,16020,13691,16363,15644,16785
Measurement id = 33993150 To popcluster96.atlas.winet.dcc.ufmg.br  created -> start :2021-11-27 19:25 estimation of stop:2021-11-28 03:45-> 15320,14520,14955,1002118,16228,15053,31079,50397,31612,14761,12652,14727,12732,15743,1000610,16020,13691,16363,15644,16785
Measurement id = 33993151 To popcluster97.atlas.winet.dcc.ufmg.br  created -> start :2021-11-27 19:25 estimation of stop:2021-11-28 03:45-> 15320,14520,14955,1002118,16228,15053,31079,50397,31612,14761,12652,14727,12732,15743,1000610,16020,13691,16363,15644,16785
Measurement id = 33993152 To popcluster98.atlas.winet.dcc.ufmg.br  created -> start :2021-11-27 19:25 estimation of stop:2021-11-28 03:45-> 15320,14520,14955,1002118,16228,15053,31079,50397,31612,14761,12652,14727,12732,15743,1000610,16020,13691,16363,15644,16785
Measurement id = 33993153 To popcluster99.atlas.winet.dcc.ufmg.br  created -> start :2021-11-27 19:25 estimation of stop:2021-11-28 03:45-> 15320,14520,14955,1002118,16228,15053,31079,50397,31612,14761,12652,14727,12732,15743,1000610,16020,13691,16363,15644,16785
Measurement id = 33993154 To popcluster100.atlas.winet.dcc.ufmg.br  created -> start :2021-11-27 19:25 estimation of stop:2021-11-28 03:45-> 15320,14520,14955,1002118,16228,15053,31079,50397,31612,14761,12652,14727,12732,15743,1000610,16020,13691,16363,15644,16785
