Measurement id = 34398699 To popcluster1.atlas.winet.dcc.ufmg.br  created -> start :2021-12-10 01:36 estimation of stop:2021-12-10 09:56-> 22782,22802,22908,22945,22999,23058,23268,23392,23417,23686,23961,24044,24081,24084,24405,24432,24470,24505,24580,24804
Measurement id = 34398700 To popcluster2.atlas.winet.dcc.ufmg.br  created -> start :2021-12-10 01:36 estimation of stop:2021-12-10 09:56-> 22782,22802,22908,22945,22999,23058,23268,23392,23417,23686,23961,24044,24081,24084,24405,24432,24470,24505,24580,24804
Measurement id = 34398702 To popcluster3.atlas.winet.dcc.ufmg.br  created -> start :2021-12-10 01:36 estimation of stop:2021-12-10 09:56-> 22782,22802,22908,22945,22999,23058,23268,23392,23417,23686,23961,24044,24081,24084,24405,24432,24470,24505,24580,24804
Measurement id = 34398703 To popcluster4.atlas.winet.dcc.ufmg.br  created -> start :2021-12-10 01:36 estimation of stop:2021-12-10 09:56-> 22782,22802,22908,22945,22999,23058,23268,23392,23417,23686,23961,24044,24081,24084,24405,24432,24470,24505,24580,24804
Measurement id = 34398704 To popcluster5.atlas.winet.dcc.ufmg.br  created -> start :2021-12-10 01:36 estimation of stop:2021-12-10 09:56-> 22782,22802,22908,22945,22999,23058,23268,23392,23417,23686,23961,24044,24081,24084,24405,24432,24470,24505,24580,24804
Measurement id = 34398705 To popcluster6.atlas.winet.dcc.ufmg.br  created -> start :2021-12-10 01:36 estimation of stop:2021-12-10 09:56-> 22782,22802,22908,22945,22999,23058,23268,23392,23417,23686,23961,24044,24081,24084,24405,24432,24470,24505,24580,24804
Measurement id = 34398706 To popcluster7.atlas.winet.dcc.ufmg.br  created -> start :2021-12-10 01:36 estimation of stop:2021-12-10 09:56-> 22782,22802,22908,22945,22999,23058,23268,23392,23417,23686,23961,24044,24081,24084,24405,24432,24470,24505,24580,24804
Measurement id = 34398707 To popcluster8.atlas.winet.dcc.ufmg.br  created -> start :2021-12-10 01:36 estimation of stop:2021-12-10 09:56-> 22782,22802,22908,22945,22999,23058,23268,23392,23417,23686,23961,24044,24081,24084,24405,24432,24470,24505,24580,24804
Measurement id = 34398708 To popcluster9.atlas.winet.dcc.ufmg.br  created -> start :2021-12-10 01:36 estimation of stop:2021-12-10 09:56-> 22782,22802,22908,22945,22999,23058,23268,23392,23417,23686,23961,24044,24081,24084,24405,24432,24470,24505,24580,24804
Measurement id = 34398709 To popcluster10.atlas.winet.dcc.ufmg.br  created -> start :2021-12-10 01:36 estimation of stop:2021-12-10 09:56-> 22782,22802,22908,22945,22999,23058,23268,23392,23417,23686,23961,24044,24081,24084,24405,24432,24470,24505,24580,24804
Measurement id = 34398710 To popcluster11.atlas.winet.dcc.ufmg.br  created -> start :2021-12-10 01:36 estimation of stop:2021-12-10 09:56-> 22782,22802,22908,22945,22999,23058,23268,23392,23417,23686,23961,24044,24081,24084,24405,24432,24470,24505,24580,24804
Measurement id = 34398711 To popcluster12.atlas.winet.dcc.ufmg.br  created -> start :2021-12-10 01:36 estimation of stop:2021-12-10 09:56-> 22782,22802,22908,22945,22999,23058,23268,23392,23417,23686,23961,24044,24081,24084,24405,24432,24470,24505,24580,24804
Measurement id = 34398712 To popcluster13.atlas.winet.dcc.ufmg.br  created -> start :2021-12-10 01:36 estimation of stop:2021-12-10 09:56-> 22782,22802,22908,22945,22999,23058,23268,23392,23417,23686,23961,24044,24081,24084,24405,24432,24470,24505,24580,24804
Measurement id = 34398713 To popcluster14.atlas.winet.dcc.ufmg.br  created -> start :2021-12-10 01:36 estimation of stop:2021-12-10 09:56-> 22782,22802,22908,22945,22999,23058,23268,23392,23417,23686,23961,24044,24081,24084,24405,24432,24470,24505,24580,24804
Measurement id = 34398714 To popcluster15.atlas.winet.dcc.ufmg.br  created -> start :2021-12-10 01:36 estimation of stop:2021-12-10 09:56-> 22782,22802,22908,22945,22999,23058,23268,23392,23417,23686,23961,24044,24081,24084,24405,24432,24470,24505,24580,24804
Measurement id = 34398715 To popcluster16.atlas.winet.dcc.ufmg.br  created -> start :2021-12-10 01:36 estimation of stop:2021-12-10 09:56-> 22782,22802,22908,22945,22999,23058,23268,23392,23417,23686,23961,24044,24081,24084,24405,24432,24470,24505,24580,24804
Measurement id = 34398718 To popcluster17.atlas.winet.dcc.ufmg.br  created -> start :2021-12-10 01:36 estimation of stop:2021-12-10 09:56-> 22782,22802,22908,22945,22999,23058,23268,23392,23417,23686,23961,24044,24081,24084,24405,24432,24470,24505,24580,24804
Measurement id = 34398722 To popcluster18.atlas.winet.dcc.ufmg.br  created -> start :2021-12-10 01:36 estimation of stop:2021-12-10 09:56-> 22782,22802,22908,22945,22999,23058,23268,23392,23417,23686,23961,24044,24081,24084,24405,24432,24470,24505,24580,24804
Measurement id = 34398727 To popcluster19.atlas.winet.dcc.ufmg.br  created -> start :2021-12-10 01:36 estimation of stop:2021-12-10 09:56-> 22782,22802,22908,22945,22999,23058,23268,23392,23417,23686,23961,24044,24081,24084,24405,24432,24470,24505,24580,24804
Measurement id = 34398730 To popcluster20.atlas.winet.dcc.ufmg.br  created -> start :2021-12-10 01:36 estimation of stop:2021-12-10 09:56-> 22782,22802,22908,22945,22999,23058,23268,23392,23417,23686,23961,24044,24081,24084,24405,24432,24470,24505,24580,24804
Measurement id = 34398734 To popcluster21.atlas.winet.dcc.ufmg.br  created -> start :2021-12-10 01:36 estimation of stop:2021-12-10 09:56-> 22782,22802,22908,22945,22999,23058,23268,23392,23417,23686,23961,24044,24081,24084,24405,24432,24470,24505,24580,24804
Measurement id = 34398738 To popcluster22.atlas.winet.dcc.ufmg.br  created -> start :2021-12-10 01:36 estimation of stop:2021-12-10 09:56-> 22782,22802,22908,22945,22999,23058,23268,23392,23417,23686,23961,24044,24081,24084,24405,24432,24470,24505,24580,24804
Measurement id = 34398743 To popcluster23.atlas.winet.dcc.ufmg.br  created -> start :2021-12-10 01:36 estimation of stop:2021-12-10 09:56-> 22782,22802,22908,22945,22999,23058,23268,23392,23417,23686,23961,24044,24081,24084,24405,24432,24470,24505,24580,24804
Measurement id = 34398747 To popcluster24.atlas.winet.dcc.ufmg.br  created -> start :2021-12-10 01:36 estimation of stop:2021-12-10 09:56-> 22782,22802,22908,22945,22999,23058,23268,23392,23417,23686,23961,24044,24081,24084,24405,24432,24470,24505,24580,24804
Measurement id = 34398751 To popcluster25.atlas.winet.dcc.ufmg.br  created -> start :2021-12-10 01:36 estimation of stop:2021-12-10 09:56-> 22782,22802,22908,22945,22999,23058,23268,23392,23417,23686,23961,24044,24081,24084,24405,24432,24470,24505,24580,24804
Measurement id = 34398752 To popcluster26.atlas.winet.dcc.ufmg.br  created -> start :2021-12-10 01:36 estimation of stop:2021-12-10 09:56-> 22782,22802,22908,22945,22999,23058,23268,23392,23417,23686,23961,24044,24081,24084,24405,24432,24470,24505,24580,24804
Measurement id = 34398753 To popcluster27.atlas.winet.dcc.ufmg.br  created -> start :2021-12-10 01:36 estimation of stop:2021-12-10 09:56-> 22782,22802,22908,22945,22999,23058,23268,23392,23417,23686,23961,24044,24081,24084,24405,24432,24470,24505,24580,24804
Measurement id = 34398754 To popcluster28.atlas.winet.dcc.ufmg.br  created -> start :2021-12-10 01:36 estimation of stop:2021-12-10 09:56-> 22782,22802,22908,22945,22999,23058,23268,23392,23417,23686,23961,24044,24081,24084,24405,24432,24470,24505,24580,24804
Measurement id = 34398755 To popcluster29.atlas.winet.dcc.ufmg.br  created -> start :2021-12-10 01:36 estimation of stop:2021-12-10 09:56-> 22782,22802,22908,22945,22999,23058,23268,23392,23417,23686,23961,24044,24081,24084,24405,24432,24470,24505,24580,24804
Measurement id = 34398756 To popcluster30.atlas.winet.dcc.ufmg.br  created -> start :2021-12-10 01:36 estimation of stop:2021-12-10 09:56-> 22782,22802,22908,22945,22999,23058,23268,23392,23417,23686,23961,24044,24081,24084,24405,24432,24470,24505,24580,24804
Measurement id = 34398757 To popcluster31.atlas.winet.dcc.ufmg.br  created -> start :2021-12-10 01:36 estimation of stop:2021-12-10 09:56-> 22782,22802,22908,22945,22999,23058,23268,23392,23417,23686,23961,24044,24081,24084,24405,24432,24470,24505,24580,24804
Measurement id = 34398758 To popcluster32.atlas.winet.dcc.ufmg.br  created -> start :2021-12-10 01:36 estimation of stop:2021-12-10 09:56-> 22782,22802,22908,22945,22999,23058,23268,23392,23417,23686,23961,24044,24081,24084,24405,24432,24470,24505,24580,24804
Measurement id = 34398759 To popcluster33.atlas.winet.dcc.ufmg.br  created -> start :2021-12-10 01:36 estimation of stop:2021-12-10 09:56-> 22782,22802,22908,22945,22999,23058,23268,23392,23417,23686,23961,24044,24081,24084,24405,24432,24470,24505,24580,24804
Measurement id = 34398761 To popcluster34.atlas.winet.dcc.ufmg.br  created -> start :2021-12-10 01:36 estimation of stop:2021-12-10 09:56-> 22782,22802,22908,22945,22999,23058,23268,23392,23417,23686,23961,24044,24081,24084,24405,24432,24470,24505,24580,24804
Measurement id = 34398762 To popcluster35.atlas.winet.dcc.ufmg.br  created -> start :2021-12-10 01:36 estimation of stop:2021-12-10 09:56-> 22782,22802,22908,22945,22999,23058,23268,23392,23417,23686,23961,24044,24081,24084,24405,24432,24470,24505,24580,24804
Measurement id = 34398763 To popcluster36.atlas.winet.dcc.ufmg.br  created -> start :2021-12-10 01:36 estimation of stop:2021-12-10 09:56-> 22782,22802,22908,22945,22999,23058,23268,23392,23417,23686,23961,24044,24081,24084,24405,24432,24470,24505,24580,24804
Measurement id = 34398764 To popcluster37.atlas.winet.dcc.ufmg.br  created -> start :2021-12-10 01:36 estimation of stop:2021-12-10 09:56-> 22782,22802,22908,22945,22999,23058,23268,23392,23417,23686,23961,24044,24081,24084,24405,24432,24470,24505,24580,24804
Measurement id = 34398765 To popcluster38.atlas.winet.dcc.ufmg.br  created -> start :2021-12-10 01:36 estimation of stop:2021-12-10 09:56-> 22782,22802,22908,22945,22999,23058,23268,23392,23417,23686,23961,24044,24081,24084,24405,24432,24470,24505,24580,24804
Measurement id = 34398766 To popcluster39.atlas.winet.dcc.ufmg.br  created -> start :2021-12-10 01:36 estimation of stop:2021-12-10 09:56-> 22782,22802,22908,22945,22999,23058,23268,23392,23417,23686,23961,24044,24081,24084,24405,24432,24470,24505,24580,24804
Measurement id = 34398767 To popcluster40.atlas.winet.dcc.ufmg.br  created -> start :2021-12-10 01:36 estimation of stop:2021-12-10 09:56-> 22782,22802,22908,22945,22999,23058,23268,23392,23417,23686,23961,24044,24081,24084,24405,24432,24470,24505,24580,24804
Measurement id = 34398768 To popcluster41.atlas.winet.dcc.ufmg.br  created -> start :2021-12-10 01:36 estimation of stop:2021-12-10 09:56-> 22782,22802,22908,22945,22999,23058,23268,23392,23417,23686,23961,24044,24081,24084,24405,24432,24470,24505,24580,24804
Measurement id = 34398773 To popcluster42.atlas.winet.dcc.ufmg.br  created -> start :2021-12-10 01:36 estimation of stop:2021-12-10 09:56-> 22782,22802,22908,22945,22999,23058,23268,23392,23417,23686,23961,24044,24081,24084,24405,24432,24470,24505,24580,24804
Measurement id = 34398774 To popcluster43.atlas.winet.dcc.ufmg.br  created -> start :2021-12-10 01:36 estimation of stop:2021-12-10 09:56-> 22782,22802,22908,22945,22999,23058,23268,23392,23417,23686,23961,24044,24081,24084,24405,24432,24470,24505,24580,24804
Measurement id = 34398775 To popcluster44.atlas.winet.dcc.ufmg.br  created -> start :2021-12-10 01:36 estimation of stop:2021-12-10 09:56-> 22782,22802,22908,22945,22999,23058,23268,23392,23417,23686,23961,24044,24081,24084,24405,24432,24470,24505,24580,24804
Measurement id = 34398776 To popcluster45.atlas.winet.dcc.ufmg.br  created -> start :2021-12-10 01:36 estimation of stop:2021-12-10 09:56-> 22782,22802,22908,22945,22999,23058,23268,23392,23417,23686,23961,24044,24081,24084,24405,24432,24470,24505,24580,24804
Measurement id = 34398778 To popcluster46.atlas.winet.dcc.ufmg.br  created -> start :2021-12-10 01:36 estimation of stop:2021-12-10 09:56-> 22782,22802,22908,22945,22999,23058,23268,23392,23417,23686,23961,24044,24081,24084,24405,24432,24470,24505,24580,24804
Measurement id = 34398779 To popcluster47.atlas.winet.dcc.ufmg.br  created -> start :2021-12-10 01:36 estimation of stop:2021-12-10 09:56-> 22782,22802,22908,22945,22999,23058,23268,23392,23417,23686,23961,24044,24081,24084,24405,24432,24470,24505,24580,24804
Measurement id = 34398780 To popcluster48.atlas.winet.dcc.ufmg.br  created -> start :2021-12-10 01:36 estimation of stop:2021-12-10 09:56-> 22782,22802,22908,22945,22999,23058,23268,23392,23417,23686,23961,24044,24081,24084,24405,24432,24470,24505,24580,24804
Measurement id = 34398781 To popcluster49.atlas.winet.dcc.ufmg.br  created -> start :2021-12-10 01:36 estimation of stop:2021-12-10 09:56-> 22782,22802,22908,22945,22999,23058,23268,23392,23417,23686,23961,24044,24081,24084,24405,24432,24470,24505,24580,24804
Measurement id = 34398782 To popcluster50.atlas.winet.dcc.ufmg.br  created -> start :2021-12-10 01:36 estimation of stop:2021-12-10 09:56-> 22782,22802,22908,22945,22999,23058,23268,23392,23417,23686,23961,24044,24081,24084,24405,24432,24470,24505,24580,24804
Measurement id = 34398783 To popcluster51.atlas.winet.dcc.ufmg.br  created -> start :2021-12-10 01:36 estimation of stop:2021-12-10 09:56-> 22782,22802,22908,22945,22999,23058,23268,23392,23417,23686,23961,24044,24081,24084,24405,24432,24470,24505,24580,24804
Measurement id = 34398784 To popcluster52.atlas.winet.dcc.ufmg.br  created -> start :2021-12-10 01:36 estimation of stop:2021-12-10 09:56-> 22782,22802,22908,22945,22999,23058,23268,23392,23417,23686,23961,24044,24081,24084,24405,24432,24470,24505,24580,24804
Measurement id = 34398785 To popcluster53.atlas.winet.dcc.ufmg.br  created -> start :2021-12-10 01:36 estimation of stop:2021-12-10 09:56-> 22782,22802,22908,22945,22999,23058,23268,23392,23417,23686,23961,24044,24081,24084,24405,24432,24470,24505,24580,24804
Measurement id = 34398786 To popcluster54.atlas.winet.dcc.ufmg.br  created -> start :2021-12-10 01:36 estimation of stop:2021-12-10 09:56-> 22782,22802,22908,22945,22999,23058,23268,23392,23417,23686,23961,24044,24081,24084,24405,24432,24470,24505,24580,24804
Measurement id = 34398787 To popcluster55.atlas.winet.dcc.ufmg.br  created -> start :2021-12-10 01:36 estimation of stop:2021-12-10 09:56-> 22782,22802,22908,22945,22999,23058,23268,23392,23417,23686,23961,24044,24081,24084,24405,24432,24470,24505,24580,24804
Measurement id = 34398792 To popcluster56.atlas.winet.dcc.ufmg.br  created -> start :2021-12-10 01:36 estimation of stop:2021-12-10 09:56-> 22782,22802,22908,22945,22999,23058,23268,23392,23417,23686,23961,24044,24081,24084,24405,24432,24470,24505,24580,24804
Measurement id = 34398793 To popcluster57.atlas.winet.dcc.ufmg.br  created -> start :2021-12-10 01:36 estimation of stop:2021-12-10 09:56-> 22782,22802,22908,22945,22999,23058,23268,23392,23417,23686,23961,24044,24081,24084,24405,24432,24470,24505,24580,24804
Measurement id = 34398794 To popcluster58.atlas.winet.dcc.ufmg.br  created -> start :2021-12-10 01:36 estimation of stop:2021-12-10 09:56-> 22782,22802,22908,22945,22999,23058,23268,23392,23417,23686,23961,24044,24081,24084,24405,24432,24470,24505,24580,24804
Measurement id = 34398795 To popcluster59.atlas.winet.dcc.ufmg.br  created -> start :2021-12-10 01:36 estimation of stop:2021-12-10 09:56-> 22782,22802,22908,22945,22999,23058,23268,23392,23417,23686,23961,24044,24081,24084,24405,24432,24470,24505,24580,24804
Measurement id = 34398797 To popcluster60.atlas.winet.dcc.ufmg.br  created -> start :2021-12-10 01:36 estimation of stop:2021-12-10 09:56-> 22782,22802,22908,22945,22999,23058,23268,23392,23417,23686,23961,24044,24081,24084,24405,24432,24470,24505,24580,24804
Measurement id = 34398798 To popcluster61.atlas.winet.dcc.ufmg.br  created -> start :2021-12-10 01:36 estimation of stop:2021-12-10 09:56-> 22782,22802,22908,22945,22999,23058,23268,23392,23417,23686,23961,24044,24081,24084,24405,24432,24470,24505,24580,24804
Measurement id = 34398799 To popcluster62.atlas.winet.dcc.ufmg.br  created -> start :2021-12-10 01:36 estimation of stop:2021-12-10 09:56-> 22782,22802,22908,22945,22999,23058,23268,23392,23417,23686,23961,24044,24081,24084,24405,24432,24470,24505,24580,24804
Measurement id = 34398800 To popcluster63.atlas.winet.dcc.ufmg.br  created -> start :2021-12-10 01:36 estimation of stop:2021-12-10 09:56-> 22782,22802,22908,22945,22999,23058,23268,23392,23417,23686,23961,24044,24081,24084,24405,24432,24470,24505,24580,24804
Measurement id = 34398801 To popcluster64.atlas.winet.dcc.ufmg.br  created -> start :2021-12-10 01:36 estimation of stop:2021-12-10 09:56-> 22782,22802,22908,22945,22999,23058,23268,23392,23417,23686,23961,24044,24081,24084,24405,24432,24470,24505,24580,24804
Measurement id = 34398802 To popcluster65.atlas.winet.dcc.ufmg.br  created -> start :2021-12-10 01:36 estimation of stop:2021-12-10 09:56-> 22782,22802,22908,22945,22999,23058,23268,23392,23417,23686,23961,24044,24081,24084,24405,24432,24470,24505,24580,24804
Measurement id = 34398804 To popcluster66.atlas.winet.dcc.ufmg.br  created -> start :2021-12-10 01:36 estimation of stop:2021-12-10 09:56-> 22782,22802,22908,22945,22999,23058,23268,23392,23417,23686,23961,24044,24081,24084,24405,24432,24470,24505,24580,24804
Measurement id = 34398805 To popcluster67.atlas.winet.dcc.ufmg.br  created -> start :2021-12-10 01:36 estimation of stop:2021-12-10 09:56-> 22782,22802,22908,22945,22999,23058,23268,23392,23417,23686,23961,24044,24081,24084,24405,24432,24470,24505,24580,24804
Measurement id = 34398806 To popcluster68.atlas.winet.dcc.ufmg.br  created -> start :2021-12-10 01:36 estimation of stop:2021-12-10 09:56-> 22782,22802,22908,22945,22999,23058,23268,23392,23417,23686,23961,24044,24081,24084,24405,24432,24470,24505,24580,24804
Measurement id = 34398807 To popcluster69.atlas.winet.dcc.ufmg.br  created -> start :2021-12-10 01:36 estimation of stop:2021-12-10 09:56-> 22782,22802,22908,22945,22999,23058,23268,23392,23417,23686,23961,24044,24081,24084,24405,24432,24470,24505,24580,24804
Measurement id = 34398809 To popcluster70.atlas.winet.dcc.ufmg.br  created -> start :2021-12-10 01:36 estimation of stop:2021-12-10 09:56-> 22782,22802,22908,22945,22999,23058,23268,23392,23417,23686,23961,24044,24081,24084,24405,24432,24470,24505,24580,24804
Measurement id = 34398810 To popcluster71.atlas.winet.dcc.ufmg.br  created -> start :2021-12-10 01:36 estimation of stop:2021-12-10 09:56-> 22782,22802,22908,22945,22999,23058,23268,23392,23417,23686,23961,24044,24081,24084,24405,24432,24470,24505,24580,24804
Measurement id = 34398811 To popcluster72.atlas.winet.dcc.ufmg.br  created -> start :2021-12-10 01:36 estimation of stop:2021-12-10 09:56-> 22782,22802,22908,22945,22999,23058,23268,23392,23417,23686,23961,24044,24081,24084,24405,24432,24470,24505,24580,24804
Measurement id = 34398812 To popcluster73.atlas.winet.dcc.ufmg.br  created -> start :2021-12-10 01:36 estimation of stop:2021-12-10 09:56-> 22782,22802,22908,22945,22999,23058,23268,23392,23417,23686,23961,24044,24081,24084,24405,24432,24470,24505,24580,24804
Measurement id = 34398813 To popcluster74.atlas.winet.dcc.ufmg.br  created -> start :2021-12-10 01:36 estimation of stop:2021-12-10 09:56-> 22782,22802,22908,22945,22999,23058,23268,23392,23417,23686,23961,24044,24081,24084,24405,24432,24470,24505,24580,24804
Measurement id = 34398814 To popcluster75.atlas.winet.dcc.ufmg.br  created -> start :2021-12-10 01:36 estimation of stop:2021-12-10 09:56-> 22782,22802,22908,22945,22999,23058,23268,23392,23417,23686,23961,24044,24081,24084,24405,24432,24470,24505,24580,24804
Measurement id = 34398815 To popcluster76.atlas.winet.dcc.ufmg.br  created -> start :2021-12-10 01:36 estimation of stop:2021-12-10 09:56-> 22782,22802,22908,22945,22999,23058,23268,23392,23417,23686,23961,24044,24081,24084,24405,24432,24470,24505,24580,24804
Measurement id = 34398816 To popcluster77.atlas.winet.dcc.ufmg.br  created -> start :2021-12-10 01:36 estimation of stop:2021-12-10 09:56-> 22782,22802,22908,22945,22999,23058,23268,23392,23417,23686,23961,24044,24081,24084,24405,24432,24470,24505,24580,24804
Measurement id = 34398817 To popcluster78.atlas.winet.dcc.ufmg.br  created -> start :2021-12-10 01:36 estimation of stop:2021-12-10 09:56-> 22782,22802,22908,22945,22999,23058,23268,23392,23417,23686,23961,24044,24081,24084,24405,24432,24470,24505,24580,24804
Measurement id = 34398818 To popcluster79.atlas.winet.dcc.ufmg.br  created -> start :2021-12-10 01:36 estimation of stop:2021-12-10 09:56-> 22782,22802,22908,22945,22999,23058,23268,23392,23417,23686,23961,24044,24081,24084,24405,24432,24470,24505,24580,24804
Measurement id = 34398821 To popcluster80.atlas.winet.dcc.ufmg.br  created -> start :2021-12-10 01:36 estimation of stop:2021-12-10 09:56-> 22782,22802,22908,22945,22999,23058,23268,23392,23417,23686,23961,24044,24081,24084,24405,24432,24470,24505,24580,24804
Measurement id = 34398822 To popcluster81.atlas.winet.dcc.ufmg.br  created -> start :2021-12-10 01:36 estimation of stop:2021-12-10 09:56-> 22782,22802,22908,22945,22999,23058,23268,23392,23417,23686,23961,24044,24081,24084,24405,24432,24470,24505,24580,24804
Measurement id = 34398823 To popcluster82.atlas.winet.dcc.ufmg.br  created -> start :2021-12-10 01:36 estimation of stop:2021-12-10 09:56-> 22782,22802,22908,22945,22999,23058,23268,23392,23417,23686,23961,24044,24081,24084,24405,24432,24470,24505,24580,24804
Measurement id = 34398824 To popcluster83.atlas.winet.dcc.ufmg.br  created -> start :2021-12-10 01:36 estimation of stop:2021-12-10 09:56-> 22782,22802,22908,22945,22999,23058,23268,23392,23417,23686,23961,24044,24081,24084,24405,24432,24470,24505,24580,24804
Measurement id = 34398825 To popcluster84.atlas.winet.dcc.ufmg.br  created -> start :2021-12-10 01:36 estimation of stop:2021-12-10 09:56-> 22782,22802,22908,22945,22999,23058,23268,23392,23417,23686,23961,24044,24081,24084,24405,24432,24470,24505,24580,24804
Measurement id = 34398826 To popcluster85.atlas.winet.dcc.ufmg.br  created -> start :2021-12-10 01:36 estimation of stop:2021-12-10 09:56-> 22782,22802,22908,22945,22999,23058,23268,23392,23417,23686,23961,24044,24081,24084,24405,24432,24470,24505,24580,24804
Measurement id = 34398827 To popcluster86.atlas.winet.dcc.ufmg.br  created -> start :2021-12-10 01:36 estimation of stop:2021-12-10 09:56-> 22782,22802,22908,22945,22999,23058,23268,23392,23417,23686,23961,24044,24081,24084,24405,24432,24470,24505,24580,24804
Measurement id = 34398828 To popcluster87.atlas.winet.dcc.ufmg.br  created -> start :2021-12-10 01:36 estimation of stop:2021-12-10 09:56-> 22782,22802,22908,22945,22999,23058,23268,23392,23417,23686,23961,24044,24081,24084,24405,24432,24470,24505,24580,24804
Measurement id = 34398829 To popcluster88.atlas.winet.dcc.ufmg.br  created -> start :2021-12-10 01:36 estimation of stop:2021-12-10 09:56-> 22782,22802,22908,22945,22999,23058,23268,23392,23417,23686,23961,24044,24081,24084,24405,24432,24470,24505,24580,24804
Measurement id = 34398830 To popcluster89.atlas.winet.dcc.ufmg.br  created -> start :2021-12-10 01:36 estimation of stop:2021-12-10 09:56-> 22782,22802,22908,22945,22999,23058,23268,23392,23417,23686,23961,24044,24081,24084,24405,24432,24470,24505,24580,24804
Measurement id = 34398831 To popcluster90.atlas.winet.dcc.ufmg.br  created -> start :2021-12-10 01:36 estimation of stop:2021-12-10 09:56-> 22782,22802,22908,22945,22999,23058,23268,23392,23417,23686,23961,24044,24081,24084,24405,24432,24470,24505,24580,24804
Measurement id = 34398832 To popcluster91.atlas.winet.dcc.ufmg.br  created -> start :2021-12-10 01:36 estimation of stop:2021-12-10 09:56-> 22782,22802,22908,22945,22999,23058,23268,23392,23417,23686,23961,24044,24081,24084,24405,24432,24470,24505,24580,24804
Measurement id = 34398833 To popcluster92.atlas.winet.dcc.ufmg.br  created -> start :2021-12-10 01:36 estimation of stop:2021-12-10 09:56-> 22782,22802,22908,22945,22999,23058,23268,23392,23417,23686,23961,24044,24081,24084,24405,24432,24470,24505,24580,24804
Measurement id = 34398834 To popcluster93.atlas.winet.dcc.ufmg.br  created -> start :2021-12-10 01:36 estimation of stop:2021-12-10 09:56-> 22782,22802,22908,22945,22999,23058,23268,23392,23417,23686,23961,24044,24081,24084,24405,24432,24470,24505,24580,24804
Measurement id = 34398836 To popcluster94.atlas.winet.dcc.ufmg.br  created -> start :2021-12-10 01:36 estimation of stop:2021-12-10 09:56-> 22782,22802,22908,22945,22999,23058,23268,23392,23417,23686,23961,24044,24081,24084,24405,24432,24470,24505,24580,24804
Measurement id = 34398838 To popcluster95.atlas.winet.dcc.ufmg.br  created -> start :2021-12-10 01:36 estimation of stop:2021-12-10 09:56-> 22782,22802,22908,22945,22999,23058,23268,23392,23417,23686,23961,24044,24081,24084,24405,24432,24470,24505,24580,24804
Measurement id = 34398843 To popcluster96.atlas.winet.dcc.ufmg.br  created -> start :2021-12-10 01:36 estimation of stop:2021-12-10 09:56-> 22782,22802,22908,22945,22999,23058,23268,23392,23417,23686,23961,24044,24081,24084,24405,24432,24470,24505,24580,24804
Measurement id = 34398847 To popcluster97.atlas.winet.dcc.ufmg.br  created -> start :2021-12-10 01:36 estimation of stop:2021-12-10 09:56-> 22782,22802,22908,22945,22999,23058,23268,23392,23417,23686,23961,24044,24081,24084,24405,24432,24470,24505,24580,24804
Measurement id = 34398850 To popcluster98.atlas.winet.dcc.ufmg.br  created -> start :2021-12-10 01:36 estimation of stop:2021-12-10 09:56-> 22782,22802,22908,22945,22999,23058,23268,23392,23417,23686,23961,24044,24081,24084,24405,24432,24470,24505,24580,24804
Measurement id = 34398854 To popcluster99.atlas.winet.dcc.ufmg.br  created -> start :2021-12-10 01:36 estimation of stop:2021-12-10 09:56-> 22782,22802,22908,22945,22999,23058,23268,23392,23417,23686,23961,24044,24081,24084,24405,24432,24470,24505,24580,24804
Measurement id = 34398857 To popcluster100.atlas.winet.dcc.ufmg.br  created -> start :2021-12-10 01:36 estimation of stop:2021-12-10 09:56-> 22782,22802,22908,22945,22999,23058,23268,23392,23417,23686,23961,24044,24081,24084,24405,24432,24470,24505,24580,24804
