Measurement id = 34347412 To popcluster1.atlas.winet.dcc.ufmg.br  created -> start :2021-12-07 08:17 estimation of stop:2021-12-07 16:37-> 19641,19599,19877,19341,17505,19709,17601,20206,19817,19926,17950,16862,21204,20639,25791,26351,24890,35733,19651,20955
Measurement id = 34347413 To popcluster2.atlas.winet.dcc.ufmg.br  created -> start :2021-12-07 08:17 estimation of stop:2021-12-07 16:37-> 19641,19599,19877,19341,17505,19709,17601,20206,19817,19926,17950,16862,21204,20639,25791,26351,24890,35733,19651,20955
Measurement id = 34347414 To popcluster3.atlas.winet.dcc.ufmg.br  created -> start :2021-12-07 08:17 estimation of stop:2021-12-07 16:37-> 19641,19599,19877,19341,17505,19709,17601,20206,19817,19926,17950,16862,21204,20639,25791,26351,24890,35733,19651,20955
Measurement id = 34347415 To popcluster4.atlas.winet.dcc.ufmg.br  created -> start :2021-12-07 08:17 estimation of stop:2021-12-07 16:37-> 19641,19599,19877,19341,17505,19709,17601,20206,19817,19926,17950,16862,21204,20639,25791,26351,24890,35733,19651,20955
Measurement id = 34347416 To popcluster5.atlas.winet.dcc.ufmg.br  created -> start :2021-12-07 08:17 estimation of stop:2021-12-07 16:37-> 19641,19599,19877,19341,17505,19709,17601,20206,19817,19926,17950,16862,21204,20639,25791,26351,24890,35733,19651,20955
Measurement id = 34347417 To popcluster6.atlas.winet.dcc.ufmg.br  created -> start :2021-12-07 08:17 estimation of stop:2021-12-07 16:37-> 19641,19599,19877,19341,17505,19709,17601,20206,19817,19926,17950,16862,21204,20639,25791,26351,24890,35733,19651,20955
Measurement id = 34347418 To popcluster7.atlas.winet.dcc.ufmg.br  created -> start :2021-12-07 08:17 estimation of stop:2021-12-07 16:37-> 19641,19599,19877,19341,17505,19709,17601,20206,19817,19926,17950,16862,21204,20639,25791,26351,24890,35733,19651,20955
Measurement id = 34347419 To popcluster8.atlas.winet.dcc.ufmg.br  created -> start :2021-12-07 08:17 estimation of stop:2021-12-07 16:37-> 19641,19599,19877,19341,17505,19709,17601,20206,19817,19926,17950,16862,21204,20639,25791,26351,24890,35733,19651,20955
Measurement id = 34347420 To popcluster9.atlas.winet.dcc.ufmg.br  created -> start :2021-12-07 08:17 estimation of stop:2021-12-07 16:37-> 19641,19599,19877,19341,17505,19709,17601,20206,19817,19926,17950,16862,21204,20639,25791,26351,24890,35733,19651,20955
Measurement id = 34347421 To popcluster10.atlas.winet.dcc.ufmg.br  created -> start :2021-12-07 08:17 estimation of stop:2021-12-07 16:37-> 19641,19599,19877,19341,17505,19709,17601,20206,19817,19926,17950,16862,21204,20639,25791,26351,24890,35733,19651,20955
Measurement id = 34347422 To popcluster11.atlas.winet.dcc.ufmg.br  created -> start :2021-12-07 08:17 estimation of stop:2021-12-07 16:37-> 19641,19599,19877,19341,17505,19709,17601,20206,19817,19926,17950,16862,21204,20639,25791,26351,24890,35733,19651,20955
Measurement id = 34347423 To popcluster12.atlas.winet.dcc.ufmg.br  created -> start :2021-12-07 08:17 estimation of stop:2021-12-07 16:37-> 19641,19599,19877,19341,17505,19709,17601,20206,19817,19926,17950,16862,21204,20639,25791,26351,24890,35733,19651,20955
Measurement id = 34347424 To popcluster13.atlas.winet.dcc.ufmg.br  created -> start :2021-12-07 08:17 estimation of stop:2021-12-07 16:37-> 19641,19599,19877,19341,17505,19709,17601,20206,19817,19926,17950,16862,21204,20639,25791,26351,24890,35733,19651,20955
Measurement id = 34347425 To popcluster14.atlas.winet.dcc.ufmg.br  created -> start :2021-12-07 08:17 estimation of stop:2021-12-07 16:37-> 19641,19599,19877,19341,17505,19709,17601,20206,19817,19926,17950,16862,21204,20639,25791,26351,24890,35733,19651,20955
Measurement id = 34347426 To popcluster15.atlas.winet.dcc.ufmg.br  created -> start :2021-12-07 08:17 estimation of stop:2021-12-07 16:37-> 19641,19599,19877,19341,17505,19709,17601,20206,19817,19926,17950,16862,21204,20639,25791,26351,24890,35733,19651,20955
Measurement id = 34347427 To popcluster16.atlas.winet.dcc.ufmg.br  created -> start :2021-12-07 08:17 estimation of stop:2021-12-07 16:37-> 19641,19599,19877,19341,17505,19709,17601,20206,19817,19926,17950,16862,21204,20639,25791,26351,24890,35733,19651,20955
Measurement id = 34347428 To popcluster17.atlas.winet.dcc.ufmg.br  created -> start :2021-12-07 08:17 estimation of stop:2021-12-07 16:37-> 19641,19599,19877,19341,17505,19709,17601,20206,19817,19926,17950,16862,21204,20639,25791,26351,24890,35733,19651,20955
Measurement id = 34347429 To popcluster18.atlas.winet.dcc.ufmg.br  created -> start :2021-12-07 08:17 estimation of stop:2021-12-07 16:37-> 19641,19599,19877,19341,17505,19709,17601,20206,19817,19926,17950,16862,21204,20639,25791,26351,24890,35733,19651,20955
Measurement id = 34347430 To popcluster19.atlas.winet.dcc.ufmg.br  created -> start :2021-12-07 08:17 estimation of stop:2021-12-07 16:37-> 19641,19599,19877,19341,17505,19709,17601,20206,19817,19926,17950,16862,21204,20639,25791,26351,24890,35733,19651,20955
Measurement id = 34347433 To popcluster20.atlas.winet.dcc.ufmg.br  created -> start :2021-12-07 08:17 estimation of stop:2021-12-07 16:37-> 19641,19599,19877,19341,17505,19709,17601,20206,19817,19926,17950,16862,21204,20639,25791,26351,24890,35733,19651,20955
Measurement id = 34347434 To popcluster21.atlas.winet.dcc.ufmg.br  created -> start :2021-12-07 08:17 estimation of stop:2021-12-07 16:37-> 19641,19599,19877,19341,17505,19709,17601,20206,19817,19926,17950,16862,21204,20639,25791,26351,24890,35733,19651,20955
Measurement id = 34347435 To popcluster22.atlas.winet.dcc.ufmg.br  created -> start :2021-12-07 08:17 estimation of stop:2021-12-07 16:37-> 19641,19599,19877,19341,17505,19709,17601,20206,19817,19926,17950,16862,21204,20639,25791,26351,24890,35733,19651,20955
Measurement id = 34347436 To popcluster23.atlas.winet.dcc.ufmg.br  created -> start :2021-12-07 08:17 estimation of stop:2021-12-07 16:37-> 19641,19599,19877,19341,17505,19709,17601,20206,19817,19926,17950,16862,21204,20639,25791,26351,24890,35733,19651,20955
Measurement id = 34347437 To popcluster24.atlas.winet.dcc.ufmg.br  created -> start :2021-12-07 08:17 estimation of stop:2021-12-07 16:37-> 19641,19599,19877,19341,17505,19709,17601,20206,19817,19926,17950,16862,21204,20639,25791,26351,24890,35733,19651,20955
Measurement id = 34347438 To popcluster25.atlas.winet.dcc.ufmg.br  created -> start :2021-12-07 08:17 estimation of stop:2021-12-07 16:37-> 19641,19599,19877,19341,17505,19709,17601,20206,19817,19926,17950,16862,21204,20639,25791,26351,24890,35733,19651,20955
Measurement id = 34347439 To popcluster26.atlas.winet.dcc.ufmg.br  created -> start :2021-12-07 08:17 estimation of stop:2021-12-07 16:37-> 19641,19599,19877,19341,17505,19709,17601,20206,19817,19926,17950,16862,21204,20639,25791,26351,24890,35733,19651,20955
Measurement id = 34347440 To popcluster27.atlas.winet.dcc.ufmg.br  created -> start :2021-12-07 08:17 estimation of stop:2021-12-07 16:37-> 19641,19599,19877,19341,17505,19709,17601,20206,19817,19926,17950,16862,21204,20639,25791,26351,24890,35733,19651,20955
Measurement id = 34347441 To popcluster28.atlas.winet.dcc.ufmg.br  created -> start :2021-12-07 08:17 estimation of stop:2021-12-07 16:37-> 19641,19599,19877,19341,17505,19709,17601,20206,19817,19926,17950,16862,21204,20639,25791,26351,24890,35733,19651,20955
Measurement id = 34347442 To popcluster29.atlas.winet.dcc.ufmg.br  created -> start :2021-12-07 08:17 estimation of stop:2021-12-07 16:37-> 19641,19599,19877,19341,17505,19709,17601,20206,19817,19926,17950,16862,21204,20639,25791,26351,24890,35733,19651,20955
Measurement id = 34347443 To popcluster30.atlas.winet.dcc.ufmg.br  created -> start :2021-12-07 08:17 estimation of stop:2021-12-07 16:37-> 19641,19599,19877,19341,17505,19709,17601,20206,19817,19926,17950,16862,21204,20639,25791,26351,24890,35733,19651,20955
Measurement id = 34347444 To popcluster31.atlas.winet.dcc.ufmg.br  created -> start :2021-12-07 08:17 estimation of stop:2021-12-07 16:37-> 19641,19599,19877,19341,17505,19709,17601,20206,19817,19926,17950,16862,21204,20639,25791,26351,24890,35733,19651,20955
Measurement id = 34347445 To popcluster32.atlas.winet.dcc.ufmg.br  created -> start :2021-12-07 08:17 estimation of stop:2021-12-07 16:37-> 19641,19599,19877,19341,17505,19709,17601,20206,19817,19926,17950,16862,21204,20639,25791,26351,24890,35733,19651,20955
Measurement id = 34347447 To popcluster33.atlas.winet.dcc.ufmg.br  created -> start :2021-12-07 08:17 estimation of stop:2021-12-07 16:37-> 19641,19599,19877,19341,17505,19709,17601,20206,19817,19926,17950,16862,21204,20639,25791,26351,24890,35733,19651,20955
Measurement id = 34347448 To popcluster34.atlas.winet.dcc.ufmg.br  created -> start :2021-12-07 08:17 estimation of stop:2021-12-07 16:37-> 19641,19599,19877,19341,17505,19709,17601,20206,19817,19926,17950,16862,21204,20639,25791,26351,24890,35733,19651,20955
Measurement id = 34347449 To popcluster35.atlas.winet.dcc.ufmg.br  created -> start :2021-12-07 08:17 estimation of stop:2021-12-07 16:37-> 19641,19599,19877,19341,17505,19709,17601,20206,19817,19926,17950,16862,21204,20639,25791,26351,24890,35733,19651,20955
Measurement id = 34347450 To popcluster36.atlas.winet.dcc.ufmg.br  created -> start :2021-12-07 08:17 estimation of stop:2021-12-07 16:37-> 19641,19599,19877,19341,17505,19709,17601,20206,19817,19926,17950,16862,21204,20639,25791,26351,24890,35733,19651,20955
Measurement id = 34347451 To popcluster37.atlas.winet.dcc.ufmg.br  created -> start :2021-12-07 08:17 estimation of stop:2021-12-07 16:37-> 19641,19599,19877,19341,17505,19709,17601,20206,19817,19926,17950,16862,21204,20639,25791,26351,24890,35733,19651,20955
Measurement id = 34347452 To popcluster38.atlas.winet.dcc.ufmg.br  created -> start :2021-12-07 08:17 estimation of stop:2021-12-07 16:37-> 19641,19599,19877,19341,17505,19709,17601,20206,19817,19926,17950,16862,21204,20639,25791,26351,24890,35733,19651,20955
Measurement id = 34347453 To popcluster39.atlas.winet.dcc.ufmg.br  created -> start :2021-12-07 08:17 estimation of stop:2021-12-07 16:37-> 19641,19599,19877,19341,17505,19709,17601,20206,19817,19926,17950,16862,21204,20639,25791,26351,24890,35733,19651,20955
Measurement id = 34347454 To popcluster40.atlas.winet.dcc.ufmg.br  created -> start :2021-12-07 08:17 estimation of stop:2021-12-07 16:37-> 19641,19599,19877,19341,17505,19709,17601,20206,19817,19926,17950,16862,21204,20639,25791,26351,24890,35733,19651,20955
Measurement id = 34347462 To popcluster41.atlas.winet.dcc.ufmg.br  created -> start :2021-12-07 08:17 estimation of stop:2021-12-07 16:37-> 19641,19599,19877,19341,17505,19709,17601,20206,19817,19926,17950,16862,21204,20639,25791,26351,24890,35733,19651,20955
Measurement id = 34347480 To popcluster42.atlas.winet.dcc.ufmg.br  created -> start :2021-12-07 08:17 estimation of stop:2021-12-07 16:37-> 19641,19599,19877,19341,17505,19709,17601,20206,19817,19926,17950,16862,21204,20639,25791,26351,24890,35733,19651,20955
Measurement id = 34347495 To popcluster43.atlas.winet.dcc.ufmg.br  created -> start :2021-12-07 08:17 estimation of stop:2021-12-07 16:37-> 19641,19599,19877,19341,17505,19709,17601,20206,19817,19926,17950,16862,21204,20639,25791,26351,24890,35733,19651,20955
Measurement id = 34347535 To popcluster44.atlas.winet.dcc.ufmg.br  created -> start :2021-12-07 08:17 estimation of stop:2021-12-07 16:37-> 19641,19599,19877,19341,17505,19709,17601,20206,19817,19926,17950,16862,21204,20639,25791,26351,24890,35733,19651,20955
Measurement id = 34347546 To popcluster45.atlas.winet.dcc.ufmg.br  created -> start :2021-12-07 08:17 estimation of stop:2021-12-07 16:37-> 19641,19599,19877,19341,17505,19709,17601,20206,19817,19926,17950,16862,21204,20639,25791,26351,24890,35733,19651,20955
Measurement id = 34347554 To popcluster46.atlas.winet.dcc.ufmg.br  created -> start :2021-12-07 08:17 estimation of stop:2021-12-07 16:37-> 19641,19599,19877,19341,17505,19709,17601,20206,19817,19926,17950,16862,21204,20639,25791,26351,24890,35733,19651,20955
Measurement id = 34347556 To popcluster47.atlas.winet.dcc.ufmg.br  created -> start :2021-12-07 08:17 estimation of stop:2021-12-07 16:37-> 19641,19599,19877,19341,17505,19709,17601,20206,19817,19926,17950,16862,21204,20639,25791,26351,24890,35733,19651,20955
Measurement id = 34347558 To popcluster48.atlas.winet.dcc.ufmg.br  created -> start :2021-12-07 08:17 estimation of stop:2021-12-07 16:37-> 19641,19599,19877,19341,17505,19709,17601,20206,19817,19926,17950,16862,21204,20639,25791,26351,24890,35733,19651,20955
Measurement id = 34347559 To popcluster49.atlas.winet.dcc.ufmg.br  created -> start :2021-12-07 08:17 estimation of stop:2021-12-07 16:37-> 19641,19599,19877,19341,17505,19709,17601,20206,19817,19926,17950,16862,21204,20639,25791,26351,24890,35733,19651,20955
Measurement id = 34347560 To popcluster50.atlas.winet.dcc.ufmg.br  created -> start :2021-12-07 08:17 estimation of stop:2021-12-07 16:37-> 19641,19599,19877,19341,17505,19709,17601,20206,19817,19926,17950,16862,21204,20639,25791,26351,24890,35733,19651,20955
Measurement id = 34347561 To popcluster51.atlas.winet.dcc.ufmg.br  created -> start :2021-12-07 08:17 estimation of stop:2021-12-07 16:37-> 19641,19599,19877,19341,17505,19709,17601,20206,19817,19926,17950,16862,21204,20639,25791,26351,24890,35733,19651,20955
Measurement id = 34347562 To popcluster52.atlas.winet.dcc.ufmg.br  created -> start :2021-12-07 08:17 estimation of stop:2021-12-07 16:37-> 19641,19599,19877,19341,17505,19709,17601,20206,19817,19926,17950,16862,21204,20639,25791,26351,24890,35733,19651,20955
Measurement id = 34347563 To popcluster53.atlas.winet.dcc.ufmg.br  created -> start :2021-12-07 08:17 estimation of stop:2021-12-07 16:37-> 19641,19599,19877,19341,17505,19709,17601,20206,19817,19926,17950,16862,21204,20639,25791,26351,24890,35733,19651,20955
Measurement id = 34347564 To popcluster54.atlas.winet.dcc.ufmg.br  created -> start :2021-12-07 08:17 estimation of stop:2021-12-07 16:37-> 19641,19599,19877,19341,17505,19709,17601,20206,19817,19926,17950,16862,21204,20639,25791,26351,24890,35733,19651,20955
Measurement id = 34347565 To popcluster55.atlas.winet.dcc.ufmg.br  created -> start :2021-12-07 08:17 estimation of stop:2021-12-07 16:37-> 19641,19599,19877,19341,17505,19709,17601,20206,19817,19926,17950,16862,21204,20639,25791,26351,24890,35733,19651,20955
Measurement id = 34347566 To popcluster56.atlas.winet.dcc.ufmg.br  created -> start :2021-12-07 08:17 estimation of stop:2021-12-07 16:37-> 19641,19599,19877,19341,17505,19709,17601,20206,19817,19926,17950,16862,21204,20639,25791,26351,24890,35733,19651,20955
Measurement id = 34347567 To popcluster57.atlas.winet.dcc.ufmg.br  created -> start :2021-12-07 08:17 estimation of stop:2021-12-07 16:37-> 19641,19599,19877,19341,17505,19709,17601,20206,19817,19926,17950,16862,21204,20639,25791,26351,24890,35733,19651,20955
Measurement id = 34347569 To popcluster58.atlas.winet.dcc.ufmg.br  created -> start :2021-12-07 08:17 estimation of stop:2021-12-07 16:37-> 19641,19599,19877,19341,17505,19709,17601,20206,19817,19926,17950,16862,21204,20639,25791,26351,24890,35733,19651,20955
Measurement id = 34347570 To popcluster59.atlas.winet.dcc.ufmg.br  created -> start :2021-12-07 08:17 estimation of stop:2021-12-07 16:37-> 19641,19599,19877,19341,17505,19709,17601,20206,19817,19926,17950,16862,21204,20639,25791,26351,24890,35733,19651,20955
Measurement id = 34347571 To popcluster60.atlas.winet.dcc.ufmg.br  created -> start :2021-12-07 08:17 estimation of stop:2021-12-07 16:37-> 19641,19599,19877,19341,17505,19709,17601,20206,19817,19926,17950,16862,21204,20639,25791,26351,24890,35733,19651,20955
Measurement id = 34347572 To popcluster61.atlas.winet.dcc.ufmg.br  created -> start :2021-12-07 08:17 estimation of stop:2021-12-07 16:37-> 19641,19599,19877,19341,17505,19709,17601,20206,19817,19926,17950,16862,21204,20639,25791,26351,24890,35733,19651,20955
Measurement id = 34347573 To popcluster62.atlas.winet.dcc.ufmg.br  created -> start :2021-12-07 08:17 estimation of stop:2021-12-07 16:37-> 19641,19599,19877,19341,17505,19709,17601,20206,19817,19926,17950,16862,21204,20639,25791,26351,24890,35733,19651,20955
Measurement id = 34347574 To popcluster63.atlas.winet.dcc.ufmg.br  created -> start :2021-12-07 08:17 estimation of stop:2021-12-07 16:37-> 19641,19599,19877,19341,17505,19709,17601,20206,19817,19926,17950,16862,21204,20639,25791,26351,24890,35733,19651,20955
Measurement id = 34347575 To popcluster64.atlas.winet.dcc.ufmg.br  created -> start :2021-12-07 08:17 estimation of stop:2021-12-07 16:37-> 19641,19599,19877,19341,17505,19709,17601,20206,19817,19926,17950,16862,21204,20639,25791,26351,24890,35733,19651,20955
Measurement id = 34347576 To popcluster65.atlas.winet.dcc.ufmg.br  created -> start :2021-12-07 08:17 estimation of stop:2021-12-07 16:37-> 19641,19599,19877,19341,17505,19709,17601,20206,19817,19926,17950,16862,21204,20639,25791,26351,24890,35733,19651,20955
Measurement id = 34347577 To popcluster66.atlas.winet.dcc.ufmg.br  created -> start :2021-12-07 08:17 estimation of stop:2021-12-07 16:37-> 19641,19599,19877,19341,17505,19709,17601,20206,19817,19926,17950,16862,21204,20639,25791,26351,24890,35733,19651,20955
Measurement id = 34347578 To popcluster67.atlas.winet.dcc.ufmg.br  created -> start :2021-12-07 08:17 estimation of stop:2021-12-07 16:37-> 19641,19599,19877,19341,17505,19709,17601,20206,19817,19926,17950,16862,21204,20639,25791,26351,24890,35733,19651,20955
Measurement id = 34347579 To popcluster68.atlas.winet.dcc.ufmg.br  created -> start :2021-12-07 08:17 estimation of stop:2021-12-07 16:37-> 19641,19599,19877,19341,17505,19709,17601,20206,19817,19926,17950,16862,21204,20639,25791,26351,24890,35733,19651,20955
Measurement id = 34347580 To popcluster69.atlas.winet.dcc.ufmg.br  created -> start :2021-12-07 08:17 estimation of stop:2021-12-07 16:37-> 19641,19599,19877,19341,17505,19709,17601,20206,19817,19926,17950,16862,21204,20639,25791,26351,24890,35733,19651,20955
Measurement id = 34347581 To popcluster70.atlas.winet.dcc.ufmg.br  created -> start :2021-12-07 08:17 estimation of stop:2021-12-07 16:37-> 19641,19599,19877,19341,17505,19709,17601,20206,19817,19926,17950,16862,21204,20639,25791,26351,24890,35733,19651,20955
Measurement id = 34347584 To popcluster71.atlas.winet.dcc.ufmg.br  created -> start :2021-12-07 08:17 estimation of stop:2021-12-07 16:37-> 19641,19599,19877,19341,17505,19709,17601,20206,19817,19926,17950,16862,21204,20639,25791,26351,24890,35733,19651,20955
Measurement id = 34347586 To popcluster72.atlas.winet.dcc.ufmg.br  created -> start :2021-12-07 08:17 estimation of stop:2021-12-07 16:37-> 19641,19599,19877,19341,17505,19709,17601,20206,19817,19926,17950,16862,21204,20639,25791,26351,24890,35733,19651,20955
Measurement id = 34347588 To popcluster73.atlas.winet.dcc.ufmg.br  created -> start :2021-12-07 08:17 estimation of stop:2021-12-07 16:37-> 19641,19599,19877,19341,17505,19709,17601,20206,19817,19926,17950,16862,21204,20639,25791,26351,24890,35733,19651,20955
Measurement id = 34347591 To popcluster74.atlas.winet.dcc.ufmg.br  created -> start :2021-12-07 08:17 estimation of stop:2021-12-07 16:37-> 19641,19599,19877,19341,17505,19709,17601,20206,19817,19926,17950,16862,21204,20639,25791,26351,24890,35733,19651,20955
Measurement id = 34347593 To popcluster75.atlas.winet.dcc.ufmg.br  created -> start :2021-12-07 08:17 estimation of stop:2021-12-07 16:37-> 19641,19599,19877,19341,17505,19709,17601,20206,19817,19926,17950,16862,21204,20639,25791,26351,24890,35733,19651,20955
Measurement id = 34347595 To popcluster76.atlas.winet.dcc.ufmg.br  created -> start :2021-12-07 08:17 estimation of stop:2021-12-07 16:37-> 19641,19599,19877,19341,17505,19709,17601,20206,19817,19926,17950,16862,21204,20639,25791,26351,24890,35733,19651,20955
Measurement id = 34347596 To popcluster77.atlas.winet.dcc.ufmg.br  created -> start :2021-12-07 08:17 estimation of stop:2021-12-07 16:37-> 19641,19599,19877,19341,17505,19709,17601,20206,19817,19926,17950,16862,21204,20639,25791,26351,24890,35733,19651,20955
Measurement id = 34347598 To popcluster78.atlas.winet.dcc.ufmg.br  created -> start :2021-12-07 08:17 estimation of stop:2021-12-07 16:37-> 19641,19599,19877,19341,17505,19709,17601,20206,19817,19926,17950,16862,21204,20639,25791,26351,24890,35733,19651,20955
Measurement id = 34347599 To popcluster79.atlas.winet.dcc.ufmg.br  created -> start :2021-12-07 08:17 estimation of stop:2021-12-07 16:37-> 19641,19599,19877,19341,17505,19709,17601,20206,19817,19926,17950,16862,21204,20639,25791,26351,24890,35733,19651,20955
Measurement id = 34347601 To popcluster80.atlas.winet.dcc.ufmg.br  created -> start :2021-12-07 08:17 estimation of stop:2021-12-07 16:37-> 19641,19599,19877,19341,17505,19709,17601,20206,19817,19926,17950,16862,21204,20639,25791,26351,24890,35733,19651,20955
Measurement id = 34347603 To popcluster81.atlas.winet.dcc.ufmg.br  created -> start :2021-12-07 08:17 estimation of stop:2021-12-07 16:37-> 19641,19599,19877,19341,17505,19709,17601,20206,19817,19926,17950,16862,21204,20639,25791,26351,24890,35733,19651,20955
Measurement id = 34347605 To popcluster82.atlas.winet.dcc.ufmg.br  created -> start :2021-12-07 08:17 estimation of stop:2021-12-07 16:37-> 19641,19599,19877,19341,17505,19709,17601,20206,19817,19926,17950,16862,21204,20639,25791,26351,24890,35733,19651,20955
Measurement id = 34347606 To popcluster83.atlas.winet.dcc.ufmg.br  created -> start :2021-12-07 08:17 estimation of stop:2021-12-07 16:37-> 19641,19599,19877,19341,17505,19709,17601,20206,19817,19926,17950,16862,21204,20639,25791,26351,24890,35733,19651,20955
Measurement id = 34347608 To popcluster84.atlas.winet.dcc.ufmg.br  created -> start :2021-12-07 08:17 estimation of stop:2021-12-07 16:37-> 19641,19599,19877,19341,17505,19709,17601,20206,19817,19926,17950,16862,21204,20639,25791,26351,24890,35733,19651,20955
Measurement id = 34347610 To popcluster85.atlas.winet.dcc.ufmg.br  created -> start :2021-12-07 08:17 estimation of stop:2021-12-07 16:37-> 19641,19599,19877,19341,17505,19709,17601,20206,19817,19926,17950,16862,21204,20639,25791,26351,24890,35733,19651,20955
Measurement id = 34347611 To popcluster86.atlas.winet.dcc.ufmg.br  created -> start :2021-12-07 08:17 estimation of stop:2021-12-07 16:37-> 19641,19599,19877,19341,17505,19709,17601,20206,19817,19926,17950,16862,21204,20639,25791,26351,24890,35733,19651,20955
Measurement id = 34347612 To popcluster87.atlas.winet.dcc.ufmg.br  created -> start :2021-12-07 08:17 estimation of stop:2021-12-07 16:37-> 19641,19599,19877,19341,17505,19709,17601,20206,19817,19926,17950,16862,21204,20639,25791,26351,24890,35733,19651,20955
Measurement id = 34347614 To popcluster88.atlas.winet.dcc.ufmg.br  created -> start :2021-12-07 08:17 estimation of stop:2021-12-07 16:37-> 19641,19599,19877,19341,17505,19709,17601,20206,19817,19926,17950,16862,21204,20639,25791,26351,24890,35733,19651,20955
Measurement id = 34347616 To popcluster89.atlas.winet.dcc.ufmg.br  created -> start :2021-12-07 08:17 estimation of stop:2021-12-07 16:37-> 19641,19599,19877,19341,17505,19709,17601,20206,19817,19926,17950,16862,21204,20639,25791,26351,24890,35733,19651,20955
Measurement id = 34347618 To popcluster90.atlas.winet.dcc.ufmg.br  created -> start :2021-12-07 08:17 estimation of stop:2021-12-07 16:37-> 19641,19599,19877,19341,17505,19709,17601,20206,19817,19926,17950,16862,21204,20639,25791,26351,24890,35733,19651,20955
Measurement id = 34347620 To popcluster91.atlas.winet.dcc.ufmg.br  created -> start :2021-12-07 08:17 estimation of stop:2021-12-07 16:37-> 19641,19599,19877,19341,17505,19709,17601,20206,19817,19926,17950,16862,21204,20639,25791,26351,24890,35733,19651,20955
Measurement id = 34347623 To popcluster92.atlas.winet.dcc.ufmg.br  created -> start :2021-12-07 08:17 estimation of stop:2021-12-07 16:37-> 19641,19599,19877,19341,17505,19709,17601,20206,19817,19926,17950,16862,21204,20639,25791,26351,24890,35733,19651,20955
Measurement id = 34347625 To popcluster93.atlas.winet.dcc.ufmg.br  created -> start :2021-12-07 08:17 estimation of stop:2021-12-07 16:37-> 19641,19599,19877,19341,17505,19709,17601,20206,19817,19926,17950,16862,21204,20639,25791,26351,24890,35733,19651,20955
Measurement id = 34347627 To popcluster94.atlas.winet.dcc.ufmg.br  created -> start :2021-12-07 08:17 estimation of stop:2021-12-07 16:37-> 19641,19599,19877,19341,17505,19709,17601,20206,19817,19926,17950,16862,21204,20639,25791,26351,24890,35733,19651,20955
Measurement id = 34347629 To popcluster95.atlas.winet.dcc.ufmg.br  created -> start :2021-12-07 08:17 estimation of stop:2021-12-07 16:37-> 19641,19599,19877,19341,17505,19709,17601,20206,19817,19926,17950,16862,21204,20639,25791,26351,24890,35733,19651,20955
Measurement id = 34347631 To popcluster96.atlas.winet.dcc.ufmg.br  created -> start :2021-12-07 08:17 estimation of stop:2021-12-07 16:37-> 19641,19599,19877,19341,17505,19709,17601,20206,19817,19926,17950,16862,21204,20639,25791,26351,24890,35733,19651,20955
Measurement id = 34347632 To popcluster97.atlas.winet.dcc.ufmg.br  created -> start :2021-12-07 08:17 estimation of stop:2021-12-07 16:37-> 19641,19599,19877,19341,17505,19709,17601,20206,19817,19926,17950,16862,21204,20639,25791,26351,24890,35733,19651,20955
Measurement id = 34347635 To popcluster98.atlas.winet.dcc.ufmg.br  created -> start :2021-12-07 08:17 estimation of stop:2021-12-07 16:37-> 19641,19599,19877,19341,17505,19709,17601,20206,19817,19926,17950,16862,21204,20639,25791,26351,24890,35733,19651,20955
Measurement id = 34347636 To popcluster99.atlas.winet.dcc.ufmg.br  created -> start :2021-12-07 08:17 estimation of stop:2021-12-07 16:37-> 19641,19599,19877,19341,17505,19709,17601,20206,19817,19926,17950,16862,21204,20639,25791,26351,24890,35733,19651,20955
Measurement id = 34347637 To popcluster100.atlas.winet.dcc.ufmg.br  created -> start :2021-12-07 08:17 estimation of stop:2021-12-07 16:37-> 19641,19599,19877,19341,17505,19709,17601,20206,19817,19926,17950,16862,21204,20639,25791,26351,24890,35733,19651,20955
