Measurement id = 34417441 To popcluster1.atlas.winet.dcc.ufmg.br  created -> start :2021-12-11 10:21 estimation of stop:2021-12-11 18:41-> 24855,24893,24903,24999,25137,25182,25206,25252,25313,25362,25486,25508,25628,25965,26083,26092,26261,24806,26496,26510
Measurement id = 34417442 To popcluster2.atlas.winet.dcc.ufmg.br  created -> start :2021-12-11 10:21 estimation of stop:2021-12-11 18:41-> 24855,24893,24903,24999,25137,25182,25206,25252,25313,25362,25486,25508,25628,25965,26083,26092,26261,24806,26496,26510
Measurement id = 34417443 To popcluster3.atlas.winet.dcc.ufmg.br  created -> start :2021-12-11 10:21 estimation of stop:2021-12-11 18:41-> 24855,24893,24903,24999,25137,25182,25206,25252,25313,25362,25486,25508,25628,25965,26083,26092,26261,24806,26496,26510
Measurement id = 34417444 To popcluster4.atlas.winet.dcc.ufmg.br  created -> start :2021-12-11 10:21 estimation of stop:2021-12-11 18:41-> 24855,24893,24903,24999,25137,25182,25206,25252,25313,25362,25486,25508,25628,25965,26083,26092,26261,24806,26496,26510
Measurement id = 34417445 To popcluster5.atlas.winet.dcc.ufmg.br  created -> start :2021-12-11 10:21 estimation of stop:2021-12-11 18:41-> 24855,24893,24903,24999,25137,25182,25206,25252,25313,25362,25486,25508,25628,25965,26083,26092,26261,24806,26496,26510
Measurement id = 34417446 To popcluster6.atlas.winet.dcc.ufmg.br  created -> start :2021-12-11 10:21 estimation of stop:2021-12-11 18:41-> 24855,24893,24903,24999,25137,25182,25206,25252,25313,25362,25486,25508,25628,25965,26083,26092,26261,24806,26496,26510
Measurement id = 34417447 To popcluster7.atlas.winet.dcc.ufmg.br  created -> start :2021-12-11 10:21 estimation of stop:2021-12-11 18:41-> 24855,24893,24903,24999,25137,25182,25206,25252,25313,25362,25486,25508,25628,25965,26083,26092,26261,24806,26496,26510
Measurement id = 34417448 To popcluster8.atlas.winet.dcc.ufmg.br  created -> start :2021-12-11 10:21 estimation of stop:2021-12-11 18:41-> 24855,24893,24903,24999,25137,25182,25206,25252,25313,25362,25486,25508,25628,25965,26083,26092,26261,24806,26496,26510
Measurement id = 34417449 To popcluster9.atlas.winet.dcc.ufmg.br  created -> start :2021-12-11 10:21 estimation of stop:2021-12-11 18:41-> 24855,24893,24903,24999,25137,25182,25206,25252,25313,25362,25486,25508,25628,25965,26083,26092,26261,24806,26496,26510
Measurement id = 34417450 To popcluster10.atlas.winet.dcc.ufmg.br  created -> start :2021-12-11 10:21 estimation of stop:2021-12-11 18:41-> 24855,24893,24903,24999,25137,25182,25206,25252,25313,25362,25486,25508,25628,25965,26083,26092,26261,24806,26496,26510
Measurement id = 34417451 To popcluster11.atlas.winet.dcc.ufmg.br  created -> start :2021-12-11 10:21 estimation of stop:2021-12-11 18:41-> 24855,24893,24903,24999,25137,25182,25206,25252,25313,25362,25486,25508,25628,25965,26083,26092,26261,24806,26496,26510
Measurement id = 34417452 To popcluster12.atlas.winet.dcc.ufmg.br  created -> start :2021-12-11 10:21 estimation of stop:2021-12-11 18:41-> 24855,24893,24903,24999,25137,25182,25206,25252,25313,25362,25486,25508,25628,25965,26083,26092,26261,24806,26496,26510
Measurement id = 34417453 To popcluster13.atlas.winet.dcc.ufmg.br  created -> start :2021-12-11 10:21 estimation of stop:2021-12-11 18:41-> 24855,24893,24903,24999,25137,25182,25206,25252,25313,25362,25486,25508,25628,25965,26083,26092,26261,24806,26496,26510
Measurement id = 34417454 To popcluster14.atlas.winet.dcc.ufmg.br  created -> start :2021-12-11 10:21 estimation of stop:2021-12-11 18:41-> 24855,24893,24903,24999,25137,25182,25206,25252,25313,25362,25486,25508,25628,25965,26083,26092,26261,24806,26496,26510
Measurement id = 34417455 To popcluster15.atlas.winet.dcc.ufmg.br  created -> start :2021-12-11 10:21 estimation of stop:2021-12-11 18:41-> 24855,24893,24903,24999,25137,25182,25206,25252,25313,25362,25486,25508,25628,25965,26083,26092,26261,24806,26496,26510
Measurement id = 34417456 To popcluster16.atlas.winet.dcc.ufmg.br  created -> start :2021-12-11 10:21 estimation of stop:2021-12-11 18:41-> 24855,24893,24903,24999,25137,25182,25206,25252,25313,25362,25486,25508,25628,25965,26083,26092,26261,24806,26496,26510
Measurement id = 34417457 To popcluster17.atlas.winet.dcc.ufmg.br  created -> start :2021-12-11 10:21 estimation of stop:2021-12-11 18:41-> 24855,24893,24903,24999,25137,25182,25206,25252,25313,25362,25486,25508,25628,25965,26083,26092,26261,24806,26496,26510
Measurement id = 34417458 To popcluster18.atlas.winet.dcc.ufmg.br  created -> start :2021-12-11 10:21 estimation of stop:2021-12-11 18:41-> 24855,24893,24903,24999,25137,25182,25206,25252,25313,25362,25486,25508,25628,25965,26083,26092,26261,24806,26496,26510
Measurement id = 34417460 To popcluster19.atlas.winet.dcc.ufmg.br  created -> start :2021-12-11 10:21 estimation of stop:2021-12-11 18:41-> 24855,24893,24903,24999,25137,25182,25206,25252,25313,25362,25486,25508,25628,25965,26083,26092,26261,24806,26496,26510
Measurement id = 34417461 To popcluster20.atlas.winet.dcc.ufmg.br  created -> start :2021-12-11 10:21 estimation of stop:2021-12-11 18:41-> 24855,24893,24903,24999,25137,25182,25206,25252,25313,25362,25486,25508,25628,25965,26083,26092,26261,24806,26496,26510
Measurement id = 34417462 To popcluster21.atlas.winet.dcc.ufmg.br  created -> start :2021-12-11 10:21 estimation of stop:2021-12-11 18:41-> 24855,24893,24903,24999,25137,25182,25206,25252,25313,25362,25486,25508,25628,25965,26083,26092,26261,24806,26496,26510
Measurement id = 34417463 To popcluster22.atlas.winet.dcc.ufmg.br  created -> start :2021-12-11 10:21 estimation of stop:2021-12-11 18:41-> 24855,24893,24903,24999,25137,25182,25206,25252,25313,25362,25486,25508,25628,25965,26083,26092,26261,24806,26496,26510
Measurement id = 34417464 To popcluster23.atlas.winet.dcc.ufmg.br  created -> start :2021-12-11 10:21 estimation of stop:2021-12-11 18:41-> 24855,24893,24903,24999,25137,25182,25206,25252,25313,25362,25486,25508,25628,25965,26083,26092,26261,24806,26496,26510
Measurement id = 34417465 To popcluster24.atlas.winet.dcc.ufmg.br  created -> start :2021-12-11 10:21 estimation of stop:2021-12-11 18:41-> 24855,24893,24903,24999,25137,25182,25206,25252,25313,25362,25486,25508,25628,25965,26083,26092,26261,24806,26496,26510
Measurement id = 34417466 To popcluster25.atlas.winet.dcc.ufmg.br  created -> start :2021-12-11 10:21 estimation of stop:2021-12-11 18:41-> 24855,24893,24903,24999,25137,25182,25206,25252,25313,25362,25486,25508,25628,25965,26083,26092,26261,24806,26496,26510
Measurement id = 34417467 To popcluster26.atlas.winet.dcc.ufmg.br  created -> start :2021-12-11 10:21 estimation of stop:2021-12-11 18:41-> 24855,24893,24903,24999,25137,25182,25206,25252,25313,25362,25486,25508,25628,25965,26083,26092,26261,24806,26496,26510
Measurement id = 34417468 To popcluster27.atlas.winet.dcc.ufmg.br  created -> start :2021-12-11 10:21 estimation of stop:2021-12-11 18:41-> 24855,24893,24903,24999,25137,25182,25206,25252,25313,25362,25486,25508,25628,25965,26083,26092,26261,24806,26496,26510
Measurement id = 34417469 To popcluster28.atlas.winet.dcc.ufmg.br  created -> start :2021-12-11 10:21 estimation of stop:2021-12-11 18:41-> 24855,24893,24903,24999,25137,25182,25206,25252,25313,25362,25486,25508,25628,25965,26083,26092,26261,24806,26496,26510
Measurement id = 34417470 To popcluster29.atlas.winet.dcc.ufmg.br  created -> start :2021-12-11 10:21 estimation of stop:2021-12-11 18:41-> 24855,24893,24903,24999,25137,25182,25206,25252,25313,25362,25486,25508,25628,25965,26083,26092,26261,24806,26496,26510
Measurement id = 34417471 To popcluster30.atlas.winet.dcc.ufmg.br  created -> start :2021-12-11 10:21 estimation of stop:2021-12-11 18:41-> 24855,24893,24903,24999,25137,25182,25206,25252,25313,25362,25486,25508,25628,25965,26083,26092,26261,24806,26496,26510
Measurement id = 34417472 To popcluster31.atlas.winet.dcc.ufmg.br  created -> start :2021-12-11 10:21 estimation of stop:2021-12-11 18:41-> 24855,24893,24903,24999,25137,25182,25206,25252,25313,25362,25486,25508,25628,25965,26083,26092,26261,24806,26496,26510
Measurement id = 34417473 To popcluster32.atlas.winet.dcc.ufmg.br  created -> start :2021-12-11 10:21 estimation of stop:2021-12-11 18:41-> 24855,24893,24903,24999,25137,25182,25206,25252,25313,25362,25486,25508,25628,25965,26083,26092,26261,24806,26496,26510
Measurement id = 34417474 To popcluster33.atlas.winet.dcc.ufmg.br  created -> start :2021-12-11 10:21 estimation of stop:2021-12-11 18:41-> 24855,24893,24903,24999,25137,25182,25206,25252,25313,25362,25486,25508,25628,25965,26083,26092,26261,24806,26496,26510
Measurement id = 34417475 To popcluster34.atlas.winet.dcc.ufmg.br  created -> start :2021-12-11 10:21 estimation of stop:2021-12-11 18:41-> 24855,24893,24903,24999,25137,25182,25206,25252,25313,25362,25486,25508,25628,25965,26083,26092,26261,24806,26496,26510
Measurement id = 34417476 To popcluster35.atlas.winet.dcc.ufmg.br  created -> start :2021-12-11 10:21 estimation of stop:2021-12-11 18:41-> 24855,24893,24903,24999,25137,25182,25206,25252,25313,25362,25486,25508,25628,25965,26083,26092,26261,24806,26496,26510
Measurement id = 34417477 To popcluster36.atlas.winet.dcc.ufmg.br  created -> start :2021-12-11 10:21 estimation of stop:2021-12-11 18:41-> 24855,24893,24903,24999,25137,25182,25206,25252,25313,25362,25486,25508,25628,25965,26083,26092,26261,24806,26496,26510
Measurement id = 34417478 To popcluster37.atlas.winet.dcc.ufmg.br  created -> start :2021-12-11 10:21 estimation of stop:2021-12-11 18:41-> 24855,24893,24903,24999,25137,25182,25206,25252,25313,25362,25486,25508,25628,25965,26083,26092,26261,24806,26496,26510
Measurement id = 34417479 To popcluster38.atlas.winet.dcc.ufmg.br  created -> start :2021-12-11 10:21 estimation of stop:2021-12-11 18:41-> 24855,24893,24903,24999,25137,25182,25206,25252,25313,25362,25486,25508,25628,25965,26083,26092,26261,24806,26496,26510
Measurement id = 34417480 To popcluster39.atlas.winet.dcc.ufmg.br  created -> start :2021-12-11 10:21 estimation of stop:2021-12-11 18:41-> 24855,24893,24903,24999,25137,25182,25206,25252,25313,25362,25486,25508,25628,25965,26083,26092,26261,24806,26496,26510
Measurement id = 34417481 To popcluster40.atlas.winet.dcc.ufmg.br  created -> start :2021-12-11 10:21 estimation of stop:2021-12-11 18:41-> 24855,24893,24903,24999,25137,25182,25206,25252,25313,25362,25486,25508,25628,25965,26083,26092,26261,24806,26496,26510
Measurement id = 34417482 To popcluster41.atlas.winet.dcc.ufmg.br  created -> start :2021-12-11 10:21 estimation of stop:2021-12-11 18:41-> 24855,24893,24903,24999,25137,25182,25206,25252,25313,25362,25486,25508,25628,25965,26083,26092,26261,24806,26496,26510
Measurement id = 34417483 To popcluster42.atlas.winet.dcc.ufmg.br  created -> start :2021-12-11 10:21 estimation of stop:2021-12-11 18:41-> 24855,24893,24903,24999,25137,25182,25206,25252,25313,25362,25486,25508,25628,25965,26083,26092,26261,24806,26496,26510
Measurement id = 34417484 To popcluster43.atlas.winet.dcc.ufmg.br  created -> start :2021-12-11 10:21 estimation of stop:2021-12-11 18:41-> 24855,24893,24903,24999,25137,25182,25206,25252,25313,25362,25486,25508,25628,25965,26083,26092,26261,24806,26496,26510
Measurement id = 34417485 To popcluster44.atlas.winet.dcc.ufmg.br  created -> start :2021-12-11 10:21 estimation of stop:2021-12-11 18:41-> 24855,24893,24903,24999,25137,25182,25206,25252,25313,25362,25486,25508,25628,25965,26083,26092,26261,24806,26496,26510
Measurement id = 34417486 To popcluster45.atlas.winet.dcc.ufmg.br  created -> start :2021-12-11 10:21 estimation of stop:2021-12-11 18:41-> 24855,24893,24903,24999,25137,25182,25206,25252,25313,25362,25486,25508,25628,25965,26083,26092,26261,24806,26496,26510
Measurement id = 34417487 To popcluster46.atlas.winet.dcc.ufmg.br  created -> start :2021-12-11 10:21 estimation of stop:2021-12-11 18:41-> 24855,24893,24903,24999,25137,25182,25206,25252,25313,25362,25486,25508,25628,25965,26083,26092,26261,24806,26496,26510
Measurement id = 34417490 To popcluster47.atlas.winet.dcc.ufmg.br  created -> start :2021-12-11 10:21 estimation of stop:2021-12-11 18:41-> 24855,24893,24903,24999,25137,25182,25206,25252,25313,25362,25486,25508,25628,25965,26083,26092,26261,24806,26496,26510
Measurement id = 34417493 To popcluster48.atlas.winet.dcc.ufmg.br  created -> start :2021-12-11 10:21 estimation of stop:2021-12-11 18:41-> 24855,24893,24903,24999,25137,25182,25206,25252,25313,25362,25486,25508,25628,25965,26083,26092,26261,24806,26496,26510
Measurement id = 34417495 To popcluster49.atlas.winet.dcc.ufmg.br  created -> start :2021-12-11 10:21 estimation of stop:2021-12-11 18:41-> 24855,24893,24903,24999,25137,25182,25206,25252,25313,25362,25486,25508,25628,25965,26083,26092,26261,24806,26496,26510
Measurement id = 34417498 To popcluster50.atlas.winet.dcc.ufmg.br  created -> start :2021-12-11 10:21 estimation of stop:2021-12-11 18:41-> 24855,24893,24903,24999,25137,25182,25206,25252,25313,25362,25486,25508,25628,25965,26083,26092,26261,24806,26496,26510
Measurement id = 34417503 To popcluster51.atlas.winet.dcc.ufmg.br  created -> start :2021-12-11 10:21 estimation of stop:2021-12-11 18:41-> 24855,24893,24903,24999,25137,25182,25206,25252,25313,25362,25486,25508,25628,25965,26083,26092,26261,24806,26496,26510
Measurement id = 34417505 To popcluster52.atlas.winet.dcc.ufmg.br  created -> start :2021-12-11 10:21 estimation of stop:2021-12-11 18:41-> 24855,24893,24903,24999,25137,25182,25206,25252,25313,25362,25486,25508,25628,25965,26083,26092,26261,24806,26496,26510
Measurement id = 34417507 To popcluster53.atlas.winet.dcc.ufmg.br  created -> start :2021-12-11 10:21 estimation of stop:2021-12-11 18:41-> 24855,24893,24903,24999,25137,25182,25206,25252,25313,25362,25486,25508,25628,25965,26083,26092,26261,24806,26496,26510
Measurement id = 34417510 To popcluster54.atlas.winet.dcc.ufmg.br  created -> start :2021-12-11 10:21 estimation of stop:2021-12-11 18:41-> 24855,24893,24903,24999,25137,25182,25206,25252,25313,25362,25486,25508,25628,25965,26083,26092,26261,24806,26496,26510
Measurement id = 34417512 To popcluster55.atlas.winet.dcc.ufmg.br  created -> start :2021-12-11 10:21 estimation of stop:2021-12-11 18:41-> 24855,24893,24903,24999,25137,25182,25206,25252,25313,25362,25486,25508,25628,25965,26083,26092,26261,24806,26496,26510
Measurement id = 34417515 To popcluster56.atlas.winet.dcc.ufmg.br  created -> start :2021-12-11 10:21 estimation of stop:2021-12-11 18:41-> 24855,24893,24903,24999,25137,25182,25206,25252,25313,25362,25486,25508,25628,25965,26083,26092,26261,24806,26496,26510
Measurement id = 34417517 To popcluster57.atlas.winet.dcc.ufmg.br  created -> start :2021-12-11 10:21 estimation of stop:2021-12-11 18:41-> 24855,24893,24903,24999,25137,25182,25206,25252,25313,25362,25486,25508,25628,25965,26083,26092,26261,24806,26496,26510
Measurement id = 34417519 To popcluster58.atlas.winet.dcc.ufmg.br  created -> start :2021-12-11 10:21 estimation of stop:2021-12-11 18:41-> 24855,24893,24903,24999,25137,25182,25206,25252,25313,25362,25486,25508,25628,25965,26083,26092,26261,24806,26496,26510
Measurement id = 34417522 To popcluster59.atlas.winet.dcc.ufmg.br  created -> start :2021-12-11 10:21 estimation of stop:2021-12-11 18:41-> 24855,24893,24903,24999,25137,25182,25206,25252,25313,25362,25486,25508,25628,25965,26083,26092,26261,24806,26496,26510
Measurement id = 34417524 To popcluster60.atlas.winet.dcc.ufmg.br  created -> start :2021-12-11 10:21 estimation of stop:2021-12-11 18:41-> 24855,24893,24903,24999,25137,25182,25206,25252,25313,25362,25486,25508,25628,25965,26083,26092,26261,24806,26496,26510
Measurement id = 34417527 To popcluster61.atlas.winet.dcc.ufmg.br  created -> start :2021-12-11 10:21 estimation of stop:2021-12-11 18:41-> 24855,24893,24903,24999,25137,25182,25206,25252,25313,25362,25486,25508,25628,25965,26083,26092,26261,24806,26496,26510
Measurement id = 34417529 To popcluster62.atlas.winet.dcc.ufmg.br  created -> start :2021-12-11 10:21 estimation of stop:2021-12-11 18:41-> 24855,24893,24903,24999,25137,25182,25206,25252,25313,25362,25486,25508,25628,25965,26083,26092,26261,24806,26496,26510
Measurement id = 34417531 To popcluster63.atlas.winet.dcc.ufmg.br  created -> start :2021-12-11 10:21 estimation of stop:2021-12-11 18:41-> 24855,24893,24903,24999,25137,25182,25206,25252,25313,25362,25486,25508,25628,25965,26083,26092,26261,24806,26496,26510
Measurement id = 34417534 To popcluster64.atlas.winet.dcc.ufmg.br  created -> start :2021-12-11 10:21 estimation of stop:2021-12-11 18:41-> 24855,24893,24903,24999,25137,25182,25206,25252,25313,25362,25486,25508,25628,25965,26083,26092,26261,24806,26496,26510
Measurement id = 34417536 To popcluster65.atlas.winet.dcc.ufmg.br  created -> start :2021-12-11 10:21 estimation of stop:2021-12-11 18:41-> 24855,24893,24903,24999,25137,25182,25206,25252,25313,25362,25486,25508,25628,25965,26083,26092,26261,24806,26496,26510
Measurement id = 34417538 To popcluster66.atlas.winet.dcc.ufmg.br  created -> start :2021-12-11 10:21 estimation of stop:2021-12-11 18:41-> 24855,24893,24903,24999,25137,25182,25206,25252,25313,25362,25486,25508,25628,25965,26083,26092,26261,24806,26496,26510
Measurement id = 34417540 To popcluster67.atlas.winet.dcc.ufmg.br  created -> start :2021-12-11 10:21 estimation of stop:2021-12-11 18:41-> 24855,24893,24903,24999,25137,25182,25206,25252,25313,25362,25486,25508,25628,25965,26083,26092,26261,24806,26496,26510
Measurement id = 34417543 To popcluster68.atlas.winet.dcc.ufmg.br  created -> start :2021-12-11 10:21 estimation of stop:2021-12-11 18:41-> 24855,24893,24903,24999,25137,25182,25206,25252,25313,25362,25486,25508,25628,25965,26083,26092,26261,24806,26496,26510
Measurement id = 34417545 To popcluster69.atlas.winet.dcc.ufmg.br  created -> start :2021-12-11 10:21 estimation of stop:2021-12-11 18:41-> 24855,24893,24903,24999,25137,25182,25206,25252,25313,25362,25486,25508,25628,25965,26083,26092,26261,24806,26496,26510
Measurement id = 34417551 To popcluster70.atlas.winet.dcc.ufmg.br  created -> start :2021-12-11 10:21 estimation of stop:2021-12-11 18:41-> 24855,24893,24903,24999,25137,25182,25206,25252,25313,25362,25486,25508,25628,25965,26083,26092,26261,24806,26496,26510
Measurement id = 34417553 To popcluster71.atlas.winet.dcc.ufmg.br  created -> start :2021-12-11 10:21 estimation of stop:2021-12-11 18:41-> 24855,24893,24903,24999,25137,25182,25206,25252,25313,25362,25486,25508,25628,25965,26083,26092,26261,24806,26496,26510
Measurement id = 34417556 To popcluster72.atlas.winet.dcc.ufmg.br  created -> start :2021-12-11 10:21 estimation of stop:2021-12-11 18:41-> 24855,24893,24903,24999,25137,25182,25206,25252,25313,25362,25486,25508,25628,25965,26083,26092,26261,24806,26496,26510
Measurement id = 34417558 To popcluster73.atlas.winet.dcc.ufmg.br  created -> start :2021-12-11 10:21 estimation of stop:2021-12-11 18:41-> 24855,24893,24903,24999,25137,25182,25206,25252,25313,25362,25486,25508,25628,25965,26083,26092,26261,24806,26496,26510
Measurement id = 34417561 To popcluster74.atlas.winet.dcc.ufmg.br  created -> start :2021-12-11 10:21 estimation of stop:2021-12-11 18:41-> 24855,24893,24903,24999,25137,25182,25206,25252,25313,25362,25486,25508,25628,25965,26083,26092,26261,24806,26496,26510
Measurement id = 34417563 To popcluster75.atlas.winet.dcc.ufmg.br  created -> start :2021-12-11 10:21 estimation of stop:2021-12-11 18:41-> 24855,24893,24903,24999,25137,25182,25206,25252,25313,25362,25486,25508,25628,25965,26083,26092,26261,24806,26496,26510
Measurement id = 34417565 To popcluster76.atlas.winet.dcc.ufmg.br  created -> start :2021-12-11 10:21 estimation of stop:2021-12-11 18:41-> 24855,24893,24903,24999,25137,25182,25206,25252,25313,25362,25486,25508,25628,25965,26083,26092,26261,24806,26496,26510
Measurement id = 34417568 To popcluster77.atlas.winet.dcc.ufmg.br  created -> start :2021-12-11 10:21 estimation of stop:2021-12-11 18:41-> 24855,24893,24903,24999,25137,25182,25206,25252,25313,25362,25486,25508,25628,25965,26083,26092,26261,24806,26496,26510
Measurement id = 34417570 To popcluster78.atlas.winet.dcc.ufmg.br  created -> start :2021-12-11 10:21 estimation of stop:2021-12-11 18:41-> 24855,24893,24903,24999,25137,25182,25206,25252,25313,25362,25486,25508,25628,25965,26083,26092,26261,24806,26496,26510
Measurement id = 34417572 To popcluster79.atlas.winet.dcc.ufmg.br  created -> start :2021-12-11 10:21 estimation of stop:2021-12-11 18:41-> 24855,24893,24903,24999,25137,25182,25206,25252,25313,25362,25486,25508,25628,25965,26083,26092,26261,24806,26496,26510
Measurement id = 34417574 To popcluster80.atlas.winet.dcc.ufmg.br  created -> start :2021-12-11 10:21 estimation of stop:2021-12-11 18:41-> 24855,24893,24903,24999,25137,25182,25206,25252,25313,25362,25486,25508,25628,25965,26083,26092,26261,24806,26496,26510
Measurement id = 34417578 To popcluster81.atlas.winet.dcc.ufmg.br  created -> start :2021-12-11 10:21 estimation of stop:2021-12-11 18:41-> 24855,24893,24903,24999,25137,25182,25206,25252,25313,25362,25486,25508,25628,25965,26083,26092,26261,24806,26496,26510
Measurement id = 34417583 To popcluster82.atlas.winet.dcc.ufmg.br  created -> start :2021-12-11 10:21 estimation of stop:2021-12-11 18:41-> 24855,24893,24903,24999,25137,25182,25206,25252,25313,25362,25486,25508,25628,25965,26083,26092,26261,24806,26496,26510
Measurement id = 34417585 To popcluster83.atlas.winet.dcc.ufmg.br  created -> start :2021-12-11 10:21 estimation of stop:2021-12-11 18:41-> 24855,24893,24903,24999,25137,25182,25206,25252,25313,25362,25486,25508,25628,25965,26083,26092,26261,24806,26496,26510
Measurement id = 34417588 To popcluster84.atlas.winet.dcc.ufmg.br  created -> start :2021-12-11 10:21 estimation of stop:2021-12-11 18:41-> 24855,24893,24903,24999,25137,25182,25206,25252,25313,25362,25486,25508,25628,25965,26083,26092,26261,24806,26496,26510
Measurement id = 34417590 To popcluster85.atlas.winet.dcc.ufmg.br  created -> start :2021-12-11 10:21 estimation of stop:2021-12-11 18:41-> 24855,24893,24903,24999,25137,25182,25206,25252,25313,25362,25486,25508,25628,25965,26083,26092,26261,24806,26496,26510
Measurement id = 34417593 To popcluster86.atlas.winet.dcc.ufmg.br  created -> start :2021-12-11 10:21 estimation of stop:2021-12-11 18:41-> 24855,24893,24903,24999,25137,25182,25206,25252,25313,25362,25486,25508,25628,25965,26083,26092,26261,24806,26496,26510
Measurement id = 34417595 To popcluster87.atlas.winet.dcc.ufmg.br  created -> start :2021-12-11 10:21 estimation of stop:2021-12-11 18:41-> 24855,24893,24903,24999,25137,25182,25206,25252,25313,25362,25486,25508,25628,25965,26083,26092,26261,24806,26496,26510
Measurement id = 34417618 To popcluster92.atlas.winet.dcc.ufmg.br  created -> start :2021-12-11 10:21 estimation of stop:2021-12-11 18:41-> 24855,24893,24903,24999,25137,25182,25206,25252,25313,25362,25486,25508,25628,25965,26083,26092,26261,24806,26496,26510
Measurement id = 34417620 To popcluster93.atlas.winet.dcc.ufmg.br  created -> start :2021-12-11 10:21 estimation of stop:2021-12-11 18:41-> 24855,24893,24903,24999,25137,25182,25206,25252,25313,25362,25486,25508,25628,25965,26083,26092,26261,24806,26496,26510
Measurement id = 34417623 To popcluster94.atlas.winet.dcc.ufmg.br  created -> start :2021-12-11 10:21 estimation of stop:2021-12-11 18:41-> 24855,24893,24903,24999,25137,25182,25206,25252,25313,25362,25486,25508,25628,25965,26083,26092,26261,24806,26496,26510
Measurement id = 34417625 To popcluster95.atlas.winet.dcc.ufmg.br  created -> start :2021-12-11 10:21 estimation of stop:2021-12-11 18:41-> 24855,24893,24903,24999,25137,25182,25206,25252,25313,25362,25486,25508,25628,25965,26083,26092,26261,24806,26496,26510
Measurement id = 34417627 To popcluster96.atlas.winet.dcc.ufmg.br  created -> start :2021-12-11 10:21 estimation of stop:2021-12-11 18:41-> 24855,24893,24903,24999,25137,25182,25206,25252,25313,25362,25486,25508,25628,25965,26083,26092,26261,24806,26496,26510
Measurement id = 34417630 To popcluster97.atlas.winet.dcc.ufmg.br  created -> start :2021-12-11 10:21 estimation of stop:2021-12-11 18:41-> 24855,24893,24903,24999,25137,25182,25206,25252,25313,25362,25486,25508,25628,25965,26083,26092,26261,24806,26496,26510
Measurement id = 34417632 To popcluster98.atlas.winet.dcc.ufmg.br  created -> start :2021-12-11 10:21 estimation of stop:2021-12-11 18:41-> 24855,24893,24903,24999,25137,25182,25206,25252,25313,25362,25486,25508,25628,25965,26083,26092,26261,24806,26496,26510
Measurement id = 34417636 To popcluster99.atlas.winet.dcc.ufmg.br  created -> start :2021-12-11 10:21 estimation of stop:2021-12-11 18:41-> 24855,24893,24903,24999,25137,25182,25206,25252,25313,25362,25486,25508,25628,25965,26083,26092,26261,24806,26496,26510
Measurement id = 34417638 To popcluster100.atlas.winet.dcc.ufmg.br  created -> start :2021-12-11 10:21 estimation of stop:2021-12-11 18:41-> 24855,24893,24903,24999,25137,25182,25206,25252,25313,25362,25486,25508,25628,25965,26083,26092,26261,24806,26496,26510
