Measurement id = 34438245 To popcluster1.atlas.winet.dcc.ufmg.br  created -> start :2021-12-12 18:56 estimation of stop:2021-12-13 03:16-> 26518,26634,26722,26758,26823,27102,27289,27323,27360,27668,27724,27797,27925,27932,27952,28086,28272,28278,28331,28369
Measurement id = 34438246 To popcluster2.atlas.winet.dcc.ufmg.br  created -> start :2021-12-12 18:56 estimation of stop:2021-12-13 03:16-> 26518,26634,26722,26758,26823,27102,27289,27323,27360,27668,27724,27797,27925,27932,27952,28086,28272,28278,28331,28369
Measurement id = 34438247 To popcluster3.atlas.winet.dcc.ufmg.br  created -> start :2021-12-12 18:56 estimation of stop:2021-12-13 03:16-> 26518,26634,26722,26758,26823,27102,27289,27323,27360,27668,27724,27797,27925,27932,27952,28086,28272,28278,28331,28369
Measurement id = 34438248 To popcluster4.atlas.winet.dcc.ufmg.br  created -> start :2021-12-12 18:56 estimation of stop:2021-12-13 03:16-> 26518,26634,26722,26758,26823,27102,27289,27323,27360,27668,27724,27797,27925,27932,27952,28086,28272,28278,28331,28369
Measurement id = 34438249 To popcluster5.atlas.winet.dcc.ufmg.br  created -> start :2021-12-12 18:56 estimation of stop:2021-12-13 03:16-> 26518,26634,26722,26758,26823,27102,27289,27323,27360,27668,27724,27797,27925,27932,27952,28086,28272,28278,28331,28369
Measurement id = 34438251 To popcluster6.atlas.winet.dcc.ufmg.br  created -> start :2021-12-12 18:56 estimation of stop:2021-12-13 03:16-> 26518,26634,26722,26758,26823,27102,27289,27323,27360,27668,27724,27797,27925,27932,27952,28086,28272,28278,28331,28369
Measurement id = 34438252 To popcluster7.atlas.winet.dcc.ufmg.br  created -> start :2021-12-12 18:56 estimation of stop:2021-12-13 03:16-> 26518,26634,26722,26758,26823,27102,27289,27323,27360,27668,27724,27797,27925,27932,27952,28086,28272,28278,28331,28369
Measurement id = 34438253 To popcluster8.atlas.winet.dcc.ufmg.br  created -> start :2021-12-12 18:56 estimation of stop:2021-12-13 03:16-> 26518,26634,26722,26758,26823,27102,27289,27323,27360,27668,27724,27797,27925,27932,27952,28086,28272,28278,28331,28369
Measurement id = 34438254 To popcluster9.atlas.winet.dcc.ufmg.br  created -> start :2021-12-12 18:56 estimation of stop:2021-12-13 03:16-> 26518,26634,26722,26758,26823,27102,27289,27323,27360,27668,27724,27797,27925,27932,27952,28086,28272,28278,28331,28369
Measurement id = 34438255 To popcluster10.atlas.winet.dcc.ufmg.br  created -> start :2021-12-12 18:56 estimation of stop:2021-12-13 03:16-> 26518,26634,26722,26758,26823,27102,27289,27323,27360,27668,27724,27797,27925,27932,27952,28086,28272,28278,28331,28369
Measurement id = 34438256 To popcluster11.atlas.winet.dcc.ufmg.br  created -> start :2021-12-12 18:56 estimation of stop:2021-12-13 03:16-> 26518,26634,26722,26758,26823,27102,27289,27323,27360,27668,27724,27797,27925,27932,27952,28086,28272,28278,28331,28369
Measurement id = 34438257 To popcluster12.atlas.winet.dcc.ufmg.br  created -> start :2021-12-12 18:56 estimation of stop:2021-12-13 03:16-> 26518,26634,26722,26758,26823,27102,27289,27323,27360,27668,27724,27797,27925,27932,27952,28086,28272,28278,28331,28369
Measurement id = 34438258 To popcluster13.atlas.winet.dcc.ufmg.br  created -> start :2021-12-12 18:56 estimation of stop:2021-12-13 03:16-> 26518,26634,26722,26758,26823,27102,27289,27323,27360,27668,27724,27797,27925,27932,27952,28086,28272,28278,28331,28369
Measurement id = 34438259 To popcluster14.atlas.winet.dcc.ufmg.br  created -> start :2021-12-12 18:56 estimation of stop:2021-12-13 03:16-> 26518,26634,26722,26758,26823,27102,27289,27323,27360,27668,27724,27797,27925,27932,27952,28086,28272,28278,28331,28369
Measurement id = 34438260 To popcluster15.atlas.winet.dcc.ufmg.br  created -> start :2021-12-12 18:56 estimation of stop:2021-12-13 03:16-> 26518,26634,26722,26758,26823,27102,27289,27323,27360,27668,27724,27797,27925,27932,27952,28086,28272,28278,28331,28369
Measurement id = 34438261 To popcluster16.atlas.winet.dcc.ufmg.br  created -> start :2021-12-12 18:56 estimation of stop:2021-12-13 03:16-> 26518,26634,26722,26758,26823,27102,27289,27323,27360,27668,27724,27797,27925,27932,27952,28086,28272,28278,28331,28369
Measurement id = 34438262 To popcluster17.atlas.winet.dcc.ufmg.br  created -> start :2021-12-12 18:56 estimation of stop:2021-12-13 03:16-> 26518,26634,26722,26758,26823,27102,27289,27323,27360,27668,27724,27797,27925,27932,27952,28086,28272,28278,28331,28369
Measurement id = 34438263 To popcluster18.atlas.winet.dcc.ufmg.br  created -> start :2021-12-12 18:56 estimation of stop:2021-12-13 03:16-> 26518,26634,26722,26758,26823,27102,27289,27323,27360,27668,27724,27797,27925,27932,27952,28086,28272,28278,28331,28369
Measurement id = 34438264 To popcluster19.atlas.winet.dcc.ufmg.br  created -> start :2021-12-12 18:56 estimation of stop:2021-12-13 03:16-> 26518,26634,26722,26758,26823,27102,27289,27323,27360,27668,27724,27797,27925,27932,27952,28086,28272,28278,28331,28369
Measurement id = 34438265 To popcluster20.atlas.winet.dcc.ufmg.br  created -> start :2021-12-12 18:56 estimation of stop:2021-12-13 03:16-> 26518,26634,26722,26758,26823,27102,27289,27323,27360,27668,27724,27797,27925,27932,27952,28086,28272,28278,28331,28369
Measurement id = 34438266 To popcluster21.atlas.winet.dcc.ufmg.br  created -> start :2021-12-12 18:56 estimation of stop:2021-12-13 03:16-> 26518,26634,26722,26758,26823,27102,27289,27323,27360,27668,27724,27797,27925,27932,27952,28086,28272,28278,28331,28369
Measurement id = 34438267 To popcluster22.atlas.winet.dcc.ufmg.br  created -> start :2021-12-12 18:56 estimation of stop:2021-12-13 03:16-> 26518,26634,26722,26758,26823,27102,27289,27323,27360,27668,27724,27797,27925,27932,27952,28086,28272,28278,28331,28369
Measurement id = 34438268 To popcluster23.atlas.winet.dcc.ufmg.br  created -> start :2021-12-12 18:56 estimation of stop:2021-12-13 03:16-> 26518,26634,26722,26758,26823,27102,27289,27323,27360,27668,27724,27797,27925,27932,27952,28086,28272,28278,28331,28369
Measurement id = 34438269 To popcluster24.atlas.winet.dcc.ufmg.br  created -> start :2021-12-12 18:56 estimation of stop:2021-12-13 03:16-> 26518,26634,26722,26758,26823,27102,27289,27323,27360,27668,27724,27797,27925,27932,27952,28086,28272,28278,28331,28369
Measurement id = 34438271 To popcluster25.atlas.winet.dcc.ufmg.br  created -> start :2021-12-12 18:56 estimation of stop:2021-12-13 03:16-> 26518,26634,26722,26758,26823,27102,27289,27323,27360,27668,27724,27797,27925,27932,27952,28086,28272,28278,28331,28369
Measurement id = 34438272 To popcluster26.atlas.winet.dcc.ufmg.br  created -> start :2021-12-12 18:56 estimation of stop:2021-12-13 03:16-> 26518,26634,26722,26758,26823,27102,27289,27323,27360,27668,27724,27797,27925,27932,27952,28086,28272,28278,28331,28369
Measurement id = 34438273 To popcluster27.atlas.winet.dcc.ufmg.br  created -> start :2021-12-12 18:56 estimation of stop:2021-12-13 03:16-> 26518,26634,26722,26758,26823,27102,27289,27323,27360,27668,27724,27797,27925,27932,27952,28086,28272,28278,28331,28369
Measurement id = 34438274 To popcluster28.atlas.winet.dcc.ufmg.br  created -> start :2021-12-12 18:56 estimation of stop:2021-12-13 03:16-> 26518,26634,26722,26758,26823,27102,27289,27323,27360,27668,27724,27797,27925,27932,27952,28086,28272,28278,28331,28369
Measurement id = 34438275 To popcluster29.atlas.winet.dcc.ufmg.br  created -> start :2021-12-12 18:56 estimation of stop:2021-12-13 03:16-> 26518,26634,26722,26758,26823,27102,27289,27323,27360,27668,27724,27797,27925,27932,27952,28086,28272,28278,28331,28369
Measurement id = 34438276 To popcluster30.atlas.winet.dcc.ufmg.br  created -> start :2021-12-12 18:56 estimation of stop:2021-12-13 03:16-> 26518,26634,26722,26758,26823,27102,27289,27323,27360,27668,27724,27797,27925,27932,27952,28086,28272,28278,28331,28369
Measurement id = 34438277 To popcluster31.atlas.winet.dcc.ufmg.br  created -> start :2021-12-12 18:56 estimation of stop:2021-12-13 03:16-> 26518,26634,26722,26758,26823,27102,27289,27323,27360,27668,27724,27797,27925,27932,27952,28086,28272,28278,28331,28369
Measurement id = 34438278 To popcluster32.atlas.winet.dcc.ufmg.br  created -> start :2021-12-12 18:56 estimation of stop:2021-12-13 03:16-> 26518,26634,26722,26758,26823,27102,27289,27323,27360,27668,27724,27797,27925,27932,27952,28086,28272,28278,28331,28369
Measurement id = 34438279 To popcluster33.atlas.winet.dcc.ufmg.br  created -> start :2021-12-12 18:56 estimation of stop:2021-12-13 03:16-> 26518,26634,26722,26758,26823,27102,27289,27323,27360,27668,27724,27797,27925,27932,27952,28086,28272,28278,28331,28369
Measurement id = 34438280 To popcluster34.atlas.winet.dcc.ufmg.br  created -> start :2021-12-12 18:56 estimation of stop:2021-12-13 03:16-> 26518,26634,26722,26758,26823,27102,27289,27323,27360,27668,27724,27797,27925,27932,27952,28086,28272,28278,28331,28369
Measurement id = 34438281 To popcluster35.atlas.winet.dcc.ufmg.br  created -> start :2021-12-12 18:56 estimation of stop:2021-12-13 03:16-> 26518,26634,26722,26758,26823,27102,27289,27323,27360,27668,27724,27797,27925,27932,27952,28086,28272,28278,28331,28369
Measurement id = 34438282 To popcluster36.atlas.winet.dcc.ufmg.br  created -> start :2021-12-12 18:56 estimation of stop:2021-12-13 03:16-> 26518,26634,26722,26758,26823,27102,27289,27323,27360,27668,27724,27797,27925,27932,27952,28086,28272,28278,28331,28369
Measurement id = 34438283 To popcluster37.atlas.winet.dcc.ufmg.br  created -> start :2021-12-12 18:56 estimation of stop:2021-12-13 03:16-> 26518,26634,26722,26758,26823,27102,27289,27323,27360,27668,27724,27797,27925,27932,27952,28086,28272,28278,28331,28369
Measurement id = 34438284 To popcluster38.atlas.winet.dcc.ufmg.br  created -> start :2021-12-12 18:56 estimation of stop:2021-12-13 03:16-> 26518,26634,26722,26758,26823,27102,27289,27323,27360,27668,27724,27797,27925,27932,27952,28086,28272,28278,28331,28369
Measurement id = 34438285 To popcluster39.atlas.winet.dcc.ufmg.br  created -> start :2021-12-12 18:56 estimation of stop:2021-12-13 03:16-> 26518,26634,26722,26758,26823,27102,27289,27323,27360,27668,27724,27797,27925,27932,27952,28086,28272,28278,28331,28369
Measurement id = 34438286 To popcluster40.atlas.winet.dcc.ufmg.br  created -> start :2021-12-12 18:56 estimation of stop:2021-12-13 03:16-> 26518,26634,26722,26758,26823,27102,27289,27323,27360,27668,27724,27797,27925,27932,27952,28086,28272,28278,28331,28369
Measurement id = 34438287 To popcluster41.atlas.winet.dcc.ufmg.br  created -> start :2021-12-12 18:56 estimation of stop:2021-12-13 03:16-> 26518,26634,26722,26758,26823,27102,27289,27323,27360,27668,27724,27797,27925,27932,27952,28086,28272,28278,28331,28369
Measurement id = 34438288 To popcluster42.atlas.winet.dcc.ufmg.br  created -> start :2021-12-12 18:56 estimation of stop:2021-12-13 03:16-> 26518,26634,26722,26758,26823,27102,27289,27323,27360,27668,27724,27797,27925,27932,27952,28086,28272,28278,28331,28369
Measurement id = 34438289 To popcluster43.atlas.winet.dcc.ufmg.br  created -> start :2021-12-12 18:56 estimation of stop:2021-12-13 03:16-> 26518,26634,26722,26758,26823,27102,27289,27323,27360,27668,27724,27797,27925,27932,27952,28086,28272,28278,28331,28369
Measurement id = 34438290 To popcluster44.atlas.winet.dcc.ufmg.br  created -> start :2021-12-12 18:56 estimation of stop:2021-12-13 03:16-> 26518,26634,26722,26758,26823,27102,27289,27323,27360,27668,27724,27797,27925,27932,27952,28086,28272,28278,28331,28369
Measurement id = 34438291 To popcluster45.atlas.winet.dcc.ufmg.br  created -> start :2021-12-12 18:56 estimation of stop:2021-12-13 03:16-> 26518,26634,26722,26758,26823,27102,27289,27323,27360,27668,27724,27797,27925,27932,27952,28086,28272,28278,28331,28369
Measurement id = 34438292 To popcluster46.atlas.winet.dcc.ufmg.br  created -> start :2021-12-12 18:56 estimation of stop:2021-12-13 03:16-> 26518,26634,26722,26758,26823,27102,27289,27323,27360,27668,27724,27797,27925,27932,27952,28086,28272,28278,28331,28369
Measurement id = 34438293 To popcluster47.atlas.winet.dcc.ufmg.br  created -> start :2021-12-12 18:56 estimation of stop:2021-12-13 03:16-> 26518,26634,26722,26758,26823,27102,27289,27323,27360,27668,27724,27797,27925,27932,27952,28086,28272,28278,28331,28369
Measurement id = 34438294 To popcluster48.atlas.winet.dcc.ufmg.br  created -> start :2021-12-12 18:56 estimation of stop:2021-12-13 03:16-> 26518,26634,26722,26758,26823,27102,27289,27323,27360,27668,27724,27797,27925,27932,27952,28086,28272,28278,28331,28369
Measurement id = 34438295 To popcluster49.atlas.winet.dcc.ufmg.br  created -> start :2021-12-12 18:56 estimation of stop:2021-12-13 03:16-> 26518,26634,26722,26758,26823,27102,27289,27323,27360,27668,27724,27797,27925,27932,27952,28086,28272,28278,28331,28369
Measurement id = 34438298 To popcluster50.atlas.winet.dcc.ufmg.br  created -> start :2021-12-12 18:56 estimation of stop:2021-12-13 03:16-> 26518,26634,26722,26758,26823,27102,27289,27323,27360,27668,27724,27797,27925,27932,27952,28086,28272,28278,28331,28369
Measurement id = 34438301 To popcluster51.atlas.winet.dcc.ufmg.br  created -> start :2021-12-12 18:56 estimation of stop:2021-12-13 03:16-> 26518,26634,26722,26758,26823,27102,27289,27323,27360,27668,27724,27797,27925,27932,27952,28086,28272,28278,28331,28369
Measurement id = 34438303 To popcluster52.atlas.winet.dcc.ufmg.br  created -> start :2021-12-12 18:56 estimation of stop:2021-12-13 03:16-> 26518,26634,26722,26758,26823,27102,27289,27323,27360,27668,27724,27797,27925,27932,27952,28086,28272,28278,28331,28369
Measurement id = 34438306 To popcluster53.atlas.winet.dcc.ufmg.br  created -> start :2021-12-12 18:56 estimation of stop:2021-12-13 03:16-> 26518,26634,26722,26758,26823,27102,27289,27323,27360,27668,27724,27797,27925,27932,27952,28086,28272,28278,28331,28369
Measurement id = 34438308 To popcluster54.atlas.winet.dcc.ufmg.br  created -> start :2021-12-12 18:56 estimation of stop:2021-12-13 03:16-> 26518,26634,26722,26758,26823,27102,27289,27323,27360,27668,27724,27797,27925,27932,27952,28086,28272,28278,28331,28369
Measurement id = 34438310 To popcluster55.atlas.winet.dcc.ufmg.br  created -> start :2021-12-12 18:56 estimation of stop:2021-12-13 03:16-> 26518,26634,26722,26758,26823,27102,27289,27323,27360,27668,27724,27797,27925,27932,27952,28086,28272,28278,28331,28369
Measurement id = 34438313 To popcluster56.atlas.winet.dcc.ufmg.br  created -> start :2021-12-12 18:56 estimation of stop:2021-12-13 03:16-> 26518,26634,26722,26758,26823,27102,27289,27323,27360,27668,27724,27797,27925,27932,27952,28086,28272,28278,28331,28369
Measurement id = 34438315 To popcluster57.atlas.winet.dcc.ufmg.br  created -> start :2021-12-12 18:56 estimation of stop:2021-12-13 03:16-> 26518,26634,26722,26758,26823,27102,27289,27323,27360,27668,27724,27797,27925,27932,27952,28086,28272,28278,28331,28369
Measurement id = 34438318 To popcluster58.atlas.winet.dcc.ufmg.br  created -> start :2021-12-12 18:56 estimation of stop:2021-12-13 03:16-> 26518,26634,26722,26758,26823,27102,27289,27323,27360,27668,27724,27797,27925,27932,27952,28086,28272,28278,28331,28369
Measurement id = 34438320 To popcluster59.atlas.winet.dcc.ufmg.br  created -> start :2021-12-12 18:56 estimation of stop:2021-12-13 03:16-> 26518,26634,26722,26758,26823,27102,27289,27323,27360,27668,27724,27797,27925,27932,27952,28086,28272,28278,28331,28369
Measurement id = 34438326 To popcluster60.atlas.winet.dcc.ufmg.br  created -> start :2021-12-12 18:56 estimation of stop:2021-12-13 03:16-> 26518,26634,26722,26758,26823,27102,27289,27323,27360,27668,27724,27797,27925,27932,27952,28086,28272,28278,28331,28369
Measurement id = 34438328 To popcluster61.atlas.winet.dcc.ufmg.br  created -> start :2021-12-12 18:56 estimation of stop:2021-12-13 03:16-> 26518,26634,26722,26758,26823,27102,27289,27323,27360,27668,27724,27797,27925,27932,27952,28086,28272,28278,28331,28369
Measurement id = 34438331 To popcluster62.atlas.winet.dcc.ufmg.br  created -> start :2021-12-12 18:56 estimation of stop:2021-12-13 03:16-> 26518,26634,26722,26758,26823,27102,27289,27323,27360,27668,27724,27797,27925,27932,27952,28086,28272,28278,28331,28369
Measurement id = 34438333 To popcluster63.atlas.winet.dcc.ufmg.br  created -> start :2021-12-12 18:56 estimation of stop:2021-12-13 03:16-> 26518,26634,26722,26758,26823,27102,27289,27323,27360,27668,27724,27797,27925,27932,27952,28086,28272,28278,28331,28369
Measurement id = 34438335 To popcluster64.atlas.winet.dcc.ufmg.br  created -> start :2021-12-12 18:56 estimation of stop:2021-12-13 03:16-> 26518,26634,26722,26758,26823,27102,27289,27323,27360,27668,27724,27797,27925,27932,27952,28086,28272,28278,28331,28369
Measurement id = 34438338 To popcluster65.atlas.winet.dcc.ufmg.br  created -> start :2021-12-12 18:56 estimation of stop:2021-12-13 03:16-> 26518,26634,26722,26758,26823,27102,27289,27323,27360,27668,27724,27797,27925,27932,27952,28086,28272,28278,28331,28369
Measurement id = 34438340 To popcluster66.atlas.winet.dcc.ufmg.br  created -> start :2021-12-12 18:56 estimation of stop:2021-12-13 03:16-> 26518,26634,26722,26758,26823,27102,27289,27323,27360,27668,27724,27797,27925,27932,27952,28086,28272,28278,28331,28369
Measurement id = 34438343 To popcluster67.atlas.winet.dcc.ufmg.br  created -> start :2021-12-12 18:56 estimation of stop:2021-12-13 03:16-> 26518,26634,26722,26758,26823,27102,27289,27323,27360,27668,27724,27797,27925,27932,27952,28086,28272,28278,28331,28369
Measurement id = 34438346 To popcluster68.atlas.winet.dcc.ufmg.br  created -> start :2021-12-12 18:56 estimation of stop:2021-12-13 03:16-> 26518,26634,26722,26758,26823,27102,27289,27323,27360,27668,27724,27797,27925,27932,27952,28086,28272,28278,28331,28369
Measurement id = 34438349 To popcluster69.atlas.winet.dcc.ufmg.br  created -> start :2021-12-12 18:56 estimation of stop:2021-12-13 03:16-> 26518,26634,26722,26758,26823,27102,27289,27323,27360,27668,27724,27797,27925,27932,27952,28086,28272,28278,28331,28369
Measurement id = 34438352 To popcluster70.atlas.winet.dcc.ufmg.br  created -> start :2021-12-12 18:56 estimation of stop:2021-12-13 03:16-> 26518,26634,26722,26758,26823,27102,27289,27323,27360,27668,27724,27797,27925,27932,27952,28086,28272,28278,28331,28369
Measurement id = 34438355 To popcluster71.atlas.winet.dcc.ufmg.br  created -> start :2021-12-12 18:56 estimation of stop:2021-12-13 03:16-> 26518,26634,26722,26758,26823,27102,27289,27323,27360,27668,27724,27797,27925,27932,27952,28086,28272,28278,28331,28369
Measurement id = 34438358 To popcluster72.atlas.winet.dcc.ufmg.br  created -> start :2021-12-12 18:56 estimation of stop:2021-12-13 03:16-> 26518,26634,26722,26758,26823,27102,27289,27323,27360,27668,27724,27797,27925,27932,27952,28086,28272,28278,28331,28369
Measurement id = 34438360 To popcluster73.atlas.winet.dcc.ufmg.br  created -> start :2021-12-12 18:56 estimation of stop:2021-12-13 03:16-> 26518,26634,26722,26758,26823,27102,27289,27323,27360,27668,27724,27797,27925,27932,27952,28086,28272,28278,28331,28369
Measurement id = 34438363 To popcluster74.atlas.winet.dcc.ufmg.br  created -> start :2021-12-12 18:56 estimation of stop:2021-12-13 03:16-> 26518,26634,26722,26758,26823,27102,27289,27323,27360,27668,27724,27797,27925,27932,27952,28086,28272,28278,28331,28369
Measurement id = 34438365 To popcluster75.atlas.winet.dcc.ufmg.br  created -> start :2021-12-12 18:56 estimation of stop:2021-12-13 03:16-> 26518,26634,26722,26758,26823,27102,27289,27323,27360,27668,27724,27797,27925,27932,27952,28086,28272,28278,28331,28369
Measurement id = 34438369 To popcluster76.atlas.winet.dcc.ufmg.br  created -> start :2021-12-12 18:56 estimation of stop:2021-12-13 03:16-> 26518,26634,26722,26758,26823,27102,27289,27323,27360,27668,27724,27797,27925,27932,27952,28086,28272,28278,28331,28369
Measurement id = 34438371 To popcluster77.atlas.winet.dcc.ufmg.br  created -> start :2021-12-12 18:56 estimation of stop:2021-12-13 03:16-> 26518,26634,26722,26758,26823,27102,27289,27323,27360,27668,27724,27797,27925,27932,27952,28086,28272,28278,28331,28369
Measurement id = 34438374 To popcluster78.atlas.winet.dcc.ufmg.br  created -> start :2021-12-12 18:56 estimation of stop:2021-12-13 03:16-> 26518,26634,26722,26758,26823,27102,27289,27323,27360,27668,27724,27797,27925,27932,27952,28086,28272,28278,28331,28369
Measurement id = 34438376 To popcluster79.atlas.winet.dcc.ufmg.br  created -> start :2021-12-12 18:56 estimation of stop:2021-12-13 03:16-> 26518,26634,26722,26758,26823,27102,27289,27323,27360,27668,27724,27797,27925,27932,27952,28086,28272,28278,28331,28369
Measurement id = 34438379 To popcluster80.atlas.winet.dcc.ufmg.br  created -> start :2021-12-12 18:56 estimation of stop:2021-12-13 03:16-> 26518,26634,26722,26758,26823,27102,27289,27323,27360,27668,27724,27797,27925,27932,27952,28086,28272,28278,28331,28369
Measurement id = 34438382 To popcluster81.atlas.winet.dcc.ufmg.br  created -> start :2021-12-12 18:56 estimation of stop:2021-12-13 03:16-> 26518,26634,26722,26758,26823,27102,27289,27323,27360,27668,27724,27797,27925,27932,27952,28086,28272,28278,28331,28369
Measurement id = 34438386 To popcluster82.atlas.winet.dcc.ufmg.br  created -> start :2021-12-12 18:56 estimation of stop:2021-12-13 03:16-> 26518,26634,26722,26758,26823,27102,27289,27323,27360,27668,27724,27797,27925,27932,27952,28086,28272,28278,28331,28369
Measurement id = 34438391 To popcluster83.atlas.winet.dcc.ufmg.br  created -> start :2021-12-12 18:56 estimation of stop:2021-12-13 03:16-> 26518,26634,26722,26758,26823,27102,27289,27323,27360,27668,27724,27797,27925,27932,27952,28086,28272,28278,28331,28369
Measurement id = 34438393 To popcluster84.atlas.winet.dcc.ufmg.br  created -> start :2021-12-12 18:56 estimation of stop:2021-12-13 03:16-> 26518,26634,26722,26758,26823,27102,27289,27323,27360,27668,27724,27797,27925,27932,27952,28086,28272,28278,28331,28369
Measurement id = 34438395 To popcluster85.atlas.winet.dcc.ufmg.br  created -> start :2021-12-12 18:56 estimation of stop:2021-12-13 03:16-> 26518,26634,26722,26758,26823,27102,27289,27323,27360,27668,27724,27797,27925,27932,27952,28086,28272,28278,28331,28369
Measurement id = 34438398 To popcluster86.atlas.winet.dcc.ufmg.br  created -> start :2021-12-12 18:56 estimation of stop:2021-12-13 03:16-> 26518,26634,26722,26758,26823,27102,27289,27323,27360,27668,27724,27797,27925,27932,27952,28086,28272,28278,28331,28369
Measurement id = 34438400 To popcluster87.atlas.winet.dcc.ufmg.br  created -> start :2021-12-12 18:56 estimation of stop:2021-12-13 03:16-> 26518,26634,26722,26758,26823,27102,27289,27323,27360,27668,27724,27797,27925,27932,27952,28086,28272,28278,28331,28369
Measurement id = 34438403 To popcluster88.atlas.winet.dcc.ufmg.br  created -> start :2021-12-12 18:56 estimation of stop:2021-12-13 03:16-> 26518,26634,26722,26758,26823,27102,27289,27323,27360,27668,27724,27797,27925,27932,27952,28086,28272,28278,28331,28369
Measurement id = 34438405 To popcluster89.atlas.winet.dcc.ufmg.br  created -> start :2021-12-12 18:56 estimation of stop:2021-12-13 03:16-> 26518,26634,26722,26758,26823,27102,27289,27323,27360,27668,27724,27797,27925,27932,27952,28086,28272,28278,28331,28369
Measurement id = 34438407 To popcluster90.atlas.winet.dcc.ufmg.br  created -> start :2021-12-12 18:56 estimation of stop:2021-12-13 03:16-> 26518,26634,26722,26758,26823,27102,27289,27323,27360,27668,27724,27797,27925,27932,27952,28086,28272,28278,28331,28369
Measurement id = 34438410 To popcluster91.atlas.winet.dcc.ufmg.br  created -> start :2021-12-12 18:56 estimation of stop:2021-12-13 03:16-> 26518,26634,26722,26758,26823,27102,27289,27323,27360,27668,27724,27797,27925,27932,27952,28086,28272,28278,28331,28369
Measurement id = 34438413 To popcluster92.atlas.winet.dcc.ufmg.br  created -> start :2021-12-12 18:56 estimation of stop:2021-12-13 03:16-> 26518,26634,26722,26758,26823,27102,27289,27323,27360,27668,27724,27797,27925,27932,27952,28086,28272,28278,28331,28369
Measurement id = 34438415 To popcluster93.atlas.winet.dcc.ufmg.br  created -> start :2021-12-12 18:56 estimation of stop:2021-12-13 03:16-> 26518,26634,26722,26758,26823,27102,27289,27323,27360,27668,27724,27797,27925,27932,27952,28086,28272,28278,28331,28369
Measurement id = 34438418 To popcluster94.atlas.winet.dcc.ufmg.br  created -> start :2021-12-12 18:56 estimation of stop:2021-12-13 03:16-> 26518,26634,26722,26758,26823,27102,27289,27323,27360,27668,27724,27797,27925,27932,27952,28086,28272,28278,28331,28369
Measurement id = 34438421 To popcluster95.atlas.winet.dcc.ufmg.br  created -> start :2021-12-12 18:56 estimation of stop:2021-12-13 03:16-> 26518,26634,26722,26758,26823,27102,27289,27323,27360,27668,27724,27797,27925,27932,27952,28086,28272,28278,28331,28369
Measurement id = 34438424 To popcluster96.atlas.winet.dcc.ufmg.br  created -> start :2021-12-12 18:56 estimation of stop:2021-12-13 03:16-> 26518,26634,26722,26758,26823,27102,27289,27323,27360,27668,27724,27797,27925,27932,27952,28086,28272,28278,28331,28369
Measurement id = 34438426 To popcluster97.atlas.winet.dcc.ufmg.br  created -> start :2021-12-12 18:56 estimation of stop:2021-12-13 03:16-> 26518,26634,26722,26758,26823,27102,27289,27323,27360,27668,27724,27797,27925,27932,27952,28086,28272,28278,28331,28369
Measurement id = 34438428 To popcluster98.atlas.winet.dcc.ufmg.br  created -> start :2021-12-12 18:56 estimation of stop:2021-12-13 03:16-> 26518,26634,26722,26758,26823,27102,27289,27323,27360,27668,27724,27797,27925,27932,27952,28086,28272,28278,28331,28369
Measurement id = 34438430 To popcluster99.atlas.winet.dcc.ufmg.br  created -> start :2021-12-12 18:56 estimation of stop:2021-12-13 03:16-> 26518,26634,26722,26758,26823,27102,27289,27323,27360,27668,27724,27797,27925,27932,27952,28086,28272,28278,28331,28369
Measurement id = 34438433 To popcluster100.atlas.winet.dcc.ufmg.br  created -> start :2021-12-12 18:56 estimation of stop:2021-12-13 03:16-> 26518,26634,26722,26758,26823,27102,27289,27323,27360,27668,27724,27797,27925,27932,27952,28086,28272,28278,28331,28369
