Measurement id = 34191611 To popcluster1.atlas.winet.dcc.ufmg.br  created -> start :2021-11-30 12:45 estimation of stop:2021-11-30 21:05-> 17654,17689,17739,17796,17797,17825,17833,17918,18054,18062,18321,18355,18366,18387,18396,18433,18438,18494,18540,18570
Measurement id = 34191612 To popcluster2.atlas.winet.dcc.ufmg.br  created -> start :2021-11-30 12:45 estimation of stop:2021-11-30 21:05-> 17654,17689,17739,17796,17797,17825,17833,17918,18054,18062,18321,18355,18366,18387,18396,18433,18438,18494,18540,18570
Measurement id = 34191614 To popcluster3.atlas.winet.dcc.ufmg.br  created -> start :2021-11-30 12:45 estimation of stop:2021-11-30 21:05-> 17654,17689,17739,17796,17797,17825,17833,17918,18054,18062,18321,18355,18366,18387,18396,18433,18438,18494,18540,18570
Measurement id = 34191615 To popcluster4.atlas.winet.dcc.ufmg.br  created -> start :2021-11-30 12:45 estimation of stop:2021-11-30 21:05-> 17654,17689,17739,17796,17797,17825,17833,17918,18054,18062,18321,18355,18366,18387,18396,18433,18438,18494,18540,18570
Measurement id = 34191616 To popcluster5.atlas.winet.dcc.ufmg.br  created -> start :2021-11-30 12:45 estimation of stop:2021-11-30 21:05-> 17654,17689,17739,17796,17797,17825,17833,17918,18054,18062,18321,18355,18366,18387,18396,18433,18438,18494,18540,18570
Measurement id = 34191617 To popcluster6.atlas.winet.dcc.ufmg.br  created -> start :2021-11-30 12:45 estimation of stop:2021-11-30 21:05-> 17654,17689,17739,17796,17797,17825,17833,17918,18054,18062,18321,18355,18366,18387,18396,18433,18438,18494,18540,18570
Measurement id = 34191618 To popcluster7.atlas.winet.dcc.ufmg.br  created -> start :2021-11-30 12:45 estimation of stop:2021-11-30 21:05-> 17654,17689,17739,17796,17797,17825,17833,17918,18054,18062,18321,18355,18366,18387,18396,18433,18438,18494,18540,18570
Measurement id = 34191619 To popcluster8.atlas.winet.dcc.ufmg.br  created -> start :2021-11-30 12:45 estimation of stop:2021-11-30 21:05-> 17654,17689,17739,17796,17797,17825,17833,17918,18054,18062,18321,18355,18366,18387,18396,18433,18438,18494,18540,18570
Measurement id = 34191620 To popcluster9.atlas.winet.dcc.ufmg.br  created -> start :2021-11-30 12:45 estimation of stop:2021-11-30 21:05-> 17654,17689,17739,17796,17797,17825,17833,17918,18054,18062,18321,18355,18366,18387,18396,18433,18438,18494,18540,18570
Measurement id = 34191621 To popcluster10.atlas.winet.dcc.ufmg.br  created -> start :2021-11-30 12:45 estimation of stop:2021-11-30 21:05-> 17654,17689,17739,17796,17797,17825,17833,17918,18054,18062,18321,18355,18366,18387,18396,18433,18438,18494,18540,18570
Measurement id = 34191622 To popcluster11.atlas.winet.dcc.ufmg.br  created -> start :2021-11-30 12:45 estimation of stop:2021-11-30 21:05-> 17654,17689,17739,17796,17797,17825,17833,17918,18054,18062,18321,18355,18366,18387,18396,18433,18438,18494,18540,18570
Measurement id = 34191623 To popcluster12.atlas.winet.dcc.ufmg.br  created -> start :2021-11-30 12:45 estimation of stop:2021-11-30 21:05-> 17654,17689,17739,17796,17797,17825,17833,17918,18054,18062,18321,18355,18366,18387,18396,18433,18438,18494,18540,18570
Measurement id = 34191624 To popcluster13.atlas.winet.dcc.ufmg.br  created -> start :2021-11-30 12:45 estimation of stop:2021-11-30 21:05-> 17654,17689,17739,17796,17797,17825,17833,17918,18054,18062,18321,18355,18366,18387,18396,18433,18438,18494,18540,18570
Measurement id = 34191625 To popcluster14.atlas.winet.dcc.ufmg.br  created -> start :2021-11-30 12:45 estimation of stop:2021-11-30 21:05-> 17654,17689,17739,17796,17797,17825,17833,17918,18054,18062,18321,18355,18366,18387,18396,18433,18438,18494,18540,18570
Measurement id = 34191626 To popcluster15.atlas.winet.dcc.ufmg.br  created -> start :2021-11-30 12:45 estimation of stop:2021-11-30 21:05-> 17654,17689,17739,17796,17797,17825,17833,17918,18054,18062,18321,18355,18366,18387,18396,18433,18438,18494,18540,18570
Measurement id = 34191627 To popcluster16.atlas.winet.dcc.ufmg.br  created -> start :2021-11-30 12:45 estimation of stop:2021-11-30 21:05-> 17654,17689,17739,17796,17797,17825,17833,17918,18054,18062,18321,18355,18366,18387,18396,18433,18438,18494,18540,18570
Measurement id = 34191628 To popcluster17.atlas.winet.dcc.ufmg.br  created -> start :2021-11-30 12:45 estimation of stop:2021-11-30 21:05-> 17654,17689,17739,17796,17797,17825,17833,17918,18054,18062,18321,18355,18366,18387,18396,18433,18438,18494,18540,18570
Measurement id = 34191629 To popcluster18.atlas.winet.dcc.ufmg.br  created -> start :2021-11-30 12:45 estimation of stop:2021-11-30 21:05-> 17654,17689,17739,17796,17797,17825,17833,17918,18054,18062,18321,18355,18366,18387,18396,18433,18438,18494,18540,18570
Measurement id = 34191630 To popcluster19.atlas.winet.dcc.ufmg.br  created -> start :2021-11-30 12:45 estimation of stop:2021-11-30 21:05-> 17654,17689,17739,17796,17797,17825,17833,17918,18054,18062,18321,18355,18366,18387,18396,18433,18438,18494,18540,18570
Measurement id = 34191631 To popcluster20.atlas.winet.dcc.ufmg.br  created -> start :2021-11-30 12:45 estimation of stop:2021-11-30 21:05-> 17654,17689,17739,17796,17797,17825,17833,17918,18054,18062,18321,18355,18366,18387,18396,18433,18438,18494,18540,18570
Measurement id = 34191632 To popcluster21.atlas.winet.dcc.ufmg.br  created -> start :2021-11-30 12:45 estimation of stop:2021-11-30 21:05-> 17654,17689,17739,17796,17797,17825,17833,17918,18054,18062,18321,18355,18366,18387,18396,18433,18438,18494,18540,18570
Measurement id = 34191633 To popcluster22.atlas.winet.dcc.ufmg.br  created -> start :2021-11-30 12:45 estimation of stop:2021-11-30 21:05-> 17654,17689,17739,17796,17797,17825,17833,17918,18054,18062,18321,18355,18366,18387,18396,18433,18438,18494,18540,18570
Measurement id = 34191634 To popcluster23.atlas.winet.dcc.ufmg.br  created -> start :2021-11-30 12:45 estimation of stop:2021-11-30 21:05-> 17654,17689,17739,17796,17797,17825,17833,17918,18054,18062,18321,18355,18366,18387,18396,18433,18438,18494,18540,18570
Measurement id = 34191639 To popcluster24.atlas.winet.dcc.ufmg.br  created -> start :2021-11-30 12:45 estimation of stop:2021-11-30 21:05-> 17654,17689,17739,17796,17797,17825,17833,17918,18054,18062,18321,18355,18366,18387,18396,18433,18438,18494,18540,18570
Measurement id = 34191645 To popcluster25.atlas.winet.dcc.ufmg.br  created -> start :2021-11-30 12:45 estimation of stop:2021-11-30 21:05-> 17654,17689,17739,17796,17797,17825,17833,17918,18054,18062,18321,18355,18366,18387,18396,18433,18438,18494,18540,18570
Measurement id = 34191649 To popcluster26.atlas.winet.dcc.ufmg.br  created -> start :2021-11-30 12:45 estimation of stop:2021-11-30 21:05-> 17654,17689,17739,17796,17797,17825,17833,17918,18054,18062,18321,18355,18366,18387,18396,18433,18438,18494,18540,18570
Measurement id = 34191651 To popcluster27.atlas.winet.dcc.ufmg.br  created -> start :2021-11-30 12:45 estimation of stop:2021-11-30 21:05-> 17654,17689,17739,17796,17797,17825,17833,17918,18054,18062,18321,18355,18366,18387,18396,18433,18438,18494,18540,18570
Measurement id = 34191655 To popcluster28.atlas.winet.dcc.ufmg.br  created -> start :2021-11-30 12:45 estimation of stop:2021-11-30 21:05-> 17654,17689,17739,17796,17797,17825,17833,17918,18054,18062,18321,18355,18366,18387,18396,18433,18438,18494,18540,18570
Measurement id = 34191659 To popcluster29.atlas.winet.dcc.ufmg.br  created -> start :2021-11-30 12:45 estimation of stop:2021-11-30 21:05-> 17654,17689,17739,17796,17797,17825,17833,17918,18054,18062,18321,18355,18366,18387,18396,18433,18438,18494,18540,18570
Measurement id = 34191665 To popcluster30.atlas.winet.dcc.ufmg.br  created -> start :2021-11-30 12:45 estimation of stop:2021-11-30 21:05-> 17654,17689,17739,17796,17797,17825,17833,17918,18054,18062,18321,18355,18366,18387,18396,18433,18438,18494,18540,18570
Measurement id = 34191670 To popcluster31.atlas.winet.dcc.ufmg.br  created -> start :2021-11-30 12:45 estimation of stop:2021-11-30 21:05-> 17654,17689,17739,17796,17797,17825,17833,17918,18054,18062,18321,18355,18366,18387,18396,18433,18438,18494,18540,18570
Measurement id = 34191673 To popcluster32.atlas.winet.dcc.ufmg.br  created -> start :2021-11-30 12:45 estimation of stop:2021-11-30 21:05-> 17654,17689,17739,17796,17797,17825,17833,17918,18054,18062,18321,18355,18366,18387,18396,18433,18438,18494,18540,18570
Measurement id = 34191682 To popcluster33.atlas.winet.dcc.ufmg.br  created -> start :2021-11-30 12:45 estimation of stop:2021-11-30 21:05-> 17654,17689,17739,17796,17797,17825,17833,17918,18054,18062,18321,18355,18366,18387,18396,18433,18438,18494,18540,18570
Measurement id = 34191687 To popcluster34.atlas.winet.dcc.ufmg.br  created -> start :2021-11-30 12:45 estimation of stop:2021-11-30 21:05-> 17654,17689,17739,17796,17797,17825,17833,17918,18054,18062,18321,18355,18366,18387,18396,18433,18438,18494,18540,18570
Measurement id = 34191689 To popcluster35.atlas.winet.dcc.ufmg.br  created -> start :2021-11-30 12:45 estimation of stop:2021-11-30 21:05-> 17654,17689,17739,17796,17797,17825,17833,17918,18054,18062,18321,18355,18366,18387,18396,18433,18438,18494,18540,18570
Measurement id = 34191690 To popcluster36.atlas.winet.dcc.ufmg.br  created -> start :2021-11-30 12:45 estimation of stop:2021-11-30 21:05-> 17654,17689,17739,17796,17797,17825,17833,17918,18054,18062,18321,18355,18366,18387,18396,18433,18438,18494,18540,18570
Measurement id = 34191691 To popcluster37.atlas.winet.dcc.ufmg.br  created -> start :2021-11-30 12:45 estimation of stop:2021-11-30 21:05-> 17654,17689,17739,17796,17797,17825,17833,17918,18054,18062,18321,18355,18366,18387,18396,18433,18438,18494,18540,18570
Measurement id = 34191692 To popcluster38.atlas.winet.dcc.ufmg.br  created -> start :2021-11-30 12:45 estimation of stop:2021-11-30 21:05-> 17654,17689,17739,17796,17797,17825,17833,17918,18054,18062,18321,18355,18366,18387,18396,18433,18438,18494,18540,18570
Measurement id = 34191694 To popcluster39.atlas.winet.dcc.ufmg.br  created -> start :2021-11-30 12:45 estimation of stop:2021-11-30 21:05-> 17654,17689,17739,17796,17797,17825,17833,17918,18054,18062,18321,18355,18366,18387,18396,18433,18438,18494,18540,18570
Measurement id = 34191695 To popcluster40.atlas.winet.dcc.ufmg.br  created -> start :2021-11-30 12:45 estimation of stop:2021-11-30 21:05-> 17654,17689,17739,17796,17797,17825,17833,17918,18054,18062,18321,18355,18366,18387,18396,18433,18438,18494,18540,18570
Measurement id = 34191696 To popcluster41.atlas.winet.dcc.ufmg.br  created -> start :2021-11-30 12:45 estimation of stop:2021-11-30 21:05-> 17654,17689,17739,17796,17797,17825,17833,17918,18054,18062,18321,18355,18366,18387,18396,18433,18438,18494,18540,18570
Measurement id = 34191697 To popcluster42.atlas.winet.dcc.ufmg.br  created -> start :2021-11-30 12:45 estimation of stop:2021-11-30 21:05-> 17654,17689,17739,17796,17797,17825,17833,17918,18054,18062,18321,18355,18366,18387,18396,18433,18438,18494,18540,18570
Measurement id = 34191700 To popcluster43.atlas.winet.dcc.ufmg.br  created -> start :2021-11-30 12:45 estimation of stop:2021-11-30 21:05-> 17654,17689,17739,17796,17797,17825,17833,17918,18054,18062,18321,18355,18366,18387,18396,18433,18438,18494,18540,18570
Measurement id = 34191703 To popcluster44.atlas.winet.dcc.ufmg.br  created -> start :2021-11-30 12:45 estimation of stop:2021-11-30 21:05-> 17654,17689,17739,17796,17797,17825,17833,17918,18054,18062,18321,18355,18366,18387,18396,18433,18438,18494,18540,18570
Measurement id = 34191712 To popcluster45.atlas.winet.dcc.ufmg.br  created -> start :2021-11-30 12:45 estimation of stop:2021-11-30 21:05-> 17654,17689,17739,17796,17797,17825,17833,17918,18054,18062,18321,18355,18366,18387,18396,18433,18438,18494,18540,18570
Measurement id = 34191718 To popcluster46.atlas.winet.dcc.ufmg.br  created -> start :2021-11-30 12:45 estimation of stop:2021-11-30 21:05-> 17654,17689,17739,17796,17797,17825,17833,17918,18054,18062,18321,18355,18366,18387,18396,18433,18438,18494,18540,18570
Measurement id = 34191727 To popcluster47.atlas.winet.dcc.ufmg.br  created -> start :2021-11-30 12:45 estimation of stop:2021-11-30 21:05-> 17654,17689,17739,17796,17797,17825,17833,17918,18054,18062,18321,18355,18366,18387,18396,18433,18438,18494,18540,18570
Measurement id = 34191732 To popcluster48.atlas.winet.dcc.ufmg.br  created -> start :2021-11-30 12:45 estimation of stop:2021-11-30 21:05-> 17654,17689,17739,17796,17797,17825,17833,17918,18054,18062,18321,18355,18366,18387,18396,18433,18438,18494,18540,18570
Measurement id = 34191733 To popcluster49.atlas.winet.dcc.ufmg.br  created -> start :2021-11-30 12:45 estimation of stop:2021-11-30 21:05-> 17654,17689,17739,17796,17797,17825,17833,17918,18054,18062,18321,18355,18366,18387,18396,18433,18438,18494,18540,18570
Measurement id = 34191734 To popcluster50.atlas.winet.dcc.ufmg.br  created -> start :2021-11-30 12:45 estimation of stop:2021-11-30 21:05-> 17654,17689,17739,17796,17797,17825,17833,17918,18054,18062,18321,18355,18366,18387,18396,18433,18438,18494,18540,18570
Measurement id = 34191735 To popcluster51.atlas.winet.dcc.ufmg.br  created -> start :2021-11-30 12:45 estimation of stop:2021-11-30 21:05-> 17654,17689,17739,17796,17797,17825,17833,17918,18054,18062,18321,18355,18366,18387,18396,18433,18438,18494,18540,18570
Measurement id = 34191736 To popcluster52.atlas.winet.dcc.ufmg.br  created -> start :2021-11-30 12:45 estimation of stop:2021-11-30 21:05-> 17654,17689,17739,17796,17797,17825,17833,17918,18054,18062,18321,18355,18366,18387,18396,18433,18438,18494,18540,18570
Measurement id = 34191737 To popcluster53.atlas.winet.dcc.ufmg.br  created -> start :2021-11-30 12:45 estimation of stop:2021-11-30 21:05-> 17654,17689,17739,17796,17797,17825,17833,17918,18054,18062,18321,18355,18366,18387,18396,18433,18438,18494,18540,18570
Measurement id = 34191738 To popcluster54.atlas.winet.dcc.ufmg.br  created -> start :2021-11-30 12:45 estimation of stop:2021-11-30 21:05-> 17654,17689,17739,17796,17797,17825,17833,17918,18054,18062,18321,18355,18366,18387,18396,18433,18438,18494,18540,18570
Measurement id = 34191739 To popcluster55.atlas.winet.dcc.ufmg.br  created -> start :2021-11-30 12:45 estimation of stop:2021-11-30 21:05-> 17654,17689,17739,17796,17797,17825,17833,17918,18054,18062,18321,18355,18366,18387,18396,18433,18438,18494,18540,18570
Measurement id = 34191740 To popcluster56.atlas.winet.dcc.ufmg.br  created -> start :2021-11-30 12:45 estimation of stop:2021-11-30 21:05-> 17654,17689,17739,17796,17797,17825,17833,17918,18054,18062,18321,18355,18366,18387,18396,18433,18438,18494,18540,18570
Measurement id = 34191741 To popcluster57.atlas.winet.dcc.ufmg.br  created -> start :2021-11-30 12:45 estimation of stop:2021-11-30 21:05-> 17654,17689,17739,17796,17797,17825,17833,17918,18054,18062,18321,18355,18366,18387,18396,18433,18438,18494,18540,18570
Measurement id = 34191744 To popcluster58.atlas.winet.dcc.ufmg.br  created -> start :2021-11-30 12:45 estimation of stop:2021-11-30 21:05-> 17654,17689,17739,17796,17797,17825,17833,17918,18054,18062,18321,18355,18366,18387,18396,18433,18438,18494,18540,18570
Measurement id = 34191755 To popcluster59.atlas.winet.dcc.ufmg.br  created -> start :2021-11-30 12:45 estimation of stop:2021-11-30 21:05-> 17654,17689,17739,17796,17797,17825,17833,17918,18054,18062,18321,18355,18366,18387,18396,18433,18438,18494,18540,18570
Measurement id = 34191758 To popcluster60.atlas.winet.dcc.ufmg.br  created -> start :2021-11-30 12:45 estimation of stop:2021-11-30 21:05-> 17654,17689,17739,17796,17797,17825,17833,17918,18054,18062,18321,18355,18366,18387,18396,18433,18438,18494,18540,18570
Measurement id = 34191762 To popcluster61.atlas.winet.dcc.ufmg.br  created -> start :2021-11-30 12:45 estimation of stop:2021-11-30 21:05-> 17654,17689,17739,17796,17797,17825,17833,17918,18054,18062,18321,18355,18366,18387,18396,18433,18438,18494,18540,18570
Measurement id = 34191770 To popcluster62.atlas.winet.dcc.ufmg.br  created -> start :2021-11-30 12:45 estimation of stop:2021-11-30 21:05-> 17654,17689,17739,17796,17797,17825,17833,17918,18054,18062,18321,18355,18366,18387,18396,18433,18438,18494,18540,18570
Measurement id = 34191772 To popcluster63.atlas.winet.dcc.ufmg.br  created -> start :2021-11-30 12:45 estimation of stop:2021-11-30 21:05-> 17654,17689,17739,17796,17797,17825,17833,17918,18054,18062,18321,18355,18366,18387,18396,18433,18438,18494,18540,18570
Measurement id = 34191773 To popcluster64.atlas.winet.dcc.ufmg.br  created -> start :2021-11-30 12:45 estimation of stop:2021-11-30 21:05-> 17654,17689,17739,17796,17797,17825,17833,17918,18054,18062,18321,18355,18366,18387,18396,18433,18438,18494,18540,18570
Measurement id = 34191774 To popcluster65.atlas.winet.dcc.ufmg.br  created -> start :2021-11-30 12:45 estimation of stop:2021-11-30 21:05-> 17654,17689,17739,17796,17797,17825,17833,17918,18054,18062,18321,18355,18366,18387,18396,18433,18438,18494,18540,18570
Measurement id = 34191775 To popcluster66.atlas.winet.dcc.ufmg.br  created -> start :2021-11-30 12:45 estimation of stop:2021-11-30 21:05-> 17654,17689,17739,17796,17797,17825,17833,17918,18054,18062,18321,18355,18366,18387,18396,18433,18438,18494,18540,18570
Measurement id = 34191776 To popcluster67.atlas.winet.dcc.ufmg.br  created -> start :2021-11-30 12:45 estimation of stop:2021-11-30 21:05-> 17654,17689,17739,17796,17797,17825,17833,17918,18054,18062,18321,18355,18366,18387,18396,18433,18438,18494,18540,18570
Measurement id = 34191777 To popcluster68.atlas.winet.dcc.ufmg.br  created -> start :2021-11-30 12:45 estimation of stop:2021-11-30 21:05-> 17654,17689,17739,17796,17797,17825,17833,17918,18054,18062,18321,18355,18366,18387,18396,18433,18438,18494,18540,18570
Measurement id = 34191778 To popcluster69.atlas.winet.dcc.ufmg.br  created -> start :2021-11-30 12:45 estimation of stop:2021-11-30 21:05-> 17654,17689,17739,17796,17797,17825,17833,17918,18054,18062,18321,18355,18366,18387,18396,18433,18438,18494,18540,18570
Measurement id = 34191779 To popcluster70.atlas.winet.dcc.ufmg.br  created -> start :2021-11-30 12:45 estimation of stop:2021-11-30 21:05-> 17654,17689,17739,17796,17797,17825,17833,17918,18054,18062,18321,18355,18366,18387,18396,18433,18438,18494,18540,18570
Measurement id = 34191781 To popcluster71.atlas.winet.dcc.ufmg.br  created -> start :2021-11-30 12:45 estimation of stop:2021-11-30 21:05-> 17654,17689,17739,17796,17797,17825,17833,17918,18054,18062,18321,18355,18366,18387,18396,18433,18438,18494,18540,18570
Measurement id = 34191784 To popcluster72.atlas.winet.dcc.ufmg.br  created -> start :2021-11-30 12:45 estimation of stop:2021-11-30 21:05-> 17654,17689,17739,17796,17797,17825,17833,17918,18054,18062,18321,18355,18366,18387,18396,18433,18438,18494,18540,18570
Measurement id = 34191785 To popcluster73.atlas.winet.dcc.ufmg.br  created -> start :2021-11-30 12:45 estimation of stop:2021-11-30 21:05-> 17654,17689,17739,17796,17797,17825,17833,17918,18054,18062,18321,18355,18366,18387,18396,18433,18438,18494,18540,18570
Measurement id = 34191790 To popcluster74.atlas.winet.dcc.ufmg.br  created -> start :2021-11-30 12:45 estimation of stop:2021-11-30 21:05-> 17654,17689,17739,17796,17797,17825,17833,17918,18054,18062,18321,18355,18366,18387,18396,18433,18438,18494,18540,18570
Measurement id = 34191800 To popcluster75.atlas.winet.dcc.ufmg.br  created -> start :2021-11-30 12:45 estimation of stop:2021-11-30 21:05-> 17654,17689,17739,17796,17797,17825,17833,17918,18054,18062,18321,18355,18366,18387,18396,18433,18438,18494,18540,18570
Measurement id = 34191805 To popcluster76.atlas.winet.dcc.ufmg.br  created -> start :2021-11-30 12:45 estimation of stop:2021-11-30 21:05-> 17654,17689,17739,17796,17797,17825,17833,17918,18054,18062,18321,18355,18366,18387,18396,18433,18438,18494,18540,18570
Measurement id = 34191813 To popcluster77.atlas.winet.dcc.ufmg.br  created -> start :2021-11-30 12:45 estimation of stop:2021-11-30 21:05-> 17654,17689,17739,17796,17797,17825,17833,17918,18054,18062,18321,18355,18366,18387,18396,18433,18438,18494,18540,18570
Measurement id = 34191818 To popcluster78.atlas.winet.dcc.ufmg.br  created -> start :2021-11-30 12:45 estimation of stop:2021-11-30 21:05-> 17654,17689,17739,17796,17797,17825,17833,17918,18054,18062,18321,18355,18366,18387,18396,18433,18438,18494,18540,18570
Measurement id = 34191819 To popcluster79.atlas.winet.dcc.ufmg.br  created -> start :2021-11-30 12:45 estimation of stop:2021-11-30 21:05-> 17654,17689,17739,17796,17797,17825,17833,17918,18054,18062,18321,18355,18366,18387,18396,18433,18438,18494,18540,18570
Measurement id = 34191828 To popcluster80.atlas.winet.dcc.ufmg.br  created -> start :2021-11-30 12:45 estimation of stop:2021-11-30 21:05-> 17654,17689,17739,17796,17797,17825,17833,17918,18054,18062,18321,18355,18366,18387,18396,18433,18438,18494,18540,18570
Measurement id = 34191834 To popcluster81.atlas.winet.dcc.ufmg.br  created -> start :2021-11-30 12:45 estimation of stop:2021-11-30 21:05-> 17654,17689,17739,17796,17797,17825,17833,17918,18054,18062,18321,18355,18366,18387,18396,18433,18438,18494,18540,18570
Measurement id = 34191836 To popcluster82.atlas.winet.dcc.ufmg.br  created -> start :2021-11-30 12:45 estimation of stop:2021-11-30 21:05-> 17654,17689,17739,17796,17797,17825,17833,17918,18054,18062,18321,18355,18366,18387,18396,18433,18438,18494,18540,18570
Measurement id = 34191838 To popcluster83.atlas.winet.dcc.ufmg.br  created -> start :2021-11-30 12:45 estimation of stop:2021-11-30 21:05-> 17654,17689,17739,17796,17797,17825,17833,17918,18054,18062,18321,18355,18366,18387,18396,18433,18438,18494,18540,18570
Measurement id = 34191845 To popcluster84.atlas.winet.dcc.ufmg.br  created -> start :2021-11-30 12:45 estimation of stop:2021-11-30 21:05-> 17654,17689,17739,17796,17797,17825,17833,17918,18054,18062,18321,18355,18366,18387,18396,18433,18438,18494,18540,18570
Measurement id = 34191846 To popcluster85.atlas.winet.dcc.ufmg.br  created -> start :2021-11-30 12:45 estimation of stop:2021-11-30 21:05-> 17654,17689,17739,17796,17797,17825,17833,17918,18054,18062,18321,18355,18366,18387,18396,18433,18438,18494,18540,18570
Measurement id = 34191847 To popcluster86.atlas.winet.dcc.ufmg.br  created -> start :2021-11-30 12:45 estimation of stop:2021-11-30 21:05-> 17654,17689,17739,17796,17797,17825,17833,17918,18054,18062,18321,18355,18366,18387,18396,18433,18438,18494,18540,18570
Measurement id = 34191848 To popcluster87.atlas.winet.dcc.ufmg.br  created -> start :2021-11-30 12:45 estimation of stop:2021-11-30 21:05-> 17654,17689,17739,17796,17797,17825,17833,17918,18054,18062,18321,18355,18366,18387,18396,18433,18438,18494,18540,18570
Measurement id = 34191849 To popcluster88.atlas.winet.dcc.ufmg.br  created -> start :2021-11-30 12:45 estimation of stop:2021-11-30 21:05-> 17654,17689,17739,17796,17797,17825,17833,17918,18054,18062,18321,18355,18366,18387,18396,18433,18438,18494,18540,18570
Measurement id = 34191851 To popcluster89.atlas.winet.dcc.ufmg.br  created -> start :2021-11-30 12:45 estimation of stop:2021-11-30 21:05-> 17654,17689,17739,17796,17797,17825,17833,17918,18054,18062,18321,18355,18366,18387,18396,18433,18438,18494,18540,18570
Measurement id = 34191852 To popcluster90.atlas.winet.dcc.ufmg.br  created -> start :2021-11-30 12:45 estimation of stop:2021-11-30 21:05-> 17654,17689,17739,17796,17797,17825,17833,17918,18054,18062,18321,18355,18366,18387,18396,18433,18438,18494,18540,18570
Measurement id = 34191853 To popcluster91.atlas.winet.dcc.ufmg.br  created -> start :2021-11-30 12:45 estimation of stop:2021-11-30 21:05-> 17654,17689,17739,17796,17797,17825,17833,17918,18054,18062,18321,18355,18366,18387,18396,18433,18438,18494,18540,18570
Measurement id = 34191854 To popcluster92.atlas.winet.dcc.ufmg.br  created -> start :2021-11-30 12:45 estimation of stop:2021-11-30 21:05-> 17654,17689,17739,17796,17797,17825,17833,17918,18054,18062,18321,18355,18366,18387,18396,18433,18438,18494,18540,18570
Measurement id = 34191855 To popcluster93.atlas.winet.dcc.ufmg.br  created -> start :2021-11-30 12:45 estimation of stop:2021-11-30 21:05-> 17654,17689,17739,17796,17797,17825,17833,17918,18054,18062,18321,18355,18366,18387,18396,18433,18438,18494,18540,18570
Measurement id = 34191856 To popcluster94.atlas.winet.dcc.ufmg.br  created -> start :2021-11-30 12:45 estimation of stop:2021-11-30 21:05-> 17654,17689,17739,17796,17797,17825,17833,17918,18054,18062,18321,18355,18366,18387,18396,18433,18438,18494,18540,18570
Measurement id = 34191857 To popcluster95.atlas.winet.dcc.ufmg.br  created -> start :2021-11-30 12:45 estimation of stop:2021-11-30 21:05-> 17654,17689,17739,17796,17797,17825,17833,17918,18054,18062,18321,18355,18366,18387,18396,18433,18438,18494,18540,18570
Measurement id = 34191858 To popcluster96.atlas.winet.dcc.ufmg.br  created -> start :2021-11-30 12:45 estimation of stop:2021-11-30 21:05-> 17654,17689,17739,17796,17797,17825,17833,17918,18054,18062,18321,18355,18366,18387,18396,18433,18438,18494,18540,18570
Measurement id = 34191859 To popcluster97.atlas.winet.dcc.ufmg.br  created -> start :2021-11-30 12:45 estimation of stop:2021-11-30 21:05-> 17654,17689,17739,17796,17797,17825,17833,17918,18054,18062,18321,18355,18366,18387,18396,18433,18438,18494,18540,18570
Measurement id = 34191860 To popcluster98.atlas.winet.dcc.ufmg.br  created -> start :2021-11-30 12:45 estimation of stop:2021-11-30 21:05-> 17654,17689,17739,17796,17797,17825,17833,17918,18054,18062,18321,18355,18366,18387,18396,18433,18438,18494,18540,18570
Measurement id = 34191861 To popcluster99.atlas.winet.dcc.ufmg.br  created -> start :2021-11-30 12:45 estimation of stop:2021-11-30 21:05-> 17654,17689,17739,17796,17797,17825,17833,17918,18054,18062,18321,18355,18366,18387,18396,18433,18438,18494,18540,18570
Measurement id = 34191862 To popcluster100.atlas.winet.dcc.ufmg.br  created -> start :2021-11-30 12:45 estimation of stop:2021-11-30 21:05-> 17654,17689,17739,17796,17797,17825,17833,17918,18054,18062,18321,18355,18366,18387,18396,18433,18438,18494,18540,18570
