Measurement id = 33671072 To popcluster1.atlas.winet.dcc.ufmg.br  created -> start :2021-11-23 15:31 estimation of stop:2021-11-23 23:51-> 11794,11990,12007,12017,12049,12118,12185,12203,12279,12410,12558,12597,12601,12739,12771,12803,12857,12877,12904,12944
Measurement id = 33671073 To popcluster2.atlas.winet.dcc.ufmg.br  created -> start :2021-11-23 15:31 estimation of stop:2021-11-23 23:51-> 11794,11990,12007,12017,12049,12118,12185,12203,12279,12410,12558,12597,12601,12739,12771,12803,12857,12877,12904,12944
Measurement id = 33671074 To popcluster3.atlas.winet.dcc.ufmg.br  created -> start :2021-11-23 15:31 estimation of stop:2021-11-23 23:51-> 11794,11990,12007,12017,12049,12118,12185,12203,12279,12410,12558,12597,12601,12739,12771,12803,12857,12877,12904,12944
Measurement id = 33671075 To popcluster4.atlas.winet.dcc.ufmg.br  created -> start :2021-11-23 15:31 estimation of stop:2021-11-23 23:51-> 11794,11990,12007,12017,12049,12118,12185,12203,12279,12410,12558,12597,12601,12739,12771,12803,12857,12877,12904,12944
Measurement id = 33671076 To popcluster5.atlas.winet.dcc.ufmg.br  created -> start :2021-11-23 15:31 estimation of stop:2021-11-23 23:51-> 11794,11990,12007,12017,12049,12118,12185,12203,12279,12410,12558,12597,12601,12739,12771,12803,12857,12877,12904,12944
Measurement id = 33671078 To popcluster6.atlas.winet.dcc.ufmg.br  created -> start :2021-11-23 15:31 estimation of stop:2021-11-23 23:51-> 11794,11990,12007,12017,12049,12118,12185,12203,12279,12410,12558,12597,12601,12739,12771,12803,12857,12877,12904,12944
Measurement id = 33671079 To popcluster7.atlas.winet.dcc.ufmg.br  created -> start :2021-11-23 15:31 estimation of stop:2021-11-23 23:51-> 11794,11990,12007,12017,12049,12118,12185,12203,12279,12410,12558,12597,12601,12739,12771,12803,12857,12877,12904,12944
Measurement id = 33671080 To popcluster8.atlas.winet.dcc.ufmg.br  created -> start :2021-11-23 15:31 estimation of stop:2021-11-23 23:51-> 11794,11990,12007,12017,12049,12118,12185,12203,12279,12410,12558,12597,12601,12739,12771,12803,12857,12877,12904,12944
Measurement id = 33671081 To popcluster9.atlas.winet.dcc.ufmg.br  created -> start :2021-11-23 15:31 estimation of stop:2021-11-23 23:51-> 11794,11990,12007,12017,12049,12118,12185,12203,12279,12410,12558,12597,12601,12739,12771,12803,12857,12877,12904,12944
Measurement id = 33671082 To popcluster10.atlas.winet.dcc.ufmg.br  created -> start :2021-11-23 15:31 estimation of stop:2021-11-23 23:51-> 11794,11990,12007,12017,12049,12118,12185,12203,12279,12410,12558,12597,12601,12739,12771,12803,12857,12877,12904,12944
Measurement id = 33671083 To popcluster11.atlas.winet.dcc.ufmg.br  created -> start :2021-11-23 15:31 estimation of stop:2021-11-23 23:51-> 11794,11990,12007,12017,12049,12118,12185,12203,12279,12410,12558,12597,12601,12739,12771,12803,12857,12877,12904,12944
Measurement id = 33671084 To popcluster12.atlas.winet.dcc.ufmg.br  created -> start :2021-11-23 15:31 estimation of stop:2021-11-23 23:51-> 11794,11990,12007,12017,12049,12118,12185,12203,12279,12410,12558,12597,12601,12739,12771,12803,12857,12877,12904,12944
Measurement id = 33671086 To popcluster13.atlas.winet.dcc.ufmg.br  created -> start :2021-11-23 15:31 estimation of stop:2021-11-23 23:51-> 11794,11990,12007,12017,12049,12118,12185,12203,12279,12410,12558,12597,12601,12739,12771,12803,12857,12877,12904,12944
Measurement id = 33671088 To popcluster14.atlas.winet.dcc.ufmg.br  created -> start :2021-11-23 15:31 estimation of stop:2021-11-23 23:51-> 11794,11990,12007,12017,12049,12118,12185,12203,12279,12410,12558,12597,12601,12739,12771,12803,12857,12877,12904,12944
Measurement id = 33671093 To popcluster15.atlas.winet.dcc.ufmg.br  created -> start :2021-11-23 15:31 estimation of stop:2021-11-23 23:51-> 11794,11990,12007,12017,12049,12118,12185,12203,12279,12410,12558,12597,12601,12739,12771,12803,12857,12877,12904,12944
Measurement id = 33671094 To popcluster16.atlas.winet.dcc.ufmg.br  created -> start :2021-11-23 15:31 estimation of stop:2021-11-23 23:51-> 11794,11990,12007,12017,12049,12118,12185,12203,12279,12410,12558,12597,12601,12739,12771,12803,12857,12877,12904,12944
Measurement id = 33671096 To popcluster17.atlas.winet.dcc.ufmg.br  created -> start :2021-11-23 15:31 estimation of stop:2021-11-23 23:51-> 11794,11990,12007,12017,12049,12118,12185,12203,12279,12410,12558,12597,12601,12739,12771,12803,12857,12877,12904,12944
Measurement id = 33671097 To popcluster18.atlas.winet.dcc.ufmg.br  created -> start :2021-11-23 15:31 estimation of stop:2021-11-23 23:51-> 11794,11990,12007,12017,12049,12118,12185,12203,12279,12410,12558,12597,12601,12739,12771,12803,12857,12877,12904,12944
Measurement id = 33671098 To popcluster19.atlas.winet.dcc.ufmg.br  created -> start :2021-11-23 15:31 estimation of stop:2021-11-23 23:51-> 11794,11990,12007,12017,12049,12118,12185,12203,12279,12410,12558,12597,12601,12739,12771,12803,12857,12877,12904,12944
Measurement id = 33671100 To popcluster20.atlas.winet.dcc.ufmg.br  created -> start :2021-11-23 15:31 estimation of stop:2021-11-23 23:51-> 11794,11990,12007,12017,12049,12118,12185,12203,12279,12410,12558,12597,12601,12739,12771,12803,12857,12877,12904,12944
Measurement id = 33671101 To popcluster21.atlas.winet.dcc.ufmg.br  created -> start :2021-11-23 15:31 estimation of stop:2021-11-23 23:51-> 11794,11990,12007,12017,12049,12118,12185,12203,12279,12410,12558,12597,12601,12739,12771,12803,12857,12877,12904,12944
Measurement id = 33671102 To popcluster22.atlas.winet.dcc.ufmg.br  created -> start :2021-11-23 15:31 estimation of stop:2021-11-23 23:51-> 11794,11990,12007,12017,12049,12118,12185,12203,12279,12410,12558,12597,12601,12739,12771,12803,12857,12877,12904,12944
Measurement id = 33671103 To popcluster23.atlas.winet.dcc.ufmg.br  created -> start :2021-11-23 15:31 estimation of stop:2021-11-23 23:51-> 11794,11990,12007,12017,12049,12118,12185,12203,12279,12410,12558,12597,12601,12739,12771,12803,12857,12877,12904,12944
Measurement id = 33671104 To popcluster24.atlas.winet.dcc.ufmg.br  created -> start :2021-11-23 15:31 estimation of stop:2021-11-23 23:51-> 11794,11990,12007,12017,12049,12118,12185,12203,12279,12410,12558,12597,12601,12739,12771,12803,12857,12877,12904,12944
Measurement id = 33671105 To popcluster25.atlas.winet.dcc.ufmg.br  created -> start :2021-11-23 15:31 estimation of stop:2021-11-23 23:51-> 11794,11990,12007,12017,12049,12118,12185,12203,12279,12410,12558,12597,12601,12739,12771,12803,12857,12877,12904,12944
Measurement id = 33671106 To popcluster26.atlas.winet.dcc.ufmg.br  created -> start :2021-11-23 15:31 estimation of stop:2021-11-23 23:51-> 11794,11990,12007,12017,12049,12118,12185,12203,12279,12410,12558,12597,12601,12739,12771,12803,12857,12877,12904,12944
Measurement id = 33671108 To popcluster27.atlas.winet.dcc.ufmg.br  created -> start :2021-11-23 15:31 estimation of stop:2021-11-23 23:51-> 11794,11990,12007,12017,12049,12118,12185,12203,12279,12410,12558,12597,12601,12739,12771,12803,12857,12877,12904,12944
Measurement id = 33671109 To popcluster28.atlas.winet.dcc.ufmg.br  created -> start :2021-11-23 15:31 estimation of stop:2021-11-23 23:51-> 11794,11990,12007,12017,12049,12118,12185,12203,12279,12410,12558,12597,12601,12739,12771,12803,12857,12877,12904,12944
Measurement id = 33671110 To popcluster29.atlas.winet.dcc.ufmg.br  created -> start :2021-11-23 15:31 estimation of stop:2021-11-23 23:51-> 11794,11990,12007,12017,12049,12118,12185,12203,12279,12410,12558,12597,12601,12739,12771,12803,12857,12877,12904,12944
Measurement id = 33671111 To popcluster30.atlas.winet.dcc.ufmg.br  created -> start :2021-11-23 15:31 estimation of stop:2021-11-23 23:51-> 11794,11990,12007,12017,12049,12118,12185,12203,12279,12410,12558,12597,12601,12739,12771,12803,12857,12877,12904,12944
Measurement id = 33671112 To popcluster31.atlas.winet.dcc.ufmg.br  created -> start :2021-11-23 15:31 estimation of stop:2021-11-23 23:51-> 11794,11990,12007,12017,12049,12118,12185,12203,12279,12410,12558,12597,12601,12739,12771,12803,12857,12877,12904,12944
Measurement id = 33671113 To popcluster32.atlas.winet.dcc.ufmg.br  created -> start :2021-11-23 15:31 estimation of stop:2021-11-23 23:51-> 11794,11990,12007,12017,12049,12118,12185,12203,12279,12410,12558,12597,12601,12739,12771,12803,12857,12877,12904,12944
Measurement id = 33671115 To popcluster33.atlas.winet.dcc.ufmg.br  created -> start :2021-11-23 15:31 estimation of stop:2021-11-23 23:51-> 11794,11990,12007,12017,12049,12118,12185,12203,12279,12410,12558,12597,12601,12739,12771,12803,12857,12877,12904,12944
Measurement id = 33671116 To popcluster34.atlas.winet.dcc.ufmg.br  created -> start :2021-11-23 15:31 estimation of stop:2021-11-23 23:51-> 11794,11990,12007,12017,12049,12118,12185,12203,12279,12410,12558,12597,12601,12739,12771,12803,12857,12877,12904,12944
Measurement id = 33671117 To popcluster35.atlas.winet.dcc.ufmg.br  created -> start :2021-11-23 15:31 estimation of stop:2021-11-23 23:51-> 11794,11990,12007,12017,12049,12118,12185,12203,12279,12410,12558,12597,12601,12739,12771,12803,12857,12877,12904,12944
Measurement id = 33671118 To popcluster36.atlas.winet.dcc.ufmg.br  created -> start :2021-11-23 15:31 estimation of stop:2021-11-23 23:51-> 11794,11990,12007,12017,12049,12118,12185,12203,12279,12410,12558,12597,12601,12739,12771,12803,12857,12877,12904,12944
Measurement id = 33671119 To popcluster37.atlas.winet.dcc.ufmg.br  created -> start :2021-11-23 15:31 estimation of stop:2021-11-23 23:51-> 11794,11990,12007,12017,12049,12118,12185,12203,12279,12410,12558,12597,12601,12739,12771,12803,12857,12877,12904,12944
Measurement id = 33671120 To popcluster38.atlas.winet.dcc.ufmg.br  created -> start :2021-11-23 15:31 estimation of stop:2021-11-23 23:51-> 11794,11990,12007,12017,12049,12118,12185,12203,12279,12410,12558,12597,12601,12739,12771,12803,12857,12877,12904,12944
Measurement id = 33671121 To popcluster39.atlas.winet.dcc.ufmg.br  created -> start :2021-11-23 15:31 estimation of stop:2021-11-23 23:51-> 11794,11990,12007,12017,12049,12118,12185,12203,12279,12410,12558,12597,12601,12739,12771,12803,12857,12877,12904,12944
Measurement id = 33671122 To popcluster40.atlas.winet.dcc.ufmg.br  created -> start :2021-11-23 15:31 estimation of stop:2021-11-23 23:51-> 11794,11990,12007,12017,12049,12118,12185,12203,12279,12410,12558,12597,12601,12739,12771,12803,12857,12877,12904,12944
Measurement id = 33671124 To popcluster41.atlas.winet.dcc.ufmg.br  created -> start :2021-11-23 15:31 estimation of stop:2021-11-23 23:51-> 11794,11990,12007,12017,12049,12118,12185,12203,12279,12410,12558,12597,12601,12739,12771,12803,12857,12877,12904,12944
Measurement id = 33671127 To popcluster42.atlas.winet.dcc.ufmg.br  created -> start :2021-11-23 15:31 estimation of stop:2021-11-23 23:51-> 11794,11990,12007,12017,12049,12118,12185,12203,12279,12410,12558,12597,12601,12739,12771,12803,12857,12877,12904,12944
Measurement id = 33671129 To popcluster43.atlas.winet.dcc.ufmg.br  created -> start :2021-11-23 15:31 estimation of stop:2021-11-23 23:51-> 11794,11990,12007,12017,12049,12118,12185,12203,12279,12410,12558,12597,12601,12739,12771,12803,12857,12877,12904,12944
Measurement id = 33671133 To popcluster44.atlas.winet.dcc.ufmg.br  created -> start :2021-11-23 15:31 estimation of stop:2021-11-23 23:51-> 11794,11990,12007,12017,12049,12118,12185,12203,12279,12410,12558,12597,12601,12739,12771,12803,12857,12877,12904,12944
Measurement id = 33671135 To popcluster45.atlas.winet.dcc.ufmg.br  created -> start :2021-11-23 15:31 estimation of stop:2021-11-23 23:51-> 11794,11990,12007,12017,12049,12118,12185,12203,12279,12410,12558,12597,12601,12739,12771,12803,12857,12877,12904,12944
Measurement id = 33671138 To popcluster46.atlas.winet.dcc.ufmg.br  created -> start :2021-11-23 15:31 estimation of stop:2021-11-23 23:51-> 11794,11990,12007,12017,12049,12118,12185,12203,12279,12410,12558,12597,12601,12739,12771,12803,12857,12877,12904,12944
Measurement id = 33671140 To popcluster47.atlas.winet.dcc.ufmg.br  created -> start :2021-11-23 15:31 estimation of stop:2021-11-23 23:51-> 11794,11990,12007,12017,12049,12118,12185,12203,12279,12410,12558,12597,12601,12739,12771,12803,12857,12877,12904,12944
Measurement id = 33671143 To popcluster48.atlas.winet.dcc.ufmg.br  created -> start :2021-11-23 15:31 estimation of stop:2021-11-23 23:51-> 11794,11990,12007,12017,12049,12118,12185,12203,12279,12410,12558,12597,12601,12739,12771,12803,12857,12877,12904,12944
Measurement id = 33671145 To popcluster49.atlas.winet.dcc.ufmg.br  created -> start :2021-11-23 15:31 estimation of stop:2021-11-23 23:51-> 11794,11990,12007,12017,12049,12118,12185,12203,12279,12410,12558,12597,12601,12739,12771,12803,12857,12877,12904,12944
Measurement id = 33671147 To popcluster50.atlas.winet.dcc.ufmg.br  created -> start :2021-11-23 15:31 estimation of stop:2021-11-23 23:51-> 11794,11990,12007,12017,12049,12118,12185,12203,12279,12410,12558,12597,12601,12739,12771,12803,12857,12877,12904,12944
Measurement id = 33671149 To popcluster51.atlas.winet.dcc.ufmg.br  created -> start :2021-11-23 15:31 estimation of stop:2021-11-23 23:51-> 11794,11990,12007,12017,12049,12118,12185,12203,12279,12410,12558,12597,12601,12739,12771,12803,12857,12877,12904,12944
Measurement id = 33671152 To popcluster52.atlas.winet.dcc.ufmg.br  created -> start :2021-11-23 15:31 estimation of stop:2021-11-23 23:51-> 11794,11990,12007,12017,12049,12118,12185,12203,12279,12410,12558,12597,12601,12739,12771,12803,12857,12877,12904,12944
Measurement id = 33671155 To popcluster53.atlas.winet.dcc.ufmg.br  created -> start :2021-11-23 15:31 estimation of stop:2021-11-23 23:51-> 11794,11990,12007,12017,12049,12118,12185,12203,12279,12410,12558,12597,12601,12739,12771,12803,12857,12877,12904,12944
Measurement id = 33671157 To popcluster54.atlas.winet.dcc.ufmg.br  created -> start :2021-11-23 15:31 estimation of stop:2021-11-23 23:51-> 11794,11990,12007,12017,12049,12118,12185,12203,12279,12410,12558,12597,12601,12739,12771,12803,12857,12877,12904,12944
Measurement id = 33671160 To popcluster55.atlas.winet.dcc.ufmg.br  created -> start :2021-11-23 15:31 estimation of stop:2021-11-23 23:51-> 11794,11990,12007,12017,12049,12118,12185,12203,12279,12410,12558,12597,12601,12739,12771,12803,12857,12877,12904,12944
Measurement id = 33671164 To popcluster56.atlas.winet.dcc.ufmg.br  created -> start :2021-11-23 15:31 estimation of stop:2021-11-23 23:51-> 11794,11990,12007,12017,12049,12118,12185,12203,12279,12410,12558,12597,12601,12739,12771,12803,12857,12877,12904,12944
Measurement id = 33671166 To popcluster57.atlas.winet.dcc.ufmg.br  created -> start :2021-11-23 15:31 estimation of stop:2021-11-23 23:51-> 11794,11990,12007,12017,12049,12118,12185,12203,12279,12410,12558,12597,12601,12739,12771,12803,12857,12877,12904,12944
Measurement id = 33671168 To popcluster58.atlas.winet.dcc.ufmg.br  created -> start :2021-11-23 15:31 estimation of stop:2021-11-23 23:51-> 11794,11990,12007,12017,12049,12118,12185,12203,12279,12410,12558,12597,12601,12739,12771,12803,12857,12877,12904,12944
Measurement id = 33671172 To popcluster59.atlas.winet.dcc.ufmg.br  created -> start :2021-11-23 15:31 estimation of stop:2021-11-23 23:51-> 11794,11990,12007,12017,12049,12118,12185,12203,12279,12410,12558,12597,12601,12739,12771,12803,12857,12877,12904,12944
Measurement id = 33671174 To popcluster60.atlas.winet.dcc.ufmg.br  created -> start :2021-11-23 15:31 estimation of stop:2021-11-23 23:51-> 11794,11990,12007,12017,12049,12118,12185,12203,12279,12410,12558,12597,12601,12739,12771,12803,12857,12877,12904,12944
Measurement id = 33671176 To popcluster61.atlas.winet.dcc.ufmg.br  created -> start :2021-11-23 15:31 estimation of stop:2021-11-23 23:51-> 11794,11990,12007,12017,12049,12118,12185,12203,12279,12410,12558,12597,12601,12739,12771,12803,12857,12877,12904,12944
Measurement id = 33671178 To popcluster62.atlas.winet.dcc.ufmg.br  created -> start :2021-11-23 15:31 estimation of stop:2021-11-23 23:51-> 11794,11990,12007,12017,12049,12118,12185,12203,12279,12410,12558,12597,12601,12739,12771,12803,12857,12877,12904,12944
Measurement id = 33671180 To popcluster63.atlas.winet.dcc.ufmg.br  created -> start :2021-11-23 15:31 estimation of stop:2021-11-23 23:51-> 11794,11990,12007,12017,12049,12118,12185,12203,12279,12410,12558,12597,12601,12739,12771,12803,12857,12877,12904,12944
Measurement id = 33671182 To popcluster64.atlas.winet.dcc.ufmg.br  created -> start :2021-11-23 15:31 estimation of stop:2021-11-23 23:51-> 11794,11990,12007,12017,12049,12118,12185,12203,12279,12410,12558,12597,12601,12739,12771,12803,12857,12877,12904,12944
Measurement id = 33671185 To popcluster65.atlas.winet.dcc.ufmg.br  created -> start :2021-11-23 15:31 estimation of stop:2021-11-23 23:51-> 11794,11990,12007,12017,12049,12118,12185,12203,12279,12410,12558,12597,12601,12739,12771,12803,12857,12877,12904,12944
Measurement id = 33671187 To popcluster66.atlas.winet.dcc.ufmg.br  created -> start :2021-11-23 15:31 estimation of stop:2021-11-23 23:51-> 11794,11990,12007,12017,12049,12118,12185,12203,12279,12410,12558,12597,12601,12739,12771,12803,12857,12877,12904,12944
Measurement id = 33671190 To popcluster67.atlas.winet.dcc.ufmg.br  created -> start :2021-11-23 15:31 estimation of stop:2021-11-23 23:51-> 11794,11990,12007,12017,12049,12118,12185,12203,12279,12410,12558,12597,12601,12739,12771,12803,12857,12877,12904,12944
Measurement id = 33671193 To popcluster68.atlas.winet.dcc.ufmg.br  created -> start :2021-11-23 15:31 estimation of stop:2021-11-23 23:51-> 11794,11990,12007,12017,12049,12118,12185,12203,12279,12410,12558,12597,12601,12739,12771,12803,12857,12877,12904,12944
Measurement id = 33671196 To popcluster69.atlas.winet.dcc.ufmg.br  created -> start :2021-11-23 15:31 estimation of stop:2021-11-23 23:51-> 11794,11990,12007,12017,12049,12118,12185,12203,12279,12410,12558,12597,12601,12739,12771,12803,12857,12877,12904,12944
Measurement id = 33671198 To popcluster70.atlas.winet.dcc.ufmg.br  created -> start :2021-11-23 15:31 estimation of stop:2021-11-23 23:51-> 11794,11990,12007,12017,12049,12118,12185,12203,12279,12410,12558,12597,12601,12739,12771,12803,12857,12877,12904,12944
Measurement id = 33671201 To popcluster71.atlas.winet.dcc.ufmg.br  created -> start :2021-11-23 15:31 estimation of stop:2021-11-23 23:51-> 11794,11990,12007,12017,12049,12118,12185,12203,12279,12410,12558,12597,12601,12739,12771,12803,12857,12877,12904,12944
Measurement id = 33671204 To popcluster72.atlas.winet.dcc.ufmg.br  created -> start :2021-11-23 15:31 estimation of stop:2021-11-23 23:51-> 11794,11990,12007,12017,12049,12118,12185,12203,12279,12410,12558,12597,12601,12739,12771,12803,12857,12877,12904,12944
Measurement id = 33671206 To popcluster73.atlas.winet.dcc.ufmg.br  created -> start :2021-11-23 15:31 estimation of stop:2021-11-23 23:51-> 11794,11990,12007,12017,12049,12118,12185,12203,12279,12410,12558,12597,12601,12739,12771,12803,12857,12877,12904,12944
Measurement id = 33671208 To popcluster74.atlas.winet.dcc.ufmg.br  created -> start :2021-11-23 15:31 estimation of stop:2021-11-23 23:51-> 11794,11990,12007,12017,12049,12118,12185,12203,12279,12410,12558,12597,12601,12739,12771,12803,12857,12877,12904,12944
Measurement id = 33671210 To popcluster75.atlas.winet.dcc.ufmg.br  created -> start :2021-11-23 15:31 estimation of stop:2021-11-23 23:51-> 11794,11990,12007,12017,12049,12118,12185,12203,12279,12410,12558,12597,12601,12739,12771,12803,12857,12877,12904,12944
Measurement id = 33671212 To popcluster76.atlas.winet.dcc.ufmg.br  created -> start :2021-11-23 15:31 estimation of stop:2021-11-23 23:51-> 11794,11990,12007,12017,12049,12118,12185,12203,12279,12410,12558,12597,12601,12739,12771,12803,12857,12877,12904,12944
Measurement id = 33671214 To popcluster77.atlas.winet.dcc.ufmg.br  created -> start :2021-11-23 15:31 estimation of stop:2021-11-23 23:51-> 11794,11990,12007,12017,12049,12118,12185,12203,12279,12410,12558,12597,12601,12739,12771,12803,12857,12877,12904,12944
Measurement id = 33671220 To popcluster78.atlas.winet.dcc.ufmg.br  created -> start :2021-11-23 15:31 estimation of stop:2021-11-23 23:51-> 11794,11990,12007,12017,12049,12118,12185,12203,12279,12410,12558,12597,12601,12739,12771,12803,12857,12877,12904,12944
Measurement id = 33671222 To popcluster79.atlas.winet.dcc.ufmg.br  created -> start :2021-11-23 15:31 estimation of stop:2021-11-23 23:51-> 11794,11990,12007,12017,12049,12118,12185,12203,12279,12410,12558,12597,12601,12739,12771,12803,12857,12877,12904,12944
Measurement id = 33671224 To popcluster80.atlas.winet.dcc.ufmg.br  created -> start :2021-11-23 15:31 estimation of stop:2021-11-23 23:51-> 11794,11990,12007,12017,12049,12118,12185,12203,12279,12410,12558,12597,12601,12739,12771,12803,12857,12877,12904,12944
Measurement id = 33671227 To popcluster81.atlas.winet.dcc.ufmg.br  created -> start :2021-11-23 15:31 estimation of stop:2021-11-23 23:51-> 11794,11990,12007,12017,12049,12118,12185,12203,12279,12410,12558,12597,12601,12739,12771,12803,12857,12877,12904,12944
Measurement id = 33671230 To popcluster82.atlas.winet.dcc.ufmg.br  created -> start :2021-11-23 15:31 estimation of stop:2021-11-23 23:51-> 11794,11990,12007,12017,12049,12118,12185,12203,12279,12410,12558,12597,12601,12739,12771,12803,12857,12877,12904,12944
Measurement id = 33671232 To popcluster83.atlas.winet.dcc.ufmg.br  created -> start :2021-11-23 15:31 estimation of stop:2021-11-23 23:51-> 11794,11990,12007,12017,12049,12118,12185,12203,12279,12410,12558,12597,12601,12739,12771,12803,12857,12877,12904,12944
Measurement id = 33671235 To popcluster84.atlas.winet.dcc.ufmg.br  created -> start :2021-11-23 15:31 estimation of stop:2021-11-23 23:51-> 11794,11990,12007,12017,12049,12118,12185,12203,12279,12410,12558,12597,12601,12739,12771,12803,12857,12877,12904,12944
Measurement id = 33671238 To popcluster85.atlas.winet.dcc.ufmg.br  created -> start :2021-11-23 15:31 estimation of stop:2021-11-23 23:51-> 11794,11990,12007,12017,12049,12118,12185,12203,12279,12410,12558,12597,12601,12739,12771,12803,12857,12877,12904,12944
Measurement id = 33671242 To popcluster86.atlas.winet.dcc.ufmg.br  created -> start :2021-11-23 15:31 estimation of stop:2021-11-23 23:51-> 11794,11990,12007,12017,12049,12118,12185,12203,12279,12410,12558,12597,12601,12739,12771,12803,12857,12877,12904,12944
Measurement id = 33671244 To popcluster87.atlas.winet.dcc.ufmg.br  created -> start :2021-11-23 15:31 estimation of stop:2021-11-23 23:51-> 11794,11990,12007,12017,12049,12118,12185,12203,12279,12410,12558,12597,12601,12739,12771,12803,12857,12877,12904,12944
Measurement id = 33671247 To popcluster88.atlas.winet.dcc.ufmg.br  created -> start :2021-11-23 15:31 estimation of stop:2021-11-23 23:51-> 11794,11990,12007,12017,12049,12118,12185,12203,12279,12410,12558,12597,12601,12739,12771,12803,12857,12877,12904,12944
Measurement id = 33671249 To popcluster89.atlas.winet.dcc.ufmg.br  created -> start :2021-11-23 15:31 estimation of stop:2021-11-23 23:51-> 11794,11990,12007,12017,12049,12118,12185,12203,12279,12410,12558,12597,12601,12739,12771,12803,12857,12877,12904,12944
Measurement id = 33671252 To popcluster90.atlas.winet.dcc.ufmg.br  created -> start :2021-11-23 15:31 estimation of stop:2021-11-23 23:51-> 11794,11990,12007,12017,12049,12118,12185,12203,12279,12410,12558,12597,12601,12739,12771,12803,12857,12877,12904,12944
Measurement id = 33671261 To popcluster91.atlas.winet.dcc.ufmg.br  created -> start :2021-11-23 15:31 estimation of stop:2021-11-23 23:51-> 11794,11990,12007,12017,12049,12118,12185,12203,12279,12410,12558,12597,12601,12739,12771,12803,12857,12877,12904,12944
Measurement id = 33671265 To popcluster92.atlas.winet.dcc.ufmg.br  created -> start :2021-11-23 15:31 estimation of stop:2021-11-23 23:51-> 11794,11990,12007,12017,12049,12118,12185,12203,12279,12410,12558,12597,12601,12739,12771,12803,12857,12877,12904,12944
Measurement id = 33671267 To popcluster93.atlas.winet.dcc.ufmg.br  created -> start :2021-11-23 15:31 estimation of stop:2021-11-23 23:51-> 11794,11990,12007,12017,12049,12118,12185,12203,12279,12410,12558,12597,12601,12739,12771,12803,12857,12877,12904,12944
Measurement id = 33671270 To popcluster94.atlas.winet.dcc.ufmg.br  created -> start :2021-11-23 15:31 estimation of stop:2021-11-23 23:51-> 11794,11990,12007,12017,12049,12118,12185,12203,12279,12410,12558,12597,12601,12739,12771,12803,12857,12877,12904,12944
Measurement id = 33671272 To popcluster95.atlas.winet.dcc.ufmg.br  created -> start :2021-11-23 15:31 estimation of stop:2021-11-23 23:51-> 11794,11990,12007,12017,12049,12118,12185,12203,12279,12410,12558,12597,12601,12739,12771,12803,12857,12877,12904,12944
Measurement id = 33671276 To popcluster96.atlas.winet.dcc.ufmg.br  created -> start :2021-11-23 15:31 estimation of stop:2021-11-23 23:51-> 11794,11990,12007,12017,12049,12118,12185,12203,12279,12410,12558,12597,12601,12739,12771,12803,12857,12877,12904,12944
Measurement id = 33671278 To popcluster97.atlas.winet.dcc.ufmg.br  created -> start :2021-11-23 15:31 estimation of stop:2021-11-23 23:51-> 11794,11990,12007,12017,12049,12118,12185,12203,12279,12410,12558,12597,12601,12739,12771,12803,12857,12877,12904,12944
Measurement id = 33671281 To popcluster98.atlas.winet.dcc.ufmg.br  created -> start :2021-11-23 15:31 estimation of stop:2021-11-23 23:51-> 11794,11990,12007,12017,12049,12118,12185,12203,12279,12410,12558,12597,12601,12739,12771,12803,12857,12877,12904,12944
Measurement id = 33671286 To popcluster99.atlas.winet.dcc.ufmg.br  created -> start :2021-11-23 15:31 estimation of stop:2021-11-23 23:51-> 11794,11990,12007,12017,12049,12118,12185,12203,12279,12410,12558,12597,12601,12739,12771,12803,12857,12877,12904,12944
Measurement id = 33671288 To popcluster100.atlas.winet.dcc.ufmg.br  created -> start :2021-11-23 15:31 estimation of stop:2021-11-23 23:51-> 11794,11990,12007,12017,12049,12118,12185,12203,12279,12410,12558,12597,12601,12739,12771,12803,12857,12877,12904,12944
