Measurement id = 34372424 To popcluster1.atlas.winet.dcc.ufmg.br  created -> start :2021-12-08 17:01 estimation of stop:2021-12-09 01:21-> 18288,17998,20756,21120,21821,21831,21842,21848,22131,22158,22218,22310,22320,22370,22377,22458,22490,22642,22702,22720
Measurement id = 34372427 To popcluster2.atlas.winet.dcc.ufmg.br  created -> start :2021-12-08 17:01 estimation of stop:2021-12-09 01:21-> 18288,17998,20756,21120,21821,21831,21842,21848,22131,22158,22218,22310,22320,22370,22377,22458,22490,22642,22702,22720
Measurement id = 34372431 To popcluster3.atlas.winet.dcc.ufmg.br  created -> start :2021-12-08 17:01 estimation of stop:2021-12-09 01:21-> 18288,17998,20756,21120,21821,21831,21842,21848,22131,22158,22218,22310,22320,22370,22377,22458,22490,22642,22702,22720
Measurement id = 34372432 To popcluster4.atlas.winet.dcc.ufmg.br  created -> start :2021-12-08 17:01 estimation of stop:2021-12-09 01:21-> 18288,17998,20756,21120,21821,21831,21842,21848,22131,22158,22218,22310,22320,22370,22377,22458,22490,22642,22702,22720
Measurement id = 34372433 To popcluster5.atlas.winet.dcc.ufmg.br  created -> start :2021-12-08 17:01 estimation of stop:2021-12-09 01:21-> 18288,17998,20756,21120,21821,21831,21842,21848,22131,22158,22218,22310,22320,22370,22377,22458,22490,22642,22702,22720
Measurement id = 34372434 To popcluster6.atlas.winet.dcc.ufmg.br  created -> start :2021-12-08 17:01 estimation of stop:2021-12-09 01:21-> 18288,17998,20756,21120,21821,21831,21842,21848,22131,22158,22218,22310,22320,22370,22377,22458,22490,22642,22702,22720
Measurement id = 34372435 To popcluster7.atlas.winet.dcc.ufmg.br  created -> start :2021-12-08 17:01 estimation of stop:2021-12-09 01:21-> 18288,17998,20756,21120,21821,21831,21842,21848,22131,22158,22218,22310,22320,22370,22377,22458,22490,22642,22702,22720
Measurement id = 34372437 To popcluster8.atlas.winet.dcc.ufmg.br  created -> start :2021-12-08 17:01 estimation of stop:2021-12-09 01:21-> 18288,17998,20756,21120,21821,21831,21842,21848,22131,22158,22218,22310,22320,22370,22377,22458,22490,22642,22702,22720
Measurement id = 34372438 To popcluster9.atlas.winet.dcc.ufmg.br  created -> start :2021-12-08 17:01 estimation of stop:2021-12-09 01:21-> 18288,17998,20756,21120,21821,21831,21842,21848,22131,22158,22218,22310,22320,22370,22377,22458,22490,22642,22702,22720
Measurement id = 34372439 To popcluster10.atlas.winet.dcc.ufmg.br  created -> start :2021-12-08 17:01 estimation of stop:2021-12-09 01:21-> 18288,17998,20756,21120,21821,21831,21842,21848,22131,22158,22218,22310,22320,22370,22377,22458,22490,22642,22702,22720
Measurement id = 34372440 To popcluster11.atlas.winet.dcc.ufmg.br  created -> start :2021-12-08 17:01 estimation of stop:2021-12-09 01:21-> 18288,17998,20756,21120,21821,21831,21842,21848,22131,22158,22218,22310,22320,22370,22377,22458,22490,22642,22702,22720
Measurement id = 34372441 To popcluster12.atlas.winet.dcc.ufmg.br  created -> start :2021-12-08 17:01 estimation of stop:2021-12-09 01:21-> 18288,17998,20756,21120,21821,21831,21842,21848,22131,22158,22218,22310,22320,22370,22377,22458,22490,22642,22702,22720
Measurement id = 34372442 To popcluster13.atlas.winet.dcc.ufmg.br  created -> start :2021-12-08 17:01 estimation of stop:2021-12-09 01:21-> 18288,17998,20756,21120,21821,21831,21842,21848,22131,22158,22218,22310,22320,22370,22377,22458,22490,22642,22702,22720
Measurement id = 34372443 To popcluster14.atlas.winet.dcc.ufmg.br  created -> start :2021-12-08 17:01 estimation of stop:2021-12-09 01:21-> 18288,17998,20756,21120,21821,21831,21842,21848,22131,22158,22218,22310,22320,22370,22377,22458,22490,22642,22702,22720
Measurement id = 34372444 To popcluster15.atlas.winet.dcc.ufmg.br  created -> start :2021-12-08 17:01 estimation of stop:2021-12-09 01:21-> 18288,17998,20756,21120,21821,21831,21842,21848,22131,22158,22218,22310,22320,22370,22377,22458,22490,22642,22702,22720
Measurement id = 34372445 To popcluster16.atlas.winet.dcc.ufmg.br  created -> start :2021-12-08 17:01 estimation of stop:2021-12-09 01:21-> 18288,17998,20756,21120,21821,21831,21842,21848,22131,22158,22218,22310,22320,22370,22377,22458,22490,22642,22702,22720
Measurement id = 34372446 To popcluster17.atlas.winet.dcc.ufmg.br  created -> start :2021-12-08 17:01 estimation of stop:2021-12-09 01:21-> 18288,17998,20756,21120,21821,21831,21842,21848,22131,22158,22218,22310,22320,22370,22377,22458,22490,22642,22702,22720
Measurement id = 34372447 To popcluster18.atlas.winet.dcc.ufmg.br  created -> start :2021-12-08 17:01 estimation of stop:2021-12-09 01:21-> 18288,17998,20756,21120,21821,21831,21842,21848,22131,22158,22218,22310,22320,22370,22377,22458,22490,22642,22702,22720
Measurement id = 34372448 To popcluster19.atlas.winet.dcc.ufmg.br  created -> start :2021-12-08 17:01 estimation of stop:2021-12-09 01:21-> 18288,17998,20756,21120,21821,21831,21842,21848,22131,22158,22218,22310,22320,22370,22377,22458,22490,22642,22702,22720
Measurement id = 34372449 To popcluster20.atlas.winet.dcc.ufmg.br  created -> start :2021-12-08 17:01 estimation of stop:2021-12-09 01:21-> 18288,17998,20756,21120,21821,21831,21842,21848,22131,22158,22218,22310,22320,22370,22377,22458,22490,22642,22702,22720
Measurement id = 34372450 To popcluster21.atlas.winet.dcc.ufmg.br  created -> start :2021-12-08 17:01 estimation of stop:2021-12-09 01:21-> 18288,17998,20756,21120,21821,21831,21842,21848,22131,22158,22218,22310,22320,22370,22377,22458,22490,22642,22702,22720
Measurement id = 34372451 To popcluster22.atlas.winet.dcc.ufmg.br  created -> start :2021-12-08 17:01 estimation of stop:2021-12-09 01:21-> 18288,17998,20756,21120,21821,21831,21842,21848,22131,22158,22218,22310,22320,22370,22377,22458,22490,22642,22702,22720
Measurement id = 34372452 To popcluster23.atlas.winet.dcc.ufmg.br  created -> start :2021-12-08 17:01 estimation of stop:2021-12-09 01:21-> 18288,17998,20756,21120,21821,21831,21842,21848,22131,22158,22218,22310,22320,22370,22377,22458,22490,22642,22702,22720
Measurement id = 34372454 To popcluster24.atlas.winet.dcc.ufmg.br  created -> start :2021-12-08 17:01 estimation of stop:2021-12-09 01:21-> 18288,17998,20756,21120,21821,21831,21842,21848,22131,22158,22218,22310,22320,22370,22377,22458,22490,22642,22702,22720
Measurement id = 34372456 To popcluster25.atlas.winet.dcc.ufmg.br  created -> start :2021-12-08 17:01 estimation of stop:2021-12-09 01:21-> 18288,17998,20756,21120,21821,21831,21842,21848,22131,22158,22218,22310,22320,22370,22377,22458,22490,22642,22702,22720
Measurement id = 34372457 To popcluster26.atlas.winet.dcc.ufmg.br  created -> start :2021-12-08 17:01 estimation of stop:2021-12-09 01:21-> 18288,17998,20756,21120,21821,21831,21842,21848,22131,22158,22218,22310,22320,22370,22377,22458,22490,22642,22702,22720
Measurement id = 34372458 To popcluster27.atlas.winet.dcc.ufmg.br  created -> start :2021-12-08 17:01 estimation of stop:2021-12-09 01:21-> 18288,17998,20756,21120,21821,21831,21842,21848,22131,22158,22218,22310,22320,22370,22377,22458,22490,22642,22702,22720
Measurement id = 34372459 To popcluster28.atlas.winet.dcc.ufmg.br  created -> start :2021-12-08 17:01 estimation of stop:2021-12-09 01:21-> 18288,17998,20756,21120,21821,21831,21842,21848,22131,22158,22218,22310,22320,22370,22377,22458,22490,22642,22702,22720
Measurement id = 34372460 To popcluster29.atlas.winet.dcc.ufmg.br  created -> start :2021-12-08 17:01 estimation of stop:2021-12-09 01:21-> 18288,17998,20756,21120,21821,21831,21842,21848,22131,22158,22218,22310,22320,22370,22377,22458,22490,22642,22702,22720
Measurement id = 34372461 To popcluster30.atlas.winet.dcc.ufmg.br  created -> start :2021-12-08 17:01 estimation of stop:2021-12-09 01:21-> 18288,17998,20756,21120,21821,21831,21842,21848,22131,22158,22218,22310,22320,22370,22377,22458,22490,22642,22702,22720
Measurement id = 34372463 To popcluster31.atlas.winet.dcc.ufmg.br  created -> start :2021-12-08 17:01 estimation of stop:2021-12-09 01:21-> 18288,17998,20756,21120,21821,21831,21842,21848,22131,22158,22218,22310,22320,22370,22377,22458,22490,22642,22702,22720
Measurement id = 34372464 To popcluster32.atlas.winet.dcc.ufmg.br  created -> start :2021-12-08 17:01 estimation of stop:2021-12-09 01:21-> 18288,17998,20756,21120,21821,21831,21842,21848,22131,22158,22218,22310,22320,22370,22377,22458,22490,22642,22702,22720
Measurement id = 34372465 To popcluster33.atlas.winet.dcc.ufmg.br  created -> start :2021-12-08 17:01 estimation of stop:2021-12-09 01:21-> 18288,17998,20756,21120,21821,21831,21842,21848,22131,22158,22218,22310,22320,22370,22377,22458,22490,22642,22702,22720
Measurement id = 34372466 To popcluster34.atlas.winet.dcc.ufmg.br  created -> start :2021-12-08 17:01 estimation of stop:2021-12-09 01:21-> 18288,17998,20756,21120,21821,21831,21842,21848,22131,22158,22218,22310,22320,22370,22377,22458,22490,22642,22702,22720
Measurement id = 34372467 To popcluster35.atlas.winet.dcc.ufmg.br  created -> start :2021-12-08 17:01 estimation of stop:2021-12-09 01:21-> 18288,17998,20756,21120,21821,21831,21842,21848,22131,22158,22218,22310,22320,22370,22377,22458,22490,22642,22702,22720
Measurement id = 34372468 To popcluster36.atlas.winet.dcc.ufmg.br  created -> start :2021-12-08 17:01 estimation of stop:2021-12-09 01:21-> 18288,17998,20756,21120,21821,21831,21842,21848,22131,22158,22218,22310,22320,22370,22377,22458,22490,22642,22702,22720
Measurement id = 34372469 To popcluster37.atlas.winet.dcc.ufmg.br  created -> start :2021-12-08 17:01 estimation of stop:2021-12-09 01:21-> 18288,17998,20756,21120,21821,21831,21842,21848,22131,22158,22218,22310,22320,22370,22377,22458,22490,22642,22702,22720
Measurement id = 34372470 To popcluster38.atlas.winet.dcc.ufmg.br  created -> start :2021-12-08 17:01 estimation of stop:2021-12-09 01:21-> 18288,17998,20756,21120,21821,21831,21842,21848,22131,22158,22218,22310,22320,22370,22377,22458,22490,22642,22702,22720
Measurement id = 34372471 To popcluster39.atlas.winet.dcc.ufmg.br  created -> start :2021-12-08 17:01 estimation of stop:2021-12-09 01:21-> 18288,17998,20756,21120,21821,21831,21842,21848,22131,22158,22218,22310,22320,22370,22377,22458,22490,22642,22702,22720
Measurement id = 34372472 To popcluster40.atlas.winet.dcc.ufmg.br  created -> start :2021-12-08 17:01 estimation of stop:2021-12-09 01:21-> 18288,17998,20756,21120,21821,21831,21842,21848,22131,22158,22218,22310,22320,22370,22377,22458,22490,22642,22702,22720
Measurement id = 34372473 To popcluster41.atlas.winet.dcc.ufmg.br  created -> start :2021-12-08 17:01 estimation of stop:2021-12-09 01:21-> 18288,17998,20756,21120,21821,21831,21842,21848,22131,22158,22218,22310,22320,22370,22377,22458,22490,22642,22702,22720
Measurement id = 34372474 To popcluster42.atlas.winet.dcc.ufmg.br  created -> start :2021-12-08 17:01 estimation of stop:2021-12-09 01:21-> 18288,17998,20756,21120,21821,21831,21842,21848,22131,22158,22218,22310,22320,22370,22377,22458,22490,22642,22702,22720
Measurement id = 34372475 To popcluster43.atlas.winet.dcc.ufmg.br  created -> start :2021-12-08 17:01 estimation of stop:2021-12-09 01:21-> 18288,17998,20756,21120,21821,21831,21842,21848,22131,22158,22218,22310,22320,22370,22377,22458,22490,22642,22702,22720
Measurement id = 34372476 To popcluster44.atlas.winet.dcc.ufmg.br  created -> start :2021-12-08 17:01 estimation of stop:2021-12-09 01:21-> 18288,17998,20756,21120,21821,21831,21842,21848,22131,22158,22218,22310,22320,22370,22377,22458,22490,22642,22702,22720
Measurement id = 34372477 To popcluster45.atlas.winet.dcc.ufmg.br  created -> start :2021-12-08 17:01 estimation of stop:2021-12-09 01:21-> 18288,17998,20756,21120,21821,21831,21842,21848,22131,22158,22218,22310,22320,22370,22377,22458,22490,22642,22702,22720
Measurement id = 34372478 To popcluster46.atlas.winet.dcc.ufmg.br  created -> start :2021-12-08 17:01 estimation of stop:2021-12-09 01:21-> 18288,17998,20756,21120,21821,21831,21842,21848,22131,22158,22218,22310,22320,22370,22377,22458,22490,22642,22702,22720
Measurement id = 34372479 To popcluster47.atlas.winet.dcc.ufmg.br  created -> start :2021-12-08 17:01 estimation of stop:2021-12-09 01:21-> 18288,17998,20756,21120,21821,21831,21842,21848,22131,22158,22218,22310,22320,22370,22377,22458,22490,22642,22702,22720
Measurement id = 34372480 To popcluster48.atlas.winet.dcc.ufmg.br  created -> start :2021-12-08 17:01 estimation of stop:2021-12-09 01:21-> 18288,17998,20756,21120,21821,21831,21842,21848,22131,22158,22218,22310,22320,22370,22377,22458,22490,22642,22702,22720
Measurement id = 34372481 To popcluster49.atlas.winet.dcc.ufmg.br  created -> start :2021-12-08 17:01 estimation of stop:2021-12-09 01:21-> 18288,17998,20756,21120,21821,21831,21842,21848,22131,22158,22218,22310,22320,22370,22377,22458,22490,22642,22702,22720
Measurement id = 34372482 To popcluster50.atlas.winet.dcc.ufmg.br  created -> start :2021-12-08 17:01 estimation of stop:2021-12-09 01:21-> 18288,17998,20756,21120,21821,21831,21842,21848,22131,22158,22218,22310,22320,22370,22377,22458,22490,22642,22702,22720
Measurement id = 34372483 To popcluster51.atlas.winet.dcc.ufmg.br  created -> start :2021-12-08 17:01 estimation of stop:2021-12-09 01:21-> 18288,17998,20756,21120,21821,21831,21842,21848,22131,22158,22218,22310,22320,22370,22377,22458,22490,22642,22702,22720
Measurement id = 34372484 To popcluster52.atlas.winet.dcc.ufmg.br  created -> start :2021-12-08 17:01 estimation of stop:2021-12-09 01:21-> 18288,17998,20756,21120,21821,21831,21842,21848,22131,22158,22218,22310,22320,22370,22377,22458,22490,22642,22702,22720
Measurement id = 34372485 To popcluster53.atlas.winet.dcc.ufmg.br  created -> start :2021-12-08 17:01 estimation of stop:2021-12-09 01:21-> 18288,17998,20756,21120,21821,21831,21842,21848,22131,22158,22218,22310,22320,22370,22377,22458,22490,22642,22702,22720
Measurement id = 34372488 To popcluster54.atlas.winet.dcc.ufmg.br  created -> start :2021-12-08 17:01 estimation of stop:2021-12-09 01:21-> 18288,17998,20756,21120,21821,21831,21842,21848,22131,22158,22218,22310,22320,22370,22377,22458,22490,22642,22702,22720
Measurement id = 34372491 To popcluster55.atlas.winet.dcc.ufmg.br  created -> start :2021-12-08 17:01 estimation of stop:2021-12-09 01:21-> 18288,17998,20756,21120,21821,21831,21842,21848,22131,22158,22218,22310,22320,22370,22377,22458,22490,22642,22702,22720
Measurement id = 34372493 To popcluster56.atlas.winet.dcc.ufmg.br  created -> start :2021-12-08 17:01 estimation of stop:2021-12-09 01:21-> 18288,17998,20756,21120,21821,21831,21842,21848,22131,22158,22218,22310,22320,22370,22377,22458,22490,22642,22702,22720
Measurement id = 34372497 To popcluster57.atlas.winet.dcc.ufmg.br  created -> start :2021-12-08 17:01 estimation of stop:2021-12-09 01:21-> 18288,17998,20756,21120,21821,21831,21842,21848,22131,22158,22218,22310,22320,22370,22377,22458,22490,22642,22702,22720
Measurement id = 34372499 To popcluster58.atlas.winet.dcc.ufmg.br  created -> start :2021-12-08 17:01 estimation of stop:2021-12-09 01:21-> 18288,17998,20756,21120,21821,21831,21842,21848,22131,22158,22218,22310,22320,22370,22377,22458,22490,22642,22702,22720
Measurement id = 34372500 To popcluster59.atlas.winet.dcc.ufmg.br  created -> start :2021-12-08 17:01 estimation of stop:2021-12-09 01:21-> 18288,17998,20756,21120,21821,21831,21842,21848,22131,22158,22218,22310,22320,22370,22377,22458,22490,22642,22702,22720
Measurement id = 34372501 To popcluster60.atlas.winet.dcc.ufmg.br  created -> start :2021-12-08 17:01 estimation of stop:2021-12-09 01:21-> 18288,17998,20756,21120,21821,21831,21842,21848,22131,22158,22218,22310,22320,22370,22377,22458,22490,22642,22702,22720
Measurement id = 34372503 To popcluster61.atlas.winet.dcc.ufmg.br  created -> start :2021-12-08 17:01 estimation of stop:2021-12-09 01:21-> 18288,17998,20756,21120,21821,21831,21842,21848,22131,22158,22218,22310,22320,22370,22377,22458,22490,22642,22702,22720
Measurement id = 34372504 To popcluster62.atlas.winet.dcc.ufmg.br  created -> start :2021-12-08 17:01 estimation of stop:2021-12-09 01:21-> 18288,17998,20756,21120,21821,21831,21842,21848,22131,22158,22218,22310,22320,22370,22377,22458,22490,22642,22702,22720
Measurement id = 34372506 To popcluster63.atlas.winet.dcc.ufmg.br  created -> start :2021-12-08 17:01 estimation of stop:2021-12-09 01:21-> 18288,17998,20756,21120,21821,21831,21842,21848,22131,22158,22218,22310,22320,22370,22377,22458,22490,22642,22702,22720
Measurement id = 34372507 To popcluster64.atlas.winet.dcc.ufmg.br  created -> start :2021-12-08 17:01 estimation of stop:2021-12-09 01:21-> 18288,17998,20756,21120,21821,21831,21842,21848,22131,22158,22218,22310,22320,22370,22377,22458,22490,22642,22702,22720
Measurement id = 34372508 To popcluster65.atlas.winet.dcc.ufmg.br  created -> start :2021-12-08 17:01 estimation of stop:2021-12-09 01:21-> 18288,17998,20756,21120,21821,21831,21842,21848,22131,22158,22218,22310,22320,22370,22377,22458,22490,22642,22702,22720
Measurement id = 34372509 To popcluster66.atlas.winet.dcc.ufmg.br  created -> start :2021-12-08 17:01 estimation of stop:2021-12-09 01:21-> 18288,17998,20756,21120,21821,21831,21842,21848,22131,22158,22218,22310,22320,22370,22377,22458,22490,22642,22702,22720
Measurement id = 34372513 To popcluster67.atlas.winet.dcc.ufmg.br  created -> start :2021-12-08 17:01 estimation of stop:2021-12-09 01:21-> 18288,17998,20756,21120,21821,21831,21842,21848,22131,22158,22218,22310,22320,22370,22377,22458,22490,22642,22702,22720
Measurement id = 34372514 To popcluster68.atlas.winet.dcc.ufmg.br  created -> start :2021-12-08 17:01 estimation of stop:2021-12-09 01:21-> 18288,17998,20756,21120,21821,21831,21842,21848,22131,22158,22218,22310,22320,22370,22377,22458,22490,22642,22702,22720
Measurement id = 34372516 To popcluster69.atlas.winet.dcc.ufmg.br  created -> start :2021-12-08 17:01 estimation of stop:2021-12-09 01:21-> 18288,17998,20756,21120,21821,21831,21842,21848,22131,22158,22218,22310,22320,22370,22377,22458,22490,22642,22702,22720
Measurement id = 34372517 To popcluster70.atlas.winet.dcc.ufmg.br  created -> start :2021-12-08 17:01 estimation of stop:2021-12-09 01:21-> 18288,17998,20756,21120,21821,21831,21842,21848,22131,22158,22218,22310,22320,22370,22377,22458,22490,22642,22702,22720
Measurement id = 34372518 To popcluster71.atlas.winet.dcc.ufmg.br  created -> start :2021-12-08 17:01 estimation of stop:2021-12-09 01:21-> 18288,17998,20756,21120,21821,21831,21842,21848,22131,22158,22218,22310,22320,22370,22377,22458,22490,22642,22702,22720
Measurement id = 34372520 To popcluster72.atlas.winet.dcc.ufmg.br  created -> start :2021-12-08 17:01 estimation of stop:2021-12-09 01:21-> 18288,17998,20756,21120,21821,21831,21842,21848,22131,22158,22218,22310,22320,22370,22377,22458,22490,22642,22702,22720
Measurement id = 34372521 To popcluster73.atlas.winet.dcc.ufmg.br  created -> start :2021-12-08 17:01 estimation of stop:2021-12-09 01:21-> 18288,17998,20756,21120,21821,21831,21842,21848,22131,22158,22218,22310,22320,22370,22377,22458,22490,22642,22702,22720
Measurement id = 34372522 To popcluster74.atlas.winet.dcc.ufmg.br  created -> start :2021-12-08 17:01 estimation of stop:2021-12-09 01:21-> 18288,17998,20756,21120,21821,21831,21842,21848,22131,22158,22218,22310,22320,22370,22377,22458,22490,22642,22702,22720
Measurement id = 34372523 To popcluster75.atlas.winet.dcc.ufmg.br  created -> start :2021-12-08 17:01 estimation of stop:2021-12-09 01:21-> 18288,17998,20756,21120,21821,21831,21842,21848,22131,22158,22218,22310,22320,22370,22377,22458,22490,22642,22702,22720
Measurement id = 34372524 To popcluster76.atlas.winet.dcc.ufmg.br  created -> start :2021-12-08 17:01 estimation of stop:2021-12-09 01:21-> 18288,17998,20756,21120,21821,21831,21842,21848,22131,22158,22218,22310,22320,22370,22377,22458,22490,22642,22702,22720
Measurement id = 34372525 To popcluster77.atlas.winet.dcc.ufmg.br  created -> start :2021-12-08 17:01 estimation of stop:2021-12-09 01:21-> 18288,17998,20756,21120,21821,21831,21842,21848,22131,22158,22218,22310,22320,22370,22377,22458,22490,22642,22702,22720
Measurement id = 34372526 To popcluster78.atlas.winet.dcc.ufmg.br  created -> start :2021-12-08 17:01 estimation of stop:2021-12-09 01:21-> 18288,17998,20756,21120,21821,21831,21842,21848,22131,22158,22218,22310,22320,22370,22377,22458,22490,22642,22702,22720
Measurement id = 34372527 To popcluster79.atlas.winet.dcc.ufmg.br  created -> start :2021-12-08 17:01 estimation of stop:2021-12-09 01:21-> 18288,17998,20756,21120,21821,21831,21842,21848,22131,22158,22218,22310,22320,22370,22377,22458,22490,22642,22702,22720
Measurement id = 34372528 To popcluster80.atlas.winet.dcc.ufmg.br  created -> start :2021-12-08 17:01 estimation of stop:2021-12-09 01:21-> 18288,17998,20756,21120,21821,21831,21842,21848,22131,22158,22218,22310,22320,22370,22377,22458,22490,22642,22702,22720
Measurement id = 34372529 To popcluster81.atlas.winet.dcc.ufmg.br  created -> start :2021-12-08 17:01 estimation of stop:2021-12-09 01:21-> 18288,17998,20756,21120,21821,21831,21842,21848,22131,22158,22218,22310,22320,22370,22377,22458,22490,22642,22702,22720
Measurement id = 34372530 To popcluster82.atlas.winet.dcc.ufmg.br  created -> start :2021-12-08 17:01 estimation of stop:2021-12-09 01:21-> 18288,17998,20756,21120,21821,21831,21842,21848,22131,22158,22218,22310,22320,22370,22377,22458,22490,22642,22702,22720
Measurement id = 34372532 To popcluster83.atlas.winet.dcc.ufmg.br  created -> start :2021-12-08 17:01 estimation of stop:2021-12-09 01:21-> 18288,17998,20756,21120,21821,21831,21842,21848,22131,22158,22218,22310,22320,22370,22377,22458,22490,22642,22702,22720
Measurement id = 34372533 To popcluster84.atlas.winet.dcc.ufmg.br  created -> start :2021-12-08 17:01 estimation of stop:2021-12-09 01:21-> 18288,17998,20756,21120,21821,21831,21842,21848,22131,22158,22218,22310,22320,22370,22377,22458,22490,22642,22702,22720
Measurement id = 34372534 To popcluster85.atlas.winet.dcc.ufmg.br  created -> start :2021-12-08 17:01 estimation of stop:2021-12-09 01:21-> 18288,17998,20756,21120,21821,21831,21842,21848,22131,22158,22218,22310,22320,22370,22377,22458,22490,22642,22702,22720
Measurement id = 34372535 To popcluster86.atlas.winet.dcc.ufmg.br  created -> start :2021-12-08 17:01 estimation of stop:2021-12-09 01:21-> 18288,17998,20756,21120,21821,21831,21842,21848,22131,22158,22218,22310,22320,22370,22377,22458,22490,22642,22702,22720
Measurement id = 34372537 To popcluster87.atlas.winet.dcc.ufmg.br  created -> start :2021-12-08 17:01 estimation of stop:2021-12-09 01:21-> 18288,17998,20756,21120,21821,21831,21842,21848,22131,22158,22218,22310,22320,22370,22377,22458,22490,22642,22702,22720
Measurement id = 34372539 To popcluster88.atlas.winet.dcc.ufmg.br  created -> start :2021-12-08 17:01 estimation of stop:2021-12-09 01:21-> 18288,17998,20756,21120,21821,21831,21842,21848,22131,22158,22218,22310,22320,22370,22377,22458,22490,22642,22702,22720
Measurement id = 34372540 To popcluster89.atlas.winet.dcc.ufmg.br  created -> start :2021-12-08 17:01 estimation of stop:2021-12-09 01:21-> 18288,17998,20756,21120,21821,21831,21842,21848,22131,22158,22218,22310,22320,22370,22377,22458,22490,22642,22702,22720
Measurement id = 34372541 To popcluster90.atlas.winet.dcc.ufmg.br  created -> start :2021-12-08 17:01 estimation of stop:2021-12-09 01:21-> 18288,17998,20756,21120,21821,21831,21842,21848,22131,22158,22218,22310,22320,22370,22377,22458,22490,22642,22702,22720
Measurement id = 34372542 To popcluster91.atlas.winet.dcc.ufmg.br  created -> start :2021-12-08 17:01 estimation of stop:2021-12-09 01:21-> 18288,17998,20756,21120,21821,21831,21842,21848,22131,22158,22218,22310,22320,22370,22377,22458,22490,22642,22702,22720
Measurement id = 34372543 To popcluster92.atlas.winet.dcc.ufmg.br  created -> start :2021-12-08 17:01 estimation of stop:2021-12-09 01:21-> 18288,17998,20756,21120,21821,21831,21842,21848,22131,22158,22218,22310,22320,22370,22377,22458,22490,22642,22702,22720
Measurement id = 34372545 To popcluster93.atlas.winet.dcc.ufmg.br  created -> start :2021-12-08 17:01 estimation of stop:2021-12-09 01:21-> 18288,17998,20756,21120,21821,21831,21842,21848,22131,22158,22218,22310,22320,22370,22377,22458,22490,22642,22702,22720
Measurement id = 34372546 To popcluster94.atlas.winet.dcc.ufmg.br  created -> start :2021-12-08 17:01 estimation of stop:2021-12-09 01:21-> 18288,17998,20756,21120,21821,21831,21842,21848,22131,22158,22218,22310,22320,22370,22377,22458,22490,22642,22702,22720
Measurement id = 34372547 To popcluster95.atlas.winet.dcc.ufmg.br  created -> start :2021-12-08 17:01 estimation of stop:2021-12-09 01:21-> 18288,17998,20756,21120,21821,21831,21842,21848,22131,22158,22218,22310,22320,22370,22377,22458,22490,22642,22702,22720
Measurement id = 34372548 To popcluster96.atlas.winet.dcc.ufmg.br  created -> start :2021-12-08 17:01 estimation of stop:2021-12-09 01:21-> 18288,17998,20756,21120,21821,21831,21842,21848,22131,22158,22218,22310,22320,22370,22377,22458,22490,22642,22702,22720
Measurement id = 34372549 To popcluster97.atlas.winet.dcc.ufmg.br  created -> start :2021-12-08 17:01 estimation of stop:2021-12-09 01:21-> 18288,17998,20756,21120,21821,21831,21842,21848,22131,22158,22218,22310,22320,22370,22377,22458,22490,22642,22702,22720
Measurement id = 34372550 To popcluster98.atlas.winet.dcc.ufmg.br  created -> start :2021-12-08 17:01 estimation of stop:2021-12-09 01:21-> 18288,17998,20756,21120,21821,21831,21842,21848,22131,22158,22218,22310,22320,22370,22377,22458,22490,22642,22702,22720
Measurement id = 34372551 To popcluster99.atlas.winet.dcc.ufmg.br  created -> start :2021-12-08 17:01 estimation of stop:2021-12-09 01:21-> 18288,17998,20756,21120,21821,21831,21842,21848,22131,22158,22218,22310,22320,22370,22377,22458,22490,22642,22702,22720
Measurement id = 34372552 To popcluster100.atlas.winet.dcc.ufmg.br  created -> start :2021-12-08 17:01 estimation of stop:2021-12-09 01:21-> 18288,17998,20756,21120,21821,21831,21842,21848,22131,22158,22218,22310,22320,22370,22377,22458,22490,22642,22702,22720
