Measurement id = 34238011 To popcluster1.atlas.winet.dcc.ufmg.br  created -> start :2021-12-01 21:22 estimation of stop:2021-12-02 05:42-> 18595,18599,18671,18766,18867,18897,18975,19015,19019,19048,19103,19250,19298,19324,19391,19393,19430,19473,19555,19591
Measurement id = 34238012 To popcluster2.atlas.winet.dcc.ufmg.br  created -> start :2021-12-01 21:22 estimation of stop:2021-12-02 05:42-> 18595,18599,18671,18766,18867,18897,18975,19015,19019,19048,19103,19250,19298,19324,19391,19393,19430,19473,19555,19591
Measurement id = 34238013 To popcluster3.atlas.winet.dcc.ufmg.br  created -> start :2021-12-01 21:22 estimation of stop:2021-12-02 05:42-> 18595,18599,18671,18766,18867,18897,18975,19015,19019,19048,19103,19250,19298,19324,19391,19393,19430,19473,19555,19591
Measurement id = 34238014 To popcluster4.atlas.winet.dcc.ufmg.br  created -> start :2021-12-01 21:22 estimation of stop:2021-12-02 05:42-> 18595,18599,18671,18766,18867,18897,18975,19015,19019,19048,19103,19250,19298,19324,19391,19393,19430,19473,19555,19591
Measurement id = 34238015 To popcluster5.atlas.winet.dcc.ufmg.br  created -> start :2021-12-01 21:22 estimation of stop:2021-12-02 05:42-> 18595,18599,18671,18766,18867,18897,18975,19015,19019,19048,19103,19250,19298,19324,19391,19393,19430,19473,19555,19591
Measurement id = 34238016 To popcluster6.atlas.winet.dcc.ufmg.br  created -> start :2021-12-01 21:22 estimation of stop:2021-12-02 05:42-> 18595,18599,18671,18766,18867,18897,18975,19015,19019,19048,19103,19250,19298,19324,19391,19393,19430,19473,19555,19591
Measurement id = 34238017 To popcluster7.atlas.winet.dcc.ufmg.br  created -> start :2021-12-01 21:22 estimation of stop:2021-12-02 05:42-> 18595,18599,18671,18766,18867,18897,18975,19015,19019,19048,19103,19250,19298,19324,19391,19393,19430,19473,19555,19591
Measurement id = 34238018 To popcluster8.atlas.winet.dcc.ufmg.br  created -> start :2021-12-01 21:22 estimation of stop:2021-12-02 05:42-> 18595,18599,18671,18766,18867,18897,18975,19015,19019,19048,19103,19250,19298,19324,19391,19393,19430,19473,19555,19591
Measurement id = 34238019 To popcluster9.atlas.winet.dcc.ufmg.br  created -> start :2021-12-01 21:22 estimation of stop:2021-12-02 05:42-> 18595,18599,18671,18766,18867,18897,18975,19015,19019,19048,19103,19250,19298,19324,19391,19393,19430,19473,19555,19591
Measurement id = 34238020 To popcluster10.atlas.winet.dcc.ufmg.br  created -> start :2021-12-01 21:22 estimation of stop:2021-12-02 05:42-> 18595,18599,18671,18766,18867,18897,18975,19015,19019,19048,19103,19250,19298,19324,19391,19393,19430,19473,19555,19591
Measurement id = 34238021 To popcluster11.atlas.winet.dcc.ufmg.br  created -> start :2021-12-01 21:22 estimation of stop:2021-12-02 05:42-> 18595,18599,18671,18766,18867,18897,18975,19015,19019,19048,19103,19250,19298,19324,19391,19393,19430,19473,19555,19591
Measurement id = 34238022 To popcluster12.atlas.winet.dcc.ufmg.br  created -> start :2021-12-01 21:22 estimation of stop:2021-12-02 05:42-> 18595,18599,18671,18766,18867,18897,18975,19015,19019,19048,19103,19250,19298,19324,19391,19393,19430,19473,19555,19591
Measurement id = 34238023 To popcluster13.atlas.winet.dcc.ufmg.br  created -> start :2021-12-01 21:22 estimation of stop:2021-12-02 05:42-> 18595,18599,18671,18766,18867,18897,18975,19015,19019,19048,19103,19250,19298,19324,19391,19393,19430,19473,19555,19591
Measurement id = 34238025 To popcluster14.atlas.winet.dcc.ufmg.br  created -> start :2021-12-01 21:22 estimation of stop:2021-12-02 05:42-> 18595,18599,18671,18766,18867,18897,18975,19015,19019,19048,19103,19250,19298,19324,19391,19393,19430,19473,19555,19591
Measurement id = 34238026 To popcluster15.atlas.winet.dcc.ufmg.br  created -> start :2021-12-01 21:22 estimation of stop:2021-12-02 05:42-> 18595,18599,18671,18766,18867,18897,18975,19015,19019,19048,19103,19250,19298,19324,19391,19393,19430,19473,19555,19591
Measurement id = 34238027 To popcluster16.atlas.winet.dcc.ufmg.br  created -> start :2021-12-01 21:22 estimation of stop:2021-12-02 05:42-> 18595,18599,18671,18766,18867,18897,18975,19015,19019,19048,19103,19250,19298,19324,19391,19393,19430,19473,19555,19591
Measurement id = 34238029 To popcluster17.atlas.winet.dcc.ufmg.br  created -> start :2021-12-01 21:22 estimation of stop:2021-12-02 05:42-> 18595,18599,18671,18766,18867,18897,18975,19015,19019,19048,19103,19250,19298,19324,19391,19393,19430,19473,19555,19591
Measurement id = 34238032 To popcluster18.atlas.winet.dcc.ufmg.br  created -> start :2021-12-01 21:22 estimation of stop:2021-12-02 05:42-> 18595,18599,18671,18766,18867,18897,18975,19015,19019,19048,19103,19250,19298,19324,19391,19393,19430,19473,19555,19591
Measurement id = 34238034 To popcluster19.atlas.winet.dcc.ufmg.br  created -> start :2021-12-01 21:22 estimation of stop:2021-12-02 05:42-> 18595,18599,18671,18766,18867,18897,18975,19015,19019,19048,19103,19250,19298,19324,19391,19393,19430,19473,19555,19591
Measurement id = 34238035 To popcluster20.atlas.winet.dcc.ufmg.br  created -> start :2021-12-01 21:22 estimation of stop:2021-12-02 05:42-> 18595,18599,18671,18766,18867,18897,18975,19015,19019,19048,19103,19250,19298,19324,19391,19393,19430,19473,19555,19591
Measurement id = 34238036 To popcluster21.atlas.winet.dcc.ufmg.br  created -> start :2021-12-01 21:22 estimation of stop:2021-12-02 05:42-> 18595,18599,18671,18766,18867,18897,18975,19015,19019,19048,19103,19250,19298,19324,19391,19393,19430,19473,19555,19591
Measurement id = 34238037 To popcluster22.atlas.winet.dcc.ufmg.br  created -> start :2021-12-01 21:22 estimation of stop:2021-12-02 05:42-> 18595,18599,18671,18766,18867,18897,18975,19015,19019,19048,19103,19250,19298,19324,19391,19393,19430,19473,19555,19591
Measurement id = 34238038 To popcluster23.atlas.winet.dcc.ufmg.br  created -> start :2021-12-01 21:22 estimation of stop:2021-12-02 05:42-> 18595,18599,18671,18766,18867,18897,18975,19015,19019,19048,19103,19250,19298,19324,19391,19393,19430,19473,19555,19591
Measurement id = 34238039 To popcluster24.atlas.winet.dcc.ufmg.br  created -> start :2021-12-01 21:22 estimation of stop:2021-12-02 05:42-> 18595,18599,18671,18766,18867,18897,18975,19015,19019,19048,19103,19250,19298,19324,19391,19393,19430,19473,19555,19591
Measurement id = 34238040 To popcluster25.atlas.winet.dcc.ufmg.br  created -> start :2021-12-01 21:22 estimation of stop:2021-12-02 05:42-> 18595,18599,18671,18766,18867,18897,18975,19015,19019,19048,19103,19250,19298,19324,19391,19393,19430,19473,19555,19591
Measurement id = 34238041 To popcluster26.atlas.winet.dcc.ufmg.br  created -> start :2021-12-01 21:22 estimation of stop:2021-12-02 05:42-> 18595,18599,18671,18766,18867,18897,18975,19015,19019,19048,19103,19250,19298,19324,19391,19393,19430,19473,19555,19591
Measurement id = 34238042 To popcluster27.atlas.winet.dcc.ufmg.br  created -> start :2021-12-01 21:22 estimation of stop:2021-12-02 05:42-> 18595,18599,18671,18766,18867,18897,18975,19015,19019,19048,19103,19250,19298,19324,19391,19393,19430,19473,19555,19591
Measurement id = 34238043 To popcluster28.atlas.winet.dcc.ufmg.br  created -> start :2021-12-01 21:22 estimation of stop:2021-12-02 05:42-> 18595,18599,18671,18766,18867,18897,18975,19015,19019,19048,19103,19250,19298,19324,19391,19393,19430,19473,19555,19591
Measurement id = 34238044 To popcluster29.atlas.winet.dcc.ufmg.br  created -> start :2021-12-01 21:22 estimation of stop:2021-12-02 05:42-> 18595,18599,18671,18766,18867,18897,18975,19015,19019,19048,19103,19250,19298,19324,19391,19393,19430,19473,19555,19591
Measurement id = 34238045 To popcluster30.atlas.winet.dcc.ufmg.br  created -> start :2021-12-01 21:22 estimation of stop:2021-12-02 05:42-> 18595,18599,18671,18766,18867,18897,18975,19015,19019,19048,19103,19250,19298,19324,19391,19393,19430,19473,19555,19591
Measurement id = 34238046 To popcluster31.atlas.winet.dcc.ufmg.br  created -> start :2021-12-01 21:22 estimation of stop:2021-12-02 05:42-> 18595,18599,18671,18766,18867,18897,18975,19015,19019,19048,19103,19250,19298,19324,19391,19393,19430,19473,19555,19591
Measurement id = 34238047 To popcluster32.atlas.winet.dcc.ufmg.br  created -> start :2021-12-01 21:22 estimation of stop:2021-12-02 05:42-> 18595,18599,18671,18766,18867,18897,18975,19015,19019,19048,19103,19250,19298,19324,19391,19393,19430,19473,19555,19591
Measurement id = 34238048 To popcluster33.atlas.winet.dcc.ufmg.br  created -> start :2021-12-01 21:22 estimation of stop:2021-12-02 05:42-> 18595,18599,18671,18766,18867,18897,18975,19015,19019,19048,19103,19250,19298,19324,19391,19393,19430,19473,19555,19591
Measurement id = 34238049 To popcluster34.atlas.winet.dcc.ufmg.br  created -> start :2021-12-01 21:22 estimation of stop:2021-12-02 05:42-> 18595,18599,18671,18766,18867,18897,18975,19015,19019,19048,19103,19250,19298,19324,19391,19393,19430,19473,19555,19591
Measurement id = 34238050 To popcluster35.atlas.winet.dcc.ufmg.br  created -> start :2021-12-01 21:22 estimation of stop:2021-12-02 05:42-> 18595,18599,18671,18766,18867,18897,18975,19015,19019,19048,19103,19250,19298,19324,19391,19393,19430,19473,19555,19591
Measurement id = 34238051 To popcluster36.atlas.winet.dcc.ufmg.br  created -> start :2021-12-01 21:22 estimation of stop:2021-12-02 05:42-> 18595,18599,18671,18766,18867,18897,18975,19015,19019,19048,19103,19250,19298,19324,19391,19393,19430,19473,19555,19591
Measurement id = 34238052 To popcluster37.atlas.winet.dcc.ufmg.br  created -> start :2021-12-01 21:22 estimation of stop:2021-12-02 05:42-> 18595,18599,18671,18766,18867,18897,18975,19015,19019,19048,19103,19250,19298,19324,19391,19393,19430,19473,19555,19591
Measurement id = 34238053 To popcluster38.atlas.winet.dcc.ufmg.br  created -> start :2021-12-01 21:22 estimation of stop:2021-12-02 05:42-> 18595,18599,18671,18766,18867,18897,18975,19015,19019,19048,19103,19250,19298,19324,19391,19393,19430,19473,19555,19591
Measurement id = 34238054 To popcluster39.atlas.winet.dcc.ufmg.br  created -> start :2021-12-01 21:22 estimation of stop:2021-12-02 05:42-> 18595,18599,18671,18766,18867,18897,18975,19015,19019,19048,19103,19250,19298,19324,19391,19393,19430,19473,19555,19591
Measurement id = 34238055 To popcluster40.atlas.winet.dcc.ufmg.br  created -> start :2021-12-01 21:22 estimation of stop:2021-12-02 05:42-> 18595,18599,18671,18766,18867,18897,18975,19015,19019,19048,19103,19250,19298,19324,19391,19393,19430,19473,19555,19591
Measurement id = 34238056 To popcluster41.atlas.winet.dcc.ufmg.br  created -> start :2021-12-01 21:22 estimation of stop:2021-12-02 05:42-> 18595,18599,18671,18766,18867,18897,18975,19015,19019,19048,19103,19250,19298,19324,19391,19393,19430,19473,19555,19591
Measurement id = 34238057 To popcluster42.atlas.winet.dcc.ufmg.br  created -> start :2021-12-01 21:22 estimation of stop:2021-12-02 05:42-> 18595,18599,18671,18766,18867,18897,18975,19015,19019,19048,19103,19250,19298,19324,19391,19393,19430,19473,19555,19591
Measurement id = 34238058 To popcluster43.atlas.winet.dcc.ufmg.br  created -> start :2021-12-01 21:22 estimation of stop:2021-12-02 05:42-> 18595,18599,18671,18766,18867,18897,18975,19015,19019,19048,19103,19250,19298,19324,19391,19393,19430,19473,19555,19591
Measurement id = 34238059 To popcluster44.atlas.winet.dcc.ufmg.br  created -> start :2021-12-01 21:22 estimation of stop:2021-12-02 05:42-> 18595,18599,18671,18766,18867,18897,18975,19015,19019,19048,19103,19250,19298,19324,19391,19393,19430,19473,19555,19591
Measurement id = 34238060 To popcluster45.atlas.winet.dcc.ufmg.br  created -> start :2021-12-01 21:22 estimation of stop:2021-12-02 05:42-> 18595,18599,18671,18766,18867,18897,18975,19015,19019,19048,19103,19250,19298,19324,19391,19393,19430,19473,19555,19591
Measurement id = 34238061 To popcluster46.atlas.winet.dcc.ufmg.br  created -> start :2021-12-01 21:22 estimation of stop:2021-12-02 05:42-> 18595,18599,18671,18766,18867,18897,18975,19015,19019,19048,19103,19250,19298,19324,19391,19393,19430,19473,19555,19591
Measurement id = 34238062 To popcluster47.atlas.winet.dcc.ufmg.br  created -> start :2021-12-01 21:22 estimation of stop:2021-12-02 05:42-> 18595,18599,18671,18766,18867,18897,18975,19015,19019,19048,19103,19250,19298,19324,19391,19393,19430,19473,19555,19591
Measurement id = 34238063 To popcluster48.atlas.winet.dcc.ufmg.br  created -> start :2021-12-01 21:22 estimation of stop:2021-12-02 05:42-> 18595,18599,18671,18766,18867,18897,18975,19015,19019,19048,19103,19250,19298,19324,19391,19393,19430,19473,19555,19591
Measurement id = 34238064 To popcluster49.atlas.winet.dcc.ufmg.br  created -> start :2021-12-01 21:22 estimation of stop:2021-12-02 05:42-> 18595,18599,18671,18766,18867,18897,18975,19015,19019,19048,19103,19250,19298,19324,19391,19393,19430,19473,19555,19591
Measurement id = 34238065 To popcluster50.atlas.winet.dcc.ufmg.br  created -> start :2021-12-01 21:22 estimation of stop:2021-12-02 05:42-> 18595,18599,18671,18766,18867,18897,18975,19015,19019,19048,19103,19250,19298,19324,19391,19393,19430,19473,19555,19591
Measurement id = 34238066 To popcluster51.atlas.winet.dcc.ufmg.br  created -> start :2021-12-01 21:22 estimation of stop:2021-12-02 05:42-> 18595,18599,18671,18766,18867,18897,18975,19015,19019,19048,19103,19250,19298,19324,19391,19393,19430,19473,19555,19591
Measurement id = 34238067 To popcluster52.atlas.winet.dcc.ufmg.br  created -> start :2021-12-01 21:22 estimation of stop:2021-12-02 05:42-> 18595,18599,18671,18766,18867,18897,18975,19015,19019,19048,19103,19250,19298,19324,19391,19393,19430,19473,19555,19591
Measurement id = 34238069 To popcluster53.atlas.winet.dcc.ufmg.br  created -> start :2021-12-01 21:22 estimation of stop:2021-12-02 05:42-> 18595,18599,18671,18766,18867,18897,18975,19015,19019,19048,19103,19250,19298,19324,19391,19393,19430,19473,19555,19591
Measurement id = 34238070 To popcluster54.atlas.winet.dcc.ufmg.br  created -> start :2021-12-01 21:22 estimation of stop:2021-12-02 05:42-> 18595,18599,18671,18766,18867,18897,18975,19015,19019,19048,19103,19250,19298,19324,19391,19393,19430,19473,19555,19591
Measurement id = 34238071 To popcluster55.atlas.winet.dcc.ufmg.br  created -> start :2021-12-01 21:22 estimation of stop:2021-12-02 05:42-> 18595,18599,18671,18766,18867,18897,18975,19015,19019,19048,19103,19250,19298,19324,19391,19393,19430,19473,19555,19591
Measurement id = 34238072 To popcluster56.atlas.winet.dcc.ufmg.br  created -> start :2021-12-01 21:22 estimation of stop:2021-12-02 05:42-> 18595,18599,18671,18766,18867,18897,18975,19015,19019,19048,19103,19250,19298,19324,19391,19393,19430,19473,19555,19591
Measurement id = 34238073 To popcluster57.atlas.winet.dcc.ufmg.br  created -> start :2021-12-01 21:22 estimation of stop:2021-12-02 05:42-> 18595,18599,18671,18766,18867,18897,18975,19015,19019,19048,19103,19250,19298,19324,19391,19393,19430,19473,19555,19591
Measurement id = 34238074 To popcluster58.atlas.winet.dcc.ufmg.br  created -> start :2021-12-01 21:22 estimation of stop:2021-12-02 05:42-> 18595,18599,18671,18766,18867,18897,18975,19015,19019,19048,19103,19250,19298,19324,19391,19393,19430,19473,19555,19591
Measurement id = 34238075 To popcluster59.atlas.winet.dcc.ufmg.br  created -> start :2021-12-01 21:22 estimation of stop:2021-12-02 05:42-> 18595,18599,18671,18766,18867,18897,18975,19015,19019,19048,19103,19250,19298,19324,19391,19393,19430,19473,19555,19591
Measurement id = 34238076 To popcluster60.atlas.winet.dcc.ufmg.br  created -> start :2021-12-01 21:22 estimation of stop:2021-12-02 05:42-> 18595,18599,18671,18766,18867,18897,18975,19015,19019,19048,19103,19250,19298,19324,19391,19393,19430,19473,19555,19591
Measurement id = 34238077 To popcluster61.atlas.winet.dcc.ufmg.br  created -> start :2021-12-01 21:22 estimation of stop:2021-12-02 05:42-> 18595,18599,18671,18766,18867,18897,18975,19015,19019,19048,19103,19250,19298,19324,19391,19393,19430,19473,19555,19591
Measurement id = 34238078 To popcluster62.atlas.winet.dcc.ufmg.br  created -> start :2021-12-01 21:22 estimation of stop:2021-12-02 05:42-> 18595,18599,18671,18766,18867,18897,18975,19015,19019,19048,19103,19250,19298,19324,19391,19393,19430,19473,19555,19591
Measurement id = 34238079 To popcluster63.atlas.winet.dcc.ufmg.br  created -> start :2021-12-01 21:22 estimation of stop:2021-12-02 05:42-> 18595,18599,18671,18766,18867,18897,18975,19015,19019,19048,19103,19250,19298,19324,19391,19393,19430,19473,19555,19591
Measurement id = 34238081 To popcluster64.atlas.winet.dcc.ufmg.br  created -> start :2021-12-01 21:22 estimation of stop:2021-12-02 05:42-> 18595,18599,18671,18766,18867,18897,18975,19015,19019,19048,19103,19250,19298,19324,19391,19393,19430,19473,19555,19591
Measurement id = 34238082 To popcluster65.atlas.winet.dcc.ufmg.br  created -> start :2021-12-01 21:22 estimation of stop:2021-12-02 05:42-> 18595,18599,18671,18766,18867,18897,18975,19015,19019,19048,19103,19250,19298,19324,19391,19393,19430,19473,19555,19591
Measurement id = 34238083 To popcluster66.atlas.winet.dcc.ufmg.br  created -> start :2021-12-01 21:22 estimation of stop:2021-12-02 05:42-> 18595,18599,18671,18766,18867,18897,18975,19015,19019,19048,19103,19250,19298,19324,19391,19393,19430,19473,19555,19591
Measurement id = 34238084 To popcluster67.atlas.winet.dcc.ufmg.br  created -> start :2021-12-01 21:22 estimation of stop:2021-12-02 05:42-> 18595,18599,18671,18766,18867,18897,18975,19015,19019,19048,19103,19250,19298,19324,19391,19393,19430,19473,19555,19591
Measurement id = 34238085 To popcluster68.atlas.winet.dcc.ufmg.br  created -> start :2021-12-01 21:22 estimation of stop:2021-12-02 05:42-> 18595,18599,18671,18766,18867,18897,18975,19015,19019,19048,19103,19250,19298,19324,19391,19393,19430,19473,19555,19591
Measurement id = 34238086 To popcluster69.atlas.winet.dcc.ufmg.br  created -> start :2021-12-01 21:22 estimation of stop:2021-12-02 05:42-> 18595,18599,18671,18766,18867,18897,18975,19015,19019,19048,19103,19250,19298,19324,19391,19393,19430,19473,19555,19591
Measurement id = 34238087 To popcluster70.atlas.winet.dcc.ufmg.br  created -> start :2021-12-01 21:22 estimation of stop:2021-12-02 05:42-> 18595,18599,18671,18766,18867,18897,18975,19015,19019,19048,19103,19250,19298,19324,19391,19393,19430,19473,19555,19591
Measurement id = 34238088 To popcluster71.atlas.winet.dcc.ufmg.br  created -> start :2021-12-01 21:22 estimation of stop:2021-12-02 05:42-> 18595,18599,18671,18766,18867,18897,18975,19015,19019,19048,19103,19250,19298,19324,19391,19393,19430,19473,19555,19591
Measurement id = 34238089 To popcluster72.atlas.winet.dcc.ufmg.br  created -> start :2021-12-01 21:22 estimation of stop:2021-12-02 05:42-> 18595,18599,18671,18766,18867,18897,18975,19015,19019,19048,19103,19250,19298,19324,19391,19393,19430,19473,19555,19591
Measurement id = 34238090 To popcluster73.atlas.winet.dcc.ufmg.br  created -> start :2021-12-01 21:22 estimation of stop:2021-12-02 05:42-> 18595,18599,18671,18766,18867,18897,18975,19015,19019,19048,19103,19250,19298,19324,19391,19393,19430,19473,19555,19591
Measurement id = 34238091 To popcluster74.atlas.winet.dcc.ufmg.br  created -> start :2021-12-01 21:22 estimation of stop:2021-12-02 05:42-> 18595,18599,18671,18766,18867,18897,18975,19015,19019,19048,19103,19250,19298,19324,19391,19393,19430,19473,19555,19591
Measurement id = 34238092 To popcluster75.atlas.winet.dcc.ufmg.br  created -> start :2021-12-01 21:22 estimation of stop:2021-12-02 05:42-> 18595,18599,18671,18766,18867,18897,18975,19015,19019,19048,19103,19250,19298,19324,19391,19393,19430,19473,19555,19591
Measurement id = 34238093 To popcluster76.atlas.winet.dcc.ufmg.br  created -> start :2021-12-01 21:22 estimation of stop:2021-12-02 05:42-> 18595,18599,18671,18766,18867,18897,18975,19015,19019,19048,19103,19250,19298,19324,19391,19393,19430,19473,19555,19591
Measurement id = 34238094 To popcluster77.atlas.winet.dcc.ufmg.br  created -> start :2021-12-01 21:22 estimation of stop:2021-12-02 05:42-> 18595,18599,18671,18766,18867,18897,18975,19015,19019,19048,19103,19250,19298,19324,19391,19393,19430,19473,19555,19591
Measurement id = 34238095 To popcluster78.atlas.winet.dcc.ufmg.br  created -> start :2021-12-01 21:22 estimation of stop:2021-12-02 05:42-> 18595,18599,18671,18766,18867,18897,18975,19015,19019,19048,19103,19250,19298,19324,19391,19393,19430,19473,19555,19591
Measurement id = 34238096 To popcluster79.atlas.winet.dcc.ufmg.br  created -> start :2021-12-01 21:22 estimation of stop:2021-12-02 05:42-> 18595,18599,18671,18766,18867,18897,18975,19015,19019,19048,19103,19250,19298,19324,19391,19393,19430,19473,19555,19591
Measurement id = 34238097 To popcluster80.atlas.winet.dcc.ufmg.br  created -> start :2021-12-01 21:22 estimation of stop:2021-12-02 05:42-> 18595,18599,18671,18766,18867,18897,18975,19015,19019,19048,19103,19250,19298,19324,19391,19393,19430,19473,19555,19591
Measurement id = 34238098 To popcluster81.atlas.winet.dcc.ufmg.br  created -> start :2021-12-01 21:22 estimation of stop:2021-12-02 05:42-> 18595,18599,18671,18766,18867,18897,18975,19015,19019,19048,19103,19250,19298,19324,19391,19393,19430,19473,19555,19591
Measurement id = 34238099 To popcluster82.atlas.winet.dcc.ufmg.br  created -> start :2021-12-01 21:22 estimation of stop:2021-12-02 05:42-> 18595,18599,18671,18766,18867,18897,18975,19015,19019,19048,19103,19250,19298,19324,19391,19393,19430,19473,19555,19591
Measurement id = 34238100 To popcluster83.atlas.winet.dcc.ufmg.br  created -> start :2021-12-01 21:22 estimation of stop:2021-12-02 05:42-> 18595,18599,18671,18766,18867,18897,18975,19015,19019,19048,19103,19250,19298,19324,19391,19393,19430,19473,19555,19591
Measurement id = 34238101 To popcluster84.atlas.winet.dcc.ufmg.br  created -> start :2021-12-01 21:22 estimation of stop:2021-12-02 05:42-> 18595,18599,18671,18766,18867,18897,18975,19015,19019,19048,19103,19250,19298,19324,19391,19393,19430,19473,19555,19591
Measurement id = 34238102 To popcluster85.atlas.winet.dcc.ufmg.br  created -> start :2021-12-01 21:22 estimation of stop:2021-12-02 05:42-> 18595,18599,18671,18766,18867,18897,18975,19015,19019,19048,19103,19250,19298,19324,19391,19393,19430,19473,19555,19591
Measurement id = 34238103 To popcluster86.atlas.winet.dcc.ufmg.br  created -> start :2021-12-01 21:22 estimation of stop:2021-12-02 05:42-> 18595,18599,18671,18766,18867,18897,18975,19015,19019,19048,19103,19250,19298,19324,19391,19393,19430,19473,19555,19591
Measurement id = 34238104 To popcluster87.atlas.winet.dcc.ufmg.br  created -> start :2021-12-01 21:22 estimation of stop:2021-12-02 05:42-> 18595,18599,18671,18766,18867,18897,18975,19015,19019,19048,19103,19250,19298,19324,19391,19393,19430,19473,19555,19591
Measurement id = 34238105 To popcluster88.atlas.winet.dcc.ufmg.br  created -> start :2021-12-01 21:22 estimation of stop:2021-12-02 05:42-> 18595,18599,18671,18766,18867,18897,18975,19015,19019,19048,19103,19250,19298,19324,19391,19393,19430,19473,19555,19591
Measurement id = 34238106 To popcluster89.atlas.winet.dcc.ufmg.br  created -> start :2021-12-01 21:22 estimation of stop:2021-12-02 05:42-> 18595,18599,18671,18766,18867,18897,18975,19015,19019,19048,19103,19250,19298,19324,19391,19393,19430,19473,19555,19591
Measurement id = 34238107 To popcluster90.atlas.winet.dcc.ufmg.br  created -> start :2021-12-01 21:22 estimation of stop:2021-12-02 05:42-> 18595,18599,18671,18766,18867,18897,18975,19015,19019,19048,19103,19250,19298,19324,19391,19393,19430,19473,19555,19591
Measurement id = 34238108 To popcluster91.atlas.winet.dcc.ufmg.br  created -> start :2021-12-01 21:22 estimation of stop:2021-12-02 05:42-> 18595,18599,18671,18766,18867,18897,18975,19015,19019,19048,19103,19250,19298,19324,19391,19393,19430,19473,19555,19591
Measurement id = 34238109 To popcluster92.atlas.winet.dcc.ufmg.br  created -> start :2021-12-01 21:22 estimation of stop:2021-12-02 05:42-> 18595,18599,18671,18766,18867,18897,18975,19015,19019,19048,19103,19250,19298,19324,19391,19393,19430,19473,19555,19591
Measurement id = 34238110 To popcluster93.atlas.winet.dcc.ufmg.br  created -> start :2021-12-01 21:22 estimation of stop:2021-12-02 05:42-> 18595,18599,18671,18766,18867,18897,18975,19015,19019,19048,19103,19250,19298,19324,19391,19393,19430,19473,19555,19591
Measurement id = 34238111 To popcluster94.atlas.winet.dcc.ufmg.br  created -> start :2021-12-01 21:22 estimation of stop:2021-12-02 05:42-> 18595,18599,18671,18766,18867,18897,18975,19015,19019,19048,19103,19250,19298,19324,19391,19393,19430,19473,19555,19591
Measurement id = 34238112 To popcluster95.atlas.winet.dcc.ufmg.br  created -> start :2021-12-01 21:22 estimation of stop:2021-12-02 05:42-> 18595,18599,18671,18766,18867,18897,18975,19015,19019,19048,19103,19250,19298,19324,19391,19393,19430,19473,19555,19591
Measurement id = 34238113 To popcluster96.atlas.winet.dcc.ufmg.br  created -> start :2021-12-01 21:22 estimation of stop:2021-12-02 05:42-> 18595,18599,18671,18766,18867,18897,18975,19015,19019,19048,19103,19250,19298,19324,19391,19393,19430,19473,19555,19591
Measurement id = 34238114 To popcluster97.atlas.winet.dcc.ufmg.br  created -> start :2021-12-01 21:22 estimation of stop:2021-12-02 05:42-> 18595,18599,18671,18766,18867,18897,18975,19015,19019,19048,19103,19250,19298,19324,19391,19393,19430,19473,19555,19591
Measurement id = 34238115 To popcluster98.atlas.winet.dcc.ufmg.br  created -> start :2021-12-01 21:22 estimation of stop:2021-12-02 05:42-> 18595,18599,18671,18766,18867,18897,18975,19015,19019,19048,19103,19250,19298,19324,19391,19393,19430,19473,19555,19591
Measurement id = 34238116 To popcluster99.atlas.winet.dcc.ufmg.br  created -> start :2021-12-01 21:22 estimation of stop:2021-12-02 05:42-> 18595,18599,18671,18766,18867,18897,18975,19015,19019,19048,19103,19250,19298,19324,19391,19393,19430,19473,19555,19591
Measurement id = 34238117 To popcluster100.atlas.winet.dcc.ufmg.br  created -> start :2021-12-01 21:22 estimation of stop:2021-12-02 05:42-> 18595,18599,18671,18766,18867,18897,18975,19015,19019,19048,19103,19250,19298,19324,19391,19393,19430,19473,19555,19591
