Measurement id = 33861467 To popcluster1.atlas.winet.dcc.ufmg.br  created -> start :2021-11-25 01:11 estimation of stop:2021-11-25 09:31-> 13050,13054,13177,13230,13441,13443,13539,13855,13873,14012,14038,14049,14154,14175,14285,14291,14683,14694,14785,15059
Measurement id = 33861468 To popcluster2.atlas.winet.dcc.ufmg.br  created -> start :2021-11-25 01:11 estimation of stop:2021-11-25 09:31-> 13050,13054,13177,13230,13441,13443,13539,13855,13873,14012,14038,14049,14154,14175,14285,14291,14683,14694,14785,15059
Measurement id = 33861469 To popcluster3.atlas.winet.dcc.ufmg.br  created -> start :2021-11-25 01:11 estimation of stop:2021-11-25 09:31-> 13050,13054,13177,13230,13441,13443,13539,13855,13873,14012,14038,14049,14154,14175,14285,14291,14683,14694,14785,15059
Measurement id = 33861473 To popcluster4.atlas.winet.dcc.ufmg.br  created -> start :2021-11-25 01:11 estimation of stop:2021-11-25 09:31-> 13050,13054,13177,13230,13441,13443,13539,13855,13873,14012,14038,14049,14154,14175,14285,14291,14683,14694,14785,15059
Measurement id = 33861480 To popcluster5.atlas.winet.dcc.ufmg.br  created -> start :2021-11-25 01:11 estimation of stop:2021-11-25 09:31-> 13050,13054,13177,13230,13441,13443,13539,13855,13873,14012,14038,14049,14154,14175,14285,14291,14683,14694,14785,15059
Measurement id = 33861482 To popcluster6.atlas.winet.dcc.ufmg.br  created -> start :2021-11-25 01:11 estimation of stop:2021-11-25 09:31-> 13050,13054,13177,13230,13441,13443,13539,13855,13873,14012,14038,14049,14154,14175,14285,14291,14683,14694,14785,15059
Measurement id = 33861484 To popcluster7.atlas.winet.dcc.ufmg.br  created -> start :2021-11-25 01:11 estimation of stop:2021-11-25 09:31-> 13050,13054,13177,13230,13441,13443,13539,13855,13873,14012,14038,14049,14154,14175,14285,14291,14683,14694,14785,15059
Measurement id = 33861487 To popcluster8.atlas.winet.dcc.ufmg.br  created -> start :2021-11-25 01:11 estimation of stop:2021-11-25 09:31-> 13050,13054,13177,13230,13441,13443,13539,13855,13873,14012,14038,14049,14154,14175,14285,14291,14683,14694,14785,15059
Measurement id = 33861490 To popcluster9.atlas.winet.dcc.ufmg.br  created -> start :2021-11-25 01:11 estimation of stop:2021-11-25 09:31-> 13050,13054,13177,13230,13441,13443,13539,13855,13873,14012,14038,14049,14154,14175,14285,14291,14683,14694,14785,15059
Measurement id = 33861494 To popcluster10.atlas.winet.dcc.ufmg.br  created -> start :2021-11-25 01:11 estimation of stop:2021-11-25 09:31-> 13050,13054,13177,13230,13441,13443,13539,13855,13873,14012,14038,14049,14154,14175,14285,14291,14683,14694,14785,15059
Measurement id = 33861507 To popcluster11.atlas.winet.dcc.ufmg.br  created -> start :2021-11-25 01:11 estimation of stop:2021-11-25 09:31-> 13050,13054,13177,13230,13441,13443,13539,13855,13873,14012,14038,14049,14154,14175,14285,14291,14683,14694,14785,15059
Measurement id = 33861524 To popcluster12.atlas.winet.dcc.ufmg.br  created -> start :2021-11-25 01:11 estimation of stop:2021-11-25 09:31-> 13050,13054,13177,13230,13441,13443,13539,13855,13873,14012,14038,14049,14154,14175,14285,14291,14683,14694,14785,15059
Measurement id = 33861533 To popcluster13.atlas.winet.dcc.ufmg.br  created -> start :2021-11-25 01:11 estimation of stop:2021-11-25 09:31-> 13050,13054,13177,13230,13441,13443,13539,13855,13873,14012,14038,14049,14154,14175,14285,14291,14683,14694,14785,15059
Measurement id = 33861536 To popcluster14.atlas.winet.dcc.ufmg.br  created -> start :2021-11-25 01:11 estimation of stop:2021-11-25 09:31-> 13050,13054,13177,13230,13441,13443,13539,13855,13873,14012,14038,14049,14154,14175,14285,14291,14683,14694,14785,15059
Measurement id = 33861543 To popcluster15.atlas.winet.dcc.ufmg.br  created -> start :2021-11-25 01:11 estimation of stop:2021-11-25 09:31-> 13050,13054,13177,13230,13441,13443,13539,13855,13873,14012,14038,14049,14154,14175,14285,14291,14683,14694,14785,15059
Measurement id = 33861546 To popcluster16.atlas.winet.dcc.ufmg.br  created -> start :2021-11-25 01:11 estimation of stop:2021-11-25 09:31-> 13050,13054,13177,13230,13441,13443,13539,13855,13873,14012,14038,14049,14154,14175,14285,14291,14683,14694,14785,15059
Measurement id = 33861554 To popcluster17.atlas.winet.dcc.ufmg.br  created -> start :2021-11-25 01:11 estimation of stop:2021-11-25 09:31-> 13050,13054,13177,13230,13441,13443,13539,13855,13873,14012,14038,14049,14154,14175,14285,14291,14683,14694,14785,15059
Measurement id = 33861559 To popcluster18.atlas.winet.dcc.ufmg.br  created -> start :2021-11-25 01:11 estimation of stop:2021-11-25 09:31-> 13050,13054,13177,13230,13441,13443,13539,13855,13873,14012,14038,14049,14154,14175,14285,14291,14683,14694,14785,15059
Measurement id = 33861562 To popcluster19.atlas.winet.dcc.ufmg.br  created -> start :2021-11-25 01:11 estimation of stop:2021-11-25 09:31-> 13050,13054,13177,13230,13441,13443,13539,13855,13873,14012,14038,14049,14154,14175,14285,14291,14683,14694,14785,15059
Measurement id = 33861571 To popcluster20.atlas.winet.dcc.ufmg.br  created -> start :2021-11-25 01:11 estimation of stop:2021-11-25 09:31-> 13050,13054,13177,13230,13441,13443,13539,13855,13873,14012,14038,14049,14154,14175,14285,14291,14683,14694,14785,15059
Measurement id = 33861614 To popcluster21.atlas.winet.dcc.ufmg.br  created -> start :2021-11-25 01:11 estimation of stop:2021-11-25 09:31-> 13050,13054,13177,13230,13441,13443,13539,13855,13873,14012,14038,14049,14154,14175,14285,14291,14683,14694,14785,15059
Measurement id = 33861641 To popcluster22.atlas.winet.dcc.ufmg.br  created -> start :2021-11-25 01:11 estimation of stop:2021-11-25 09:31-> 13050,13054,13177,13230,13441,13443,13539,13855,13873,14012,14038,14049,14154,14175,14285,14291,14683,14694,14785,15059
Measurement id = 33861672 To popcluster23.atlas.winet.dcc.ufmg.br  created -> start :2021-11-25 01:11 estimation of stop:2021-11-25 09:31-> 13050,13054,13177,13230,13441,13443,13539,13855,13873,14012,14038,14049,14154,14175,14285,14291,14683,14694,14785,15059
Measurement id = 33861696 To popcluster24.atlas.winet.dcc.ufmg.br  created -> start :2021-11-25 01:11 estimation of stop:2021-11-25 09:31-> 13050,13054,13177,13230,13441,13443,13539,13855,13873,14012,14038,14049,14154,14175,14285,14291,14683,14694,14785,15059
Measurement id = 33861749 To popcluster25.atlas.winet.dcc.ufmg.br  created -> start :2021-11-25 01:11 estimation of stop:2021-11-25 09:31-> 13050,13054,13177,13230,13441,13443,13539,13855,13873,14012,14038,14049,14154,14175,14285,14291,14683,14694,14785,15059
Measurement id = 33861780 To popcluster26.atlas.winet.dcc.ufmg.br  created -> start :2021-11-25 01:11 estimation of stop:2021-11-25 09:31-> 13050,13054,13177,13230,13441,13443,13539,13855,13873,14012,14038,14049,14154,14175,14285,14291,14683,14694,14785,15059
Measurement id = 33861781 To popcluster27.atlas.winet.dcc.ufmg.br  created -> start :2021-11-25 01:11 estimation of stop:2021-11-25 09:31-> 13050,13054,13177,13230,13441,13443,13539,13855,13873,14012,14038,14049,14154,14175,14285,14291,14683,14694,14785,15059
Measurement id = 33861782 To popcluster28.atlas.winet.dcc.ufmg.br  created -> start :2021-11-25 01:11 estimation of stop:2021-11-25 09:31-> 13050,13054,13177,13230,13441,13443,13539,13855,13873,14012,14038,14049,14154,14175,14285,14291,14683,14694,14785,15059
Measurement id = 33861783 To popcluster29.atlas.winet.dcc.ufmg.br  created -> start :2021-11-25 01:11 estimation of stop:2021-11-25 09:31-> 13050,13054,13177,13230,13441,13443,13539,13855,13873,14012,14038,14049,14154,14175,14285,14291,14683,14694,14785,15059
Measurement id = 33861785 To popcluster30.atlas.winet.dcc.ufmg.br  created -> start :2021-11-25 01:11 estimation of stop:2021-11-25 09:31-> 13050,13054,13177,13230,13441,13443,13539,13855,13873,14012,14038,14049,14154,14175,14285,14291,14683,14694,14785,15059
Measurement id = 33861787 To popcluster31.atlas.winet.dcc.ufmg.br  created -> start :2021-11-25 01:11 estimation of stop:2021-11-25 09:31-> 13050,13054,13177,13230,13441,13443,13539,13855,13873,14012,14038,14049,14154,14175,14285,14291,14683,14694,14785,15059
Measurement id = 33861788 To popcluster32.atlas.winet.dcc.ufmg.br  created -> start :2021-11-25 01:11 estimation of stop:2021-11-25 09:31-> 13050,13054,13177,13230,13441,13443,13539,13855,13873,14012,14038,14049,14154,14175,14285,14291,14683,14694,14785,15059
Measurement id = 33861789 To popcluster33.atlas.winet.dcc.ufmg.br  created -> start :2021-11-25 01:11 estimation of stop:2021-11-25 09:31-> 13050,13054,13177,13230,13441,13443,13539,13855,13873,14012,14038,14049,14154,14175,14285,14291,14683,14694,14785,15059
Measurement id = 33861790 To popcluster34.atlas.winet.dcc.ufmg.br  created -> start :2021-11-25 01:11 estimation of stop:2021-11-25 09:31-> 13050,13054,13177,13230,13441,13443,13539,13855,13873,14012,14038,14049,14154,14175,14285,14291,14683,14694,14785,15059
Measurement id = 33861791 To popcluster35.atlas.winet.dcc.ufmg.br  created -> start :2021-11-25 01:11 estimation of stop:2021-11-25 09:31-> 13050,13054,13177,13230,13441,13443,13539,13855,13873,14012,14038,14049,14154,14175,14285,14291,14683,14694,14785,15059
Measurement id = 33861792 To popcluster36.atlas.winet.dcc.ufmg.br  created -> start :2021-11-25 01:11 estimation of stop:2021-11-25 09:31-> 13050,13054,13177,13230,13441,13443,13539,13855,13873,14012,14038,14049,14154,14175,14285,14291,14683,14694,14785,15059
Measurement id = 33861795 To popcluster37.atlas.winet.dcc.ufmg.br  created -> start :2021-11-25 01:11 estimation of stop:2021-11-25 09:31-> 13050,13054,13177,13230,13441,13443,13539,13855,13873,14012,14038,14049,14154,14175,14285,14291,14683,14694,14785,15059
Measurement id = 33861798 To popcluster38.atlas.winet.dcc.ufmg.br  created -> start :2021-11-25 01:11 estimation of stop:2021-11-25 09:31-> 13050,13054,13177,13230,13441,13443,13539,13855,13873,14012,14038,14049,14154,14175,14285,14291,14683,14694,14785,15059
Measurement id = 33861801 To popcluster39.atlas.winet.dcc.ufmg.br  created -> start :2021-11-25 01:11 estimation of stop:2021-11-25 09:31-> 13050,13054,13177,13230,13441,13443,13539,13855,13873,14012,14038,14049,14154,14175,14285,14291,14683,14694,14785,15059
Measurement id = 33861805 To popcluster40.atlas.winet.dcc.ufmg.br  created -> start :2021-11-25 01:11 estimation of stop:2021-11-25 09:31-> 13050,13054,13177,13230,13441,13443,13539,13855,13873,14012,14038,14049,14154,14175,14285,14291,14683,14694,14785,15059
Measurement id = 33861808 To popcluster41.atlas.winet.dcc.ufmg.br  created -> start :2021-11-25 01:11 estimation of stop:2021-11-25 09:31-> 13050,13054,13177,13230,13441,13443,13539,13855,13873,14012,14038,14049,14154,14175,14285,14291,14683,14694,14785,15059
Measurement id = 33861811 To popcluster42.atlas.winet.dcc.ufmg.br  created -> start :2021-11-25 01:11 estimation of stop:2021-11-25 09:31-> 13050,13054,13177,13230,13441,13443,13539,13855,13873,14012,14038,14049,14154,14175,14285,14291,14683,14694,14785,15059
Measurement id = 33861814 To popcluster43.atlas.winet.dcc.ufmg.br  created -> start :2021-11-25 01:11 estimation of stop:2021-11-25 09:31-> 13050,13054,13177,13230,13441,13443,13539,13855,13873,14012,14038,14049,14154,14175,14285,14291,14683,14694,14785,15059
Measurement id = 33861817 To popcluster44.atlas.winet.dcc.ufmg.br  created -> start :2021-11-25 01:11 estimation of stop:2021-11-25 09:31-> 13050,13054,13177,13230,13441,13443,13539,13855,13873,14012,14038,14049,14154,14175,14285,14291,14683,14694,14785,15059
Measurement id = 33861820 To popcluster45.atlas.winet.dcc.ufmg.br  created -> start :2021-11-25 01:11 estimation of stop:2021-11-25 09:31-> 13050,13054,13177,13230,13441,13443,13539,13855,13873,14012,14038,14049,14154,14175,14285,14291,14683,14694,14785,15059
Measurement id = 33861825 To popcluster46.atlas.winet.dcc.ufmg.br  created -> start :2021-11-25 01:11 estimation of stop:2021-11-25 09:31-> 13050,13054,13177,13230,13441,13443,13539,13855,13873,14012,14038,14049,14154,14175,14285,14291,14683,14694,14785,15059
Measurement id = 33861828 To popcluster47.atlas.winet.dcc.ufmg.br  created -> start :2021-11-25 01:11 estimation of stop:2021-11-25 09:31-> 13050,13054,13177,13230,13441,13443,13539,13855,13873,14012,14038,14049,14154,14175,14285,14291,14683,14694,14785,15059
Measurement id = 33861840 To popcluster48.atlas.winet.dcc.ufmg.br  created -> start :2021-11-25 01:11 estimation of stop:2021-11-25 09:31-> 13050,13054,13177,13230,13441,13443,13539,13855,13873,14012,14038,14049,14154,14175,14285,14291,14683,14694,14785,15059
Measurement id = 33861869 To popcluster49.atlas.winet.dcc.ufmg.br  created -> start :2021-11-25 01:11 estimation of stop:2021-11-25 09:31-> 13050,13054,13177,13230,13441,13443,13539,13855,13873,14012,14038,14049,14154,14175,14285,14291,14683,14694,14785,15059
Measurement id = 33861878 To popcluster50.atlas.winet.dcc.ufmg.br  created -> start :2021-11-25 01:11 estimation of stop:2021-11-25 09:31-> 13050,13054,13177,13230,13441,13443,13539,13855,13873,14012,14038,14049,14154,14175,14285,14291,14683,14694,14785,15059
Measurement id = 33861890 To popcluster51.atlas.winet.dcc.ufmg.br  created -> start :2021-11-25 01:11 estimation of stop:2021-11-25 09:31-> 13050,13054,13177,13230,13441,13443,13539,13855,13873,14012,14038,14049,14154,14175,14285,14291,14683,14694,14785,15059
Measurement id = 33861898 To popcluster52.atlas.winet.dcc.ufmg.br  created -> start :2021-11-25 01:11 estimation of stop:2021-11-25 09:31-> 13050,13054,13177,13230,13441,13443,13539,13855,13873,14012,14038,14049,14154,14175,14285,14291,14683,14694,14785,15059
Measurement id = 33861905 To popcluster53.atlas.winet.dcc.ufmg.br  created -> start :2021-11-25 01:11 estimation of stop:2021-11-25 09:31-> 13050,13054,13177,13230,13441,13443,13539,13855,13873,14012,14038,14049,14154,14175,14285,14291,14683,14694,14785,15059
Measurement id = 33861917 To popcluster54.atlas.winet.dcc.ufmg.br  created -> start :2021-11-25 01:11 estimation of stop:2021-11-25 09:31-> 13050,13054,13177,13230,13441,13443,13539,13855,13873,14012,14038,14049,14154,14175,14285,14291,14683,14694,14785,15059
Measurement id = 33861929 To popcluster55.atlas.winet.dcc.ufmg.br  created -> start :2021-11-25 01:11 estimation of stop:2021-11-25 09:31-> 13050,13054,13177,13230,13441,13443,13539,13855,13873,14012,14038,14049,14154,14175,14285,14291,14683,14694,14785,15059
Measurement id = 33861996 To popcluster56.atlas.winet.dcc.ufmg.br  created -> start :2021-11-25 01:11 estimation of stop:2021-11-25 09:31-> 13050,13054,13177,13230,13441,13443,13539,13855,13873,14012,14038,14049,14154,14175,14285,14291,14683,14694,14785,15059
Measurement id = 33862082 To popcluster57.atlas.winet.dcc.ufmg.br  created -> start :2021-11-25 01:11 estimation of stop:2021-11-25 09:31-> 13050,13054,13177,13230,13441,13443,13539,13855,13873,14012,14038,14049,14154,14175,14285,14291,14683,14694,14785,15059
Measurement id = 33862108 To popcluster58.atlas.winet.dcc.ufmg.br  created -> start :2021-11-25 01:11 estimation of stop:2021-11-25 09:31-> 13050,13054,13177,13230,13441,13443,13539,13855,13873,14012,14038,14049,14154,14175,14285,14291,14683,14694,14785,15059
Measurement id = 33862109 To popcluster59.atlas.winet.dcc.ufmg.br  created -> start :2021-11-25 01:11 estimation of stop:2021-11-25 09:31-> 13050,13054,13177,13230,13441,13443,13539,13855,13873,14012,14038,14049,14154,14175,14285,14291,14683,14694,14785,15059
Measurement id = 33862110 To popcluster60.atlas.winet.dcc.ufmg.br  created -> start :2021-11-25 01:11 estimation of stop:2021-11-25 09:31-> 13050,13054,13177,13230,13441,13443,13539,13855,13873,14012,14038,14049,14154,14175,14285,14291,14683,14694,14785,15059
Measurement id = 33862111 To popcluster61.atlas.winet.dcc.ufmg.br  created -> start :2021-11-25 01:11 estimation of stop:2021-11-25 09:31-> 13050,13054,13177,13230,13441,13443,13539,13855,13873,14012,14038,14049,14154,14175,14285,14291,14683,14694,14785,15059
Measurement id = 33862137 To popcluster62.atlas.winet.dcc.ufmg.br  created -> start :2021-11-25 01:11 estimation of stop:2021-11-25 09:31-> 13050,13054,13177,13230,13441,13443,13539,13855,13873,14012,14038,14049,14154,14175,14285,14291,14683,14694,14785,15059
Measurement id = 33862169 To popcluster63.atlas.winet.dcc.ufmg.br  created -> start :2021-11-25 01:11 estimation of stop:2021-11-25 09:31-> 13050,13054,13177,13230,13441,13443,13539,13855,13873,14012,14038,14049,14154,14175,14285,14291,14683,14694,14785,15059
Measurement id = 33862185 To popcluster64.atlas.winet.dcc.ufmg.br  created -> start :2021-11-25 01:11 estimation of stop:2021-11-25 09:31-> 13050,13054,13177,13230,13441,13443,13539,13855,13873,14012,14038,14049,14154,14175,14285,14291,14683,14694,14785,15059
Measurement id = 33862203 To popcluster65.atlas.winet.dcc.ufmg.br  created -> start :2021-11-25 01:11 estimation of stop:2021-11-25 09:31-> 13050,13054,13177,13230,13441,13443,13539,13855,13873,14012,14038,14049,14154,14175,14285,14291,14683,14694,14785,15059
Measurement id = 33862212 To popcluster66.atlas.winet.dcc.ufmg.br  created -> start :2021-11-25 01:11 estimation of stop:2021-11-25 09:31-> 13050,13054,13177,13230,13441,13443,13539,13855,13873,14012,14038,14049,14154,14175,14285,14291,14683,14694,14785,15059
Measurement id = 33862222 To popcluster67.atlas.winet.dcc.ufmg.br  created -> start :2021-11-25 01:11 estimation of stop:2021-11-25 09:31-> 13050,13054,13177,13230,13441,13443,13539,13855,13873,14012,14038,14049,14154,14175,14285,14291,14683,14694,14785,15059
Measurement id = 33862231 To popcluster68.atlas.winet.dcc.ufmg.br  created -> start :2021-11-25 01:11 estimation of stop:2021-11-25 09:31-> 13050,13054,13177,13230,13441,13443,13539,13855,13873,14012,14038,14049,14154,14175,14285,14291,14683,14694,14785,15059
Measurement id = 33862242 To popcluster69.atlas.winet.dcc.ufmg.br  created -> start :2021-11-25 01:11 estimation of stop:2021-11-25 09:31-> 13050,13054,13177,13230,13441,13443,13539,13855,13873,14012,14038,14049,14154,14175,14285,14291,14683,14694,14785,15059
Measurement id = 33862249 To popcluster70.atlas.winet.dcc.ufmg.br  created -> start :2021-11-25 01:11 estimation of stop:2021-11-25 09:31-> 13050,13054,13177,13230,13441,13443,13539,13855,13873,14012,14038,14049,14154,14175,14285,14291,14683,14694,14785,15059
Measurement id = 33862276 To popcluster71.atlas.winet.dcc.ufmg.br  created -> start :2021-11-25 01:11 estimation of stop:2021-11-25 09:31-> 13050,13054,13177,13230,13441,13443,13539,13855,13873,14012,14038,14049,14154,14175,14285,14291,14683,14694,14785,15059
Measurement id = 33862298 To popcluster72.atlas.winet.dcc.ufmg.br  created -> start :2021-11-25 01:11 estimation of stop:2021-11-25 09:31-> 13050,13054,13177,13230,13441,13443,13539,13855,13873,14012,14038,14049,14154,14175,14285,14291,14683,14694,14785,15059
Measurement id = 33862347 To popcluster73.atlas.winet.dcc.ufmg.br  created -> start :2021-11-25 01:11 estimation of stop:2021-11-25 09:31-> 13050,13054,13177,13230,13441,13443,13539,13855,13873,14012,14038,14049,14154,14175,14285,14291,14683,14694,14785,15059
Measurement id = 33862396 To popcluster74.atlas.winet.dcc.ufmg.br  created -> start :2021-11-25 01:11 estimation of stop:2021-11-25 09:31-> 13050,13054,13177,13230,13441,13443,13539,13855,13873,14012,14038,14049,14154,14175,14285,14291,14683,14694,14785,15059
Measurement id = 33862448 To popcluster75.atlas.winet.dcc.ufmg.br  created -> start :2021-11-25 01:11 estimation of stop:2021-11-25 09:31-> 13050,13054,13177,13230,13441,13443,13539,13855,13873,14012,14038,14049,14154,14175,14285,14291,14683,14694,14785,15059
Measurement id = 33862513 To popcluster76.atlas.winet.dcc.ufmg.br  created -> start :2021-11-25 01:11 estimation of stop:2021-11-25 09:31-> 13050,13054,13177,13230,13441,13443,13539,13855,13873,14012,14038,14049,14154,14175,14285,14291,14683,14694,14785,15059
Measurement id = 33862514 To popcluster77.atlas.winet.dcc.ufmg.br  created -> start :2021-11-25 01:11 estimation of stop:2021-11-25 09:31-> 13050,13054,13177,13230,13441,13443,13539,13855,13873,14012,14038,14049,14154,14175,14285,14291,14683,14694,14785,15059
Measurement id = 33862515 To popcluster78.atlas.winet.dcc.ufmg.br  created -> start :2021-11-25 01:11 estimation of stop:2021-11-25 09:31-> 13050,13054,13177,13230,13441,13443,13539,13855,13873,14012,14038,14049,14154,14175,14285,14291,14683,14694,14785,15059
Measurement id = 33862516 To popcluster79.atlas.winet.dcc.ufmg.br  created -> start :2021-11-25 01:11 estimation of stop:2021-11-25 09:31-> 13050,13054,13177,13230,13441,13443,13539,13855,13873,14012,14038,14049,14154,14175,14285,14291,14683,14694,14785,15059
Measurement id = 33862518 To popcluster80.atlas.winet.dcc.ufmg.br  created -> start :2021-11-25 01:11 estimation of stop:2021-11-25 09:31-> 13050,13054,13177,13230,13441,13443,13539,13855,13873,14012,14038,14049,14154,14175,14285,14291,14683,14694,14785,15059
Measurement id = 33862519 To popcluster81.atlas.winet.dcc.ufmg.br  created -> start :2021-11-25 01:11 estimation of stop:2021-11-25 09:31-> 13050,13054,13177,13230,13441,13443,13539,13855,13873,14012,14038,14049,14154,14175,14285,14291,14683,14694,14785,15059
Measurement id = 33862520 To popcluster82.atlas.winet.dcc.ufmg.br  created -> start :2021-11-25 01:11 estimation of stop:2021-11-25 09:31-> 13050,13054,13177,13230,13441,13443,13539,13855,13873,14012,14038,14049,14154,14175,14285,14291,14683,14694,14785,15059
Measurement id = 33862521 To popcluster83.atlas.winet.dcc.ufmg.br  created -> start :2021-11-25 01:11 estimation of stop:2021-11-25 09:31-> 13050,13054,13177,13230,13441,13443,13539,13855,13873,14012,14038,14049,14154,14175,14285,14291,14683,14694,14785,15059
Measurement id = 33862526 To popcluster84.atlas.winet.dcc.ufmg.br  created -> start :2021-11-25 01:11 estimation of stop:2021-11-25 09:31-> 13050,13054,13177,13230,13441,13443,13539,13855,13873,14012,14038,14049,14154,14175,14285,14291,14683,14694,14785,15059
Measurement id = 33862529 To popcluster85.atlas.winet.dcc.ufmg.br  created -> start :2021-11-25 01:11 estimation of stop:2021-11-25 09:31-> 13050,13054,13177,13230,13441,13443,13539,13855,13873,14012,14038,14049,14154,14175,14285,14291,14683,14694,14785,15059
Measurement id = 33862539 To popcluster86.atlas.winet.dcc.ufmg.br  created -> start :2021-11-25 01:11 estimation of stop:2021-11-25 09:31-> 13050,13054,13177,13230,13441,13443,13539,13855,13873,14012,14038,14049,14154,14175,14285,14291,14683,14694,14785,15059
Measurement id = 33862551 To popcluster87.atlas.winet.dcc.ufmg.br  created -> start :2021-11-25 01:11 estimation of stop:2021-11-25 09:31-> 13050,13054,13177,13230,13441,13443,13539,13855,13873,14012,14038,14049,14154,14175,14285,14291,14683,14694,14785,15059
Measurement id = 33862555 To popcluster88.atlas.winet.dcc.ufmg.br  created -> start :2021-11-25 01:11 estimation of stop:2021-11-25 09:31-> 13050,13054,13177,13230,13441,13443,13539,13855,13873,14012,14038,14049,14154,14175,14285,14291,14683,14694,14785,15059
Measurement id = 33862558 To popcluster89.atlas.winet.dcc.ufmg.br  created -> start :2021-11-25 01:11 estimation of stop:2021-11-25 09:31-> 13050,13054,13177,13230,13441,13443,13539,13855,13873,14012,14038,14049,14154,14175,14285,14291,14683,14694,14785,15059
Measurement id = 33862562 To popcluster90.atlas.winet.dcc.ufmg.br  created -> start :2021-11-25 01:11 estimation of stop:2021-11-25 09:31-> 13050,13054,13177,13230,13441,13443,13539,13855,13873,14012,14038,14049,14154,14175,14285,14291,14683,14694,14785,15059
Measurement id = 33862565 To popcluster91.atlas.winet.dcc.ufmg.br  created -> start :2021-11-25 01:11 estimation of stop:2021-11-25 09:31-> 13050,13054,13177,13230,13441,13443,13539,13855,13873,14012,14038,14049,14154,14175,14285,14291,14683,14694,14785,15059
Measurement id = 33862569 To popcluster92.atlas.winet.dcc.ufmg.br  created -> start :2021-11-25 01:11 estimation of stop:2021-11-25 09:31-> 13050,13054,13177,13230,13441,13443,13539,13855,13873,14012,14038,14049,14154,14175,14285,14291,14683,14694,14785,15059
Measurement id = 33862574 To popcluster93.atlas.winet.dcc.ufmg.br  created -> start :2021-11-25 01:11 estimation of stop:2021-11-25 09:31-> 13050,13054,13177,13230,13441,13443,13539,13855,13873,14012,14038,14049,14154,14175,14285,14291,14683,14694,14785,15059
Measurement id = 33862578 To popcluster94.atlas.winet.dcc.ufmg.br  created -> start :2021-11-25 01:11 estimation of stop:2021-11-25 09:31-> 13050,13054,13177,13230,13441,13443,13539,13855,13873,14012,14038,14049,14154,14175,14285,14291,14683,14694,14785,15059
Measurement id = 33862580 To popcluster95.atlas.winet.dcc.ufmg.br  created -> start :2021-11-25 01:11 estimation of stop:2021-11-25 09:31-> 13050,13054,13177,13230,13441,13443,13539,13855,13873,14012,14038,14049,14154,14175,14285,14291,14683,14694,14785,15059
Measurement id = 33862590 To popcluster96.atlas.winet.dcc.ufmg.br  created -> start :2021-11-25 01:11 estimation of stop:2021-11-25 09:31-> 13050,13054,13177,13230,13441,13443,13539,13855,13873,14012,14038,14049,14154,14175,14285,14291,14683,14694,14785,15059
Measurement id = 33862605 To popcluster97.atlas.winet.dcc.ufmg.br  created -> start :2021-11-25 01:11 estimation of stop:2021-11-25 09:31-> 13050,13054,13177,13230,13441,13443,13539,13855,13873,14012,14038,14049,14154,14175,14285,14291,14683,14694,14785,15059
Measurement id = 33862619 To popcluster98.atlas.winet.dcc.ufmg.br  created -> start :2021-11-25 01:11 estimation of stop:2021-11-25 09:31-> 13050,13054,13177,13230,13441,13443,13539,13855,13873,14012,14038,14049,14154,14175,14285,14291,14683,14694,14785,15059
Measurement id = 33862629 To popcluster99.atlas.winet.dcc.ufmg.br  created -> start :2021-11-25 01:11 estimation of stop:2021-11-25 09:31-> 13050,13054,13177,13230,13441,13443,13539,13855,13873,14012,14038,14049,14154,14175,14285,14291,14683,14694,14785,15059
Measurement id = 33862635 To popcluster100.atlas.winet.dcc.ufmg.br  created -> start :2021-11-25 01:11 estimation of stop:2021-11-25 09:31-> 13050,13054,13177,13230,13441,13443,13539,13855,13873,14012,14038,14049,14154,14175,14285,14291,14683,14694,14785,15059
