Measurement id = 34097696 To popcluster1.atlas.winet.dcc.ufmg.br  created -> start :2021-11-29 04:01 estimation of stop:2021-11-29 12:21-> 19078,19287,20128,16732,16758,16771,16827,16831,16839,16898,17032,17036,17081,17140,17151,17214,17414,17490,17510,17625
Measurement id = 34097697 To popcluster2.atlas.winet.dcc.ufmg.br  created -> start :2021-11-29 04:01 estimation of stop:2021-11-29 12:21-> 19078,19287,20128,16732,16758,16771,16827,16831,16839,16898,17032,17036,17081,17140,17151,17214,17414,17490,17510,17625
Measurement id = 34097698 To popcluster3.atlas.winet.dcc.ufmg.br  created -> start :2021-11-29 04:01 estimation of stop:2021-11-29 12:21-> 19078,19287,20128,16732,16758,16771,16827,16831,16839,16898,17032,17036,17081,17140,17151,17214,17414,17490,17510,17625
Measurement id = 34097699 To popcluster4.atlas.winet.dcc.ufmg.br  created -> start :2021-11-29 04:01 estimation of stop:2021-11-29 12:21-> 19078,19287,20128,16732,16758,16771,16827,16831,16839,16898,17032,17036,17081,17140,17151,17214,17414,17490,17510,17625
Measurement id = 34097701 To popcluster5.atlas.winet.dcc.ufmg.br  created -> start :2021-11-29 04:01 estimation of stop:2021-11-29 12:21-> 19078,19287,20128,16732,16758,16771,16827,16831,16839,16898,17032,17036,17081,17140,17151,17214,17414,17490,17510,17625
Measurement id = 34097703 To popcluster6.atlas.winet.dcc.ufmg.br  created -> start :2021-11-29 04:01 estimation of stop:2021-11-29 12:21-> 19078,19287,20128,16732,16758,16771,16827,16831,16839,16898,17032,17036,17081,17140,17151,17214,17414,17490,17510,17625
Measurement id = 34097705 To popcluster7.atlas.winet.dcc.ufmg.br  created -> start :2021-11-29 04:01 estimation of stop:2021-11-29 12:21-> 19078,19287,20128,16732,16758,16771,16827,16831,16839,16898,17032,17036,17081,17140,17151,17214,17414,17490,17510,17625
Measurement id = 34097707 To popcluster8.atlas.winet.dcc.ufmg.br  created -> start :2021-11-29 04:01 estimation of stop:2021-11-29 12:21-> 19078,19287,20128,16732,16758,16771,16827,16831,16839,16898,17032,17036,17081,17140,17151,17214,17414,17490,17510,17625
Measurement id = 34097710 To popcluster9.atlas.winet.dcc.ufmg.br  created -> start :2021-11-29 04:01 estimation of stop:2021-11-29 12:21-> 19078,19287,20128,16732,16758,16771,16827,16831,16839,16898,17032,17036,17081,17140,17151,17214,17414,17490,17510,17625
Measurement id = 34097713 To popcluster10.atlas.winet.dcc.ufmg.br  created -> start :2021-11-29 04:01 estimation of stop:2021-11-29 12:21-> 19078,19287,20128,16732,16758,16771,16827,16831,16839,16898,17032,17036,17081,17140,17151,17214,17414,17490,17510,17625
Measurement id = 34097715 To popcluster11.atlas.winet.dcc.ufmg.br  created -> start :2021-11-29 04:01 estimation of stop:2021-11-29 12:21-> 19078,19287,20128,16732,16758,16771,16827,16831,16839,16898,17032,17036,17081,17140,17151,17214,17414,17490,17510,17625
Measurement id = 34097721 To popcluster12.atlas.winet.dcc.ufmg.br  created -> start :2021-11-29 04:01 estimation of stop:2021-11-29 12:21-> 19078,19287,20128,16732,16758,16771,16827,16831,16839,16898,17032,17036,17081,17140,17151,17214,17414,17490,17510,17625
Measurement id = 34097723 To popcluster13.atlas.winet.dcc.ufmg.br  created -> start :2021-11-29 04:01 estimation of stop:2021-11-29 12:21-> 19078,19287,20128,16732,16758,16771,16827,16831,16839,16898,17032,17036,17081,17140,17151,17214,17414,17490,17510,17625
Measurement id = 34097726 To popcluster14.atlas.winet.dcc.ufmg.br  created -> start :2021-11-29 04:01 estimation of stop:2021-11-29 12:21-> 19078,19287,20128,16732,16758,16771,16827,16831,16839,16898,17032,17036,17081,17140,17151,17214,17414,17490,17510,17625
Measurement id = 34097733 To popcluster15.atlas.winet.dcc.ufmg.br  created -> start :2021-11-29 04:01 estimation of stop:2021-11-29 12:21-> 19078,19287,20128,16732,16758,16771,16827,16831,16839,16898,17032,17036,17081,17140,17151,17214,17414,17490,17510,17625
Measurement id = 34097738 To popcluster16.atlas.winet.dcc.ufmg.br  created -> start :2021-11-29 04:01 estimation of stop:2021-11-29 12:21-> 19078,19287,20128,16732,16758,16771,16827,16831,16839,16898,17032,17036,17081,17140,17151,17214,17414,17490,17510,17625
Measurement id = 34097741 To popcluster17.atlas.winet.dcc.ufmg.br  created -> start :2021-11-29 04:01 estimation of stop:2021-11-29 12:21-> 19078,19287,20128,16732,16758,16771,16827,16831,16839,16898,17032,17036,17081,17140,17151,17214,17414,17490,17510,17625
Measurement id = 34097747 To popcluster18.atlas.winet.dcc.ufmg.br  created -> start :2021-11-29 04:01 estimation of stop:2021-11-29 12:21-> 19078,19287,20128,16732,16758,16771,16827,16831,16839,16898,17032,17036,17081,17140,17151,17214,17414,17490,17510,17625
Measurement id = 34097749 To popcluster19.atlas.winet.dcc.ufmg.br  created -> start :2021-11-29 04:01 estimation of stop:2021-11-29 12:21-> 19078,19287,20128,16732,16758,16771,16827,16831,16839,16898,17032,17036,17081,17140,17151,17214,17414,17490,17510,17625
Measurement id = 34097757 To popcluster20.atlas.winet.dcc.ufmg.br  created -> start :2021-11-29 04:01 estimation of stop:2021-11-29 12:21-> 19078,19287,20128,16732,16758,16771,16827,16831,16839,16898,17032,17036,17081,17140,17151,17214,17414,17490,17510,17625
Measurement id = 34097770 To popcluster21.atlas.winet.dcc.ufmg.br  created -> start :2021-11-29 04:01 estimation of stop:2021-11-29 12:21-> 19078,19287,20128,16732,16758,16771,16827,16831,16839,16898,17032,17036,17081,17140,17151,17214,17414,17490,17510,17625
Measurement id = 34097777 To popcluster22.atlas.winet.dcc.ufmg.br  created -> start :2021-11-29 04:01 estimation of stop:2021-11-29 12:21-> 19078,19287,20128,16732,16758,16771,16827,16831,16839,16898,17032,17036,17081,17140,17151,17214,17414,17490,17510,17625
Measurement id = 34097784 To popcluster23.atlas.winet.dcc.ufmg.br  created -> start :2021-11-29 04:01 estimation of stop:2021-11-29 12:21-> 19078,19287,20128,16732,16758,16771,16827,16831,16839,16898,17032,17036,17081,17140,17151,17214,17414,17490,17510,17625
Measurement id = 34097785 To popcluster24.atlas.winet.dcc.ufmg.br  created -> start :2021-11-29 04:01 estimation of stop:2021-11-29 12:21-> 19078,19287,20128,16732,16758,16771,16827,16831,16839,16898,17032,17036,17081,17140,17151,17214,17414,17490,17510,17625
Measurement id = 34097786 To popcluster25.atlas.winet.dcc.ufmg.br  created -> start :2021-11-29 04:01 estimation of stop:2021-11-29 12:21-> 19078,19287,20128,16732,16758,16771,16827,16831,16839,16898,17032,17036,17081,17140,17151,17214,17414,17490,17510,17625
Measurement id = 34097787 To popcluster26.atlas.winet.dcc.ufmg.br  created -> start :2021-11-29 04:01 estimation of stop:2021-11-29 12:21-> 19078,19287,20128,16732,16758,16771,16827,16831,16839,16898,17032,17036,17081,17140,17151,17214,17414,17490,17510,17625
Measurement id = 34097788 To popcluster27.atlas.winet.dcc.ufmg.br  created -> start :2021-11-29 04:01 estimation of stop:2021-11-29 12:21-> 19078,19287,20128,16732,16758,16771,16827,16831,16839,16898,17032,17036,17081,17140,17151,17214,17414,17490,17510,17625
Measurement id = 34097789 To popcluster28.atlas.winet.dcc.ufmg.br  created -> start :2021-11-29 04:01 estimation of stop:2021-11-29 12:21-> 19078,19287,20128,16732,16758,16771,16827,16831,16839,16898,17032,17036,17081,17140,17151,17214,17414,17490,17510,17625
Measurement id = 34097790 To popcluster29.atlas.winet.dcc.ufmg.br  created -> start :2021-11-29 04:01 estimation of stop:2021-11-29 12:21-> 19078,19287,20128,16732,16758,16771,16827,16831,16839,16898,17032,17036,17081,17140,17151,17214,17414,17490,17510,17625
Measurement id = 34097791 To popcluster30.atlas.winet.dcc.ufmg.br  created -> start :2021-11-29 04:01 estimation of stop:2021-11-29 12:21-> 19078,19287,20128,16732,16758,16771,16827,16831,16839,16898,17032,17036,17081,17140,17151,17214,17414,17490,17510,17625
Measurement id = 34097792 To popcluster31.atlas.winet.dcc.ufmg.br  created -> start :2021-11-29 04:01 estimation of stop:2021-11-29 12:21-> 19078,19287,20128,16732,16758,16771,16827,16831,16839,16898,17032,17036,17081,17140,17151,17214,17414,17490,17510,17625
Measurement id = 34097793 To popcluster32.atlas.winet.dcc.ufmg.br  created -> start :2021-11-29 04:01 estimation of stop:2021-11-29 12:21-> 19078,19287,20128,16732,16758,16771,16827,16831,16839,16898,17032,17036,17081,17140,17151,17214,17414,17490,17510,17625
Measurement id = 34097794 To popcluster33.atlas.winet.dcc.ufmg.br  created -> start :2021-11-29 04:01 estimation of stop:2021-11-29 12:21-> 19078,19287,20128,16732,16758,16771,16827,16831,16839,16898,17032,17036,17081,17140,17151,17214,17414,17490,17510,17625
Measurement id = 34097795 To popcluster34.atlas.winet.dcc.ufmg.br  created -> start :2021-11-29 04:01 estimation of stop:2021-11-29 12:21-> 19078,19287,20128,16732,16758,16771,16827,16831,16839,16898,17032,17036,17081,17140,17151,17214,17414,17490,17510,17625
Measurement id = 34097796 To popcluster35.atlas.winet.dcc.ufmg.br  created -> start :2021-11-29 04:01 estimation of stop:2021-11-29 12:21-> 19078,19287,20128,16732,16758,16771,16827,16831,16839,16898,17032,17036,17081,17140,17151,17214,17414,17490,17510,17625
Measurement id = 34097797 To popcluster36.atlas.winet.dcc.ufmg.br  created -> start :2021-11-29 04:01 estimation of stop:2021-11-29 12:21-> 19078,19287,20128,16732,16758,16771,16827,16831,16839,16898,17032,17036,17081,17140,17151,17214,17414,17490,17510,17625
Measurement id = 34097798 To popcluster37.atlas.winet.dcc.ufmg.br  created -> start :2021-11-29 04:01 estimation of stop:2021-11-29 12:21-> 19078,19287,20128,16732,16758,16771,16827,16831,16839,16898,17032,17036,17081,17140,17151,17214,17414,17490,17510,17625
Measurement id = 34097799 To popcluster38.atlas.winet.dcc.ufmg.br  created -> start :2021-11-29 04:01 estimation of stop:2021-11-29 12:21-> 19078,19287,20128,16732,16758,16771,16827,16831,16839,16898,17032,17036,17081,17140,17151,17214,17414,17490,17510,17625
Measurement id = 34097801 To popcluster39.atlas.winet.dcc.ufmg.br  created -> start :2021-11-29 04:01 estimation of stop:2021-11-29 12:21-> 19078,19287,20128,16732,16758,16771,16827,16831,16839,16898,17032,17036,17081,17140,17151,17214,17414,17490,17510,17625
Measurement id = 34097804 To popcluster40.atlas.winet.dcc.ufmg.br  created -> start :2021-11-29 04:01 estimation of stop:2021-11-29 12:21-> 19078,19287,20128,16732,16758,16771,16827,16831,16839,16898,17032,17036,17081,17140,17151,17214,17414,17490,17510,17625
Measurement id = 34097806 To popcluster41.atlas.winet.dcc.ufmg.br  created -> start :2021-11-29 04:01 estimation of stop:2021-11-29 12:21-> 19078,19287,20128,16732,16758,16771,16827,16831,16839,16898,17032,17036,17081,17140,17151,17214,17414,17490,17510,17625
Measurement id = 34097808 To popcluster42.atlas.winet.dcc.ufmg.br  created -> start :2021-11-29 04:01 estimation of stop:2021-11-29 12:21-> 19078,19287,20128,16732,16758,16771,16827,16831,16839,16898,17032,17036,17081,17140,17151,17214,17414,17490,17510,17625
Measurement id = 34097809 To popcluster43.atlas.winet.dcc.ufmg.br  created -> start :2021-11-29 04:01 estimation of stop:2021-11-29 12:21-> 19078,19287,20128,16732,16758,16771,16827,16831,16839,16898,17032,17036,17081,17140,17151,17214,17414,17490,17510,17625
Measurement id = 34097812 To popcluster44.atlas.winet.dcc.ufmg.br  created -> start :2021-11-29 04:01 estimation of stop:2021-11-29 12:21-> 19078,19287,20128,16732,16758,16771,16827,16831,16839,16898,17032,17036,17081,17140,17151,17214,17414,17490,17510,17625
Measurement id = 34097814 To popcluster45.atlas.winet.dcc.ufmg.br  created -> start :2021-11-29 04:01 estimation of stop:2021-11-29 12:21-> 19078,19287,20128,16732,16758,16771,16827,16831,16839,16898,17032,17036,17081,17140,17151,17214,17414,17490,17510,17625
Measurement id = 34097816 To popcluster46.atlas.winet.dcc.ufmg.br  created -> start :2021-11-29 04:01 estimation of stop:2021-11-29 12:21-> 19078,19287,20128,16732,16758,16771,16827,16831,16839,16898,17032,17036,17081,17140,17151,17214,17414,17490,17510,17625
Measurement id = 34097819 To popcluster47.atlas.winet.dcc.ufmg.br  created -> start :2021-11-29 04:01 estimation of stop:2021-11-29 12:21-> 19078,19287,20128,16732,16758,16771,16827,16831,16839,16898,17032,17036,17081,17140,17151,17214,17414,17490,17510,17625
Measurement id = 34097821 To popcluster48.atlas.winet.dcc.ufmg.br  created -> start :2021-11-29 04:01 estimation of stop:2021-11-29 12:21-> 19078,19287,20128,16732,16758,16771,16827,16831,16839,16898,17032,17036,17081,17140,17151,17214,17414,17490,17510,17625
Measurement id = 34097824 To popcluster49.atlas.winet.dcc.ufmg.br  created -> start :2021-11-29 04:01 estimation of stop:2021-11-29 12:21-> 19078,19287,20128,16732,16758,16771,16827,16831,16839,16898,17032,17036,17081,17140,17151,17214,17414,17490,17510,17625
Measurement id = 34097827 To popcluster50.atlas.winet.dcc.ufmg.br  created -> start :2021-11-29 04:01 estimation of stop:2021-11-29 12:21-> 19078,19287,20128,16732,16758,16771,16827,16831,16839,16898,17032,17036,17081,17140,17151,17214,17414,17490,17510,17625
Measurement id = 34097829 To popcluster51.atlas.winet.dcc.ufmg.br  created -> start :2021-11-29 04:01 estimation of stop:2021-11-29 12:21-> 19078,19287,20128,16732,16758,16771,16827,16831,16839,16898,17032,17036,17081,17140,17151,17214,17414,17490,17510,17625
Measurement id = 34097835 To popcluster52.atlas.winet.dcc.ufmg.br  created -> start :2021-11-29 04:01 estimation of stop:2021-11-29 12:21-> 19078,19287,20128,16732,16758,16771,16827,16831,16839,16898,17032,17036,17081,17140,17151,17214,17414,17490,17510,17625
Measurement id = 34097853 To popcluster53.atlas.winet.dcc.ufmg.br  created -> start :2021-11-29 04:01 estimation of stop:2021-11-29 12:21-> 19078,19287,20128,16732,16758,16771,16827,16831,16839,16898,17032,17036,17081,17140,17151,17214,17414,17490,17510,17625
Measurement id = 34097857 To popcluster54.atlas.winet.dcc.ufmg.br  created -> start :2021-11-29 04:01 estimation of stop:2021-11-29 12:21-> 19078,19287,20128,16732,16758,16771,16827,16831,16839,16898,17032,17036,17081,17140,17151,17214,17414,17490,17510,17625
Measurement id = 34097858 To popcluster55.atlas.winet.dcc.ufmg.br  created -> start :2021-11-29 04:01 estimation of stop:2021-11-29 12:21-> 19078,19287,20128,16732,16758,16771,16827,16831,16839,16898,17032,17036,17081,17140,17151,17214,17414,17490,17510,17625
Measurement id = 34097859 To popcluster56.atlas.winet.dcc.ufmg.br  created -> start :2021-11-29 04:01 estimation of stop:2021-11-29 12:21-> 19078,19287,20128,16732,16758,16771,16827,16831,16839,16898,17032,17036,17081,17140,17151,17214,17414,17490,17510,17625
Measurement id = 34097860 To popcluster57.atlas.winet.dcc.ufmg.br  created -> start :2021-11-29 04:01 estimation of stop:2021-11-29 12:21-> 19078,19287,20128,16732,16758,16771,16827,16831,16839,16898,17032,17036,17081,17140,17151,17214,17414,17490,17510,17625
Measurement id = 34097861 To popcluster58.atlas.winet.dcc.ufmg.br  created -> start :2021-11-29 04:01 estimation of stop:2021-11-29 12:21-> 19078,19287,20128,16732,16758,16771,16827,16831,16839,16898,17032,17036,17081,17140,17151,17214,17414,17490,17510,17625
Measurement id = 34097862 To popcluster59.atlas.winet.dcc.ufmg.br  created -> start :2021-11-29 04:01 estimation of stop:2021-11-29 12:21-> 19078,19287,20128,16732,16758,16771,16827,16831,16839,16898,17032,17036,17081,17140,17151,17214,17414,17490,17510,17625
Measurement id = 34097863 To popcluster60.atlas.winet.dcc.ufmg.br  created -> start :2021-11-29 04:01 estimation of stop:2021-11-29 12:21-> 19078,19287,20128,16732,16758,16771,16827,16831,16839,16898,17032,17036,17081,17140,17151,17214,17414,17490,17510,17625
Measurement id = 34097864 To popcluster61.atlas.winet.dcc.ufmg.br  created -> start :2021-11-29 04:01 estimation of stop:2021-11-29 12:21-> 19078,19287,20128,16732,16758,16771,16827,16831,16839,16898,17032,17036,17081,17140,17151,17214,17414,17490,17510,17625
Measurement id = 34097865 To popcluster62.atlas.winet.dcc.ufmg.br  created -> start :2021-11-29 04:01 estimation of stop:2021-11-29 12:21-> 19078,19287,20128,16732,16758,16771,16827,16831,16839,16898,17032,17036,17081,17140,17151,17214,17414,17490,17510,17625
Measurement id = 34097866 To popcluster63.atlas.winet.dcc.ufmg.br  created -> start :2021-11-29 04:01 estimation of stop:2021-11-29 12:21-> 19078,19287,20128,16732,16758,16771,16827,16831,16839,16898,17032,17036,17081,17140,17151,17214,17414,17490,17510,17625
Measurement id = 34097867 To popcluster64.atlas.winet.dcc.ufmg.br  created -> start :2021-11-29 04:01 estimation of stop:2021-11-29 12:21-> 19078,19287,20128,16732,16758,16771,16827,16831,16839,16898,17032,17036,17081,17140,17151,17214,17414,17490,17510,17625
Measurement id = 34097868 To popcluster65.atlas.winet.dcc.ufmg.br  created -> start :2021-11-29 04:01 estimation of stop:2021-11-29 12:21-> 19078,19287,20128,16732,16758,16771,16827,16831,16839,16898,17032,17036,17081,17140,17151,17214,17414,17490,17510,17625
Measurement id = 34097876 To popcluster66.atlas.winet.dcc.ufmg.br  created -> start :2021-11-29 04:01 estimation of stop:2021-11-29 12:21-> 19078,19287,20128,16732,16758,16771,16827,16831,16839,16898,17032,17036,17081,17140,17151,17214,17414,17490,17510,17625
Measurement id = 34097880 To popcluster67.atlas.winet.dcc.ufmg.br  created -> start :2021-11-29 04:01 estimation of stop:2021-11-29 12:21-> 19078,19287,20128,16732,16758,16771,16827,16831,16839,16898,17032,17036,17081,17140,17151,17214,17414,17490,17510,17625
Measurement id = 34097881 To popcluster68.atlas.winet.dcc.ufmg.br  created -> start :2021-11-29 04:01 estimation of stop:2021-11-29 12:21-> 19078,19287,20128,16732,16758,16771,16827,16831,16839,16898,17032,17036,17081,17140,17151,17214,17414,17490,17510,17625
Measurement id = 34097882 To popcluster69.atlas.winet.dcc.ufmg.br  created -> start :2021-11-29 04:01 estimation of stop:2021-11-29 12:21-> 19078,19287,20128,16732,16758,16771,16827,16831,16839,16898,17032,17036,17081,17140,17151,17214,17414,17490,17510,17625
Measurement id = 34097883 To popcluster70.atlas.winet.dcc.ufmg.br  created -> start :2021-11-29 04:01 estimation of stop:2021-11-29 12:21-> 19078,19287,20128,16732,16758,16771,16827,16831,16839,16898,17032,17036,17081,17140,17151,17214,17414,17490,17510,17625
Measurement id = 34097884 To popcluster71.atlas.winet.dcc.ufmg.br  created -> start :2021-11-29 04:01 estimation of stop:2021-11-29 12:21-> 19078,19287,20128,16732,16758,16771,16827,16831,16839,16898,17032,17036,17081,17140,17151,17214,17414,17490,17510,17625
Measurement id = 34097885 To popcluster72.atlas.winet.dcc.ufmg.br  created -> start :2021-11-29 04:01 estimation of stop:2021-11-29 12:21-> 19078,19287,20128,16732,16758,16771,16827,16831,16839,16898,17032,17036,17081,17140,17151,17214,17414,17490,17510,17625
Measurement id = 34097886 To popcluster73.atlas.winet.dcc.ufmg.br  created -> start :2021-11-29 04:01 estimation of stop:2021-11-29 12:21-> 19078,19287,20128,16732,16758,16771,16827,16831,16839,16898,17032,17036,17081,17140,17151,17214,17414,17490,17510,17625
Measurement id = 34097887 To popcluster74.atlas.winet.dcc.ufmg.br  created -> start :2021-11-29 04:01 estimation of stop:2021-11-29 12:21-> 19078,19287,20128,16732,16758,16771,16827,16831,16839,16898,17032,17036,17081,17140,17151,17214,17414,17490,17510,17625
Measurement id = 34097888 To popcluster75.atlas.winet.dcc.ufmg.br  created -> start :2021-11-29 04:01 estimation of stop:2021-11-29 12:21-> 19078,19287,20128,16732,16758,16771,16827,16831,16839,16898,17032,17036,17081,17140,17151,17214,17414,17490,17510,17625
Measurement id = 34097891 To popcluster76.atlas.winet.dcc.ufmg.br  created -> start :2021-11-29 04:01 estimation of stop:2021-11-29 12:21-> 19078,19287,20128,16732,16758,16771,16827,16831,16839,16898,17032,17036,17081,17140,17151,17214,17414,17490,17510,17625
Measurement id = 34097896 To popcluster77.atlas.winet.dcc.ufmg.br  created -> start :2021-11-29 04:01 estimation of stop:2021-11-29 12:21-> 19078,19287,20128,16732,16758,16771,16827,16831,16839,16898,17032,17036,17081,17140,17151,17214,17414,17490,17510,17625
Measurement id = 34097900 To popcluster78.atlas.winet.dcc.ufmg.br  created -> start :2021-11-29 04:01 estimation of stop:2021-11-29 12:21-> 19078,19287,20128,16732,16758,16771,16827,16831,16839,16898,17032,17036,17081,17140,17151,17214,17414,17490,17510,17625
Measurement id = 34097903 To popcluster79.atlas.winet.dcc.ufmg.br  created -> start :2021-11-29 04:01 estimation of stop:2021-11-29 12:21-> 19078,19287,20128,16732,16758,16771,16827,16831,16839,16898,17032,17036,17081,17140,17151,17214,17414,17490,17510,17625
Measurement id = 34097905 To popcluster80.atlas.winet.dcc.ufmg.br  created -> start :2021-11-29 04:01 estimation of stop:2021-11-29 12:21-> 19078,19287,20128,16732,16758,16771,16827,16831,16839,16898,17032,17036,17081,17140,17151,17214,17414,17490,17510,17625
Measurement id = 34097908 To popcluster81.atlas.winet.dcc.ufmg.br  created -> start :2021-11-29 04:01 estimation of stop:2021-11-29 12:21-> 19078,19287,20128,16732,16758,16771,16827,16831,16839,16898,17032,17036,17081,17140,17151,17214,17414,17490,17510,17625
Measurement id = 34097920 To popcluster82.atlas.winet.dcc.ufmg.br  created -> start :2021-11-29 04:01 estimation of stop:2021-11-29 12:21-> 19078,19287,20128,16732,16758,16771,16827,16831,16839,16898,17032,17036,17081,17140,17151,17214,17414,17490,17510,17625
Measurement id = 34097936 To popcluster83.atlas.winet.dcc.ufmg.br  created -> start :2021-11-29 04:01 estimation of stop:2021-11-29 12:21-> 19078,19287,20128,16732,16758,16771,16827,16831,16839,16898,17032,17036,17081,17140,17151,17214,17414,17490,17510,17625
Measurement id = 34097939 To popcluster84.atlas.winet.dcc.ufmg.br  created -> start :2021-11-29 04:01 estimation of stop:2021-11-29 12:21-> 19078,19287,20128,16732,16758,16771,16827,16831,16839,16898,17032,17036,17081,17140,17151,17214,17414,17490,17510,17625
Measurement id = 34097940 To popcluster85.atlas.winet.dcc.ufmg.br  created -> start :2021-11-29 04:01 estimation of stop:2021-11-29 12:21-> 19078,19287,20128,16732,16758,16771,16827,16831,16839,16898,17032,17036,17081,17140,17151,17214,17414,17490,17510,17625
Measurement id = 34097941 To popcluster86.atlas.winet.dcc.ufmg.br  created -> start :2021-11-29 04:01 estimation of stop:2021-11-29 12:21-> 19078,19287,20128,16732,16758,16771,16827,16831,16839,16898,17032,17036,17081,17140,17151,17214,17414,17490,17510,17625
Measurement id = 34097942 To popcluster87.atlas.winet.dcc.ufmg.br  created -> start :2021-11-29 04:01 estimation of stop:2021-11-29 12:21-> 19078,19287,20128,16732,16758,16771,16827,16831,16839,16898,17032,17036,17081,17140,17151,17214,17414,17490,17510,17625
Measurement id = 34097943 To popcluster88.atlas.winet.dcc.ufmg.br  created -> start :2021-11-29 04:01 estimation of stop:2021-11-29 12:21-> 19078,19287,20128,16732,16758,16771,16827,16831,16839,16898,17032,17036,17081,17140,17151,17214,17414,17490,17510,17625
Measurement id = 34097944 To popcluster89.atlas.winet.dcc.ufmg.br  created -> start :2021-11-29 04:01 estimation of stop:2021-11-29 12:21-> 19078,19287,20128,16732,16758,16771,16827,16831,16839,16898,17032,17036,17081,17140,17151,17214,17414,17490,17510,17625
Measurement id = 34097945 To popcluster90.atlas.winet.dcc.ufmg.br  created -> start :2021-11-29 04:01 estimation of stop:2021-11-29 12:21-> 19078,19287,20128,16732,16758,16771,16827,16831,16839,16898,17032,17036,17081,17140,17151,17214,17414,17490,17510,17625
Measurement id = 34097946 To popcluster91.atlas.winet.dcc.ufmg.br  created -> start :2021-11-29 04:01 estimation of stop:2021-11-29 12:21-> 19078,19287,20128,16732,16758,16771,16827,16831,16839,16898,17032,17036,17081,17140,17151,17214,17414,17490,17510,17625
Measurement id = 34097947 To popcluster92.atlas.winet.dcc.ufmg.br  created -> start :2021-11-29 04:01 estimation of stop:2021-11-29 12:21-> 19078,19287,20128,16732,16758,16771,16827,16831,16839,16898,17032,17036,17081,17140,17151,17214,17414,17490,17510,17625
Measurement id = 34097948 To popcluster93.atlas.winet.dcc.ufmg.br  created -> start :2021-11-29 04:01 estimation of stop:2021-11-29 12:21-> 19078,19287,20128,16732,16758,16771,16827,16831,16839,16898,17032,17036,17081,17140,17151,17214,17414,17490,17510,17625
Measurement id = 34097949 To popcluster94.atlas.winet.dcc.ufmg.br  created -> start :2021-11-29 04:01 estimation of stop:2021-11-29 12:21-> 19078,19287,20128,16732,16758,16771,16827,16831,16839,16898,17032,17036,17081,17140,17151,17214,17414,17490,17510,17625
Measurement id = 34097950 To popcluster95.atlas.winet.dcc.ufmg.br  created -> start :2021-11-29 04:01 estimation of stop:2021-11-29 12:21-> 19078,19287,20128,16732,16758,16771,16827,16831,16839,16898,17032,17036,17081,17140,17151,17214,17414,17490,17510,17625
Measurement id = 34097954 To popcluster96.atlas.winet.dcc.ufmg.br  created -> start :2021-11-29 04:01 estimation of stop:2021-11-29 12:21-> 19078,19287,20128,16732,16758,16771,16827,16831,16839,16898,17032,17036,17081,17140,17151,17214,17414,17490,17510,17625
Measurement id = 34097957 To popcluster97.atlas.winet.dcc.ufmg.br  created -> start :2021-11-29 04:01 estimation of stop:2021-11-29 12:21-> 19078,19287,20128,16732,16758,16771,16827,16831,16839,16898,17032,17036,17081,17140,17151,17214,17414,17490,17510,17625
Measurement id = 34097960 To popcluster98.atlas.winet.dcc.ufmg.br  created -> start :2021-11-29 04:01 estimation of stop:2021-11-29 12:21-> 19078,19287,20128,16732,16758,16771,16827,16831,16839,16898,17032,17036,17081,17140,17151,17214,17414,17490,17510,17625
Measurement id = 34097965 To popcluster99.atlas.winet.dcc.ufmg.br  created -> start :2021-11-29 04:01 estimation of stop:2021-11-29 12:21-> 19078,19287,20128,16732,16758,16771,16827,16831,16839,16898,17032,17036,17081,17140,17151,17214,17414,17490,17510,17625
Measurement id = 34097968 To popcluster100.atlas.winet.dcc.ufmg.br  created -> start :2021-11-29 04:01 estimation of stop:2021-11-29 12:21-> 19078,19287,20128,16732,16758,16771,16827,16831,16839,16898,17032,17036,17081,17140,17151,17214,17414,17490,17510,17625
