Measurement id = 33971930 To popcluster1.atlas.winet.dcc.ufmg.br  created -> start :2021-11-26 10:41 estimation of stop:2021-11-26 19:01-> 15094,15105,15226,15467,15633,15732,15880,15928,15961,16087,16438,16604,12721,13955,15736,16601,13972,13138,14662,12933
Measurement id = 33971939 To popcluster2.atlas.winet.dcc.ufmg.br  created -> start :2021-11-26 10:41 estimation of stop:2021-11-26 19:01-> 15094,15105,15226,15467,15633,15732,15880,15928,15961,16087,16438,16604,12721,13955,15736,16601,13972,13138,14662,12933
Measurement id = 33971944 To popcluster3.atlas.winet.dcc.ufmg.br  created -> start :2021-11-26 10:41 estimation of stop:2021-11-26 19:01-> 15094,15105,15226,15467,15633,15732,15880,15928,15961,16087,16438,16604,12721,13955,15736,16601,13972,13138,14662,12933
Measurement id = 33971951 To popcluster4.atlas.winet.dcc.ufmg.br  created -> start :2021-11-26 10:41 estimation of stop:2021-11-26 19:01-> 15094,15105,15226,15467,15633,15732,15880,15928,15961,16087,16438,16604,12721,13955,15736,16601,13972,13138,14662,12933
Measurement id = 33971959 To popcluster5.atlas.winet.dcc.ufmg.br  created -> start :2021-11-26 10:41 estimation of stop:2021-11-26 19:01-> 15094,15105,15226,15467,15633,15732,15880,15928,15961,16087,16438,16604,12721,13955,15736,16601,13972,13138,14662,12933
Measurement id = 33971964 To popcluster6.atlas.winet.dcc.ufmg.br  created -> start :2021-11-26 10:41 estimation of stop:2021-11-26 19:01-> 15094,15105,15226,15467,15633,15732,15880,15928,15961,16087,16438,16604,12721,13955,15736,16601,13972,13138,14662,12933
Measurement id = 33971969 To popcluster7.atlas.winet.dcc.ufmg.br  created -> start :2021-11-26 10:41 estimation of stop:2021-11-26 19:01-> 15094,15105,15226,15467,15633,15732,15880,15928,15961,16087,16438,16604,12721,13955,15736,16601,13972,13138,14662,12933
Measurement id = 33971974 To popcluster8.atlas.winet.dcc.ufmg.br  created -> start :2021-11-26 10:41 estimation of stop:2021-11-26 19:01-> 15094,15105,15226,15467,15633,15732,15880,15928,15961,16087,16438,16604,12721,13955,15736,16601,13972,13138,14662,12933
Measurement id = 33971979 To popcluster9.atlas.winet.dcc.ufmg.br  created -> start :2021-11-26 10:41 estimation of stop:2021-11-26 19:01-> 15094,15105,15226,15467,15633,15732,15880,15928,15961,16087,16438,16604,12721,13955,15736,16601,13972,13138,14662,12933
Measurement id = 33971986 To popcluster10.atlas.winet.dcc.ufmg.br  created -> start :2021-11-26 10:41 estimation of stop:2021-11-26 19:01-> 15094,15105,15226,15467,15633,15732,15880,15928,15961,16087,16438,16604,12721,13955,15736,16601,13972,13138,14662,12933
Measurement id = 33971991 To popcluster11.atlas.winet.dcc.ufmg.br  created -> start :2021-11-26 10:41 estimation of stop:2021-11-26 19:01-> 15094,15105,15226,15467,15633,15732,15880,15928,15961,16087,16438,16604,12721,13955,15736,16601,13972,13138,14662,12933
Measurement id = 33971996 To popcluster12.atlas.winet.dcc.ufmg.br  created -> start :2021-11-26 10:41 estimation of stop:2021-11-26 19:01-> 15094,15105,15226,15467,15633,15732,15880,15928,15961,16087,16438,16604,12721,13955,15736,16601,13972,13138,14662,12933
Measurement id = 33972001 To popcluster13.atlas.winet.dcc.ufmg.br  created -> start :2021-11-26 10:41 estimation of stop:2021-11-26 19:01-> 15094,15105,15226,15467,15633,15732,15880,15928,15961,16087,16438,16604,12721,13955,15736,16601,13972,13138,14662,12933
Measurement id = 33972006 To popcluster14.atlas.winet.dcc.ufmg.br  created -> start :2021-11-26 10:41 estimation of stop:2021-11-26 19:01-> 15094,15105,15226,15467,15633,15732,15880,15928,15961,16087,16438,16604,12721,13955,15736,16601,13972,13138,14662,12933
Measurement id = 33972007 To popcluster15.atlas.winet.dcc.ufmg.br  created -> start :2021-11-26 10:41 estimation of stop:2021-11-26 19:01-> 15094,15105,15226,15467,15633,15732,15880,15928,15961,16087,16438,16604,12721,13955,15736,16601,13972,13138,14662,12933
Measurement id = 33972008 To popcluster16.atlas.winet.dcc.ufmg.br  created -> start :2021-11-26 10:41 estimation of stop:2021-11-26 19:01-> 15094,15105,15226,15467,15633,15732,15880,15928,15961,16087,16438,16604,12721,13955,15736,16601,13972,13138,14662,12933
Measurement id = 33972010 To popcluster17.atlas.winet.dcc.ufmg.br  created -> start :2021-11-26 10:41 estimation of stop:2021-11-26 19:01-> 15094,15105,15226,15467,15633,15732,15880,15928,15961,16087,16438,16604,12721,13955,15736,16601,13972,13138,14662,12933
Measurement id = 33972011 To popcluster18.atlas.winet.dcc.ufmg.br  created -> start :2021-11-26 10:41 estimation of stop:2021-11-26 19:01-> 15094,15105,15226,15467,15633,15732,15880,15928,15961,16087,16438,16604,12721,13955,15736,16601,13972,13138,14662,12933
Measurement id = 33972012 To popcluster19.atlas.winet.dcc.ufmg.br  created -> start :2021-11-26 10:41 estimation of stop:2021-11-26 19:01-> 15094,15105,15226,15467,15633,15732,15880,15928,15961,16087,16438,16604,12721,13955,15736,16601,13972,13138,14662,12933
Measurement id = 33972013 To popcluster20.atlas.winet.dcc.ufmg.br  created -> start :2021-11-26 10:41 estimation of stop:2021-11-26 19:01-> 15094,15105,15226,15467,15633,15732,15880,15928,15961,16087,16438,16604,12721,13955,15736,16601,13972,13138,14662,12933
Measurement id = 33972014 To popcluster21.atlas.winet.dcc.ufmg.br  created -> start :2021-11-26 10:41 estimation of stop:2021-11-26 19:01-> 15094,15105,15226,15467,15633,15732,15880,15928,15961,16087,16438,16604,12721,13955,15736,16601,13972,13138,14662,12933
Measurement id = 33972015 To popcluster22.atlas.winet.dcc.ufmg.br  created -> start :2021-11-26 10:41 estimation of stop:2021-11-26 19:01-> 15094,15105,15226,15467,15633,15732,15880,15928,15961,16087,16438,16604,12721,13955,15736,16601,13972,13138,14662,12933
Measurement id = 33972016 To popcluster23.atlas.winet.dcc.ufmg.br  created -> start :2021-11-26 10:41 estimation of stop:2021-11-26 19:01-> 15094,15105,15226,15467,15633,15732,15880,15928,15961,16087,16438,16604,12721,13955,15736,16601,13972,13138,14662,12933
Measurement id = 33972017 To popcluster24.atlas.winet.dcc.ufmg.br  created -> start :2021-11-26 10:41 estimation of stop:2021-11-26 19:01-> 15094,15105,15226,15467,15633,15732,15880,15928,15961,16087,16438,16604,12721,13955,15736,16601,13972,13138,14662,12933
Measurement id = 33972018 To popcluster25.atlas.winet.dcc.ufmg.br  created -> start :2021-11-26 10:41 estimation of stop:2021-11-26 19:01-> 15094,15105,15226,15467,15633,15732,15880,15928,15961,16087,16438,16604,12721,13955,15736,16601,13972,13138,14662,12933
Measurement id = 33972019 To popcluster26.atlas.winet.dcc.ufmg.br  created -> start :2021-11-26 10:41 estimation of stop:2021-11-26 19:01-> 15094,15105,15226,15467,15633,15732,15880,15928,15961,16087,16438,16604,12721,13955,15736,16601,13972,13138,14662,12933
Measurement id = 33972020 To popcluster27.atlas.winet.dcc.ufmg.br  created -> start :2021-11-26 10:41 estimation of stop:2021-11-26 19:01-> 15094,15105,15226,15467,15633,15732,15880,15928,15961,16087,16438,16604,12721,13955,15736,16601,13972,13138,14662,12933
Measurement id = 33972021 To popcluster28.atlas.winet.dcc.ufmg.br  created -> start :2021-11-26 10:41 estimation of stop:2021-11-26 19:01-> 15094,15105,15226,15467,15633,15732,15880,15928,15961,16087,16438,16604,12721,13955,15736,16601,13972,13138,14662,12933
Measurement id = 33972022 To popcluster29.atlas.winet.dcc.ufmg.br  created -> start :2021-11-26 10:41 estimation of stop:2021-11-26 19:01-> 15094,15105,15226,15467,15633,15732,15880,15928,15961,16087,16438,16604,12721,13955,15736,16601,13972,13138,14662,12933
Measurement id = 33972023 To popcluster30.atlas.winet.dcc.ufmg.br  created -> start :2021-11-26 10:41 estimation of stop:2021-11-26 19:01-> 15094,15105,15226,15467,15633,15732,15880,15928,15961,16087,16438,16604,12721,13955,15736,16601,13972,13138,14662,12933
Measurement id = 33972024 To popcluster31.atlas.winet.dcc.ufmg.br  created -> start :2021-11-26 10:41 estimation of stop:2021-11-26 19:01-> 15094,15105,15226,15467,15633,15732,15880,15928,15961,16087,16438,16604,12721,13955,15736,16601,13972,13138,14662,12933
Measurement id = 33972025 To popcluster32.atlas.winet.dcc.ufmg.br  created -> start :2021-11-26 10:41 estimation of stop:2021-11-26 19:01-> 15094,15105,15226,15467,15633,15732,15880,15928,15961,16087,16438,16604,12721,13955,15736,16601,13972,13138,14662,12933
Measurement id = 33972026 To popcluster33.atlas.winet.dcc.ufmg.br  created -> start :2021-11-26 10:41 estimation of stop:2021-11-26 19:01-> 15094,15105,15226,15467,15633,15732,15880,15928,15961,16087,16438,16604,12721,13955,15736,16601,13972,13138,14662,12933
Measurement id = 33972027 To popcluster34.atlas.winet.dcc.ufmg.br  created -> start :2021-11-26 10:41 estimation of stop:2021-11-26 19:01-> 15094,15105,15226,15467,15633,15732,15880,15928,15961,16087,16438,16604,12721,13955,15736,16601,13972,13138,14662,12933
Measurement id = 33972028 To popcluster35.atlas.winet.dcc.ufmg.br  created -> start :2021-11-26 10:41 estimation of stop:2021-11-26 19:01-> 15094,15105,15226,15467,15633,15732,15880,15928,15961,16087,16438,16604,12721,13955,15736,16601,13972,13138,14662,12933
Measurement id = 33972029 To popcluster36.atlas.winet.dcc.ufmg.br  created -> start :2021-11-26 10:41 estimation of stop:2021-11-26 19:01-> 15094,15105,15226,15467,15633,15732,15880,15928,15961,16087,16438,16604,12721,13955,15736,16601,13972,13138,14662,12933
Measurement id = 33972030 To popcluster37.atlas.winet.dcc.ufmg.br  created -> start :2021-11-26 10:41 estimation of stop:2021-11-26 19:01-> 15094,15105,15226,15467,15633,15732,15880,15928,15961,16087,16438,16604,12721,13955,15736,16601,13972,13138,14662,12933
Measurement id = 33972031 To popcluster38.atlas.winet.dcc.ufmg.br  created -> start :2021-11-26 10:41 estimation of stop:2021-11-26 19:01-> 15094,15105,15226,15467,15633,15732,15880,15928,15961,16087,16438,16604,12721,13955,15736,16601,13972,13138,14662,12933
Measurement id = 33972032 To popcluster39.atlas.winet.dcc.ufmg.br  created -> start :2021-11-26 10:41 estimation of stop:2021-11-26 19:01-> 15094,15105,15226,15467,15633,15732,15880,15928,15961,16087,16438,16604,12721,13955,15736,16601,13972,13138,14662,12933
Measurement id = 33972033 To popcluster40.atlas.winet.dcc.ufmg.br  created -> start :2021-11-26 10:41 estimation of stop:2021-11-26 19:01-> 15094,15105,15226,15467,15633,15732,15880,15928,15961,16087,16438,16604,12721,13955,15736,16601,13972,13138,14662,12933
Measurement id = 33972034 To popcluster41.atlas.winet.dcc.ufmg.br  created -> start :2021-11-26 10:41 estimation of stop:2021-11-26 19:01-> 15094,15105,15226,15467,15633,15732,15880,15928,15961,16087,16438,16604,12721,13955,15736,16601,13972,13138,14662,12933
Measurement id = 33972035 To popcluster42.atlas.winet.dcc.ufmg.br  created -> start :2021-11-26 10:41 estimation of stop:2021-11-26 19:01-> 15094,15105,15226,15467,15633,15732,15880,15928,15961,16087,16438,16604,12721,13955,15736,16601,13972,13138,14662,12933
Measurement id = 33972036 To popcluster43.atlas.winet.dcc.ufmg.br  created -> start :2021-11-26 10:41 estimation of stop:2021-11-26 19:01-> 15094,15105,15226,15467,15633,15732,15880,15928,15961,16087,16438,16604,12721,13955,15736,16601,13972,13138,14662,12933
Measurement id = 33972038 To popcluster44.atlas.winet.dcc.ufmg.br  created -> start :2021-11-26 10:41 estimation of stop:2021-11-26 19:01-> 15094,15105,15226,15467,15633,15732,15880,15928,15961,16087,16438,16604,12721,13955,15736,16601,13972,13138,14662,12933
Measurement id = 33972039 To popcluster45.atlas.winet.dcc.ufmg.br  created -> start :2021-11-26 10:41 estimation of stop:2021-11-26 19:01-> 15094,15105,15226,15467,15633,15732,15880,15928,15961,16087,16438,16604,12721,13955,15736,16601,13972,13138,14662,12933
Measurement id = 33972040 To popcluster46.atlas.winet.dcc.ufmg.br  created -> start :2021-11-26 10:41 estimation of stop:2021-11-26 19:01-> 15094,15105,15226,15467,15633,15732,15880,15928,15961,16087,16438,16604,12721,13955,15736,16601,13972,13138,14662,12933
Measurement id = 33972041 To popcluster47.atlas.winet.dcc.ufmg.br  created -> start :2021-11-26 10:41 estimation of stop:2021-11-26 19:01-> 15094,15105,15226,15467,15633,15732,15880,15928,15961,16087,16438,16604,12721,13955,15736,16601,13972,13138,14662,12933
Measurement id = 33972042 To popcluster48.atlas.winet.dcc.ufmg.br  created -> start :2021-11-26 10:41 estimation of stop:2021-11-26 19:01-> 15094,15105,15226,15467,15633,15732,15880,15928,15961,16087,16438,16604,12721,13955,15736,16601,13972,13138,14662,12933
Measurement id = 33972043 To popcluster49.atlas.winet.dcc.ufmg.br  created -> start :2021-11-26 10:41 estimation of stop:2021-11-26 19:01-> 15094,15105,15226,15467,15633,15732,15880,15928,15961,16087,16438,16604,12721,13955,15736,16601,13972,13138,14662,12933
Measurement id = 33972044 To popcluster50.atlas.winet.dcc.ufmg.br  created -> start :2021-11-26 10:41 estimation of stop:2021-11-26 19:01-> 15094,15105,15226,15467,15633,15732,15880,15928,15961,16087,16438,16604,12721,13955,15736,16601,13972,13138,14662,12933
Measurement id = 33972046 To popcluster51.atlas.winet.dcc.ufmg.br  created -> start :2021-11-26 10:41 estimation of stop:2021-11-26 19:01-> 15094,15105,15226,15467,15633,15732,15880,15928,15961,16087,16438,16604,12721,13955,15736,16601,13972,13138,14662,12933
Measurement id = 33972047 To popcluster52.atlas.winet.dcc.ufmg.br  created -> start :2021-11-26 10:41 estimation of stop:2021-11-26 19:01-> 15094,15105,15226,15467,15633,15732,15880,15928,15961,16087,16438,16604,12721,13955,15736,16601,13972,13138,14662,12933
Measurement id = 33972048 To popcluster53.atlas.winet.dcc.ufmg.br  created -> start :2021-11-26 10:41 estimation of stop:2021-11-26 19:01-> 15094,15105,15226,15467,15633,15732,15880,15928,15961,16087,16438,16604,12721,13955,15736,16601,13972,13138,14662,12933
Measurement id = 33972049 To popcluster54.atlas.winet.dcc.ufmg.br  created -> start :2021-11-26 10:41 estimation of stop:2021-11-26 19:01-> 15094,15105,15226,15467,15633,15732,15880,15928,15961,16087,16438,16604,12721,13955,15736,16601,13972,13138,14662,12933
Measurement id = 33972051 To popcluster55.atlas.winet.dcc.ufmg.br  created -> start :2021-11-26 10:41 estimation of stop:2021-11-26 19:01-> 15094,15105,15226,15467,15633,15732,15880,15928,15961,16087,16438,16604,12721,13955,15736,16601,13972,13138,14662,12933
Measurement id = 33972052 To popcluster56.atlas.winet.dcc.ufmg.br  created -> start :2021-11-26 10:41 estimation of stop:2021-11-26 19:01-> 15094,15105,15226,15467,15633,15732,15880,15928,15961,16087,16438,16604,12721,13955,15736,16601,13972,13138,14662,12933
Measurement id = 33972053 To popcluster57.atlas.winet.dcc.ufmg.br  created -> start :2021-11-26 10:41 estimation of stop:2021-11-26 19:01-> 15094,15105,15226,15467,15633,15732,15880,15928,15961,16087,16438,16604,12721,13955,15736,16601,13972,13138,14662,12933
Measurement id = 33972054 To popcluster58.atlas.winet.dcc.ufmg.br  created -> start :2021-11-26 10:41 estimation of stop:2021-11-26 19:01-> 15094,15105,15226,15467,15633,15732,15880,15928,15961,16087,16438,16604,12721,13955,15736,16601,13972,13138,14662,12933
Measurement id = 33972055 To popcluster59.atlas.winet.dcc.ufmg.br  created -> start :2021-11-26 10:41 estimation of stop:2021-11-26 19:01-> 15094,15105,15226,15467,15633,15732,15880,15928,15961,16087,16438,16604,12721,13955,15736,16601,13972,13138,14662,12933
Measurement id = 33972056 To popcluster60.atlas.winet.dcc.ufmg.br  created -> start :2021-11-26 10:41 estimation of stop:2021-11-26 19:01-> 15094,15105,15226,15467,15633,15732,15880,15928,15961,16087,16438,16604,12721,13955,15736,16601,13972,13138,14662,12933
Measurement id = 33972057 To popcluster61.atlas.winet.dcc.ufmg.br  created -> start :2021-11-26 10:41 estimation of stop:2021-11-26 19:01-> 15094,15105,15226,15467,15633,15732,15880,15928,15961,16087,16438,16604,12721,13955,15736,16601,13972,13138,14662,12933
Measurement id = 33972058 To popcluster62.atlas.winet.dcc.ufmg.br  created -> start :2021-11-26 10:41 estimation of stop:2021-11-26 19:01-> 15094,15105,15226,15467,15633,15732,15880,15928,15961,16087,16438,16604,12721,13955,15736,16601,13972,13138,14662,12933
Measurement id = 33972059 To popcluster63.atlas.winet.dcc.ufmg.br  created -> start :2021-11-26 10:41 estimation of stop:2021-11-26 19:01-> 15094,15105,15226,15467,15633,15732,15880,15928,15961,16087,16438,16604,12721,13955,15736,16601,13972,13138,14662,12933
Measurement id = 33972060 To popcluster64.atlas.winet.dcc.ufmg.br  created -> start :2021-11-26 10:41 estimation of stop:2021-11-26 19:01-> 15094,15105,15226,15467,15633,15732,15880,15928,15961,16087,16438,16604,12721,13955,15736,16601,13972,13138,14662,12933
Measurement id = 33972061 To popcluster65.atlas.winet.dcc.ufmg.br  created -> start :2021-11-26 10:41 estimation of stop:2021-11-26 19:01-> 15094,15105,15226,15467,15633,15732,15880,15928,15961,16087,16438,16604,12721,13955,15736,16601,13972,13138,14662,12933
Measurement id = 33972062 To popcluster66.atlas.winet.dcc.ufmg.br  created -> start :2021-11-26 10:41 estimation of stop:2021-11-26 19:01-> 15094,15105,15226,15467,15633,15732,15880,15928,15961,16087,16438,16604,12721,13955,15736,16601,13972,13138,14662,12933
Measurement id = 33972063 To popcluster67.atlas.winet.dcc.ufmg.br  created -> start :2021-11-26 10:41 estimation of stop:2021-11-26 19:01-> 15094,15105,15226,15467,15633,15732,15880,15928,15961,16087,16438,16604,12721,13955,15736,16601,13972,13138,14662,12933
Measurement id = 33972064 To popcluster68.atlas.winet.dcc.ufmg.br  created -> start :2021-11-26 10:41 estimation of stop:2021-11-26 19:01-> 15094,15105,15226,15467,15633,15732,15880,15928,15961,16087,16438,16604,12721,13955,15736,16601,13972,13138,14662,12933
Measurement id = 33972065 To popcluster69.atlas.winet.dcc.ufmg.br  created -> start :2021-11-26 10:41 estimation of stop:2021-11-26 19:01-> 15094,15105,15226,15467,15633,15732,15880,15928,15961,16087,16438,16604,12721,13955,15736,16601,13972,13138,14662,12933
Measurement id = 33972066 To popcluster70.atlas.winet.dcc.ufmg.br  created -> start :2021-11-26 10:41 estimation of stop:2021-11-26 19:01-> 15094,15105,15226,15467,15633,15732,15880,15928,15961,16087,16438,16604,12721,13955,15736,16601,13972,13138,14662,12933
Measurement id = 33972067 To popcluster71.atlas.winet.dcc.ufmg.br  created -> start :2021-11-26 10:41 estimation of stop:2021-11-26 19:01-> 15094,15105,15226,15467,15633,15732,15880,15928,15961,16087,16438,16604,12721,13955,15736,16601,13972,13138,14662,12933
Measurement id = 33972068 To popcluster72.atlas.winet.dcc.ufmg.br  created -> start :2021-11-26 10:41 estimation of stop:2021-11-26 19:01-> 15094,15105,15226,15467,15633,15732,15880,15928,15961,16087,16438,16604,12721,13955,15736,16601,13972,13138,14662,12933
Measurement id = 33972069 To popcluster73.atlas.winet.dcc.ufmg.br  created -> start :2021-11-26 10:41 estimation of stop:2021-11-26 19:01-> 15094,15105,15226,15467,15633,15732,15880,15928,15961,16087,16438,16604,12721,13955,15736,16601,13972,13138,14662,12933
Measurement id = 33972070 To popcluster74.atlas.winet.dcc.ufmg.br  created -> start :2021-11-26 10:41 estimation of stop:2021-11-26 19:01-> 15094,15105,15226,15467,15633,15732,15880,15928,15961,16087,16438,16604,12721,13955,15736,16601,13972,13138,14662,12933
Measurement id = 33972071 To popcluster75.atlas.winet.dcc.ufmg.br  created -> start :2021-11-26 10:41 estimation of stop:2021-11-26 19:01-> 15094,15105,15226,15467,15633,15732,15880,15928,15961,16087,16438,16604,12721,13955,15736,16601,13972,13138,14662,12933
Measurement id = 33972072 To popcluster76.atlas.winet.dcc.ufmg.br  created -> start :2021-11-26 10:41 estimation of stop:2021-11-26 19:01-> 15094,15105,15226,15467,15633,15732,15880,15928,15961,16087,16438,16604,12721,13955,15736,16601,13972,13138,14662,12933
Measurement id = 33972073 To popcluster77.atlas.winet.dcc.ufmg.br  created -> start :2021-11-26 10:41 estimation of stop:2021-11-26 19:01-> 15094,15105,15226,15467,15633,15732,15880,15928,15961,16087,16438,16604,12721,13955,15736,16601,13972,13138,14662,12933
Measurement id = 33972074 To popcluster78.atlas.winet.dcc.ufmg.br  created -> start :2021-11-26 10:41 estimation of stop:2021-11-26 19:01-> 15094,15105,15226,15467,15633,15732,15880,15928,15961,16087,16438,16604,12721,13955,15736,16601,13972,13138,14662,12933
Measurement id = 33972075 To popcluster79.atlas.winet.dcc.ufmg.br  created -> start :2021-11-26 10:41 estimation of stop:2021-11-26 19:01-> 15094,15105,15226,15467,15633,15732,15880,15928,15961,16087,16438,16604,12721,13955,15736,16601,13972,13138,14662,12933
Measurement id = 33972076 To popcluster80.atlas.winet.dcc.ufmg.br  created -> start :2021-11-26 10:41 estimation of stop:2021-11-26 19:01-> 15094,15105,15226,15467,15633,15732,15880,15928,15961,16087,16438,16604,12721,13955,15736,16601,13972,13138,14662,12933
Measurement id = 33972077 To popcluster81.atlas.winet.dcc.ufmg.br  created -> start :2021-11-26 10:41 estimation of stop:2021-11-26 19:01-> 15094,15105,15226,15467,15633,15732,15880,15928,15961,16087,16438,16604,12721,13955,15736,16601,13972,13138,14662,12933
Measurement id = 33972078 To popcluster82.atlas.winet.dcc.ufmg.br  created -> start :2021-11-26 10:41 estimation of stop:2021-11-26 19:01-> 15094,15105,15226,15467,15633,15732,15880,15928,15961,16087,16438,16604,12721,13955,15736,16601,13972,13138,14662,12933
Measurement id = 33972079 To popcluster83.atlas.winet.dcc.ufmg.br  created -> start :2021-11-26 10:41 estimation of stop:2021-11-26 19:01-> 15094,15105,15226,15467,15633,15732,15880,15928,15961,16087,16438,16604,12721,13955,15736,16601,13972,13138,14662,12933
Measurement id = 33972080 To popcluster84.atlas.winet.dcc.ufmg.br  created -> start :2021-11-26 10:41 estimation of stop:2021-11-26 19:01-> 15094,15105,15226,15467,15633,15732,15880,15928,15961,16087,16438,16604,12721,13955,15736,16601,13972,13138,14662,12933
Measurement id = 33972081 To popcluster85.atlas.winet.dcc.ufmg.br  created -> start :2021-11-26 10:41 estimation of stop:2021-11-26 19:01-> 15094,15105,15226,15467,15633,15732,15880,15928,15961,16087,16438,16604,12721,13955,15736,16601,13972,13138,14662,12933
Measurement id = 33972082 To popcluster86.atlas.winet.dcc.ufmg.br  created -> start :2021-11-26 10:41 estimation of stop:2021-11-26 19:01-> 15094,15105,15226,15467,15633,15732,15880,15928,15961,16087,16438,16604,12721,13955,15736,16601,13972,13138,14662,12933
Measurement id = 33972083 To popcluster87.atlas.winet.dcc.ufmg.br  created -> start :2021-11-26 10:41 estimation of stop:2021-11-26 19:01-> 15094,15105,15226,15467,15633,15732,15880,15928,15961,16087,16438,16604,12721,13955,15736,16601,13972,13138,14662,12933
Measurement id = 33972084 To popcluster88.atlas.winet.dcc.ufmg.br  created -> start :2021-11-26 10:41 estimation of stop:2021-11-26 19:01-> 15094,15105,15226,15467,15633,15732,15880,15928,15961,16087,16438,16604,12721,13955,15736,16601,13972,13138,14662,12933
Measurement id = 33972085 To popcluster89.atlas.winet.dcc.ufmg.br  created -> start :2021-11-26 10:41 estimation of stop:2021-11-26 19:01-> 15094,15105,15226,15467,15633,15732,15880,15928,15961,16087,16438,16604,12721,13955,15736,16601,13972,13138,14662,12933
Measurement id = 33972087 To popcluster90.atlas.winet.dcc.ufmg.br  created -> start :2021-11-26 10:41 estimation of stop:2021-11-26 19:01-> 15094,15105,15226,15467,15633,15732,15880,15928,15961,16087,16438,16604,12721,13955,15736,16601,13972,13138,14662,12933
Measurement id = 33972090 To popcluster91.atlas.winet.dcc.ufmg.br  created -> start :2021-11-26 10:41 estimation of stop:2021-11-26 19:01-> 15094,15105,15226,15467,15633,15732,15880,15928,15961,16087,16438,16604,12721,13955,15736,16601,13972,13138,14662,12933
Measurement id = 33972091 To popcluster92.atlas.winet.dcc.ufmg.br  created -> start :2021-11-26 10:41 estimation of stop:2021-11-26 19:01-> 15094,15105,15226,15467,15633,15732,15880,15928,15961,16087,16438,16604,12721,13955,15736,16601,13972,13138,14662,12933
Measurement id = 33972092 To popcluster93.atlas.winet.dcc.ufmg.br  created -> start :2021-11-26 10:41 estimation of stop:2021-11-26 19:01-> 15094,15105,15226,15467,15633,15732,15880,15928,15961,16087,16438,16604,12721,13955,15736,16601,13972,13138,14662,12933
Measurement id = 33972094 To popcluster94.atlas.winet.dcc.ufmg.br  created -> start :2021-11-26 10:41 estimation of stop:2021-11-26 19:01-> 15094,15105,15226,15467,15633,15732,15880,15928,15961,16087,16438,16604,12721,13955,15736,16601,13972,13138,14662,12933
Measurement id = 33972095 To popcluster95.atlas.winet.dcc.ufmg.br  created -> start :2021-11-26 10:41 estimation of stop:2021-11-26 19:01-> 15094,15105,15226,15467,15633,15732,15880,15928,15961,16087,16438,16604,12721,13955,15736,16601,13972,13138,14662,12933
Measurement id = 33972096 To popcluster96.atlas.winet.dcc.ufmg.br  created -> start :2021-11-26 10:41 estimation of stop:2021-11-26 19:01-> 15094,15105,15226,15467,15633,15732,15880,15928,15961,16087,16438,16604,12721,13955,15736,16601,13972,13138,14662,12933
Measurement id = 33972097 To popcluster97.atlas.winet.dcc.ufmg.br  created -> start :2021-11-26 10:41 estimation of stop:2021-11-26 19:01-> 15094,15105,15226,15467,15633,15732,15880,15928,15961,16087,16438,16604,12721,13955,15736,16601,13972,13138,14662,12933
Measurement id = 33972098 To popcluster98.atlas.winet.dcc.ufmg.br  created -> start :2021-11-26 10:41 estimation of stop:2021-11-26 19:01-> 15094,15105,15226,15467,15633,15732,15880,15928,15961,16087,16438,16604,12721,13955,15736,16601,13972,13138,14662,12933
Measurement id = 33972099 To popcluster99.atlas.winet.dcc.ufmg.br  created -> start :2021-11-26 10:41 estimation of stop:2021-11-26 19:01-> 15094,15105,15226,15467,15633,15732,15880,15928,15961,16087,16438,16604,12721,13955,15736,16601,13972,13138,14662,12933
Measurement id = 33972100 To popcluster100.atlas.winet.dcc.ufmg.br  created -> start :2021-11-26 10:41 estimation of stop:2021-11-26 19:01-> 15094,15105,15226,15467,15633,15732,15880,15928,15961,16087,16438,16604,12721,13955,15736,16601,13972,13138,14662,12933
