Measurement id = 34317421 To popcluster1.atlas.winet.dcc.ufmg.br  created -> start :2021-12-05 23:33 estimation of stop:2021-12-06 07:53-> 21364,21374,21416,21500,21514,21568,21598,21609,21614,21658,21662,21699,21700,19099,20843,21513,21566,20186,21569,17955
Measurement id = 34317423 To popcluster2.atlas.winet.dcc.ufmg.br  created -> start :2021-12-05 23:33 estimation of stop:2021-12-06 07:53-> 21364,21374,21416,21500,21514,21568,21598,21609,21614,21658,21662,21699,21700,19099,20843,21513,21566,20186,21569,17955
Measurement id = 34317425 To popcluster3.atlas.winet.dcc.ufmg.br  created -> start :2021-12-05 23:33 estimation of stop:2021-12-06 07:53-> 21364,21374,21416,21500,21514,21568,21598,21609,21614,21658,21662,21699,21700,19099,20843,21513,21566,20186,21569,17955
Measurement id = 34317427 To popcluster4.atlas.winet.dcc.ufmg.br  created -> start :2021-12-05 23:33 estimation of stop:2021-12-06 07:53-> 21364,21374,21416,21500,21514,21568,21598,21609,21614,21658,21662,21699,21700,19099,20843,21513,21566,20186,21569,17955
Measurement id = 34317429 To popcluster5.atlas.winet.dcc.ufmg.br  created -> start :2021-12-05 23:33 estimation of stop:2021-12-06 07:53-> 21364,21374,21416,21500,21514,21568,21598,21609,21614,21658,21662,21699,21700,19099,20843,21513,21566,20186,21569,17955
Measurement id = 34317431 To popcluster6.atlas.winet.dcc.ufmg.br  created -> start :2021-12-05 23:33 estimation of stop:2021-12-06 07:53-> 21364,21374,21416,21500,21514,21568,21598,21609,21614,21658,21662,21699,21700,19099,20843,21513,21566,20186,21569,17955
Measurement id = 34317432 To popcluster7.atlas.winet.dcc.ufmg.br  created -> start :2021-12-05 23:33 estimation of stop:2021-12-06 07:53-> 21364,21374,21416,21500,21514,21568,21598,21609,21614,21658,21662,21699,21700,19099,20843,21513,21566,20186,21569,17955
Measurement id = 34317434 To popcluster8.atlas.winet.dcc.ufmg.br  created -> start :2021-12-05 23:33 estimation of stop:2021-12-06 07:53-> 21364,21374,21416,21500,21514,21568,21598,21609,21614,21658,21662,21699,21700,19099,20843,21513,21566,20186,21569,17955
Measurement id = 34317436 To popcluster9.atlas.winet.dcc.ufmg.br  created -> start :2021-12-05 23:33 estimation of stop:2021-12-06 07:53-> 21364,21374,21416,21500,21514,21568,21598,21609,21614,21658,21662,21699,21700,19099,20843,21513,21566,20186,21569,17955
Measurement id = 34317440 To popcluster10.atlas.winet.dcc.ufmg.br  created -> start :2021-12-05 23:33 estimation of stop:2021-12-06 07:53-> 21364,21374,21416,21500,21514,21568,21598,21609,21614,21658,21662,21699,21700,19099,20843,21513,21566,20186,21569,17955
Measurement id = 34317442 To popcluster11.atlas.winet.dcc.ufmg.br  created -> start :2021-12-05 23:33 estimation of stop:2021-12-06 07:53-> 21364,21374,21416,21500,21514,21568,21598,21609,21614,21658,21662,21699,21700,19099,20843,21513,21566,20186,21569,17955
Measurement id = 34317444 To popcluster12.atlas.winet.dcc.ufmg.br  created -> start :2021-12-05 23:33 estimation of stop:2021-12-06 07:53-> 21364,21374,21416,21500,21514,21568,21598,21609,21614,21658,21662,21699,21700,19099,20843,21513,21566,20186,21569,17955
Measurement id = 34317446 To popcluster13.atlas.winet.dcc.ufmg.br  created -> start :2021-12-05 23:33 estimation of stop:2021-12-06 07:53-> 21364,21374,21416,21500,21514,21568,21598,21609,21614,21658,21662,21699,21700,19099,20843,21513,21566,20186,21569,17955
Measurement id = 34317448 To popcluster14.atlas.winet.dcc.ufmg.br  created -> start :2021-12-05 23:33 estimation of stop:2021-12-06 07:53-> 21364,21374,21416,21500,21514,21568,21598,21609,21614,21658,21662,21699,21700,19099,20843,21513,21566,20186,21569,17955
Measurement id = 34317450 To popcluster15.atlas.winet.dcc.ufmg.br  created -> start :2021-12-05 23:33 estimation of stop:2021-12-06 07:53-> 21364,21374,21416,21500,21514,21568,21598,21609,21614,21658,21662,21699,21700,19099,20843,21513,21566,20186,21569,17955
Measurement id = 34317452 To popcluster16.atlas.winet.dcc.ufmg.br  created -> start :2021-12-05 23:33 estimation of stop:2021-12-06 07:53-> 21364,21374,21416,21500,21514,21568,21598,21609,21614,21658,21662,21699,21700,19099,20843,21513,21566,20186,21569,17955
Measurement id = 34317454 To popcluster17.atlas.winet.dcc.ufmg.br  created -> start :2021-12-05 23:33 estimation of stop:2021-12-06 07:53-> 21364,21374,21416,21500,21514,21568,21598,21609,21614,21658,21662,21699,21700,19099,20843,21513,21566,20186,21569,17955
Measurement id = 34317456 To popcluster18.atlas.winet.dcc.ufmg.br  created -> start :2021-12-05 23:33 estimation of stop:2021-12-06 07:53-> 21364,21374,21416,21500,21514,21568,21598,21609,21614,21658,21662,21699,21700,19099,20843,21513,21566,20186,21569,17955
Measurement id = 34317457 To popcluster19.atlas.winet.dcc.ufmg.br  created -> start :2021-12-05 23:33 estimation of stop:2021-12-06 07:53-> 21364,21374,21416,21500,21514,21568,21598,21609,21614,21658,21662,21699,21700,19099,20843,21513,21566,20186,21569,17955
Measurement id = 34317459 To popcluster20.atlas.winet.dcc.ufmg.br  created -> start :2021-12-05 23:33 estimation of stop:2021-12-06 07:53-> 21364,21374,21416,21500,21514,21568,21598,21609,21614,21658,21662,21699,21700,19099,20843,21513,21566,20186,21569,17955
Measurement id = 34317461 To popcluster21.atlas.winet.dcc.ufmg.br  created -> start :2021-12-05 23:33 estimation of stop:2021-12-06 07:53-> 21364,21374,21416,21500,21514,21568,21598,21609,21614,21658,21662,21699,21700,19099,20843,21513,21566,20186,21569,17955
Measurement id = 34317463 To popcluster22.atlas.winet.dcc.ufmg.br  created -> start :2021-12-05 23:33 estimation of stop:2021-12-06 07:53-> 21364,21374,21416,21500,21514,21568,21598,21609,21614,21658,21662,21699,21700,19099,20843,21513,21566,20186,21569,17955
Measurement id = 34317465 To popcluster23.atlas.winet.dcc.ufmg.br  created -> start :2021-12-05 23:33 estimation of stop:2021-12-06 07:53-> 21364,21374,21416,21500,21514,21568,21598,21609,21614,21658,21662,21699,21700,19099,20843,21513,21566,20186,21569,17955
Measurement id = 34317467 To popcluster24.atlas.winet.dcc.ufmg.br  created -> start :2021-12-05 23:33 estimation of stop:2021-12-06 07:53-> 21364,21374,21416,21500,21514,21568,21598,21609,21614,21658,21662,21699,21700,19099,20843,21513,21566,20186,21569,17955
Measurement id = 34317469 To popcluster25.atlas.winet.dcc.ufmg.br  created -> start :2021-12-05 23:33 estimation of stop:2021-12-06 07:53-> 21364,21374,21416,21500,21514,21568,21598,21609,21614,21658,21662,21699,21700,19099,20843,21513,21566,20186,21569,17955
Measurement id = 34317471 To popcluster26.atlas.winet.dcc.ufmg.br  created -> start :2021-12-05 23:33 estimation of stop:2021-12-06 07:53-> 21364,21374,21416,21500,21514,21568,21598,21609,21614,21658,21662,21699,21700,19099,20843,21513,21566,20186,21569,17955
Measurement id = 34317473 To popcluster27.atlas.winet.dcc.ufmg.br  created -> start :2021-12-05 23:33 estimation of stop:2021-12-06 07:53-> 21364,21374,21416,21500,21514,21568,21598,21609,21614,21658,21662,21699,21700,19099,20843,21513,21566,20186,21569,17955
Measurement id = 34317475 To popcluster28.atlas.winet.dcc.ufmg.br  created -> start :2021-12-05 23:33 estimation of stop:2021-12-06 07:53-> 21364,21374,21416,21500,21514,21568,21598,21609,21614,21658,21662,21699,21700,19099,20843,21513,21566,20186,21569,17955
Measurement id = 34317477 To popcluster29.atlas.winet.dcc.ufmg.br  created -> start :2021-12-05 23:33 estimation of stop:2021-12-06 07:53-> 21364,21374,21416,21500,21514,21568,21598,21609,21614,21658,21662,21699,21700,19099,20843,21513,21566,20186,21569,17955
Measurement id = 34317480 To popcluster30.atlas.winet.dcc.ufmg.br  created -> start :2021-12-05 23:33 estimation of stop:2021-12-06 07:53-> 21364,21374,21416,21500,21514,21568,21598,21609,21614,21658,21662,21699,21700,19099,20843,21513,21566,20186,21569,17955
Measurement id = 34317483 To popcluster31.atlas.winet.dcc.ufmg.br  created -> start :2021-12-05 23:33 estimation of stop:2021-12-06 07:53-> 21364,21374,21416,21500,21514,21568,21598,21609,21614,21658,21662,21699,21700,19099,20843,21513,21566,20186,21569,17955
Measurement id = 34317485 To popcluster32.atlas.winet.dcc.ufmg.br  created -> start :2021-12-05 23:33 estimation of stop:2021-12-06 07:53-> 21364,21374,21416,21500,21514,21568,21598,21609,21614,21658,21662,21699,21700,19099,20843,21513,21566,20186,21569,17955
Measurement id = 34317487 To popcluster33.atlas.winet.dcc.ufmg.br  created -> start :2021-12-05 23:33 estimation of stop:2021-12-06 07:53-> 21364,21374,21416,21500,21514,21568,21598,21609,21614,21658,21662,21699,21700,19099,20843,21513,21566,20186,21569,17955
Measurement id = 34317489 To popcluster34.atlas.winet.dcc.ufmg.br  created -> start :2021-12-05 23:33 estimation of stop:2021-12-06 07:53-> 21364,21374,21416,21500,21514,21568,21598,21609,21614,21658,21662,21699,21700,19099,20843,21513,21566,20186,21569,17955
Measurement id = 34317491 To popcluster35.atlas.winet.dcc.ufmg.br  created -> start :2021-12-05 23:33 estimation of stop:2021-12-06 07:53-> 21364,21374,21416,21500,21514,21568,21598,21609,21614,21658,21662,21699,21700,19099,20843,21513,21566,20186,21569,17955
Measurement id = 34317493 To popcluster36.atlas.winet.dcc.ufmg.br  created -> start :2021-12-05 23:33 estimation of stop:2021-12-06 07:53-> 21364,21374,21416,21500,21514,21568,21598,21609,21614,21658,21662,21699,21700,19099,20843,21513,21566,20186,21569,17955
Measurement id = 34317495 To popcluster37.atlas.winet.dcc.ufmg.br  created -> start :2021-12-05 23:33 estimation of stop:2021-12-06 07:53-> 21364,21374,21416,21500,21514,21568,21598,21609,21614,21658,21662,21699,21700,19099,20843,21513,21566,20186,21569,17955
Measurement id = 34317497 To popcluster38.atlas.winet.dcc.ufmg.br  created -> start :2021-12-05 23:33 estimation of stop:2021-12-06 07:53-> 21364,21374,21416,21500,21514,21568,21598,21609,21614,21658,21662,21699,21700,19099,20843,21513,21566,20186,21569,17955
Measurement id = 34317498 To popcluster39.atlas.winet.dcc.ufmg.br  created -> start :2021-12-05 23:33 estimation of stop:2021-12-06 07:53-> 21364,21374,21416,21500,21514,21568,21598,21609,21614,21658,21662,21699,21700,19099,20843,21513,21566,20186,21569,17955
Measurement id = 34317500 To popcluster40.atlas.winet.dcc.ufmg.br  created -> start :2021-12-05 23:33 estimation of stop:2021-12-06 07:53-> 21364,21374,21416,21500,21514,21568,21598,21609,21614,21658,21662,21699,21700,19099,20843,21513,21566,20186,21569,17955
Measurement id = 34317502 To popcluster41.atlas.winet.dcc.ufmg.br  created -> start :2021-12-05 23:33 estimation of stop:2021-12-06 07:53-> 21364,21374,21416,21500,21514,21568,21598,21609,21614,21658,21662,21699,21700,19099,20843,21513,21566,20186,21569,17955
Measurement id = 34317505 To popcluster42.atlas.winet.dcc.ufmg.br  created -> start :2021-12-05 23:33 estimation of stop:2021-12-06 07:53-> 21364,21374,21416,21500,21514,21568,21598,21609,21614,21658,21662,21699,21700,19099,20843,21513,21566,20186,21569,17955
Measurement id = 34317507 To popcluster43.atlas.winet.dcc.ufmg.br  created -> start :2021-12-05 23:33 estimation of stop:2021-12-06 07:53-> 21364,21374,21416,21500,21514,21568,21598,21609,21614,21658,21662,21699,21700,19099,20843,21513,21566,20186,21569,17955
Measurement id = 34317509 To popcluster44.atlas.winet.dcc.ufmg.br  created -> start :2021-12-05 23:33 estimation of stop:2021-12-06 07:53-> 21364,21374,21416,21500,21514,21568,21598,21609,21614,21658,21662,21699,21700,19099,20843,21513,21566,20186,21569,17955
Measurement id = 34317511 To popcluster45.atlas.winet.dcc.ufmg.br  created -> start :2021-12-05 23:33 estimation of stop:2021-12-06 07:53-> 21364,21374,21416,21500,21514,21568,21598,21609,21614,21658,21662,21699,21700,19099,20843,21513,21566,20186,21569,17955
Measurement id = 34317513 To popcluster46.atlas.winet.dcc.ufmg.br  created -> start :2021-12-05 23:33 estimation of stop:2021-12-06 07:53-> 21364,21374,21416,21500,21514,21568,21598,21609,21614,21658,21662,21699,21700,19099,20843,21513,21566,20186,21569,17955
Measurement id = 34317515 To popcluster47.atlas.winet.dcc.ufmg.br  created -> start :2021-12-05 23:33 estimation of stop:2021-12-06 07:53-> 21364,21374,21416,21500,21514,21568,21598,21609,21614,21658,21662,21699,21700,19099,20843,21513,21566,20186,21569,17955
Measurement id = 34317517 To popcluster48.atlas.winet.dcc.ufmg.br  created -> start :2021-12-05 23:33 estimation of stop:2021-12-06 07:53-> 21364,21374,21416,21500,21514,21568,21598,21609,21614,21658,21662,21699,21700,19099,20843,21513,21566,20186,21569,17955
Measurement id = 34317519 To popcluster49.atlas.winet.dcc.ufmg.br  created -> start :2021-12-05 23:33 estimation of stop:2021-12-06 07:53-> 21364,21374,21416,21500,21514,21568,21598,21609,21614,21658,21662,21699,21700,19099,20843,21513,21566,20186,21569,17955
Measurement id = 34317521 To popcluster50.atlas.winet.dcc.ufmg.br  created -> start :2021-12-05 23:33 estimation of stop:2021-12-06 07:53-> 21364,21374,21416,21500,21514,21568,21598,21609,21614,21658,21662,21699,21700,19099,20843,21513,21566,20186,21569,17955
Measurement id = 34317523 To popcluster51.atlas.winet.dcc.ufmg.br  created -> start :2021-12-05 23:33 estimation of stop:2021-12-06 07:53-> 21364,21374,21416,21500,21514,21568,21598,21609,21614,21658,21662,21699,21700,19099,20843,21513,21566,20186,21569,17955
Measurement id = 34317525 To popcluster52.atlas.winet.dcc.ufmg.br  created -> start :2021-12-05 23:33 estimation of stop:2021-12-06 07:53-> 21364,21374,21416,21500,21514,21568,21598,21609,21614,21658,21662,21699,21700,19099,20843,21513,21566,20186,21569,17955
Measurement id = 34317527 To popcluster53.atlas.winet.dcc.ufmg.br  created -> start :2021-12-05 23:33 estimation of stop:2021-12-06 07:53-> 21364,21374,21416,21500,21514,21568,21598,21609,21614,21658,21662,21699,21700,19099,20843,21513,21566,20186,21569,17955
Measurement id = 34317529 To popcluster54.atlas.winet.dcc.ufmg.br  created -> start :2021-12-05 23:33 estimation of stop:2021-12-06 07:53-> 21364,21374,21416,21500,21514,21568,21598,21609,21614,21658,21662,21699,21700,19099,20843,21513,21566,20186,21569,17955
Measurement id = 34317531 To popcluster55.atlas.winet.dcc.ufmg.br  created -> start :2021-12-05 23:33 estimation of stop:2021-12-06 07:53-> 21364,21374,21416,21500,21514,21568,21598,21609,21614,21658,21662,21699,21700,19099,20843,21513,21566,20186,21569,17955
Measurement id = 34317533 To popcluster56.atlas.winet.dcc.ufmg.br  created -> start :2021-12-05 23:33 estimation of stop:2021-12-06 07:53-> 21364,21374,21416,21500,21514,21568,21598,21609,21614,21658,21662,21699,21700,19099,20843,21513,21566,20186,21569,17955
Measurement id = 34317535 To popcluster57.atlas.winet.dcc.ufmg.br  created -> start :2021-12-05 23:33 estimation of stop:2021-12-06 07:53-> 21364,21374,21416,21500,21514,21568,21598,21609,21614,21658,21662,21699,21700,19099,20843,21513,21566,20186,21569,17955
Measurement id = 34317537 To popcluster58.atlas.winet.dcc.ufmg.br  created -> start :2021-12-05 23:33 estimation of stop:2021-12-06 07:53-> 21364,21374,21416,21500,21514,21568,21598,21609,21614,21658,21662,21699,21700,19099,20843,21513,21566,20186,21569,17955
Measurement id = 34317539 To popcluster59.atlas.winet.dcc.ufmg.br  created -> start :2021-12-05 23:33 estimation of stop:2021-12-06 07:53-> 21364,21374,21416,21500,21514,21568,21598,21609,21614,21658,21662,21699,21700,19099,20843,21513,21566,20186,21569,17955
Measurement id = 34317541 To popcluster60.atlas.winet.dcc.ufmg.br  created -> start :2021-12-05 23:33 estimation of stop:2021-12-06 07:53-> 21364,21374,21416,21500,21514,21568,21598,21609,21614,21658,21662,21699,21700,19099,20843,21513,21566,20186,21569,17955
Measurement id = 34317543 To popcluster61.atlas.winet.dcc.ufmg.br  created -> start :2021-12-05 23:33 estimation of stop:2021-12-06 07:53-> 21364,21374,21416,21500,21514,21568,21598,21609,21614,21658,21662,21699,21700,19099,20843,21513,21566,20186,21569,17955
Measurement id = 34317545 To popcluster62.atlas.winet.dcc.ufmg.br  created -> start :2021-12-05 23:33 estimation of stop:2021-12-06 07:53-> 21364,21374,21416,21500,21514,21568,21598,21609,21614,21658,21662,21699,21700,19099,20843,21513,21566,20186,21569,17955
Measurement id = 34317547 To popcluster63.atlas.winet.dcc.ufmg.br  created -> start :2021-12-05 23:33 estimation of stop:2021-12-06 07:53-> 21364,21374,21416,21500,21514,21568,21598,21609,21614,21658,21662,21699,21700,19099,20843,21513,21566,20186,21569,17955
Measurement id = 34317549 To popcluster64.atlas.winet.dcc.ufmg.br  created -> start :2021-12-05 23:33 estimation of stop:2021-12-06 07:53-> 21364,21374,21416,21500,21514,21568,21598,21609,21614,21658,21662,21699,21700,19099,20843,21513,21566,20186,21569,17955
Measurement id = 34317551 To popcluster65.atlas.winet.dcc.ufmg.br  created -> start :2021-12-05 23:33 estimation of stop:2021-12-06 07:53-> 21364,21374,21416,21500,21514,21568,21598,21609,21614,21658,21662,21699,21700,19099,20843,21513,21566,20186,21569,17955
Measurement id = 34317553 To popcluster66.atlas.winet.dcc.ufmg.br  created -> start :2021-12-05 23:33 estimation of stop:2021-12-06 07:53-> 21364,21374,21416,21500,21514,21568,21598,21609,21614,21658,21662,21699,21700,19099,20843,21513,21566,20186,21569,17955
Measurement id = 34317555 To popcluster67.atlas.winet.dcc.ufmg.br  created -> start :2021-12-05 23:33 estimation of stop:2021-12-06 07:53-> 21364,21374,21416,21500,21514,21568,21598,21609,21614,21658,21662,21699,21700,19099,20843,21513,21566,20186,21569,17955
Measurement id = 34317556 To popcluster68.atlas.winet.dcc.ufmg.br  created -> start :2021-12-05 23:33 estimation of stop:2021-12-06 07:53-> 21364,21374,21416,21500,21514,21568,21598,21609,21614,21658,21662,21699,21700,19099,20843,21513,21566,20186,21569,17955
Measurement id = 34317558 To popcluster69.atlas.winet.dcc.ufmg.br  created -> start :2021-12-05 23:33 estimation of stop:2021-12-06 07:53-> 21364,21374,21416,21500,21514,21568,21598,21609,21614,21658,21662,21699,21700,19099,20843,21513,21566,20186,21569,17955
Measurement id = 34317561 To popcluster70.atlas.winet.dcc.ufmg.br  created -> start :2021-12-05 23:33 estimation of stop:2021-12-06 07:53-> 21364,21374,21416,21500,21514,21568,21598,21609,21614,21658,21662,21699,21700,19099,20843,21513,21566,20186,21569,17955
Measurement id = 34317563 To popcluster71.atlas.winet.dcc.ufmg.br  created -> start :2021-12-05 23:33 estimation of stop:2021-12-06 07:53-> 21364,21374,21416,21500,21514,21568,21598,21609,21614,21658,21662,21699,21700,19099,20843,21513,21566,20186,21569,17955
Measurement id = 34317565 To popcluster72.atlas.winet.dcc.ufmg.br  created -> start :2021-12-05 23:33 estimation of stop:2021-12-06 07:53-> 21364,21374,21416,21500,21514,21568,21598,21609,21614,21658,21662,21699,21700,19099,20843,21513,21566,20186,21569,17955
Measurement id = 34317567 To popcluster73.atlas.winet.dcc.ufmg.br  created -> start :2021-12-05 23:33 estimation of stop:2021-12-06 07:53-> 21364,21374,21416,21500,21514,21568,21598,21609,21614,21658,21662,21699,21700,19099,20843,21513,21566,20186,21569,17955
Measurement id = 34317569 To popcluster74.atlas.winet.dcc.ufmg.br  created -> start :2021-12-05 23:33 estimation of stop:2021-12-06 07:53-> 21364,21374,21416,21500,21514,21568,21598,21609,21614,21658,21662,21699,21700,19099,20843,21513,21566,20186,21569,17955
Measurement id = 34317571 To popcluster75.atlas.winet.dcc.ufmg.br  created -> start :2021-12-05 23:33 estimation of stop:2021-12-06 07:53-> 21364,21374,21416,21500,21514,21568,21598,21609,21614,21658,21662,21699,21700,19099,20843,21513,21566,20186,21569,17955
Measurement id = 34317573 To popcluster76.atlas.winet.dcc.ufmg.br  created -> start :2021-12-05 23:33 estimation of stop:2021-12-06 07:53-> 21364,21374,21416,21500,21514,21568,21598,21609,21614,21658,21662,21699,21700,19099,20843,21513,21566,20186,21569,17955
Measurement id = 34317575 To popcluster77.atlas.winet.dcc.ufmg.br  created -> start :2021-12-05 23:33 estimation of stop:2021-12-06 07:53-> 21364,21374,21416,21500,21514,21568,21598,21609,21614,21658,21662,21699,21700,19099,20843,21513,21566,20186,21569,17955
Measurement id = 34317577 To popcluster78.atlas.winet.dcc.ufmg.br  created -> start :2021-12-05 23:33 estimation of stop:2021-12-06 07:53-> 21364,21374,21416,21500,21514,21568,21598,21609,21614,21658,21662,21699,21700,19099,20843,21513,21566,20186,21569,17955
Measurement id = 34317579 To popcluster79.atlas.winet.dcc.ufmg.br  created -> start :2021-12-05 23:33 estimation of stop:2021-12-06 07:53-> 21364,21374,21416,21500,21514,21568,21598,21609,21614,21658,21662,21699,21700,19099,20843,21513,21566,20186,21569,17955
Measurement id = 34317581 To popcluster80.atlas.winet.dcc.ufmg.br  created -> start :2021-12-05 23:33 estimation of stop:2021-12-06 07:53-> 21364,21374,21416,21500,21514,21568,21598,21609,21614,21658,21662,21699,21700,19099,20843,21513,21566,20186,21569,17955
Measurement id = 34317583 To popcluster81.atlas.winet.dcc.ufmg.br  created -> start :2021-12-05 23:33 estimation of stop:2021-12-06 07:53-> 21364,21374,21416,21500,21514,21568,21598,21609,21614,21658,21662,21699,21700,19099,20843,21513,21566,20186,21569,17955
Measurement id = 34317584 To popcluster82.atlas.winet.dcc.ufmg.br  created -> start :2021-12-05 23:33 estimation of stop:2021-12-06 07:53-> 21364,21374,21416,21500,21514,21568,21598,21609,21614,21658,21662,21699,21700,19099,20843,21513,21566,20186,21569,17955
Measurement id = 34317585 To popcluster83.atlas.winet.dcc.ufmg.br  created -> start :2021-12-05 23:33 estimation of stop:2021-12-06 07:53-> 21364,21374,21416,21500,21514,21568,21598,21609,21614,21658,21662,21699,21700,19099,20843,21513,21566,20186,21569,17955
Measurement id = 34317586 To popcluster84.atlas.winet.dcc.ufmg.br  created -> start :2021-12-05 23:33 estimation of stop:2021-12-06 07:53-> 21364,21374,21416,21500,21514,21568,21598,21609,21614,21658,21662,21699,21700,19099,20843,21513,21566,20186,21569,17955
Measurement id = 34317587 To popcluster85.atlas.winet.dcc.ufmg.br  created -> start :2021-12-05 23:33 estimation of stop:2021-12-06 07:53-> 21364,21374,21416,21500,21514,21568,21598,21609,21614,21658,21662,21699,21700,19099,20843,21513,21566,20186,21569,17955
Measurement id = 34317588 To popcluster86.atlas.winet.dcc.ufmg.br  created -> start :2021-12-05 23:33 estimation of stop:2021-12-06 07:53-> 21364,21374,21416,21500,21514,21568,21598,21609,21614,21658,21662,21699,21700,19099,20843,21513,21566,20186,21569,17955
Measurement id = 34317589 To popcluster87.atlas.winet.dcc.ufmg.br  created -> start :2021-12-05 23:33 estimation of stop:2021-12-06 07:53-> 21364,21374,21416,21500,21514,21568,21598,21609,21614,21658,21662,21699,21700,19099,20843,21513,21566,20186,21569,17955
Measurement id = 34317590 To popcluster88.atlas.winet.dcc.ufmg.br  created -> start :2021-12-05 23:33 estimation of stop:2021-12-06 07:53-> 21364,21374,21416,21500,21514,21568,21598,21609,21614,21658,21662,21699,21700,19099,20843,21513,21566,20186,21569,17955
Measurement id = 34317591 To popcluster89.atlas.winet.dcc.ufmg.br  created -> start :2021-12-05 23:33 estimation of stop:2021-12-06 07:53-> 21364,21374,21416,21500,21514,21568,21598,21609,21614,21658,21662,21699,21700,19099,20843,21513,21566,20186,21569,17955
Measurement id = 34317592 To popcluster90.atlas.winet.dcc.ufmg.br  created -> start :2021-12-05 23:33 estimation of stop:2021-12-06 07:53-> 21364,21374,21416,21500,21514,21568,21598,21609,21614,21658,21662,21699,21700,19099,20843,21513,21566,20186,21569,17955
Measurement id = 34317593 To popcluster91.atlas.winet.dcc.ufmg.br  created -> start :2021-12-05 23:33 estimation of stop:2021-12-06 07:53-> 21364,21374,21416,21500,21514,21568,21598,21609,21614,21658,21662,21699,21700,19099,20843,21513,21566,20186,21569,17955
Measurement id = 34317594 To popcluster92.atlas.winet.dcc.ufmg.br  created -> start :2021-12-05 23:33 estimation of stop:2021-12-06 07:53-> 21364,21374,21416,21500,21514,21568,21598,21609,21614,21658,21662,21699,21700,19099,20843,21513,21566,20186,21569,17955
Measurement id = 34317595 To popcluster93.atlas.winet.dcc.ufmg.br  created -> start :2021-12-05 23:33 estimation of stop:2021-12-06 07:53-> 21364,21374,21416,21500,21514,21568,21598,21609,21614,21658,21662,21699,21700,19099,20843,21513,21566,20186,21569,17955
Measurement id = 34317596 To popcluster94.atlas.winet.dcc.ufmg.br  created -> start :2021-12-05 23:33 estimation of stop:2021-12-06 07:53-> 21364,21374,21416,21500,21514,21568,21598,21609,21614,21658,21662,21699,21700,19099,20843,21513,21566,20186,21569,17955
Measurement id = 34317597 To popcluster95.atlas.winet.dcc.ufmg.br  created -> start :2021-12-05 23:33 estimation of stop:2021-12-06 07:53-> 21364,21374,21416,21500,21514,21568,21598,21609,21614,21658,21662,21699,21700,19099,20843,21513,21566,20186,21569,17955
Measurement id = 34317598 To popcluster96.atlas.winet.dcc.ufmg.br  created -> start :2021-12-05 23:33 estimation of stop:2021-12-06 07:53-> 21364,21374,21416,21500,21514,21568,21598,21609,21614,21658,21662,21699,21700,19099,20843,21513,21566,20186,21569,17955
Measurement id = 34317599 To popcluster97.atlas.winet.dcc.ufmg.br  created -> start :2021-12-05 23:33 estimation of stop:2021-12-06 07:53-> 21364,21374,21416,21500,21514,21568,21598,21609,21614,21658,21662,21699,21700,19099,20843,21513,21566,20186,21569,17955
Measurement id = 34317600 To popcluster98.atlas.winet.dcc.ufmg.br  created -> start :2021-12-05 23:33 estimation of stop:2021-12-06 07:53-> 21364,21374,21416,21500,21514,21568,21598,21609,21614,21658,21662,21699,21700,19099,20843,21513,21566,20186,21569,17955
Measurement id = 34317601 To popcluster99.atlas.winet.dcc.ufmg.br  created -> start :2021-12-05 23:33 estimation of stop:2021-12-06 07:53-> 21364,21374,21416,21500,21514,21568,21598,21609,21614,21658,21662,21699,21700,19099,20843,21513,21566,20186,21569,17955
Measurement id = 34317602 To popcluster100.atlas.winet.dcc.ufmg.br  created -> start :2021-12-05 23:33 estimation of stop:2021-12-06 07:53-> 21364,21374,21416,21500,21514,21568,21598,21609,21614,21658,21662,21699,21700,19099,20843,21513,21566,20186,21569,17955
