Measurement id = 34296077 To popcluster1.atlas.winet.dcc.ufmg.br  created -> start :2021-12-04 14:50 estimation of stop:2021-12-04 23:10-> 20415,20451,20602,20695,20717,20733,20757,20891,20913,20916,20948,20961,21003,21067,21221,21263,21283,21309,21323,21345
Measurement id = 34296080 To popcluster2.atlas.winet.dcc.ufmg.br  created -> start :2021-12-04 14:50 estimation of stop:2021-12-04 23:10-> 20415,20451,20602,20695,20717,20733,20757,20891,20913,20916,20948,20961,21003,21067,21221,21263,21283,21309,21323,21345
Measurement id = 34296081 To popcluster3.atlas.winet.dcc.ufmg.br  created -> start :2021-12-04 14:50 estimation of stop:2021-12-04 23:10-> 20415,20451,20602,20695,20717,20733,20757,20891,20913,20916,20948,20961,21003,21067,21221,21263,21283,21309,21323,21345
Measurement id = 34296082 To popcluster4.atlas.winet.dcc.ufmg.br  created -> start :2021-12-04 14:50 estimation of stop:2021-12-04 23:10-> 20415,20451,20602,20695,20717,20733,20757,20891,20913,20916,20948,20961,21003,21067,21221,21263,21283,21309,21323,21345
Measurement id = 34296083 To popcluster5.atlas.winet.dcc.ufmg.br  created -> start :2021-12-04 14:50 estimation of stop:2021-12-04 23:10-> 20415,20451,20602,20695,20717,20733,20757,20891,20913,20916,20948,20961,21003,21067,21221,21263,21283,21309,21323,21345
Measurement id = 34296084 To popcluster6.atlas.winet.dcc.ufmg.br  created -> start :2021-12-04 14:50 estimation of stop:2021-12-04 23:10-> 20415,20451,20602,20695,20717,20733,20757,20891,20913,20916,20948,20961,21003,21067,21221,21263,21283,21309,21323,21345
Measurement id = 34296085 To popcluster7.atlas.winet.dcc.ufmg.br  created -> start :2021-12-04 14:50 estimation of stop:2021-12-04 23:10-> 20415,20451,20602,20695,20717,20733,20757,20891,20913,20916,20948,20961,21003,21067,21221,21263,21283,21309,21323,21345
Measurement id = 34296088 To popcluster8.atlas.winet.dcc.ufmg.br  created -> start :2021-12-04 14:50 estimation of stop:2021-12-04 23:10-> 20415,20451,20602,20695,20717,20733,20757,20891,20913,20916,20948,20961,21003,21067,21221,21263,21283,21309,21323,21345
Measurement id = 34296105 To popcluster9.atlas.winet.dcc.ufmg.br  created -> start :2021-12-04 14:50 estimation of stop:2021-12-04 23:10-> 20415,20451,20602,20695,20717,20733,20757,20891,20913,20916,20948,20961,21003,21067,21221,21263,21283,21309,21323,21345
Measurement id = 34296123 To popcluster10.atlas.winet.dcc.ufmg.br  created -> start :2021-12-04 14:50 estimation of stop:2021-12-04 23:10-> 20415,20451,20602,20695,20717,20733,20757,20891,20913,20916,20948,20961,21003,21067,21221,21263,21283,21309,21323,21345
Measurement id = 34296144 To popcluster11.atlas.winet.dcc.ufmg.br  created -> start :2021-12-04 14:50 estimation of stop:2021-12-04 23:10-> 20415,20451,20602,20695,20717,20733,20757,20891,20913,20916,20948,20961,21003,21067,21221,21263,21283,21309,21323,21345
Measurement id = 34296163 To popcluster12.atlas.winet.dcc.ufmg.br  created -> start :2021-12-04 14:50 estimation of stop:2021-12-04 23:10-> 20415,20451,20602,20695,20717,20733,20757,20891,20913,20916,20948,20961,21003,21067,21221,21263,21283,21309,21323,21345
Measurement id = 34296187 To popcluster13.atlas.winet.dcc.ufmg.br  created -> start :2021-12-04 14:50 estimation of stop:2021-12-04 23:10-> 20415,20451,20602,20695,20717,20733,20757,20891,20913,20916,20948,20961,21003,21067,21221,21263,21283,21309,21323,21345
Measurement id = 34296188 To popcluster14.atlas.winet.dcc.ufmg.br  created -> start :2021-12-04 14:50 estimation of stop:2021-12-04 23:10-> 20415,20451,20602,20695,20717,20733,20757,20891,20913,20916,20948,20961,21003,21067,21221,21263,21283,21309,21323,21345
Measurement id = 34296189 To popcluster15.atlas.winet.dcc.ufmg.br  created -> start :2021-12-04 14:50 estimation of stop:2021-12-04 23:10-> 20415,20451,20602,20695,20717,20733,20757,20891,20913,20916,20948,20961,21003,21067,21221,21263,21283,21309,21323,21345
Measurement id = 34296190 To popcluster16.atlas.winet.dcc.ufmg.br  created -> start :2021-12-04 14:50 estimation of stop:2021-12-04 23:10-> 20415,20451,20602,20695,20717,20733,20757,20891,20913,20916,20948,20961,21003,21067,21221,21263,21283,21309,21323,21345
Measurement id = 34296191 To popcluster17.atlas.winet.dcc.ufmg.br  created -> start :2021-12-04 14:50 estimation of stop:2021-12-04 23:10-> 20415,20451,20602,20695,20717,20733,20757,20891,20913,20916,20948,20961,21003,21067,21221,21263,21283,21309,21323,21345
Measurement id = 34296192 To popcluster18.atlas.winet.dcc.ufmg.br  created -> start :2021-12-04 14:50 estimation of stop:2021-12-04 23:10-> 20415,20451,20602,20695,20717,20733,20757,20891,20913,20916,20948,20961,21003,21067,21221,21263,21283,21309,21323,21345
Measurement id = 34296193 To popcluster19.atlas.winet.dcc.ufmg.br  created -> start :2021-12-04 14:50 estimation of stop:2021-12-04 23:10-> 20415,20451,20602,20695,20717,20733,20757,20891,20913,20916,20948,20961,21003,21067,21221,21263,21283,21309,21323,21345
Measurement id = 34296194 To popcluster20.atlas.winet.dcc.ufmg.br  created -> start :2021-12-04 14:50 estimation of stop:2021-12-04 23:10-> 20415,20451,20602,20695,20717,20733,20757,20891,20913,20916,20948,20961,21003,21067,21221,21263,21283,21309,21323,21345
Measurement id = 34296195 To popcluster21.atlas.winet.dcc.ufmg.br  created -> start :2021-12-04 14:50 estimation of stop:2021-12-04 23:10-> 20415,20451,20602,20695,20717,20733,20757,20891,20913,20916,20948,20961,21003,21067,21221,21263,21283,21309,21323,21345
Measurement id = 34296196 To popcluster22.atlas.winet.dcc.ufmg.br  created -> start :2021-12-04 14:50 estimation of stop:2021-12-04 23:10-> 20415,20451,20602,20695,20717,20733,20757,20891,20913,20916,20948,20961,21003,21067,21221,21263,21283,21309,21323,21345
Measurement id = 34296197 To popcluster23.atlas.winet.dcc.ufmg.br  created -> start :2021-12-04 14:50 estimation of stop:2021-12-04 23:10-> 20415,20451,20602,20695,20717,20733,20757,20891,20913,20916,20948,20961,21003,21067,21221,21263,21283,21309,21323,21345
Measurement id = 34296200 To popcluster24.atlas.winet.dcc.ufmg.br  created -> start :2021-12-04 14:50 estimation of stop:2021-12-04 23:10-> 20415,20451,20602,20695,20717,20733,20757,20891,20913,20916,20948,20961,21003,21067,21221,21263,21283,21309,21323,21345
Measurement id = 34296201 To popcluster25.atlas.winet.dcc.ufmg.br  created -> start :2021-12-04 14:50 estimation of stop:2021-12-04 23:10-> 20415,20451,20602,20695,20717,20733,20757,20891,20913,20916,20948,20961,21003,21067,21221,21263,21283,21309,21323,21345
Measurement id = 34296202 To popcluster26.atlas.winet.dcc.ufmg.br  created -> start :2021-12-04 14:50 estimation of stop:2021-12-04 23:10-> 20415,20451,20602,20695,20717,20733,20757,20891,20913,20916,20948,20961,21003,21067,21221,21263,21283,21309,21323,21345
Measurement id = 34296203 To popcluster27.atlas.winet.dcc.ufmg.br  created -> start :2021-12-04 14:50 estimation of stop:2021-12-04 23:10-> 20415,20451,20602,20695,20717,20733,20757,20891,20913,20916,20948,20961,21003,21067,21221,21263,21283,21309,21323,21345
Measurement id = 34296204 To popcluster28.atlas.winet.dcc.ufmg.br  created -> start :2021-12-04 14:50 estimation of stop:2021-12-04 23:10-> 20415,20451,20602,20695,20717,20733,20757,20891,20913,20916,20948,20961,21003,21067,21221,21263,21283,21309,21323,21345
Measurement id = 34296205 To popcluster29.atlas.winet.dcc.ufmg.br  created -> start :2021-12-04 14:50 estimation of stop:2021-12-04 23:10-> 20415,20451,20602,20695,20717,20733,20757,20891,20913,20916,20948,20961,21003,21067,21221,21263,21283,21309,21323,21345
Measurement id = 34296206 To popcluster30.atlas.winet.dcc.ufmg.br  created -> start :2021-12-04 14:50 estimation of stop:2021-12-04 23:10-> 20415,20451,20602,20695,20717,20733,20757,20891,20913,20916,20948,20961,21003,21067,21221,21263,21283,21309,21323,21345
Measurement id = 34296207 To popcluster31.atlas.winet.dcc.ufmg.br  created -> start :2021-12-04 14:50 estimation of stop:2021-12-04 23:10-> 20415,20451,20602,20695,20717,20733,20757,20891,20913,20916,20948,20961,21003,21067,21221,21263,21283,21309,21323,21345
Measurement id = 34296209 To popcluster32.atlas.winet.dcc.ufmg.br  created -> start :2021-12-04 14:50 estimation of stop:2021-12-04 23:10-> 20415,20451,20602,20695,20717,20733,20757,20891,20913,20916,20948,20961,21003,21067,21221,21263,21283,21309,21323,21345
Measurement id = 34296210 To popcluster33.atlas.winet.dcc.ufmg.br  created -> start :2021-12-04 14:50 estimation of stop:2021-12-04 23:10-> 20415,20451,20602,20695,20717,20733,20757,20891,20913,20916,20948,20961,21003,21067,21221,21263,21283,21309,21323,21345
Measurement id = 34296211 To popcluster34.atlas.winet.dcc.ufmg.br  created -> start :2021-12-04 14:50 estimation of stop:2021-12-04 23:10-> 20415,20451,20602,20695,20717,20733,20757,20891,20913,20916,20948,20961,21003,21067,21221,21263,21283,21309,21323,21345
Measurement id = 34296212 To popcluster35.atlas.winet.dcc.ufmg.br  created -> start :2021-12-04 14:50 estimation of stop:2021-12-04 23:10-> 20415,20451,20602,20695,20717,20733,20757,20891,20913,20916,20948,20961,21003,21067,21221,21263,21283,21309,21323,21345
Measurement id = 34296213 To popcluster36.atlas.winet.dcc.ufmg.br  created -> start :2021-12-04 14:50 estimation of stop:2021-12-04 23:10-> 20415,20451,20602,20695,20717,20733,20757,20891,20913,20916,20948,20961,21003,21067,21221,21263,21283,21309,21323,21345
Measurement id = 34296214 To popcluster37.atlas.winet.dcc.ufmg.br  created -> start :2021-12-04 14:50 estimation of stop:2021-12-04 23:10-> 20415,20451,20602,20695,20717,20733,20757,20891,20913,20916,20948,20961,21003,21067,21221,21263,21283,21309,21323,21345
Measurement id = 34296215 To popcluster38.atlas.winet.dcc.ufmg.br  created -> start :2021-12-04 14:50 estimation of stop:2021-12-04 23:10-> 20415,20451,20602,20695,20717,20733,20757,20891,20913,20916,20948,20961,21003,21067,21221,21263,21283,21309,21323,21345
Measurement id = 34296216 To popcluster39.atlas.winet.dcc.ufmg.br  created -> start :2021-12-04 14:50 estimation of stop:2021-12-04 23:10-> 20415,20451,20602,20695,20717,20733,20757,20891,20913,20916,20948,20961,21003,21067,21221,21263,21283,21309,21323,21345
Measurement id = 34296218 To popcluster40.atlas.winet.dcc.ufmg.br  created -> start :2021-12-04 14:50 estimation of stop:2021-12-04 23:10-> 20415,20451,20602,20695,20717,20733,20757,20891,20913,20916,20948,20961,21003,21067,21221,21263,21283,21309,21323,21345
Measurement id = 34296219 To popcluster41.atlas.winet.dcc.ufmg.br  created -> start :2021-12-04 14:50 estimation of stop:2021-12-04 23:10-> 20415,20451,20602,20695,20717,20733,20757,20891,20913,20916,20948,20961,21003,21067,21221,21263,21283,21309,21323,21345
Measurement id = 34296220 To popcluster42.atlas.winet.dcc.ufmg.br  created -> start :2021-12-04 14:50 estimation of stop:2021-12-04 23:10-> 20415,20451,20602,20695,20717,20733,20757,20891,20913,20916,20948,20961,21003,21067,21221,21263,21283,21309,21323,21345
Measurement id = 34296221 To popcluster43.atlas.winet.dcc.ufmg.br  created -> start :2021-12-04 14:50 estimation of stop:2021-12-04 23:10-> 20415,20451,20602,20695,20717,20733,20757,20891,20913,20916,20948,20961,21003,21067,21221,21263,21283,21309,21323,21345
Measurement id = 34296222 To popcluster44.atlas.winet.dcc.ufmg.br  created -> start :2021-12-04 14:50 estimation of stop:2021-12-04 23:10-> 20415,20451,20602,20695,20717,20733,20757,20891,20913,20916,20948,20961,21003,21067,21221,21263,21283,21309,21323,21345
Measurement id = 34296223 To popcluster45.atlas.winet.dcc.ufmg.br  created -> start :2021-12-04 14:50 estimation of stop:2021-12-04 23:10-> 20415,20451,20602,20695,20717,20733,20757,20891,20913,20916,20948,20961,21003,21067,21221,21263,21283,21309,21323,21345
Measurement id = 34296224 To popcluster46.atlas.winet.dcc.ufmg.br  created -> start :2021-12-04 14:50 estimation of stop:2021-12-04 23:10-> 20415,20451,20602,20695,20717,20733,20757,20891,20913,20916,20948,20961,21003,21067,21221,21263,21283,21309,21323,21345
Measurement id = 34296225 To popcluster47.atlas.winet.dcc.ufmg.br  created -> start :2021-12-04 14:50 estimation of stop:2021-12-04 23:10-> 20415,20451,20602,20695,20717,20733,20757,20891,20913,20916,20948,20961,21003,21067,21221,21263,21283,21309,21323,21345
Measurement id = 34296227 To popcluster48.atlas.winet.dcc.ufmg.br  created -> start :2021-12-04 14:50 estimation of stop:2021-12-04 23:10-> 20415,20451,20602,20695,20717,20733,20757,20891,20913,20916,20948,20961,21003,21067,21221,21263,21283,21309,21323,21345
Measurement id = 34296228 To popcluster49.atlas.winet.dcc.ufmg.br  created -> start :2021-12-04 14:50 estimation of stop:2021-12-04 23:10-> 20415,20451,20602,20695,20717,20733,20757,20891,20913,20916,20948,20961,21003,21067,21221,21263,21283,21309,21323,21345
Measurement id = 34296229 To popcluster50.atlas.winet.dcc.ufmg.br  created -> start :2021-12-04 14:50 estimation of stop:2021-12-04 23:10-> 20415,20451,20602,20695,20717,20733,20757,20891,20913,20916,20948,20961,21003,21067,21221,21263,21283,21309,21323,21345
Measurement id = 34296231 To popcluster51.atlas.winet.dcc.ufmg.br  created -> start :2021-12-04 14:50 estimation of stop:2021-12-04 23:10-> 20415,20451,20602,20695,20717,20733,20757,20891,20913,20916,20948,20961,21003,21067,21221,21263,21283,21309,21323,21345
Measurement id = 34296232 To popcluster52.atlas.winet.dcc.ufmg.br  created -> start :2021-12-04 14:50 estimation of stop:2021-12-04 23:10-> 20415,20451,20602,20695,20717,20733,20757,20891,20913,20916,20948,20961,21003,21067,21221,21263,21283,21309,21323,21345
Measurement id = 34296233 To popcluster53.atlas.winet.dcc.ufmg.br  created -> start :2021-12-04 14:50 estimation of stop:2021-12-04 23:10-> 20415,20451,20602,20695,20717,20733,20757,20891,20913,20916,20948,20961,21003,21067,21221,21263,21283,21309,21323,21345
Measurement id = 34296234 To popcluster54.atlas.winet.dcc.ufmg.br  created -> start :2021-12-04 14:50 estimation of stop:2021-12-04 23:10-> 20415,20451,20602,20695,20717,20733,20757,20891,20913,20916,20948,20961,21003,21067,21221,21263,21283,21309,21323,21345
Measurement id = 34296235 To popcluster55.atlas.winet.dcc.ufmg.br  created -> start :2021-12-04 14:50 estimation of stop:2021-12-04 23:10-> 20415,20451,20602,20695,20717,20733,20757,20891,20913,20916,20948,20961,21003,21067,21221,21263,21283,21309,21323,21345
Measurement id = 34296236 To popcluster56.atlas.winet.dcc.ufmg.br  created -> start :2021-12-04 14:50 estimation of stop:2021-12-04 23:10-> 20415,20451,20602,20695,20717,20733,20757,20891,20913,20916,20948,20961,21003,21067,21221,21263,21283,21309,21323,21345
Measurement id = 34296237 To popcluster57.atlas.winet.dcc.ufmg.br  created -> start :2021-12-04 14:50 estimation of stop:2021-12-04 23:10-> 20415,20451,20602,20695,20717,20733,20757,20891,20913,20916,20948,20961,21003,21067,21221,21263,21283,21309,21323,21345
Measurement id = 34296238 To popcluster58.atlas.winet.dcc.ufmg.br  created -> start :2021-12-04 14:50 estimation of stop:2021-12-04 23:10-> 20415,20451,20602,20695,20717,20733,20757,20891,20913,20916,20948,20961,21003,21067,21221,21263,21283,21309,21323,21345
Measurement id = 34296240 To popcluster59.atlas.winet.dcc.ufmg.br  created -> start :2021-12-04 14:50 estimation of stop:2021-12-04 23:10-> 20415,20451,20602,20695,20717,20733,20757,20891,20913,20916,20948,20961,21003,21067,21221,21263,21283,21309,21323,21345
Measurement id = 34296241 To popcluster60.atlas.winet.dcc.ufmg.br  created -> start :2021-12-04 14:50 estimation of stop:2021-12-04 23:10-> 20415,20451,20602,20695,20717,20733,20757,20891,20913,20916,20948,20961,21003,21067,21221,21263,21283,21309,21323,21345
Measurement id = 34296242 To popcluster61.atlas.winet.dcc.ufmg.br  created -> start :2021-12-04 14:50 estimation of stop:2021-12-04 23:10-> 20415,20451,20602,20695,20717,20733,20757,20891,20913,20916,20948,20961,21003,21067,21221,21263,21283,21309,21323,21345
Measurement id = 34296243 To popcluster62.atlas.winet.dcc.ufmg.br  created -> start :2021-12-04 14:50 estimation of stop:2021-12-04 23:10-> 20415,20451,20602,20695,20717,20733,20757,20891,20913,20916,20948,20961,21003,21067,21221,21263,21283,21309,21323,21345
Measurement id = 34296244 To popcluster63.atlas.winet.dcc.ufmg.br  created -> start :2021-12-04 14:50 estimation of stop:2021-12-04 23:10-> 20415,20451,20602,20695,20717,20733,20757,20891,20913,20916,20948,20961,21003,21067,21221,21263,21283,21309,21323,21345
Measurement id = 34296245 To popcluster64.atlas.winet.dcc.ufmg.br  created -> start :2021-12-04 14:50 estimation of stop:2021-12-04 23:10-> 20415,20451,20602,20695,20717,20733,20757,20891,20913,20916,20948,20961,21003,21067,21221,21263,21283,21309,21323,21345
Measurement id = 34296247 To popcluster65.atlas.winet.dcc.ufmg.br  created -> start :2021-12-04 14:50 estimation of stop:2021-12-04 23:10-> 20415,20451,20602,20695,20717,20733,20757,20891,20913,20916,20948,20961,21003,21067,21221,21263,21283,21309,21323,21345
Measurement id = 34296248 To popcluster66.atlas.winet.dcc.ufmg.br  created -> start :2021-12-04 14:50 estimation of stop:2021-12-04 23:10-> 20415,20451,20602,20695,20717,20733,20757,20891,20913,20916,20948,20961,21003,21067,21221,21263,21283,21309,21323,21345
Measurement id = 34296249 To popcluster67.atlas.winet.dcc.ufmg.br  created -> start :2021-12-04 14:50 estimation of stop:2021-12-04 23:10-> 20415,20451,20602,20695,20717,20733,20757,20891,20913,20916,20948,20961,21003,21067,21221,21263,21283,21309,21323,21345
Measurement id = 34296250 To popcluster68.atlas.winet.dcc.ufmg.br  created -> start :2021-12-04 14:50 estimation of stop:2021-12-04 23:10-> 20415,20451,20602,20695,20717,20733,20757,20891,20913,20916,20948,20961,21003,21067,21221,21263,21283,21309,21323,21345
Measurement id = 34296251 To popcluster69.atlas.winet.dcc.ufmg.br  created -> start :2021-12-04 14:50 estimation of stop:2021-12-04 23:10-> 20415,20451,20602,20695,20717,20733,20757,20891,20913,20916,20948,20961,21003,21067,21221,21263,21283,21309,21323,21345
Measurement id = 34296252 To popcluster70.atlas.winet.dcc.ufmg.br  created -> start :2021-12-04 14:50 estimation of stop:2021-12-04 23:10-> 20415,20451,20602,20695,20717,20733,20757,20891,20913,20916,20948,20961,21003,21067,21221,21263,21283,21309,21323,21345
Measurement id = 34296253 To popcluster71.atlas.winet.dcc.ufmg.br  created -> start :2021-12-04 14:50 estimation of stop:2021-12-04 23:10-> 20415,20451,20602,20695,20717,20733,20757,20891,20913,20916,20948,20961,21003,21067,21221,21263,21283,21309,21323,21345
Measurement id = 34296254 To popcluster72.atlas.winet.dcc.ufmg.br  created -> start :2021-12-04 14:50 estimation of stop:2021-12-04 23:10-> 20415,20451,20602,20695,20717,20733,20757,20891,20913,20916,20948,20961,21003,21067,21221,21263,21283,21309,21323,21345
Measurement id = 34296256 To popcluster73.atlas.winet.dcc.ufmg.br  created -> start :2021-12-04 14:50 estimation of stop:2021-12-04 23:10-> 20415,20451,20602,20695,20717,20733,20757,20891,20913,20916,20948,20961,21003,21067,21221,21263,21283,21309,21323,21345
Measurement id = 34296257 To popcluster74.atlas.winet.dcc.ufmg.br  created -> start :2021-12-04 14:50 estimation of stop:2021-12-04 23:10-> 20415,20451,20602,20695,20717,20733,20757,20891,20913,20916,20948,20961,21003,21067,21221,21263,21283,21309,21323,21345
Measurement id = 34296258 To popcluster75.atlas.winet.dcc.ufmg.br  created -> start :2021-12-04 14:50 estimation of stop:2021-12-04 23:10-> 20415,20451,20602,20695,20717,20733,20757,20891,20913,20916,20948,20961,21003,21067,21221,21263,21283,21309,21323,21345
Measurement id = 34296259 To popcluster76.atlas.winet.dcc.ufmg.br  created -> start :2021-12-04 14:50 estimation of stop:2021-12-04 23:10-> 20415,20451,20602,20695,20717,20733,20757,20891,20913,20916,20948,20961,21003,21067,21221,21263,21283,21309,21323,21345
Measurement id = 34296260 To popcluster77.atlas.winet.dcc.ufmg.br  created -> start :2021-12-04 14:50 estimation of stop:2021-12-04 23:10-> 20415,20451,20602,20695,20717,20733,20757,20891,20913,20916,20948,20961,21003,21067,21221,21263,21283,21309,21323,21345
Measurement id = 34296261 To popcluster78.atlas.winet.dcc.ufmg.br  created -> start :2021-12-04 14:50 estimation of stop:2021-12-04 23:10-> 20415,20451,20602,20695,20717,20733,20757,20891,20913,20916,20948,20961,21003,21067,21221,21263,21283,21309,21323,21345
Measurement id = 34296263 To popcluster79.atlas.winet.dcc.ufmg.br  created -> start :2021-12-04 14:50 estimation of stop:2021-12-04 23:10-> 20415,20451,20602,20695,20717,20733,20757,20891,20913,20916,20948,20961,21003,21067,21221,21263,21283,21309,21323,21345
Measurement id = 34296264 To popcluster80.atlas.winet.dcc.ufmg.br  created -> start :2021-12-04 14:50 estimation of stop:2021-12-04 23:10-> 20415,20451,20602,20695,20717,20733,20757,20891,20913,20916,20948,20961,21003,21067,21221,21263,21283,21309,21323,21345
Measurement id = 34296266 To popcluster81.atlas.winet.dcc.ufmg.br  created -> start :2021-12-04 14:50 estimation of stop:2021-12-04 23:10-> 20415,20451,20602,20695,20717,20733,20757,20891,20913,20916,20948,20961,21003,21067,21221,21263,21283,21309,21323,21345
Measurement id = 34296267 To popcluster82.atlas.winet.dcc.ufmg.br  created -> start :2021-12-04 14:50 estimation of stop:2021-12-04 23:10-> 20415,20451,20602,20695,20717,20733,20757,20891,20913,20916,20948,20961,21003,21067,21221,21263,21283,21309,21323,21345
Measurement id = 34296268 To popcluster83.atlas.winet.dcc.ufmg.br  created -> start :2021-12-04 14:50 estimation of stop:2021-12-04 23:10-> 20415,20451,20602,20695,20717,20733,20757,20891,20913,20916,20948,20961,21003,21067,21221,21263,21283,21309,21323,21345
Measurement id = 34296269 To popcluster84.atlas.winet.dcc.ufmg.br  created -> start :2021-12-04 14:50 estimation of stop:2021-12-04 23:10-> 20415,20451,20602,20695,20717,20733,20757,20891,20913,20916,20948,20961,21003,21067,21221,21263,21283,21309,21323,21345
Measurement id = 34296270 To popcluster85.atlas.winet.dcc.ufmg.br  created -> start :2021-12-04 14:50 estimation of stop:2021-12-04 23:10-> 20415,20451,20602,20695,20717,20733,20757,20891,20913,20916,20948,20961,21003,21067,21221,21263,21283,21309,21323,21345
Measurement id = 34296271 To popcluster86.atlas.winet.dcc.ufmg.br  created -> start :2021-12-04 14:50 estimation of stop:2021-12-04 23:10-> 20415,20451,20602,20695,20717,20733,20757,20891,20913,20916,20948,20961,21003,21067,21221,21263,21283,21309,21323,21345
Measurement id = 34296272 To popcluster87.atlas.winet.dcc.ufmg.br  created -> start :2021-12-04 14:50 estimation of stop:2021-12-04 23:10-> 20415,20451,20602,20695,20717,20733,20757,20891,20913,20916,20948,20961,21003,21067,21221,21263,21283,21309,21323,21345
Measurement id = 34296274 To popcluster88.atlas.winet.dcc.ufmg.br  created -> start :2021-12-04 14:50 estimation of stop:2021-12-04 23:10-> 20415,20451,20602,20695,20717,20733,20757,20891,20913,20916,20948,20961,21003,21067,21221,21263,21283,21309,21323,21345
Measurement id = 34296275 To popcluster89.atlas.winet.dcc.ufmg.br  created -> start :2021-12-04 14:50 estimation of stop:2021-12-04 23:10-> 20415,20451,20602,20695,20717,20733,20757,20891,20913,20916,20948,20961,21003,21067,21221,21263,21283,21309,21323,21345
Measurement id = 34296277 To popcluster90.atlas.winet.dcc.ufmg.br  created -> start :2021-12-04 14:50 estimation of stop:2021-12-04 23:10-> 20415,20451,20602,20695,20717,20733,20757,20891,20913,20916,20948,20961,21003,21067,21221,21263,21283,21309,21323,21345
Measurement id = 34296280 To popcluster91.atlas.winet.dcc.ufmg.br  created -> start :2021-12-04 14:50 estimation of stop:2021-12-04 23:10-> 20415,20451,20602,20695,20717,20733,20757,20891,20913,20916,20948,20961,21003,21067,21221,21263,21283,21309,21323,21345
Measurement id = 34296281 To popcluster92.atlas.winet.dcc.ufmg.br  created -> start :2021-12-04 14:50 estimation of stop:2021-12-04 23:10-> 20415,20451,20602,20695,20717,20733,20757,20891,20913,20916,20948,20961,21003,21067,21221,21263,21283,21309,21323,21345
Measurement id = 34296283 To popcluster93.atlas.winet.dcc.ufmg.br  created -> start :2021-12-04 14:50 estimation of stop:2021-12-04 23:10-> 20415,20451,20602,20695,20717,20733,20757,20891,20913,20916,20948,20961,21003,21067,21221,21263,21283,21309,21323,21345
Measurement id = 34296286 To popcluster94.atlas.winet.dcc.ufmg.br  created -> start :2021-12-04 14:50 estimation of stop:2021-12-04 23:10-> 20415,20451,20602,20695,20717,20733,20757,20891,20913,20916,20948,20961,21003,21067,21221,21263,21283,21309,21323,21345
Measurement id = 34296289 To popcluster95.atlas.winet.dcc.ufmg.br  created -> start :2021-12-04 14:50 estimation of stop:2021-12-04 23:10-> 20415,20451,20602,20695,20717,20733,20757,20891,20913,20916,20948,20961,21003,21067,21221,21263,21283,21309,21323,21345
Measurement id = 34296291 To popcluster96.atlas.winet.dcc.ufmg.br  created -> start :2021-12-04 14:50 estimation of stop:2021-12-04 23:10-> 20415,20451,20602,20695,20717,20733,20757,20891,20913,20916,20948,20961,21003,21067,21221,21263,21283,21309,21323,21345
Measurement id = 34296294 To popcluster97.atlas.winet.dcc.ufmg.br  created -> start :2021-12-04 14:50 estimation of stop:2021-12-04 23:10-> 20415,20451,20602,20695,20717,20733,20757,20891,20913,20916,20948,20961,21003,21067,21221,21263,21283,21309,21323,21345
Measurement id = 34296296 To popcluster98.atlas.winet.dcc.ufmg.br  created -> start :2021-12-04 14:50 estimation of stop:2021-12-04 23:10-> 20415,20451,20602,20695,20717,20733,20757,20891,20913,20916,20948,20961,21003,21067,21221,21263,21283,21309,21323,21345
Measurement id = 34296298 To popcluster99.atlas.winet.dcc.ufmg.br  created -> start :2021-12-04 14:50 estimation of stop:2021-12-04 23:10-> 20415,20451,20602,20695,20717,20733,20757,20891,20913,20916,20948,20961,21003,21067,21221,21263,21283,21309,21323,21345
Measurement id = 34296300 To popcluster100.atlas.winet.dcc.ufmg.br  created -> start :2021-12-04 14:50 estimation of stop:2021-12-04 23:10-> 20415,20451,20602,20695,20717,20733,20757,20891,20913,20916,20948,20961,21003,21067,21221,21263,21283,21309,21323,21345
