Measurement id = 34266060 To popcluster1.atlas.winet.dcc.ufmg.br  created -> start :2021-12-03 06:06 estimation of stop:2021-12-03 14:26-> 19597,19619,19624,19650,19667,19675,19702,19714,19717,19793,19834,19843,19946,19956,20004,20018,20234,20257,20261,20363
Measurement id = 34266061 To popcluster2.atlas.winet.dcc.ufmg.br  created -> start :2021-12-03 06:06 estimation of stop:2021-12-03 14:26-> 19597,19619,19624,19650,19667,19675,19702,19714,19717,19793,19834,19843,19946,19956,20004,20018,20234,20257,20261,20363
Measurement id = 34266062 To popcluster3.atlas.winet.dcc.ufmg.br  created -> start :2021-12-03 06:06 estimation of stop:2021-12-03 14:26-> 19597,19619,19624,19650,19667,19675,19702,19714,19717,19793,19834,19843,19946,19956,20004,20018,20234,20257,20261,20363
Measurement id = 34266063 To popcluster4.atlas.winet.dcc.ufmg.br  created -> start :2021-12-03 06:06 estimation of stop:2021-12-03 14:26-> 19597,19619,19624,19650,19667,19675,19702,19714,19717,19793,19834,19843,19946,19956,20004,20018,20234,20257,20261,20363
Measurement id = 34266064 To popcluster5.atlas.winet.dcc.ufmg.br  created -> start :2021-12-03 06:06 estimation of stop:2021-12-03 14:26-> 19597,19619,19624,19650,19667,19675,19702,19714,19717,19793,19834,19843,19946,19956,20004,20018,20234,20257,20261,20363
Measurement id = 34266065 To popcluster6.atlas.winet.dcc.ufmg.br  created -> start :2021-12-03 06:06 estimation of stop:2021-12-03 14:26-> 19597,19619,19624,19650,19667,19675,19702,19714,19717,19793,19834,19843,19946,19956,20004,20018,20234,20257,20261,20363
Measurement id = 34266066 To popcluster7.atlas.winet.dcc.ufmg.br  created -> start :2021-12-03 06:06 estimation of stop:2021-12-03 14:26-> 19597,19619,19624,19650,19667,19675,19702,19714,19717,19793,19834,19843,19946,19956,20004,20018,20234,20257,20261,20363
Measurement id = 34266067 To popcluster8.atlas.winet.dcc.ufmg.br  created -> start :2021-12-03 06:06 estimation of stop:2021-12-03 14:26-> 19597,19619,19624,19650,19667,19675,19702,19714,19717,19793,19834,19843,19946,19956,20004,20018,20234,20257,20261,20363
Measurement id = 34266068 To popcluster9.atlas.winet.dcc.ufmg.br  created -> start :2021-12-03 06:06 estimation of stop:2021-12-03 14:26-> 19597,19619,19624,19650,19667,19675,19702,19714,19717,19793,19834,19843,19946,19956,20004,20018,20234,20257,20261,20363
Measurement id = 34266069 To popcluster10.atlas.winet.dcc.ufmg.br  created -> start :2021-12-03 06:06 estimation of stop:2021-12-03 14:26-> 19597,19619,19624,19650,19667,19675,19702,19714,19717,19793,19834,19843,19946,19956,20004,20018,20234,20257,20261,20363
Measurement id = 34266070 To popcluster11.atlas.winet.dcc.ufmg.br  created -> start :2021-12-03 06:06 estimation of stop:2021-12-03 14:26-> 19597,19619,19624,19650,19667,19675,19702,19714,19717,19793,19834,19843,19946,19956,20004,20018,20234,20257,20261,20363
Measurement id = 34266071 To popcluster12.atlas.winet.dcc.ufmg.br  created -> start :2021-12-03 06:06 estimation of stop:2021-12-03 14:26-> 19597,19619,19624,19650,19667,19675,19702,19714,19717,19793,19834,19843,19946,19956,20004,20018,20234,20257,20261,20363
Measurement id = 34266072 To popcluster13.atlas.winet.dcc.ufmg.br  created -> start :2021-12-03 06:06 estimation of stop:2021-12-03 14:26-> 19597,19619,19624,19650,19667,19675,19702,19714,19717,19793,19834,19843,19946,19956,20004,20018,20234,20257,20261,20363
Measurement id = 34266073 To popcluster14.atlas.winet.dcc.ufmg.br  created -> start :2021-12-03 06:06 estimation of stop:2021-12-03 14:26-> 19597,19619,19624,19650,19667,19675,19702,19714,19717,19793,19834,19843,19946,19956,20004,20018,20234,20257,20261,20363
Measurement id = 34266074 To popcluster15.atlas.winet.dcc.ufmg.br  created -> start :2021-12-03 06:06 estimation of stop:2021-12-03 14:26-> 19597,19619,19624,19650,19667,19675,19702,19714,19717,19793,19834,19843,19946,19956,20004,20018,20234,20257,20261,20363
Measurement id = 34266075 To popcluster16.atlas.winet.dcc.ufmg.br  created -> start :2021-12-03 06:06 estimation of stop:2021-12-03 14:26-> 19597,19619,19624,19650,19667,19675,19702,19714,19717,19793,19834,19843,19946,19956,20004,20018,20234,20257,20261,20363
Measurement id = 34266076 To popcluster17.atlas.winet.dcc.ufmg.br  created -> start :2021-12-03 06:06 estimation of stop:2021-12-03 14:26-> 19597,19619,19624,19650,19667,19675,19702,19714,19717,19793,19834,19843,19946,19956,20004,20018,20234,20257,20261,20363
Measurement id = 34266077 To popcluster18.atlas.winet.dcc.ufmg.br  created -> start :2021-12-03 06:06 estimation of stop:2021-12-03 14:26-> 19597,19619,19624,19650,19667,19675,19702,19714,19717,19793,19834,19843,19946,19956,20004,20018,20234,20257,20261,20363
Measurement id = 34266078 To popcluster19.atlas.winet.dcc.ufmg.br  created -> start :2021-12-03 06:06 estimation of stop:2021-12-03 14:26-> 19597,19619,19624,19650,19667,19675,19702,19714,19717,19793,19834,19843,19946,19956,20004,20018,20234,20257,20261,20363
Measurement id = 34266080 To popcluster20.atlas.winet.dcc.ufmg.br  created -> start :2021-12-03 06:06 estimation of stop:2021-12-03 14:26-> 19597,19619,19624,19650,19667,19675,19702,19714,19717,19793,19834,19843,19946,19956,20004,20018,20234,20257,20261,20363
Measurement id = 34266081 To popcluster21.atlas.winet.dcc.ufmg.br  created -> start :2021-12-03 06:06 estimation of stop:2021-12-03 14:26-> 19597,19619,19624,19650,19667,19675,19702,19714,19717,19793,19834,19843,19946,19956,20004,20018,20234,20257,20261,20363
Measurement id = 34266082 To popcluster22.atlas.winet.dcc.ufmg.br  created -> start :2021-12-03 06:06 estimation of stop:2021-12-03 14:26-> 19597,19619,19624,19650,19667,19675,19702,19714,19717,19793,19834,19843,19946,19956,20004,20018,20234,20257,20261,20363
Measurement id = 34266083 To popcluster23.atlas.winet.dcc.ufmg.br  created -> start :2021-12-03 06:06 estimation of stop:2021-12-03 14:26-> 19597,19619,19624,19650,19667,19675,19702,19714,19717,19793,19834,19843,19946,19956,20004,20018,20234,20257,20261,20363
Measurement id = 34266084 To popcluster24.atlas.winet.dcc.ufmg.br  created -> start :2021-12-03 06:06 estimation of stop:2021-12-03 14:26-> 19597,19619,19624,19650,19667,19675,19702,19714,19717,19793,19834,19843,19946,19956,20004,20018,20234,20257,20261,20363
Measurement id = 34266085 To popcluster25.atlas.winet.dcc.ufmg.br  created -> start :2021-12-03 06:06 estimation of stop:2021-12-03 14:26-> 19597,19619,19624,19650,19667,19675,19702,19714,19717,19793,19834,19843,19946,19956,20004,20018,20234,20257,20261,20363
Measurement id = 34266086 To popcluster26.atlas.winet.dcc.ufmg.br  created -> start :2021-12-03 06:06 estimation of stop:2021-12-03 14:26-> 19597,19619,19624,19650,19667,19675,19702,19714,19717,19793,19834,19843,19946,19956,20004,20018,20234,20257,20261,20363
Measurement id = 34266087 To popcluster27.atlas.winet.dcc.ufmg.br  created -> start :2021-12-03 06:06 estimation of stop:2021-12-03 14:26-> 19597,19619,19624,19650,19667,19675,19702,19714,19717,19793,19834,19843,19946,19956,20004,20018,20234,20257,20261,20363
Measurement id = 34266088 To popcluster28.atlas.winet.dcc.ufmg.br  created -> start :2021-12-03 06:06 estimation of stop:2021-12-03 14:26-> 19597,19619,19624,19650,19667,19675,19702,19714,19717,19793,19834,19843,19946,19956,20004,20018,20234,20257,20261,20363
Measurement id = 34266089 To popcluster29.atlas.winet.dcc.ufmg.br  created -> start :2021-12-03 06:06 estimation of stop:2021-12-03 14:26-> 19597,19619,19624,19650,19667,19675,19702,19714,19717,19793,19834,19843,19946,19956,20004,20018,20234,20257,20261,20363
Measurement id = 34266090 To popcluster30.atlas.winet.dcc.ufmg.br  created -> start :2021-12-03 06:06 estimation of stop:2021-12-03 14:26-> 19597,19619,19624,19650,19667,19675,19702,19714,19717,19793,19834,19843,19946,19956,20004,20018,20234,20257,20261,20363
Measurement id = 34266091 To popcluster31.atlas.winet.dcc.ufmg.br  created -> start :2021-12-03 06:06 estimation of stop:2021-12-03 14:26-> 19597,19619,19624,19650,19667,19675,19702,19714,19717,19793,19834,19843,19946,19956,20004,20018,20234,20257,20261,20363
Measurement id = 34266093 To popcluster32.atlas.winet.dcc.ufmg.br  created -> start :2021-12-03 06:06 estimation of stop:2021-12-03 14:26-> 19597,19619,19624,19650,19667,19675,19702,19714,19717,19793,19834,19843,19946,19956,20004,20018,20234,20257,20261,20363
Measurement id = 34266094 To popcluster33.atlas.winet.dcc.ufmg.br  created -> start :2021-12-03 06:06 estimation of stop:2021-12-03 14:26-> 19597,19619,19624,19650,19667,19675,19702,19714,19717,19793,19834,19843,19946,19956,20004,20018,20234,20257,20261,20363
Measurement id = 34266095 To popcluster34.atlas.winet.dcc.ufmg.br  created -> start :2021-12-03 06:06 estimation of stop:2021-12-03 14:26-> 19597,19619,19624,19650,19667,19675,19702,19714,19717,19793,19834,19843,19946,19956,20004,20018,20234,20257,20261,20363
Measurement id = 34266096 To popcluster35.atlas.winet.dcc.ufmg.br  created -> start :2021-12-03 06:06 estimation of stop:2021-12-03 14:26-> 19597,19619,19624,19650,19667,19675,19702,19714,19717,19793,19834,19843,19946,19956,20004,20018,20234,20257,20261,20363
Measurement id = 34266098 To popcluster36.atlas.winet.dcc.ufmg.br  created -> start :2021-12-03 06:06 estimation of stop:2021-12-03 14:26-> 19597,19619,19624,19650,19667,19675,19702,19714,19717,19793,19834,19843,19946,19956,20004,20018,20234,20257,20261,20363
Measurement id = 34266099 To popcluster37.atlas.winet.dcc.ufmg.br  created -> start :2021-12-03 06:06 estimation of stop:2021-12-03 14:26-> 19597,19619,19624,19650,19667,19675,19702,19714,19717,19793,19834,19843,19946,19956,20004,20018,20234,20257,20261,20363
Measurement id = 34266100 To popcluster38.atlas.winet.dcc.ufmg.br  created -> start :2021-12-03 06:06 estimation of stop:2021-12-03 14:26-> 19597,19619,19624,19650,19667,19675,19702,19714,19717,19793,19834,19843,19946,19956,20004,20018,20234,20257,20261,20363
Measurement id = 34266101 To popcluster39.atlas.winet.dcc.ufmg.br  created -> start :2021-12-03 06:06 estimation of stop:2021-12-03 14:26-> 19597,19619,19624,19650,19667,19675,19702,19714,19717,19793,19834,19843,19946,19956,20004,20018,20234,20257,20261,20363
Measurement id = 34266102 To popcluster40.atlas.winet.dcc.ufmg.br  created -> start :2021-12-03 06:06 estimation of stop:2021-12-03 14:26-> 19597,19619,19624,19650,19667,19675,19702,19714,19717,19793,19834,19843,19946,19956,20004,20018,20234,20257,20261,20363
Measurement id = 34266103 To popcluster41.atlas.winet.dcc.ufmg.br  created -> start :2021-12-03 06:06 estimation of stop:2021-12-03 14:26-> 19597,19619,19624,19650,19667,19675,19702,19714,19717,19793,19834,19843,19946,19956,20004,20018,20234,20257,20261,20363
Measurement id = 34266104 To popcluster42.atlas.winet.dcc.ufmg.br  created -> start :2021-12-03 06:06 estimation of stop:2021-12-03 14:26-> 19597,19619,19624,19650,19667,19675,19702,19714,19717,19793,19834,19843,19946,19956,20004,20018,20234,20257,20261,20363
Measurement id = 34266105 To popcluster43.atlas.winet.dcc.ufmg.br  created -> start :2021-12-03 06:06 estimation of stop:2021-12-03 14:26-> 19597,19619,19624,19650,19667,19675,19702,19714,19717,19793,19834,19843,19946,19956,20004,20018,20234,20257,20261,20363
Measurement id = 34266106 To popcluster44.atlas.winet.dcc.ufmg.br  created -> start :2021-12-03 06:06 estimation of stop:2021-12-03 14:26-> 19597,19619,19624,19650,19667,19675,19702,19714,19717,19793,19834,19843,19946,19956,20004,20018,20234,20257,20261,20363
Measurement id = 34266107 To popcluster45.atlas.winet.dcc.ufmg.br  created -> start :2021-12-03 06:06 estimation of stop:2021-12-03 14:26-> 19597,19619,19624,19650,19667,19675,19702,19714,19717,19793,19834,19843,19946,19956,20004,20018,20234,20257,20261,20363
Measurement id = 34266108 To popcluster46.atlas.winet.dcc.ufmg.br  created -> start :2021-12-03 06:06 estimation of stop:2021-12-03 14:26-> 19597,19619,19624,19650,19667,19675,19702,19714,19717,19793,19834,19843,19946,19956,20004,20018,20234,20257,20261,20363
Measurement id = 34266109 To popcluster47.atlas.winet.dcc.ufmg.br  created -> start :2021-12-03 06:06 estimation of stop:2021-12-03 14:26-> 19597,19619,19624,19650,19667,19675,19702,19714,19717,19793,19834,19843,19946,19956,20004,20018,20234,20257,20261,20363
Measurement id = 34266110 To popcluster48.atlas.winet.dcc.ufmg.br  created -> start :2021-12-03 06:06 estimation of stop:2021-12-03 14:26-> 19597,19619,19624,19650,19667,19675,19702,19714,19717,19793,19834,19843,19946,19956,20004,20018,20234,20257,20261,20363
Measurement id = 34266111 To popcluster49.atlas.winet.dcc.ufmg.br  created -> start :2021-12-03 06:06 estimation of stop:2021-12-03 14:26-> 19597,19619,19624,19650,19667,19675,19702,19714,19717,19793,19834,19843,19946,19956,20004,20018,20234,20257,20261,20363
Measurement id = 34266112 To popcluster50.atlas.winet.dcc.ufmg.br  created -> start :2021-12-03 06:06 estimation of stop:2021-12-03 14:26-> 19597,19619,19624,19650,19667,19675,19702,19714,19717,19793,19834,19843,19946,19956,20004,20018,20234,20257,20261,20363
Measurement id = 34266113 To popcluster51.atlas.winet.dcc.ufmg.br  created -> start :2021-12-03 06:06 estimation of stop:2021-12-03 14:26-> 19597,19619,19624,19650,19667,19675,19702,19714,19717,19793,19834,19843,19946,19956,20004,20018,20234,20257,20261,20363
Measurement id = 34266114 To popcluster52.atlas.winet.dcc.ufmg.br  created -> start :2021-12-03 06:06 estimation of stop:2021-12-03 14:26-> 19597,19619,19624,19650,19667,19675,19702,19714,19717,19793,19834,19843,19946,19956,20004,20018,20234,20257,20261,20363
Measurement id = 34266115 To popcluster53.atlas.winet.dcc.ufmg.br  created -> start :2021-12-03 06:06 estimation of stop:2021-12-03 14:26-> 19597,19619,19624,19650,19667,19675,19702,19714,19717,19793,19834,19843,19946,19956,20004,20018,20234,20257,20261,20363
Measurement id = 34266116 To popcluster54.atlas.winet.dcc.ufmg.br  created -> start :2021-12-03 06:06 estimation of stop:2021-12-03 14:26-> 19597,19619,19624,19650,19667,19675,19702,19714,19717,19793,19834,19843,19946,19956,20004,20018,20234,20257,20261,20363
Measurement id = 34266118 To popcluster55.atlas.winet.dcc.ufmg.br  created -> start :2021-12-03 06:06 estimation of stop:2021-12-03 14:26-> 19597,19619,19624,19650,19667,19675,19702,19714,19717,19793,19834,19843,19946,19956,20004,20018,20234,20257,20261,20363
Measurement id = 34266120 To popcluster56.atlas.winet.dcc.ufmg.br  created -> start :2021-12-03 06:06 estimation of stop:2021-12-03 14:26-> 19597,19619,19624,19650,19667,19675,19702,19714,19717,19793,19834,19843,19946,19956,20004,20018,20234,20257,20261,20363
Measurement id = 34266122 To popcluster57.atlas.winet.dcc.ufmg.br  created -> start :2021-12-03 06:06 estimation of stop:2021-12-03 14:26-> 19597,19619,19624,19650,19667,19675,19702,19714,19717,19793,19834,19843,19946,19956,20004,20018,20234,20257,20261,20363
Measurement id = 34266123 To popcluster58.atlas.winet.dcc.ufmg.br  created -> start :2021-12-03 06:06 estimation of stop:2021-12-03 14:26-> 19597,19619,19624,19650,19667,19675,19702,19714,19717,19793,19834,19843,19946,19956,20004,20018,20234,20257,20261,20363
Measurement id = 34266126 To popcluster59.atlas.winet.dcc.ufmg.br  created -> start :2021-12-03 06:06 estimation of stop:2021-12-03 14:26-> 19597,19619,19624,19650,19667,19675,19702,19714,19717,19793,19834,19843,19946,19956,20004,20018,20234,20257,20261,20363
Measurement id = 34266128 To popcluster60.atlas.winet.dcc.ufmg.br  created -> start :2021-12-03 06:06 estimation of stop:2021-12-03 14:26-> 19597,19619,19624,19650,19667,19675,19702,19714,19717,19793,19834,19843,19946,19956,20004,20018,20234,20257,20261,20363
Measurement id = 34266130 To popcluster61.atlas.winet.dcc.ufmg.br  created -> start :2021-12-03 06:06 estimation of stop:2021-12-03 14:26-> 19597,19619,19624,19650,19667,19675,19702,19714,19717,19793,19834,19843,19946,19956,20004,20018,20234,20257,20261,20363
Measurement id = 34266132 To popcluster62.atlas.winet.dcc.ufmg.br  created -> start :2021-12-03 06:06 estimation of stop:2021-12-03 14:26-> 19597,19619,19624,19650,19667,19675,19702,19714,19717,19793,19834,19843,19946,19956,20004,20018,20234,20257,20261,20363
Measurement id = 34266133 To popcluster63.atlas.winet.dcc.ufmg.br  created -> start :2021-12-03 06:06 estimation of stop:2021-12-03 14:26-> 19597,19619,19624,19650,19667,19675,19702,19714,19717,19793,19834,19843,19946,19956,20004,20018,20234,20257,20261,20363
Measurement id = 34266135 To popcluster64.atlas.winet.dcc.ufmg.br  created -> start :2021-12-03 06:06 estimation of stop:2021-12-03 14:26-> 19597,19619,19624,19650,19667,19675,19702,19714,19717,19793,19834,19843,19946,19956,20004,20018,20234,20257,20261,20363
Measurement id = 34266137 To popcluster65.atlas.winet.dcc.ufmg.br  created -> start :2021-12-03 06:06 estimation of stop:2021-12-03 14:26-> 19597,19619,19624,19650,19667,19675,19702,19714,19717,19793,19834,19843,19946,19956,20004,20018,20234,20257,20261,20363
Measurement id = 34266139 To popcluster66.atlas.winet.dcc.ufmg.br  created -> start :2021-12-03 06:06 estimation of stop:2021-12-03 14:26-> 19597,19619,19624,19650,19667,19675,19702,19714,19717,19793,19834,19843,19946,19956,20004,20018,20234,20257,20261,20363
Measurement id = 34266141 To popcluster67.atlas.winet.dcc.ufmg.br  created -> start :2021-12-03 06:06 estimation of stop:2021-12-03 14:26-> 19597,19619,19624,19650,19667,19675,19702,19714,19717,19793,19834,19843,19946,19956,20004,20018,20234,20257,20261,20363
Measurement id = 34266142 To popcluster68.atlas.winet.dcc.ufmg.br  created -> start :2021-12-03 06:06 estimation of stop:2021-12-03 14:26-> 19597,19619,19624,19650,19667,19675,19702,19714,19717,19793,19834,19843,19946,19956,20004,20018,20234,20257,20261,20363
Measurement id = 34266144 To popcluster69.atlas.winet.dcc.ufmg.br  created -> start :2021-12-03 06:06 estimation of stop:2021-12-03 14:26-> 19597,19619,19624,19650,19667,19675,19702,19714,19717,19793,19834,19843,19946,19956,20004,20018,20234,20257,20261,20363
Measurement id = 34266146 To popcluster70.atlas.winet.dcc.ufmg.br  created -> start :2021-12-03 06:06 estimation of stop:2021-12-03 14:26-> 19597,19619,19624,19650,19667,19675,19702,19714,19717,19793,19834,19843,19946,19956,20004,20018,20234,20257,20261,20363
Measurement id = 34266148 To popcluster71.atlas.winet.dcc.ufmg.br  created -> start :2021-12-03 06:06 estimation of stop:2021-12-03 14:26-> 19597,19619,19624,19650,19667,19675,19702,19714,19717,19793,19834,19843,19946,19956,20004,20018,20234,20257,20261,20363
Measurement id = 34266149 To popcluster72.atlas.winet.dcc.ufmg.br  created -> start :2021-12-03 06:06 estimation of stop:2021-12-03 14:26-> 19597,19619,19624,19650,19667,19675,19702,19714,19717,19793,19834,19843,19946,19956,20004,20018,20234,20257,20261,20363
Measurement id = 34266151 To popcluster73.atlas.winet.dcc.ufmg.br  created -> start :2021-12-03 06:06 estimation of stop:2021-12-03 14:26-> 19597,19619,19624,19650,19667,19675,19702,19714,19717,19793,19834,19843,19946,19956,20004,20018,20234,20257,20261,20363
Measurement id = 34266153 To popcluster74.atlas.winet.dcc.ufmg.br  created -> start :2021-12-03 06:06 estimation of stop:2021-12-03 14:26-> 19597,19619,19624,19650,19667,19675,19702,19714,19717,19793,19834,19843,19946,19956,20004,20018,20234,20257,20261,20363
Measurement id = 34266155 To popcluster75.atlas.winet.dcc.ufmg.br  created -> start :2021-12-03 06:06 estimation of stop:2021-12-03 14:26-> 19597,19619,19624,19650,19667,19675,19702,19714,19717,19793,19834,19843,19946,19956,20004,20018,20234,20257,20261,20363
Measurement id = 34266156 To popcluster76.atlas.winet.dcc.ufmg.br  created -> start :2021-12-03 06:06 estimation of stop:2021-12-03 14:26-> 19597,19619,19624,19650,19667,19675,19702,19714,19717,19793,19834,19843,19946,19956,20004,20018,20234,20257,20261,20363
Measurement id = 34266158 To popcluster77.atlas.winet.dcc.ufmg.br  created -> start :2021-12-03 06:06 estimation of stop:2021-12-03 14:26-> 19597,19619,19624,19650,19667,19675,19702,19714,19717,19793,19834,19843,19946,19956,20004,20018,20234,20257,20261,20363
Measurement id = 34266160 To popcluster78.atlas.winet.dcc.ufmg.br  created -> start :2021-12-03 06:06 estimation of stop:2021-12-03 14:26-> 19597,19619,19624,19650,19667,19675,19702,19714,19717,19793,19834,19843,19946,19956,20004,20018,20234,20257,20261,20363
Measurement id = 34266162 To popcluster79.atlas.winet.dcc.ufmg.br  created -> start :2021-12-03 06:06 estimation of stop:2021-12-03 14:26-> 19597,19619,19624,19650,19667,19675,19702,19714,19717,19793,19834,19843,19946,19956,20004,20018,20234,20257,20261,20363
Measurement id = 34266163 To popcluster80.atlas.winet.dcc.ufmg.br  created -> start :2021-12-03 06:06 estimation of stop:2021-12-03 14:26-> 19597,19619,19624,19650,19667,19675,19702,19714,19717,19793,19834,19843,19946,19956,20004,20018,20234,20257,20261,20363
Measurement id = 34266165 To popcluster81.atlas.winet.dcc.ufmg.br  created -> start :2021-12-03 06:06 estimation of stop:2021-12-03 14:26-> 19597,19619,19624,19650,19667,19675,19702,19714,19717,19793,19834,19843,19946,19956,20004,20018,20234,20257,20261,20363
Measurement id = 34266167 To popcluster82.atlas.winet.dcc.ufmg.br  created -> start :2021-12-03 06:06 estimation of stop:2021-12-03 14:26-> 19597,19619,19624,19650,19667,19675,19702,19714,19717,19793,19834,19843,19946,19956,20004,20018,20234,20257,20261,20363
Measurement id = 34266169 To popcluster83.atlas.winet.dcc.ufmg.br  created -> start :2021-12-03 06:06 estimation of stop:2021-12-03 14:26-> 19597,19619,19624,19650,19667,19675,19702,19714,19717,19793,19834,19843,19946,19956,20004,20018,20234,20257,20261,20363
Measurement id = 34266170 To popcluster84.atlas.winet.dcc.ufmg.br  created -> start :2021-12-03 06:06 estimation of stop:2021-12-03 14:26-> 19597,19619,19624,19650,19667,19675,19702,19714,19717,19793,19834,19843,19946,19956,20004,20018,20234,20257,20261,20363
Measurement id = 34266172 To popcluster85.atlas.winet.dcc.ufmg.br  created -> start :2021-12-03 06:06 estimation of stop:2021-12-03 14:26-> 19597,19619,19624,19650,19667,19675,19702,19714,19717,19793,19834,19843,19946,19956,20004,20018,20234,20257,20261,20363
Measurement id = 34266174 To popcluster86.atlas.winet.dcc.ufmg.br  created -> start :2021-12-03 06:06 estimation of stop:2021-12-03 14:26-> 19597,19619,19624,19650,19667,19675,19702,19714,19717,19793,19834,19843,19946,19956,20004,20018,20234,20257,20261,20363
Measurement id = 34266175 To popcluster87.atlas.winet.dcc.ufmg.br  created -> start :2021-12-03 06:06 estimation of stop:2021-12-03 14:26-> 19597,19619,19624,19650,19667,19675,19702,19714,19717,19793,19834,19843,19946,19956,20004,20018,20234,20257,20261,20363
Measurement id = 34266177 To popcluster88.atlas.winet.dcc.ufmg.br  created -> start :2021-12-03 06:06 estimation of stop:2021-12-03 14:26-> 19597,19619,19624,19650,19667,19675,19702,19714,19717,19793,19834,19843,19946,19956,20004,20018,20234,20257,20261,20363
Measurement id = 34266179 To popcluster89.atlas.winet.dcc.ufmg.br  created -> start :2021-12-03 06:06 estimation of stop:2021-12-03 14:26-> 19597,19619,19624,19650,19667,19675,19702,19714,19717,19793,19834,19843,19946,19956,20004,20018,20234,20257,20261,20363
Measurement id = 34266180 To popcluster90.atlas.winet.dcc.ufmg.br  created -> start :2021-12-03 06:06 estimation of stop:2021-12-03 14:26-> 19597,19619,19624,19650,19667,19675,19702,19714,19717,19793,19834,19843,19946,19956,20004,20018,20234,20257,20261,20363
Measurement id = 34266182 To popcluster91.atlas.winet.dcc.ufmg.br  created -> start :2021-12-03 06:06 estimation of stop:2021-12-03 14:26-> 19597,19619,19624,19650,19667,19675,19702,19714,19717,19793,19834,19843,19946,19956,20004,20018,20234,20257,20261,20363
Measurement id = 34266184 To popcluster92.atlas.winet.dcc.ufmg.br  created -> start :2021-12-03 06:06 estimation of stop:2021-12-03 14:26-> 19597,19619,19624,19650,19667,19675,19702,19714,19717,19793,19834,19843,19946,19956,20004,20018,20234,20257,20261,20363
Measurement id = 34266186 To popcluster93.atlas.winet.dcc.ufmg.br  created -> start :2021-12-03 06:06 estimation of stop:2021-12-03 14:26-> 19597,19619,19624,19650,19667,19675,19702,19714,19717,19793,19834,19843,19946,19956,20004,20018,20234,20257,20261,20363
Measurement id = 34266187 To popcluster94.atlas.winet.dcc.ufmg.br  created -> start :2021-12-03 06:06 estimation of stop:2021-12-03 14:26-> 19597,19619,19624,19650,19667,19675,19702,19714,19717,19793,19834,19843,19946,19956,20004,20018,20234,20257,20261,20363
Measurement id = 34266190 To popcluster95.atlas.winet.dcc.ufmg.br  created -> start :2021-12-03 06:06 estimation of stop:2021-12-03 14:26-> 19597,19619,19624,19650,19667,19675,19702,19714,19717,19793,19834,19843,19946,19956,20004,20018,20234,20257,20261,20363
Measurement id = 34266192 To popcluster96.atlas.winet.dcc.ufmg.br  created -> start :2021-12-03 06:06 estimation of stop:2021-12-03 14:26-> 19597,19619,19624,19650,19667,19675,19702,19714,19717,19793,19834,19843,19946,19956,20004,20018,20234,20257,20261,20363
Measurement id = 34266193 To popcluster97.atlas.winet.dcc.ufmg.br  created -> start :2021-12-03 06:06 estimation of stop:2021-12-03 14:26-> 19597,19619,19624,19650,19667,19675,19702,19714,19717,19793,19834,19843,19946,19956,20004,20018,20234,20257,20261,20363
Measurement id = 34266196 To popcluster98.atlas.winet.dcc.ufmg.br  created -> start :2021-12-03 06:06 estimation of stop:2021-12-03 14:26-> 19597,19619,19624,19650,19667,19675,19702,19714,19717,19793,19834,19843,19946,19956,20004,20018,20234,20257,20261,20363
Measurement id = 34266198 To popcluster99.atlas.winet.dcc.ufmg.br  created -> start :2021-12-03 06:06 estimation of stop:2021-12-03 14:26-> 19597,19619,19624,19650,19667,19675,19702,19714,19717,19793,19834,19843,19946,19956,20004,20018,20234,20257,20261,20363
Measurement id = 34266200 To popcluster100.atlas.winet.dcc.ufmg.br  created -> start :2021-12-03 06:06 estimation of stop:2021-12-03 14:26-> 19597,19619,19624,19650,19667,19675,19702,19714,19717,19793,19834,19843,19946,19956,20004,20018,20234,20257,20261,20363
