Measurement id = 34723066 To popcluster1.atlas.winet.dcc.ufmg.br  created -> start :2022-01-04 11:28 estimation of stop:2022-01-04 19:48-> 23000,25697,22894,34343,24096,23314,25850,27912,26900,28127,25191,23424,28525,28607,28695,28794,29061,29215,29285,29287
Measurement id = 34723068 To popcluster2.atlas.winet.dcc.ufmg.br  created -> start :2022-01-04 11:28 estimation of stop:2022-01-04 19:48-> 23000,25697,22894,34343,24096,23314,25850,27912,26900,28127,25191,23424,28525,28607,28695,28794,29061,29215,29285,29287
Measurement id = 34723069 To popcluster3.atlas.winet.dcc.ufmg.br  created -> start :2022-01-04 11:28 estimation of stop:2022-01-04 19:48-> 23000,25697,22894,34343,24096,23314,25850,27912,26900,28127,25191,23424,28525,28607,28695,28794,29061,29215,29285,29287
Measurement id = 34723070 To popcluster4.atlas.winet.dcc.ufmg.br  created -> start :2022-01-04 11:28 estimation of stop:2022-01-04 19:48-> 23000,25697,22894,34343,24096,23314,25850,27912,26900,28127,25191,23424,28525,28607,28695,28794,29061,29215,29285,29287
Measurement id = 34723071 To popcluster5.atlas.winet.dcc.ufmg.br  created -> start :2022-01-04 11:28 estimation of stop:2022-01-04 19:48-> 23000,25697,22894,34343,24096,23314,25850,27912,26900,28127,25191,23424,28525,28607,28695,28794,29061,29215,29285,29287
Measurement id = 34723072 To popcluster6.atlas.winet.dcc.ufmg.br  created -> start :2022-01-04 11:28 estimation of stop:2022-01-04 19:48-> 23000,25697,22894,34343,24096,23314,25850,27912,26900,28127,25191,23424,28525,28607,28695,28794,29061,29215,29285,29287
Measurement id = 34723073 To popcluster7.atlas.winet.dcc.ufmg.br  created -> start :2022-01-04 11:28 estimation of stop:2022-01-04 19:48-> 23000,25697,22894,34343,24096,23314,25850,27912,26900,28127,25191,23424,28525,28607,28695,28794,29061,29215,29285,29287
Measurement id = 34723074 To popcluster8.atlas.winet.dcc.ufmg.br  created -> start :2022-01-04 11:28 estimation of stop:2022-01-04 19:48-> 23000,25697,22894,34343,24096,23314,25850,27912,26900,28127,25191,23424,28525,28607,28695,28794,29061,29215,29285,29287
Measurement id = 34723075 To popcluster9.atlas.winet.dcc.ufmg.br  created -> start :2022-01-04 11:28 estimation of stop:2022-01-04 19:48-> 23000,25697,22894,34343,24096,23314,25850,27912,26900,28127,25191,23424,28525,28607,28695,28794,29061,29215,29285,29287
Measurement id = 34723076 To popcluster10.atlas.winet.dcc.ufmg.br  created -> start :2022-01-04 11:28 estimation of stop:2022-01-04 19:48-> 23000,25697,22894,34343,24096,23314,25850,27912,26900,28127,25191,23424,28525,28607,28695,28794,29061,29215,29285,29287
Measurement id = 34723077 To popcluster11.atlas.winet.dcc.ufmg.br  created -> start :2022-01-04 11:28 estimation of stop:2022-01-04 19:48-> 23000,25697,22894,34343,24096,23314,25850,27912,26900,28127,25191,23424,28525,28607,28695,28794,29061,29215,29285,29287
Measurement id = 34723078 To popcluster12.atlas.winet.dcc.ufmg.br  created -> start :2022-01-04 11:28 estimation of stop:2022-01-04 19:48-> 23000,25697,22894,34343,24096,23314,25850,27912,26900,28127,25191,23424,28525,28607,28695,28794,29061,29215,29285,29287
Measurement id = 34723079 To popcluster13.atlas.winet.dcc.ufmg.br  created -> start :2022-01-04 11:28 estimation of stop:2022-01-04 19:48-> 23000,25697,22894,34343,24096,23314,25850,27912,26900,28127,25191,23424,28525,28607,28695,28794,29061,29215,29285,29287
Measurement id = 34723080 To popcluster14.atlas.winet.dcc.ufmg.br  created -> start :2022-01-04 11:28 estimation of stop:2022-01-04 19:48-> 23000,25697,22894,34343,24096,23314,25850,27912,26900,28127,25191,23424,28525,28607,28695,28794,29061,29215,29285,29287
Measurement id = 34723082 To popcluster15.atlas.winet.dcc.ufmg.br  created -> start :2022-01-04 11:28 estimation of stop:2022-01-04 19:48-> 23000,25697,22894,34343,24096,23314,25850,27912,26900,28127,25191,23424,28525,28607,28695,28794,29061,29215,29285,29287
Measurement id = 34723083 To popcluster16.atlas.winet.dcc.ufmg.br  created -> start :2022-01-04 11:28 estimation of stop:2022-01-04 19:48-> 23000,25697,22894,34343,24096,23314,25850,27912,26900,28127,25191,23424,28525,28607,28695,28794,29061,29215,29285,29287
Measurement id = 34723084 To popcluster17.atlas.winet.dcc.ufmg.br  created -> start :2022-01-04 11:28 estimation of stop:2022-01-04 19:48-> 23000,25697,22894,34343,24096,23314,25850,27912,26900,28127,25191,23424,28525,28607,28695,28794,29061,29215,29285,29287
Measurement id = 34723085 To popcluster18.atlas.winet.dcc.ufmg.br  created -> start :2022-01-04 11:28 estimation of stop:2022-01-04 19:48-> 23000,25697,22894,34343,24096,23314,25850,27912,26900,28127,25191,23424,28525,28607,28695,28794,29061,29215,29285,29287
Measurement id = 34723086 To popcluster19.atlas.winet.dcc.ufmg.br  created -> start :2022-01-04 11:28 estimation of stop:2022-01-04 19:48-> 23000,25697,22894,34343,24096,23314,25850,27912,26900,28127,25191,23424,28525,28607,28695,28794,29061,29215,29285,29287
Measurement id = 34723087 To popcluster20.atlas.winet.dcc.ufmg.br  created -> start :2022-01-04 11:28 estimation of stop:2022-01-04 19:48-> 23000,25697,22894,34343,24096,23314,25850,27912,26900,28127,25191,23424,28525,28607,28695,28794,29061,29215,29285,29287
Measurement id = 34723088 To popcluster21.atlas.winet.dcc.ufmg.br  created -> start :2022-01-04 11:28 estimation of stop:2022-01-04 19:48-> 23000,25697,22894,34343,24096,23314,25850,27912,26900,28127,25191,23424,28525,28607,28695,28794,29061,29215,29285,29287
Measurement id = 34723090 To popcluster22.atlas.winet.dcc.ufmg.br  created -> start :2022-01-04 11:28 estimation of stop:2022-01-04 19:48-> 23000,25697,22894,34343,24096,23314,25850,27912,26900,28127,25191,23424,28525,28607,28695,28794,29061,29215,29285,29287
Measurement id = 34723091 To popcluster23.atlas.winet.dcc.ufmg.br  created -> start :2022-01-04 11:28 estimation of stop:2022-01-04 19:48-> 23000,25697,22894,34343,24096,23314,25850,27912,26900,28127,25191,23424,28525,28607,28695,28794,29061,29215,29285,29287
Measurement id = 34723092 To popcluster24.atlas.winet.dcc.ufmg.br  created -> start :2022-01-04 11:28 estimation of stop:2022-01-04 19:48-> 23000,25697,22894,34343,24096,23314,25850,27912,26900,28127,25191,23424,28525,28607,28695,28794,29061,29215,29285,29287
Measurement id = 34723093 To popcluster25.atlas.winet.dcc.ufmg.br  created -> start :2022-01-04 11:28 estimation of stop:2022-01-04 19:48-> 23000,25697,22894,34343,24096,23314,25850,27912,26900,28127,25191,23424,28525,28607,28695,28794,29061,29215,29285,29287
Measurement id = 34723094 To popcluster26.atlas.winet.dcc.ufmg.br  created -> start :2022-01-04 11:28 estimation of stop:2022-01-04 19:48-> 23000,25697,22894,34343,24096,23314,25850,27912,26900,28127,25191,23424,28525,28607,28695,28794,29061,29215,29285,29287
Measurement id = 34723095 To popcluster27.atlas.winet.dcc.ufmg.br  created -> start :2022-01-04 11:28 estimation of stop:2022-01-04 19:48-> 23000,25697,22894,34343,24096,23314,25850,27912,26900,28127,25191,23424,28525,28607,28695,28794,29061,29215,29285,29287
Measurement id = 34723096 To popcluster28.atlas.winet.dcc.ufmg.br  created -> start :2022-01-04 11:28 estimation of stop:2022-01-04 19:48-> 23000,25697,22894,34343,24096,23314,25850,27912,26900,28127,25191,23424,28525,28607,28695,28794,29061,29215,29285,29287
Measurement id = 34723097 To popcluster29.atlas.winet.dcc.ufmg.br  created -> start :2022-01-04 11:28 estimation of stop:2022-01-04 19:48-> 23000,25697,22894,34343,24096,23314,25850,27912,26900,28127,25191,23424,28525,28607,28695,28794,29061,29215,29285,29287
Measurement id = 34723098 To popcluster30.atlas.winet.dcc.ufmg.br  created -> start :2022-01-04 11:28 estimation of stop:2022-01-04 19:48-> 23000,25697,22894,34343,24096,23314,25850,27912,26900,28127,25191,23424,28525,28607,28695,28794,29061,29215,29285,29287
Measurement id = 34723099 To popcluster31.atlas.winet.dcc.ufmg.br  created -> start :2022-01-04 11:28 estimation of stop:2022-01-04 19:48-> 23000,25697,22894,34343,24096,23314,25850,27912,26900,28127,25191,23424,28525,28607,28695,28794,29061,29215,29285,29287
Measurement id = 34723100 To popcluster32.atlas.winet.dcc.ufmg.br  created -> start :2022-01-04 11:28 estimation of stop:2022-01-04 19:48-> 23000,25697,22894,34343,24096,23314,25850,27912,26900,28127,25191,23424,28525,28607,28695,28794,29061,29215,29285,29287
Measurement id = 34723101 To popcluster33.atlas.winet.dcc.ufmg.br  created -> start :2022-01-04 11:28 estimation of stop:2022-01-04 19:48-> 23000,25697,22894,34343,24096,23314,25850,27912,26900,28127,25191,23424,28525,28607,28695,28794,29061,29215,29285,29287
Measurement id = 34723102 To popcluster34.atlas.winet.dcc.ufmg.br  created -> start :2022-01-04 11:28 estimation of stop:2022-01-04 19:48-> 23000,25697,22894,34343,24096,23314,25850,27912,26900,28127,25191,23424,28525,28607,28695,28794,29061,29215,29285,29287
Measurement id = 34723103 To popcluster35.atlas.winet.dcc.ufmg.br  created -> start :2022-01-04 11:28 estimation of stop:2022-01-04 19:48-> 23000,25697,22894,34343,24096,23314,25850,27912,26900,28127,25191,23424,28525,28607,28695,28794,29061,29215,29285,29287
Measurement id = 34723110 To popcluster36.atlas.winet.dcc.ufmg.br  created -> start :2022-01-04 11:28 estimation of stop:2022-01-04 19:48-> 23000,25697,22894,34343,24096,23314,25850,27912,26900,28127,25191,23424,28525,28607,28695,28794,29061,29215,29285,29287
Measurement id = 34723111 To popcluster37.atlas.winet.dcc.ufmg.br  created -> start :2022-01-04 11:28 estimation of stop:2022-01-04 19:48-> 23000,25697,22894,34343,24096,23314,25850,27912,26900,28127,25191,23424,28525,28607,28695,28794,29061,29215,29285,29287
Measurement id = 34723112 To popcluster38.atlas.winet.dcc.ufmg.br  created -> start :2022-01-04 11:28 estimation of stop:2022-01-04 19:48-> 23000,25697,22894,34343,24096,23314,25850,27912,26900,28127,25191,23424,28525,28607,28695,28794,29061,29215,29285,29287
Measurement id = 34723113 To popcluster39.atlas.winet.dcc.ufmg.br  created -> start :2022-01-04 11:28 estimation of stop:2022-01-04 19:48-> 23000,25697,22894,34343,24096,23314,25850,27912,26900,28127,25191,23424,28525,28607,28695,28794,29061,29215,29285,29287
Measurement id = 34723114 To popcluster40.atlas.winet.dcc.ufmg.br  created -> start :2022-01-04 11:28 estimation of stop:2022-01-04 19:48-> 23000,25697,22894,34343,24096,23314,25850,27912,26900,28127,25191,23424,28525,28607,28695,28794,29061,29215,29285,29287
Measurement id = 34723115 To popcluster41.atlas.winet.dcc.ufmg.br  created -> start :2022-01-04 11:28 estimation of stop:2022-01-04 19:48-> 23000,25697,22894,34343,24096,23314,25850,27912,26900,28127,25191,23424,28525,28607,28695,28794,29061,29215,29285,29287
Measurement id = 34723116 To popcluster42.atlas.winet.dcc.ufmg.br  created -> start :2022-01-04 11:28 estimation of stop:2022-01-04 19:48-> 23000,25697,22894,34343,24096,23314,25850,27912,26900,28127,25191,23424,28525,28607,28695,28794,29061,29215,29285,29287
Measurement id = 34723117 To popcluster43.atlas.winet.dcc.ufmg.br  created -> start :2022-01-04 11:28 estimation of stop:2022-01-04 19:48-> 23000,25697,22894,34343,24096,23314,25850,27912,26900,28127,25191,23424,28525,28607,28695,28794,29061,29215,29285,29287
Measurement id = 34723118 To popcluster44.atlas.winet.dcc.ufmg.br  created -> start :2022-01-04 11:28 estimation of stop:2022-01-04 19:48-> 23000,25697,22894,34343,24096,23314,25850,27912,26900,28127,25191,23424,28525,28607,28695,28794,29061,29215,29285,29287
Measurement id = 34723119 To popcluster45.atlas.winet.dcc.ufmg.br  created -> start :2022-01-04 11:28 estimation of stop:2022-01-04 19:48-> 23000,25697,22894,34343,24096,23314,25850,27912,26900,28127,25191,23424,28525,28607,28695,28794,29061,29215,29285,29287
Measurement id = 34723120 To popcluster46.atlas.winet.dcc.ufmg.br  created -> start :2022-01-04 11:28 estimation of stop:2022-01-04 19:48-> 23000,25697,22894,34343,24096,23314,25850,27912,26900,28127,25191,23424,28525,28607,28695,28794,29061,29215,29285,29287
Measurement id = 34723122 To popcluster47.atlas.winet.dcc.ufmg.br  created -> start :2022-01-04 11:28 estimation of stop:2022-01-04 19:48-> 23000,25697,22894,34343,24096,23314,25850,27912,26900,28127,25191,23424,28525,28607,28695,28794,29061,29215,29285,29287
Measurement id = 34723123 To popcluster48.atlas.winet.dcc.ufmg.br  created -> start :2022-01-04 11:28 estimation of stop:2022-01-04 19:48-> 23000,25697,22894,34343,24096,23314,25850,27912,26900,28127,25191,23424,28525,28607,28695,28794,29061,29215,29285,29287
Measurement id = 34723124 To popcluster49.atlas.winet.dcc.ufmg.br  created -> start :2022-01-04 11:28 estimation of stop:2022-01-04 19:48-> 23000,25697,22894,34343,24096,23314,25850,27912,26900,28127,25191,23424,28525,28607,28695,28794,29061,29215,29285,29287
Measurement id = 34723125 To popcluster50.atlas.winet.dcc.ufmg.br  created -> start :2022-01-04 11:28 estimation of stop:2022-01-04 19:48-> 23000,25697,22894,34343,24096,23314,25850,27912,26900,28127,25191,23424,28525,28607,28695,28794,29061,29215,29285,29287
Measurement id = 34723126 To popcluster51.atlas.winet.dcc.ufmg.br  created -> start :2022-01-04 11:28 estimation of stop:2022-01-04 19:48-> 23000,25697,22894,34343,24096,23314,25850,27912,26900,28127,25191,23424,28525,28607,28695,28794,29061,29215,29285,29287
Measurement id = 34723127 To popcluster52.atlas.winet.dcc.ufmg.br  created -> start :2022-01-04 11:28 estimation of stop:2022-01-04 19:48-> 23000,25697,22894,34343,24096,23314,25850,27912,26900,28127,25191,23424,28525,28607,28695,28794,29061,29215,29285,29287
Measurement id = 34723128 To popcluster53.atlas.winet.dcc.ufmg.br  created -> start :2022-01-04 11:28 estimation of stop:2022-01-04 19:48-> 23000,25697,22894,34343,24096,23314,25850,27912,26900,28127,25191,23424,28525,28607,28695,28794,29061,29215,29285,29287
Measurement id = 34723129 To popcluster54.atlas.winet.dcc.ufmg.br  created -> start :2022-01-04 11:28 estimation of stop:2022-01-04 19:48-> 23000,25697,22894,34343,24096,23314,25850,27912,26900,28127,25191,23424,28525,28607,28695,28794,29061,29215,29285,29287
Measurement id = 34723130 To popcluster55.atlas.winet.dcc.ufmg.br  created -> start :2022-01-04 11:28 estimation of stop:2022-01-04 19:48-> 23000,25697,22894,34343,24096,23314,25850,27912,26900,28127,25191,23424,28525,28607,28695,28794,29061,29215,29285,29287
Measurement id = 34723131 To popcluster56.atlas.winet.dcc.ufmg.br  created -> start :2022-01-04 11:28 estimation of stop:2022-01-04 19:48-> 23000,25697,22894,34343,24096,23314,25850,27912,26900,28127,25191,23424,28525,28607,28695,28794,29061,29215,29285,29287
Measurement id = 34723132 To popcluster57.atlas.winet.dcc.ufmg.br  created -> start :2022-01-04 11:28 estimation of stop:2022-01-04 19:48-> 23000,25697,22894,34343,24096,23314,25850,27912,26900,28127,25191,23424,28525,28607,28695,28794,29061,29215,29285,29287
Measurement id = 34723133 To popcluster58.atlas.winet.dcc.ufmg.br  created -> start :2022-01-04 11:28 estimation of stop:2022-01-04 19:48-> 23000,25697,22894,34343,24096,23314,25850,27912,26900,28127,25191,23424,28525,28607,28695,28794,29061,29215,29285,29287
Measurement id = 34723134 To popcluster59.atlas.winet.dcc.ufmg.br  created -> start :2022-01-04 11:28 estimation of stop:2022-01-04 19:48-> 23000,25697,22894,34343,24096,23314,25850,27912,26900,28127,25191,23424,28525,28607,28695,28794,29061,29215,29285,29287
Measurement id = 34723135 To popcluster60.atlas.winet.dcc.ufmg.br  created -> start :2022-01-04 11:28 estimation of stop:2022-01-04 19:48-> 23000,25697,22894,34343,24096,23314,25850,27912,26900,28127,25191,23424,28525,28607,28695,28794,29061,29215,29285,29287
Measurement id = 34723137 To popcluster61.atlas.winet.dcc.ufmg.br  created -> start :2022-01-04 11:28 estimation of stop:2022-01-04 19:48-> 23000,25697,22894,34343,24096,23314,25850,27912,26900,28127,25191,23424,28525,28607,28695,28794,29061,29215,29285,29287
Measurement id = 34723138 To popcluster62.atlas.winet.dcc.ufmg.br  created -> start :2022-01-04 11:28 estimation of stop:2022-01-04 19:48-> 23000,25697,22894,34343,24096,23314,25850,27912,26900,28127,25191,23424,28525,28607,28695,28794,29061,29215,29285,29287
Measurement id = 34723139 To popcluster63.atlas.winet.dcc.ufmg.br  created -> start :2022-01-04 11:28 estimation of stop:2022-01-04 19:48-> 23000,25697,22894,34343,24096,23314,25850,27912,26900,28127,25191,23424,28525,28607,28695,28794,29061,29215,29285,29287
Measurement id = 34723140 To popcluster64.atlas.winet.dcc.ufmg.br  created -> start :2022-01-04 11:28 estimation of stop:2022-01-04 19:48-> 23000,25697,22894,34343,24096,23314,25850,27912,26900,28127,25191,23424,28525,28607,28695,28794,29061,29215,29285,29287
Measurement id = 34723141 To popcluster65.atlas.winet.dcc.ufmg.br  created -> start :2022-01-04 11:28 estimation of stop:2022-01-04 19:48-> 23000,25697,22894,34343,24096,23314,25850,27912,26900,28127,25191,23424,28525,28607,28695,28794,29061,29215,29285,29287
Measurement id = 34723142 To popcluster66.atlas.winet.dcc.ufmg.br  created -> start :2022-01-04 11:28 estimation of stop:2022-01-04 19:48-> 23000,25697,22894,34343,24096,23314,25850,27912,26900,28127,25191,23424,28525,28607,28695,28794,29061,29215,29285,29287
Measurement id = 34723143 To popcluster67.atlas.winet.dcc.ufmg.br  created -> start :2022-01-04 11:28 estimation of stop:2022-01-04 19:48-> 23000,25697,22894,34343,24096,23314,25850,27912,26900,28127,25191,23424,28525,28607,28695,28794,29061,29215,29285,29287
Measurement id = 34723144 To popcluster68.atlas.winet.dcc.ufmg.br  created -> start :2022-01-04 11:28 estimation of stop:2022-01-04 19:48-> 23000,25697,22894,34343,24096,23314,25850,27912,26900,28127,25191,23424,28525,28607,28695,28794,29061,29215,29285,29287
Measurement id = 34723145 To popcluster69.atlas.winet.dcc.ufmg.br  created -> start :2022-01-04 11:28 estimation of stop:2022-01-04 19:48-> 23000,25697,22894,34343,24096,23314,25850,27912,26900,28127,25191,23424,28525,28607,28695,28794,29061,29215,29285,29287
Measurement id = 34723146 To popcluster70.atlas.winet.dcc.ufmg.br  created -> start :2022-01-04 11:28 estimation of stop:2022-01-04 19:48-> 23000,25697,22894,34343,24096,23314,25850,27912,26900,28127,25191,23424,28525,28607,28695,28794,29061,29215,29285,29287
Measurement id = 34723147 To popcluster71.atlas.winet.dcc.ufmg.br  created -> start :2022-01-04 11:28 estimation of stop:2022-01-04 19:48-> 23000,25697,22894,34343,24096,23314,25850,27912,26900,28127,25191,23424,28525,28607,28695,28794,29061,29215,29285,29287
Measurement id = 34723148 To popcluster72.atlas.winet.dcc.ufmg.br  created -> start :2022-01-04 11:28 estimation of stop:2022-01-04 19:48-> 23000,25697,22894,34343,24096,23314,25850,27912,26900,28127,25191,23424,28525,28607,28695,28794,29061,29215,29285,29287
Measurement id = 34723149 To popcluster73.atlas.winet.dcc.ufmg.br  created -> start :2022-01-04 11:28 estimation of stop:2022-01-04 19:48-> 23000,25697,22894,34343,24096,23314,25850,27912,26900,28127,25191,23424,28525,28607,28695,28794,29061,29215,29285,29287
Measurement id = 34723150 To popcluster74.atlas.winet.dcc.ufmg.br  created -> start :2022-01-04 11:28 estimation of stop:2022-01-04 19:48-> 23000,25697,22894,34343,24096,23314,25850,27912,26900,28127,25191,23424,28525,28607,28695,28794,29061,29215,29285,29287
Measurement id = 34723151 To popcluster75.atlas.winet.dcc.ufmg.br  created -> start :2022-01-04 11:28 estimation of stop:2022-01-04 19:48-> 23000,25697,22894,34343,24096,23314,25850,27912,26900,28127,25191,23424,28525,28607,28695,28794,29061,29215,29285,29287
Measurement id = 34723152 To popcluster76.atlas.winet.dcc.ufmg.br  created -> start :2022-01-04 11:28 estimation of stop:2022-01-04 19:48-> 23000,25697,22894,34343,24096,23314,25850,27912,26900,28127,25191,23424,28525,28607,28695,28794,29061,29215,29285,29287
Measurement id = 34723153 To popcluster77.atlas.winet.dcc.ufmg.br  created -> start :2022-01-04 11:28 estimation of stop:2022-01-04 19:48-> 23000,25697,22894,34343,24096,23314,25850,27912,26900,28127,25191,23424,28525,28607,28695,28794,29061,29215,29285,29287
Measurement id = 34723154 To popcluster78.atlas.winet.dcc.ufmg.br  created -> start :2022-01-04 11:28 estimation of stop:2022-01-04 19:48-> 23000,25697,22894,34343,24096,23314,25850,27912,26900,28127,25191,23424,28525,28607,28695,28794,29061,29215,29285,29287
Measurement id = 34723156 To popcluster79.atlas.winet.dcc.ufmg.br  created -> start :2022-01-04 11:28 estimation of stop:2022-01-04 19:48-> 23000,25697,22894,34343,24096,23314,25850,27912,26900,28127,25191,23424,28525,28607,28695,28794,29061,29215,29285,29287
Measurement id = 34723157 To popcluster80.atlas.winet.dcc.ufmg.br  created -> start :2022-01-04 11:28 estimation of stop:2022-01-04 19:48-> 23000,25697,22894,34343,24096,23314,25850,27912,26900,28127,25191,23424,28525,28607,28695,28794,29061,29215,29285,29287
Measurement id = 34723158 To popcluster81.atlas.winet.dcc.ufmg.br  created -> start :2022-01-04 11:28 estimation of stop:2022-01-04 19:48-> 23000,25697,22894,34343,24096,23314,25850,27912,26900,28127,25191,23424,28525,28607,28695,28794,29061,29215,29285,29287
Measurement id = 34723159 To popcluster82.atlas.winet.dcc.ufmg.br  created -> start :2022-01-04 11:28 estimation of stop:2022-01-04 19:48-> 23000,25697,22894,34343,24096,23314,25850,27912,26900,28127,25191,23424,28525,28607,28695,28794,29061,29215,29285,29287
Measurement id = 34723160 To popcluster83.atlas.winet.dcc.ufmg.br  created -> start :2022-01-04 11:28 estimation of stop:2022-01-04 19:48-> 23000,25697,22894,34343,24096,23314,25850,27912,26900,28127,25191,23424,28525,28607,28695,28794,29061,29215,29285,29287
Measurement id = 34723161 To popcluster84.atlas.winet.dcc.ufmg.br  created -> start :2022-01-04 11:28 estimation of stop:2022-01-04 19:48-> 23000,25697,22894,34343,24096,23314,25850,27912,26900,28127,25191,23424,28525,28607,28695,28794,29061,29215,29285,29287
Measurement id = 34723162 To popcluster85.atlas.winet.dcc.ufmg.br  created -> start :2022-01-04 11:28 estimation of stop:2022-01-04 19:48-> 23000,25697,22894,34343,24096,23314,25850,27912,26900,28127,25191,23424,28525,28607,28695,28794,29061,29215,29285,29287
Measurement id = 34723163 To popcluster86.atlas.winet.dcc.ufmg.br  created -> start :2022-01-04 11:28 estimation of stop:2022-01-04 19:48-> 23000,25697,22894,34343,24096,23314,25850,27912,26900,28127,25191,23424,28525,28607,28695,28794,29061,29215,29285,29287
Measurement id = 34723164 To popcluster87.atlas.winet.dcc.ufmg.br  created -> start :2022-01-04 11:28 estimation of stop:2022-01-04 19:48-> 23000,25697,22894,34343,24096,23314,25850,27912,26900,28127,25191,23424,28525,28607,28695,28794,29061,29215,29285,29287
Measurement id = 34723165 To popcluster88.atlas.winet.dcc.ufmg.br  created -> start :2022-01-04 11:28 estimation of stop:2022-01-04 19:48-> 23000,25697,22894,34343,24096,23314,25850,27912,26900,28127,25191,23424,28525,28607,28695,28794,29061,29215,29285,29287
Measurement id = 34723166 To popcluster89.atlas.winet.dcc.ufmg.br  created -> start :2022-01-04 11:28 estimation of stop:2022-01-04 19:48-> 23000,25697,22894,34343,24096,23314,25850,27912,26900,28127,25191,23424,28525,28607,28695,28794,29061,29215,29285,29287
Measurement id = 34723167 To popcluster90.atlas.winet.dcc.ufmg.br  created -> start :2022-01-04 11:28 estimation of stop:2022-01-04 19:48-> 23000,25697,22894,34343,24096,23314,25850,27912,26900,28127,25191,23424,28525,28607,28695,28794,29061,29215,29285,29287
Measurement id = 34723168 To popcluster91.atlas.winet.dcc.ufmg.br  created -> start :2022-01-04 11:28 estimation of stop:2022-01-04 19:48-> 23000,25697,22894,34343,24096,23314,25850,27912,26900,28127,25191,23424,28525,28607,28695,28794,29061,29215,29285,29287
Measurement id = 34723169 To popcluster92.atlas.winet.dcc.ufmg.br  created -> start :2022-01-04 11:28 estimation of stop:2022-01-04 19:48-> 23000,25697,22894,34343,24096,23314,25850,27912,26900,28127,25191,23424,28525,28607,28695,28794,29061,29215,29285,29287
Measurement id = 34723170 To popcluster93.atlas.winet.dcc.ufmg.br  created -> start :2022-01-04 11:28 estimation of stop:2022-01-04 19:48-> 23000,25697,22894,34343,24096,23314,25850,27912,26900,28127,25191,23424,28525,28607,28695,28794,29061,29215,29285,29287
Measurement id = 34723171 To popcluster94.atlas.winet.dcc.ufmg.br  created -> start :2022-01-04 11:28 estimation of stop:2022-01-04 19:48-> 23000,25697,22894,34343,24096,23314,25850,27912,26900,28127,25191,23424,28525,28607,28695,28794,29061,29215,29285,29287
Measurement id = 34723172 To popcluster95.atlas.winet.dcc.ufmg.br  created -> start :2022-01-04 11:28 estimation of stop:2022-01-04 19:48-> 23000,25697,22894,34343,24096,23314,25850,27912,26900,28127,25191,23424,28525,28607,28695,28794,29061,29215,29285,29287
Measurement id = 34723173 To popcluster96.atlas.winet.dcc.ufmg.br  created -> start :2022-01-04 11:28 estimation of stop:2022-01-04 19:48-> 23000,25697,22894,34343,24096,23314,25850,27912,26900,28127,25191,23424,28525,28607,28695,28794,29061,29215,29285,29287
Measurement id = 34723174 To popcluster97.atlas.winet.dcc.ufmg.br  created -> start :2022-01-04 11:28 estimation of stop:2022-01-04 19:48-> 23000,25697,22894,34343,24096,23314,25850,27912,26900,28127,25191,23424,28525,28607,28695,28794,29061,29215,29285,29287
Measurement id = 34723175 To popcluster98.atlas.winet.dcc.ufmg.br  created -> start :2022-01-04 11:28 estimation of stop:2022-01-04 19:48-> 23000,25697,22894,34343,24096,23314,25850,27912,26900,28127,25191,23424,28525,28607,28695,28794,29061,29215,29285,29287
Measurement id = 34723176 To popcluster99.atlas.winet.dcc.ufmg.br  created -> start :2022-01-04 11:28 estimation of stop:2022-01-04 19:48-> 23000,25697,22894,34343,24096,23314,25850,27912,26900,28127,25191,23424,28525,28607,28695,28794,29061,29215,29285,29287
Measurement id = 34723178 To popcluster100.atlas.winet.dcc.ufmg.br  created -> start :2022-01-04 11:28 estimation of stop:2022-01-04 19:48-> 23000,25697,22894,34343,24096,23314,25850,27912,26900,28127,25191,23424,28525,28607,28695,28794,29061,29215,29285,29287
