Measurement id = 34818293 To popcluster1.atlas.winet.dcc.ufmg.br  created -> start :2022-01-15 15:50 estimation of stop:2022-01-16 00:10-> 34018,33257,51952,51065,50025,33413,34154,50161,33470,35103,51782,33386,50379,33901,50143,50401,50476,51452,51651,52128
Measurement id = 34818294 To popcluster2.atlas.winet.dcc.ufmg.br  created -> start :2022-01-15 15:50 estimation of stop:2022-01-16 00:10-> 34018,33257,51952,51065,50025,33413,34154,50161,33470,35103,51782,33386,50379,33901,50143,50401,50476,51452,51651,52128
Measurement id = 34818295 To popcluster3.atlas.winet.dcc.ufmg.br  created -> start :2022-01-15 15:50 estimation of stop:2022-01-16 00:10-> 34018,33257,51952,51065,50025,33413,34154,50161,33470,35103,51782,33386,50379,33901,50143,50401,50476,51452,51651,52128
Measurement id = 34818296 To popcluster4.atlas.winet.dcc.ufmg.br  created -> start :2022-01-15 15:50 estimation of stop:2022-01-16 00:10-> 34018,33257,51952,51065,50025,33413,34154,50161,33470,35103,51782,33386,50379,33901,50143,50401,50476,51452,51651,52128
Measurement id = 34818297 To popcluster5.atlas.winet.dcc.ufmg.br  created -> start :2022-01-15 15:50 estimation of stop:2022-01-16 00:10-> 34018,33257,51952,51065,50025,33413,34154,50161,33470,35103,51782,33386,50379,33901,50143,50401,50476,51452,51651,52128
Measurement id = 34818298 To popcluster6.atlas.winet.dcc.ufmg.br  created -> start :2022-01-15 15:50 estimation of stop:2022-01-16 00:10-> 34018,33257,51952,51065,50025,33413,34154,50161,33470,35103,51782,33386,50379,33901,50143,50401,50476,51452,51651,52128
Measurement id = 34818299 To popcluster7.atlas.winet.dcc.ufmg.br  created -> start :2022-01-15 15:50 estimation of stop:2022-01-16 00:10-> 34018,33257,51952,51065,50025,33413,34154,50161,33470,35103,51782,33386,50379,33901,50143,50401,50476,51452,51651,52128
Measurement id = 34818300 To popcluster8.atlas.winet.dcc.ufmg.br  created -> start :2022-01-15 15:50 estimation of stop:2022-01-16 00:10-> 34018,33257,51952,51065,50025,33413,34154,50161,33470,35103,51782,33386,50379,33901,50143,50401,50476,51452,51651,52128
Measurement id = 34818301 To popcluster9.atlas.winet.dcc.ufmg.br  created -> start :2022-01-15 15:50 estimation of stop:2022-01-16 00:10-> 34018,33257,51952,51065,50025,33413,34154,50161,33470,35103,51782,33386,50379,33901,50143,50401,50476,51452,51651,52128
Measurement id = 34818302 To popcluster10.atlas.winet.dcc.ufmg.br  created -> start :2022-01-15 15:50 estimation of stop:2022-01-16 00:10-> 34018,33257,51952,51065,50025,33413,34154,50161,33470,35103,51782,33386,50379,33901,50143,50401,50476,51452,51651,52128
Measurement id = 34818303 To popcluster11.atlas.winet.dcc.ufmg.br  created -> start :2022-01-15 15:50 estimation of stop:2022-01-16 00:10-> 34018,33257,51952,51065,50025,33413,34154,50161,33470,35103,51782,33386,50379,33901,50143,50401,50476,51452,51651,52128
Measurement id = 34818304 To popcluster12.atlas.winet.dcc.ufmg.br  created -> start :2022-01-15 15:50 estimation of stop:2022-01-16 00:10-> 34018,33257,51952,51065,50025,33413,34154,50161,33470,35103,51782,33386,50379,33901,50143,50401,50476,51452,51651,52128
Measurement id = 34818305 To popcluster13.atlas.winet.dcc.ufmg.br  created -> start :2022-01-15 15:50 estimation of stop:2022-01-16 00:10-> 34018,33257,51952,51065,50025,33413,34154,50161,33470,35103,51782,33386,50379,33901,50143,50401,50476,51452,51651,52128
Measurement id = 34818308 To popcluster14.atlas.winet.dcc.ufmg.br  created -> start :2022-01-15 15:50 estimation of stop:2022-01-16 00:10-> 34018,33257,51952,51065,50025,33413,34154,50161,33470,35103,51782,33386,50379,33901,50143,50401,50476,51452,51651,52128
Measurement id = 34818312 To popcluster15.atlas.winet.dcc.ufmg.br  created -> start :2022-01-15 15:50 estimation of stop:2022-01-16 00:10-> 34018,33257,51952,51065,50025,33413,34154,50161,33470,35103,51782,33386,50379,33901,50143,50401,50476,51452,51651,52128
Measurement id = 34818315 To popcluster16.atlas.winet.dcc.ufmg.br  created -> start :2022-01-15 15:50 estimation of stop:2022-01-16 00:10-> 34018,33257,51952,51065,50025,33413,34154,50161,33470,35103,51782,33386,50379,33901,50143,50401,50476,51452,51651,52128
Measurement id = 34818318 To popcluster17.atlas.winet.dcc.ufmg.br  created -> start :2022-01-15 15:50 estimation of stop:2022-01-16 00:10-> 34018,33257,51952,51065,50025,33413,34154,50161,33470,35103,51782,33386,50379,33901,50143,50401,50476,51452,51651,52128
Measurement id = 34818321 To popcluster18.atlas.winet.dcc.ufmg.br  created -> start :2022-01-15 15:50 estimation of stop:2022-01-16 00:10-> 34018,33257,51952,51065,50025,33413,34154,50161,33470,35103,51782,33386,50379,33901,50143,50401,50476,51452,51651,52128
Measurement id = 34818324 To popcluster19.atlas.winet.dcc.ufmg.br  created -> start :2022-01-15 15:50 estimation of stop:2022-01-16 00:10-> 34018,33257,51952,51065,50025,33413,34154,50161,33470,35103,51782,33386,50379,33901,50143,50401,50476,51452,51651,52128
Measurement id = 34818327 To popcluster20.atlas.winet.dcc.ufmg.br  created -> start :2022-01-15 15:50 estimation of stop:2022-01-16 00:10-> 34018,33257,51952,51065,50025,33413,34154,50161,33470,35103,51782,33386,50379,33901,50143,50401,50476,51452,51651,52128
Measurement id = 34818330 To popcluster21.atlas.winet.dcc.ufmg.br  created -> start :2022-01-15 15:50 estimation of stop:2022-01-16 00:10-> 34018,33257,51952,51065,50025,33413,34154,50161,33470,35103,51782,33386,50379,33901,50143,50401,50476,51452,51651,52128
Measurement id = 34818333 To popcluster22.atlas.winet.dcc.ufmg.br  created -> start :2022-01-15 15:50 estimation of stop:2022-01-16 00:10-> 34018,33257,51952,51065,50025,33413,34154,50161,33470,35103,51782,33386,50379,33901,50143,50401,50476,51452,51651,52128
Measurement id = 34818336 To popcluster23.atlas.winet.dcc.ufmg.br  created -> start :2022-01-15 15:50 estimation of stop:2022-01-16 00:10-> 34018,33257,51952,51065,50025,33413,34154,50161,33470,35103,51782,33386,50379,33901,50143,50401,50476,51452,51651,52128
Measurement id = 34818339 To popcluster24.atlas.winet.dcc.ufmg.br  created -> start :2022-01-15 15:50 estimation of stop:2022-01-16 00:10-> 34018,33257,51952,51065,50025,33413,34154,50161,33470,35103,51782,33386,50379,33901,50143,50401,50476,51452,51651,52128
Measurement id = 34818342 To popcluster25.atlas.winet.dcc.ufmg.br  created -> start :2022-01-15 15:50 estimation of stop:2022-01-16 00:10-> 34018,33257,51952,51065,50025,33413,34154,50161,33470,35103,51782,33386,50379,33901,50143,50401,50476,51452,51651,52128
Measurement id = 34818344 To popcluster26.atlas.winet.dcc.ufmg.br  created -> start :2022-01-15 15:50 estimation of stop:2022-01-16 00:10-> 34018,33257,51952,51065,50025,33413,34154,50161,33470,35103,51782,33386,50379,33901,50143,50401,50476,51452,51651,52128
Measurement id = 34818348 To popcluster27.atlas.winet.dcc.ufmg.br  created -> start :2022-01-15 15:50 estimation of stop:2022-01-16 00:10-> 34018,33257,51952,51065,50025,33413,34154,50161,33470,35103,51782,33386,50379,33901,50143,50401,50476,51452,51651,52128
Measurement id = 34818351 To popcluster28.atlas.winet.dcc.ufmg.br  created -> start :2022-01-15 15:50 estimation of stop:2022-01-16 00:10-> 34018,33257,51952,51065,50025,33413,34154,50161,33470,35103,51782,33386,50379,33901,50143,50401,50476,51452,51651,52128
Measurement id = 34818354 To popcluster29.atlas.winet.dcc.ufmg.br  created -> start :2022-01-15 15:50 estimation of stop:2022-01-16 00:10-> 34018,33257,51952,51065,50025,33413,34154,50161,33470,35103,51782,33386,50379,33901,50143,50401,50476,51452,51651,52128
Measurement id = 34818357 To popcluster30.atlas.winet.dcc.ufmg.br  created -> start :2022-01-15 15:50 estimation of stop:2022-01-16 00:10-> 34018,33257,51952,51065,50025,33413,34154,50161,33470,35103,51782,33386,50379,33901,50143,50401,50476,51452,51651,52128
Measurement id = 34818360 To popcluster31.atlas.winet.dcc.ufmg.br  created -> start :2022-01-15 15:50 estimation of stop:2022-01-16 00:10-> 34018,33257,51952,51065,50025,33413,34154,50161,33470,35103,51782,33386,50379,33901,50143,50401,50476,51452,51651,52128
Measurement id = 34818363 To popcluster32.atlas.winet.dcc.ufmg.br  created -> start :2022-01-15 15:50 estimation of stop:2022-01-16 00:10-> 34018,33257,51952,51065,50025,33413,34154,50161,33470,35103,51782,33386,50379,33901,50143,50401,50476,51452,51651,52128
Measurement id = 34818366 To popcluster33.atlas.winet.dcc.ufmg.br  created -> start :2022-01-15 15:50 estimation of stop:2022-01-16 00:10-> 34018,33257,51952,51065,50025,33413,34154,50161,33470,35103,51782,33386,50379,33901,50143,50401,50476,51452,51651,52128
Measurement id = 34818369 To popcluster34.atlas.winet.dcc.ufmg.br  created -> start :2022-01-15 15:50 estimation of stop:2022-01-16 00:10-> 34018,33257,51952,51065,50025,33413,34154,50161,33470,35103,51782,33386,50379,33901,50143,50401,50476,51452,51651,52128
Measurement id = 34818373 To popcluster35.atlas.winet.dcc.ufmg.br  created -> start :2022-01-15 15:50 estimation of stop:2022-01-16 00:10-> 34018,33257,51952,51065,50025,33413,34154,50161,33470,35103,51782,33386,50379,33901,50143,50401,50476,51452,51651,52128
Measurement id = 34818376 To popcluster36.atlas.winet.dcc.ufmg.br  created -> start :2022-01-15 15:50 estimation of stop:2022-01-16 00:10-> 34018,33257,51952,51065,50025,33413,34154,50161,33470,35103,51782,33386,50379,33901,50143,50401,50476,51452,51651,52128
Measurement id = 34818379 To popcluster37.atlas.winet.dcc.ufmg.br  created -> start :2022-01-15 15:50 estimation of stop:2022-01-16 00:10-> 34018,33257,51952,51065,50025,33413,34154,50161,33470,35103,51782,33386,50379,33901,50143,50401,50476,51452,51651,52128
Measurement id = 34818382 To popcluster38.atlas.winet.dcc.ufmg.br  created -> start :2022-01-15 15:50 estimation of stop:2022-01-16 00:10-> 34018,33257,51952,51065,50025,33413,34154,50161,33470,35103,51782,33386,50379,33901,50143,50401,50476,51452,51651,52128
Measurement id = 34818386 To popcluster39.atlas.winet.dcc.ufmg.br  created -> start :2022-01-15 15:50 estimation of stop:2022-01-16 00:10-> 34018,33257,51952,51065,50025,33413,34154,50161,33470,35103,51782,33386,50379,33901,50143,50401,50476,51452,51651,52128
Measurement id = 34818389 To popcluster40.atlas.winet.dcc.ufmg.br  created -> start :2022-01-15 15:50 estimation of stop:2022-01-16 00:10-> 34018,33257,51952,51065,50025,33413,34154,50161,33470,35103,51782,33386,50379,33901,50143,50401,50476,51452,51651,52128
Measurement id = 34818392 To popcluster41.atlas.winet.dcc.ufmg.br  created -> start :2022-01-15 15:50 estimation of stop:2022-01-16 00:10-> 34018,33257,51952,51065,50025,33413,34154,50161,33470,35103,51782,33386,50379,33901,50143,50401,50476,51452,51651,52128
Measurement id = 34818395 To popcluster42.atlas.winet.dcc.ufmg.br  created -> start :2022-01-15 15:50 estimation of stop:2022-01-16 00:10-> 34018,33257,51952,51065,50025,33413,34154,50161,33470,35103,51782,33386,50379,33901,50143,50401,50476,51452,51651,52128
Measurement id = 34818398 To popcluster43.atlas.winet.dcc.ufmg.br  created -> start :2022-01-15 15:50 estimation of stop:2022-01-16 00:10-> 34018,33257,51952,51065,50025,33413,34154,50161,33470,35103,51782,33386,50379,33901,50143,50401,50476,51452,51651,52128
Measurement id = 34818401 To popcluster44.atlas.winet.dcc.ufmg.br  created -> start :2022-01-15 15:50 estimation of stop:2022-01-16 00:10-> 34018,33257,51952,51065,50025,33413,34154,50161,33470,35103,51782,33386,50379,33901,50143,50401,50476,51452,51651,52128
Measurement id = 34818404 To popcluster45.atlas.winet.dcc.ufmg.br  created -> start :2022-01-15 15:50 estimation of stop:2022-01-16 00:10-> 34018,33257,51952,51065,50025,33413,34154,50161,33470,35103,51782,33386,50379,33901,50143,50401,50476,51452,51651,52128
Measurement id = 34818407 To popcluster46.atlas.winet.dcc.ufmg.br  created -> start :2022-01-15 15:50 estimation of stop:2022-01-16 00:10-> 34018,33257,51952,51065,50025,33413,34154,50161,33470,35103,51782,33386,50379,33901,50143,50401,50476,51452,51651,52128
Measurement id = 34818409 To popcluster47.atlas.winet.dcc.ufmg.br  created -> start :2022-01-15 15:50 estimation of stop:2022-01-16 00:10-> 34018,33257,51952,51065,50025,33413,34154,50161,33470,35103,51782,33386,50379,33901,50143,50401,50476,51452,51651,52128
Measurement id = 34818412 To popcluster48.atlas.winet.dcc.ufmg.br  created -> start :2022-01-15 15:50 estimation of stop:2022-01-16 00:10-> 34018,33257,51952,51065,50025,33413,34154,50161,33470,35103,51782,33386,50379,33901,50143,50401,50476,51452,51651,52128
Measurement id = 34818415 To popcluster49.atlas.winet.dcc.ufmg.br  created -> start :2022-01-15 15:50 estimation of stop:2022-01-16 00:10-> 34018,33257,51952,51065,50025,33413,34154,50161,33470,35103,51782,33386,50379,33901,50143,50401,50476,51452,51651,52128
Measurement id = 34818420 To popcluster50.atlas.winet.dcc.ufmg.br  created -> start :2022-01-15 15:50 estimation of stop:2022-01-16 00:10-> 34018,33257,51952,51065,50025,33413,34154,50161,33470,35103,51782,33386,50379,33901,50143,50401,50476,51452,51651,52128
Measurement id = 34818423 To popcluster51.atlas.winet.dcc.ufmg.br  created -> start :2022-01-15 15:50 estimation of stop:2022-01-16 00:10-> 34018,33257,51952,51065,50025,33413,34154,50161,33470,35103,51782,33386,50379,33901,50143,50401,50476,51452,51651,52128
Measurement id = 34818426 To popcluster52.atlas.winet.dcc.ufmg.br  created -> start :2022-01-15 15:50 estimation of stop:2022-01-16 00:10-> 34018,33257,51952,51065,50025,33413,34154,50161,33470,35103,51782,33386,50379,33901,50143,50401,50476,51452,51651,52128
Measurement id = 34818429 To popcluster53.atlas.winet.dcc.ufmg.br  created -> start :2022-01-15 15:50 estimation of stop:2022-01-16 00:10-> 34018,33257,51952,51065,50025,33413,34154,50161,33470,35103,51782,33386,50379,33901,50143,50401,50476,51452,51651,52128
Measurement id = 34818432 To popcluster54.atlas.winet.dcc.ufmg.br  created -> start :2022-01-15 15:50 estimation of stop:2022-01-16 00:10-> 34018,33257,51952,51065,50025,33413,34154,50161,33470,35103,51782,33386,50379,33901,50143,50401,50476,51452,51651,52128
Measurement id = 34818437 To popcluster55.atlas.winet.dcc.ufmg.br  created -> start :2022-01-15 15:50 estimation of stop:2022-01-16 00:10-> 34018,33257,51952,51065,50025,33413,34154,50161,33470,35103,51782,33386,50379,33901,50143,50401,50476,51452,51651,52128
Measurement id = 34818440 To popcluster56.atlas.winet.dcc.ufmg.br  created -> start :2022-01-15 15:50 estimation of stop:2022-01-16 00:10-> 34018,33257,51952,51065,50025,33413,34154,50161,33470,35103,51782,33386,50379,33901,50143,50401,50476,51452,51651,52128
Measurement id = 34818443 To popcluster57.atlas.winet.dcc.ufmg.br  created -> start :2022-01-15 15:50 estimation of stop:2022-01-16 00:10-> 34018,33257,51952,51065,50025,33413,34154,50161,33470,35103,51782,33386,50379,33901,50143,50401,50476,51452,51651,52128
Measurement id = 34818445 To popcluster58.atlas.winet.dcc.ufmg.br  created -> start :2022-01-15 15:50 estimation of stop:2022-01-16 00:10-> 34018,33257,51952,51065,50025,33413,34154,50161,33470,35103,51782,33386,50379,33901,50143,50401,50476,51452,51651,52128
Measurement id = 34818446 To popcluster59.atlas.winet.dcc.ufmg.br  created -> start :2022-01-15 15:50 estimation of stop:2022-01-16 00:10-> 34018,33257,51952,51065,50025,33413,34154,50161,33470,35103,51782,33386,50379,33901,50143,50401,50476,51452,51651,52128
Measurement id = 34818447 To popcluster60.atlas.winet.dcc.ufmg.br  created -> start :2022-01-15 15:50 estimation of stop:2022-01-16 00:10-> 34018,33257,51952,51065,50025,33413,34154,50161,33470,35103,51782,33386,50379,33901,50143,50401,50476,51452,51651,52128
Measurement id = 34818448 To popcluster61.atlas.winet.dcc.ufmg.br  created -> start :2022-01-15 15:50 estimation of stop:2022-01-16 00:10-> 34018,33257,51952,51065,50025,33413,34154,50161,33470,35103,51782,33386,50379,33901,50143,50401,50476,51452,51651,52128
Measurement id = 34818449 To popcluster62.atlas.winet.dcc.ufmg.br  created -> start :2022-01-15 15:50 estimation of stop:2022-01-16 00:10-> 34018,33257,51952,51065,50025,33413,34154,50161,33470,35103,51782,33386,50379,33901,50143,50401,50476,51452,51651,52128
Measurement id = 34818450 To popcluster63.atlas.winet.dcc.ufmg.br  created -> start :2022-01-15 15:50 estimation of stop:2022-01-16 00:10-> 34018,33257,51952,51065,50025,33413,34154,50161,33470,35103,51782,33386,50379,33901,50143,50401,50476,51452,51651,52128
Measurement id = 34818451 To popcluster64.atlas.winet.dcc.ufmg.br  created -> start :2022-01-15 15:50 estimation of stop:2022-01-16 00:10-> 34018,33257,51952,51065,50025,33413,34154,50161,33470,35103,51782,33386,50379,33901,50143,50401,50476,51452,51651,52128
Measurement id = 34818452 To popcluster65.atlas.winet.dcc.ufmg.br  created -> start :2022-01-15 15:50 estimation of stop:2022-01-16 00:10-> 34018,33257,51952,51065,50025,33413,34154,50161,33470,35103,51782,33386,50379,33901,50143,50401,50476,51452,51651,52128
Measurement id = 34818453 To popcluster66.atlas.winet.dcc.ufmg.br  created -> start :2022-01-15 15:50 estimation of stop:2022-01-16 00:10-> 34018,33257,51952,51065,50025,33413,34154,50161,33470,35103,51782,33386,50379,33901,50143,50401,50476,51452,51651,52128
Measurement id = 34818454 To popcluster67.atlas.winet.dcc.ufmg.br  created -> start :2022-01-15 15:50 estimation of stop:2022-01-16 00:10-> 34018,33257,51952,51065,50025,33413,34154,50161,33470,35103,51782,33386,50379,33901,50143,50401,50476,51452,51651,52128
Measurement id = 34818455 To popcluster68.atlas.winet.dcc.ufmg.br  created -> start :2022-01-15 15:50 estimation of stop:2022-01-16 00:10-> 34018,33257,51952,51065,50025,33413,34154,50161,33470,35103,51782,33386,50379,33901,50143,50401,50476,51452,51651,52128
Measurement id = 34818456 To popcluster69.atlas.winet.dcc.ufmg.br  created -> start :2022-01-15 15:50 estimation of stop:2022-01-16 00:10-> 34018,33257,51952,51065,50025,33413,34154,50161,33470,35103,51782,33386,50379,33901,50143,50401,50476,51452,51651,52128
Measurement id = 34818457 To popcluster70.atlas.winet.dcc.ufmg.br  created -> start :2022-01-15 15:50 estimation of stop:2022-01-16 00:10-> 34018,33257,51952,51065,50025,33413,34154,50161,33470,35103,51782,33386,50379,33901,50143,50401,50476,51452,51651,52128
Measurement id = 34818459 To popcluster71.atlas.winet.dcc.ufmg.br  created -> start :2022-01-15 15:50 estimation of stop:2022-01-16 00:10-> 34018,33257,51952,51065,50025,33413,34154,50161,33470,35103,51782,33386,50379,33901,50143,50401,50476,51452,51651,52128
Measurement id = 34818460 To popcluster72.atlas.winet.dcc.ufmg.br  created -> start :2022-01-15 15:50 estimation of stop:2022-01-16 00:10-> 34018,33257,51952,51065,50025,33413,34154,50161,33470,35103,51782,33386,50379,33901,50143,50401,50476,51452,51651,52128
Measurement id = 34818461 To popcluster73.atlas.winet.dcc.ufmg.br  created -> start :2022-01-15 15:50 estimation of stop:2022-01-16 00:10-> 34018,33257,51952,51065,50025,33413,34154,50161,33470,35103,51782,33386,50379,33901,50143,50401,50476,51452,51651,52128
Measurement id = 34818462 To popcluster74.atlas.winet.dcc.ufmg.br  created -> start :2022-01-15 15:50 estimation of stop:2022-01-16 00:10-> 34018,33257,51952,51065,50025,33413,34154,50161,33470,35103,51782,33386,50379,33901,50143,50401,50476,51452,51651,52128
Measurement id = 34818463 To popcluster75.atlas.winet.dcc.ufmg.br  created -> start :2022-01-15 15:50 estimation of stop:2022-01-16 00:10-> 34018,33257,51952,51065,50025,33413,34154,50161,33470,35103,51782,33386,50379,33901,50143,50401,50476,51452,51651,52128
Measurement id = 34818464 To popcluster76.atlas.winet.dcc.ufmg.br  created -> start :2022-01-15 15:50 estimation of stop:2022-01-16 00:10-> 34018,33257,51952,51065,50025,33413,34154,50161,33470,35103,51782,33386,50379,33901,50143,50401,50476,51452,51651,52128
Measurement id = 34818465 To popcluster77.atlas.winet.dcc.ufmg.br  created -> start :2022-01-15 15:50 estimation of stop:2022-01-16 00:10-> 34018,33257,51952,51065,50025,33413,34154,50161,33470,35103,51782,33386,50379,33901,50143,50401,50476,51452,51651,52128
Measurement id = 34818466 To popcluster78.atlas.winet.dcc.ufmg.br  created -> start :2022-01-15 15:50 estimation of stop:2022-01-16 00:10-> 34018,33257,51952,51065,50025,33413,34154,50161,33470,35103,51782,33386,50379,33901,50143,50401,50476,51452,51651,52128
Measurement id = 34818467 To popcluster79.atlas.winet.dcc.ufmg.br  created -> start :2022-01-15 15:50 estimation of stop:2022-01-16 00:10-> 34018,33257,51952,51065,50025,33413,34154,50161,33470,35103,51782,33386,50379,33901,50143,50401,50476,51452,51651,52128
Measurement id = 34818468 To popcluster80.atlas.winet.dcc.ufmg.br  created -> start :2022-01-15 15:50 estimation of stop:2022-01-16 00:10-> 34018,33257,51952,51065,50025,33413,34154,50161,33470,35103,51782,33386,50379,33901,50143,50401,50476,51452,51651,52128
Measurement id = 34818469 To popcluster81.atlas.winet.dcc.ufmg.br  created -> start :2022-01-15 15:50 estimation of stop:2022-01-16 00:10-> 34018,33257,51952,51065,50025,33413,34154,50161,33470,35103,51782,33386,50379,33901,50143,50401,50476,51452,51651,52128
Measurement id = 34818470 To popcluster82.atlas.winet.dcc.ufmg.br  created -> start :2022-01-15 15:50 estimation of stop:2022-01-16 00:10-> 34018,33257,51952,51065,50025,33413,34154,50161,33470,35103,51782,33386,50379,33901,50143,50401,50476,51452,51651,52128
Measurement id = 34818471 To popcluster83.atlas.winet.dcc.ufmg.br  created -> start :2022-01-15 15:50 estimation of stop:2022-01-16 00:10-> 34018,33257,51952,51065,50025,33413,34154,50161,33470,35103,51782,33386,50379,33901,50143,50401,50476,51452,51651,52128
Measurement id = 34818472 To popcluster84.atlas.winet.dcc.ufmg.br  created -> start :2022-01-15 15:50 estimation of stop:2022-01-16 00:10-> 34018,33257,51952,51065,50025,33413,34154,50161,33470,35103,51782,33386,50379,33901,50143,50401,50476,51452,51651,52128
Measurement id = 34818473 To popcluster85.atlas.winet.dcc.ufmg.br  created -> start :2022-01-15 15:50 estimation of stop:2022-01-16 00:10-> 34018,33257,51952,51065,50025,33413,34154,50161,33470,35103,51782,33386,50379,33901,50143,50401,50476,51452,51651,52128
Measurement id = 34818475 To popcluster86.atlas.winet.dcc.ufmg.br  created -> start :2022-01-15 15:50 estimation of stop:2022-01-16 00:10-> 34018,33257,51952,51065,50025,33413,34154,50161,33470,35103,51782,33386,50379,33901,50143,50401,50476,51452,51651,52128
Measurement id = 34818476 To popcluster87.atlas.winet.dcc.ufmg.br  created -> start :2022-01-15 15:50 estimation of stop:2022-01-16 00:10-> 34018,33257,51952,51065,50025,33413,34154,50161,33470,35103,51782,33386,50379,33901,50143,50401,50476,51452,51651,52128
Measurement id = 34818477 To popcluster88.atlas.winet.dcc.ufmg.br  created -> start :2022-01-15 15:50 estimation of stop:2022-01-16 00:10-> 34018,33257,51952,51065,50025,33413,34154,50161,33470,35103,51782,33386,50379,33901,50143,50401,50476,51452,51651,52128
Measurement id = 34818478 To popcluster89.atlas.winet.dcc.ufmg.br  created -> start :2022-01-15 15:50 estimation of stop:2022-01-16 00:10-> 34018,33257,51952,51065,50025,33413,34154,50161,33470,35103,51782,33386,50379,33901,50143,50401,50476,51452,51651,52128
Measurement id = 34818479 To popcluster90.atlas.winet.dcc.ufmg.br  created -> start :2022-01-15 15:50 estimation of stop:2022-01-16 00:10-> 34018,33257,51952,51065,50025,33413,34154,50161,33470,35103,51782,33386,50379,33901,50143,50401,50476,51452,51651,52128
Measurement id = 34818480 To popcluster91.atlas.winet.dcc.ufmg.br  created -> start :2022-01-15 15:50 estimation of stop:2022-01-16 00:10-> 34018,33257,51952,51065,50025,33413,34154,50161,33470,35103,51782,33386,50379,33901,50143,50401,50476,51452,51651,52128
Measurement id = 34818481 To popcluster92.atlas.winet.dcc.ufmg.br  created -> start :2022-01-15 15:50 estimation of stop:2022-01-16 00:10-> 34018,33257,51952,51065,50025,33413,34154,50161,33470,35103,51782,33386,50379,33901,50143,50401,50476,51452,51651,52128
Measurement id = 34818482 To popcluster93.atlas.winet.dcc.ufmg.br  created -> start :2022-01-15 15:50 estimation of stop:2022-01-16 00:10-> 34018,33257,51952,51065,50025,33413,34154,50161,33470,35103,51782,33386,50379,33901,50143,50401,50476,51452,51651,52128
Measurement id = 34818483 To popcluster94.atlas.winet.dcc.ufmg.br  created -> start :2022-01-15 15:50 estimation of stop:2022-01-16 00:10-> 34018,33257,51952,51065,50025,33413,34154,50161,33470,35103,51782,33386,50379,33901,50143,50401,50476,51452,51651,52128
Measurement id = 34818484 To popcluster95.atlas.winet.dcc.ufmg.br  created -> start :2022-01-15 15:50 estimation of stop:2022-01-16 00:10-> 34018,33257,51952,51065,50025,33413,34154,50161,33470,35103,51782,33386,50379,33901,50143,50401,50476,51452,51651,52128
Measurement id = 34818485 To popcluster96.atlas.winet.dcc.ufmg.br  created -> start :2022-01-15 15:50 estimation of stop:2022-01-16 00:10-> 34018,33257,51952,51065,50025,33413,34154,50161,33470,35103,51782,33386,50379,33901,50143,50401,50476,51452,51651,52128
Measurement id = 34818486 To popcluster97.atlas.winet.dcc.ufmg.br  created -> start :2022-01-15 15:50 estimation of stop:2022-01-16 00:10-> 34018,33257,51952,51065,50025,33413,34154,50161,33470,35103,51782,33386,50379,33901,50143,50401,50476,51452,51651,52128
Measurement id = 34818487 To popcluster98.atlas.winet.dcc.ufmg.br  created -> start :2022-01-15 15:50 estimation of stop:2022-01-16 00:10-> 34018,33257,51952,51065,50025,33413,34154,50161,33470,35103,51782,33386,50379,33901,50143,50401,50476,51452,51651,52128
Measurement id = 34818488 To popcluster99.atlas.winet.dcc.ufmg.br  created -> start :2022-01-15 15:50 estimation of stop:2022-01-16 00:10-> 34018,33257,51952,51065,50025,33413,34154,50161,33470,35103,51782,33386,50379,33901,50143,50401,50476,51452,51651,52128
Measurement id = 34818489 To popcluster100.atlas.winet.dcc.ufmg.br  created -> start :2022-01-15 15:50 estimation of stop:2022-01-16 00:10-> 34018,33257,51952,51065,50025,33413,34154,50161,33470,35103,51782,33386,50379,33901,50143,50401,50476,51452,51651,52128
