Measurement id = 34803651 To popcluster1.atlas.winet.dcc.ufmg.br  created -> start :2022-01-13 15:01 estimation of stop:2022-01-13 23:21-> 35375,35469,35558,35561,35582,35659,35709,50002,50005,50035,50043,50106,50165,50179,50189,50202,50284,50394,50486,50488
Measurement id = 34803652 To popcluster2.atlas.winet.dcc.ufmg.br  created -> start :2022-01-13 15:01 estimation of stop:2022-01-13 23:21-> 35375,35469,35558,35561,35582,35659,35709,50002,50005,50035,50043,50106,50165,50179,50189,50202,50284,50394,50486,50488
Measurement id = 34803653 To popcluster3.atlas.winet.dcc.ufmg.br  created -> start :2022-01-13 15:01 estimation of stop:2022-01-13 23:21-> 35375,35469,35558,35561,35582,35659,35709,50002,50005,50035,50043,50106,50165,50179,50189,50202,50284,50394,50486,50488
Measurement id = 34803654 To popcluster4.atlas.winet.dcc.ufmg.br  created -> start :2022-01-13 15:01 estimation of stop:2022-01-13 23:21-> 35375,35469,35558,35561,35582,35659,35709,50002,50005,50035,50043,50106,50165,50179,50189,50202,50284,50394,50486,50488
Measurement id = 34803655 To popcluster5.atlas.winet.dcc.ufmg.br  created -> start :2022-01-13 15:01 estimation of stop:2022-01-13 23:21-> 35375,35469,35558,35561,35582,35659,35709,50002,50005,50035,50043,50106,50165,50179,50189,50202,50284,50394,50486,50488
Measurement id = 34803656 To popcluster6.atlas.winet.dcc.ufmg.br  created -> start :2022-01-13 15:01 estimation of stop:2022-01-13 23:21-> 35375,35469,35558,35561,35582,35659,35709,50002,50005,50035,50043,50106,50165,50179,50189,50202,50284,50394,50486,50488
Measurement id = 34803657 To popcluster7.atlas.winet.dcc.ufmg.br  created -> start :2022-01-13 15:01 estimation of stop:2022-01-13 23:21-> 35375,35469,35558,35561,35582,35659,35709,50002,50005,50035,50043,50106,50165,50179,50189,50202,50284,50394,50486,50488
Measurement id = 34803658 To popcluster8.atlas.winet.dcc.ufmg.br  created -> start :2022-01-13 15:01 estimation of stop:2022-01-13 23:21-> 35375,35469,35558,35561,35582,35659,35709,50002,50005,50035,50043,50106,50165,50179,50189,50202,50284,50394,50486,50488
Measurement id = 34803659 To popcluster9.atlas.winet.dcc.ufmg.br  created -> start :2022-01-13 15:01 estimation of stop:2022-01-13 23:21-> 35375,35469,35558,35561,35582,35659,35709,50002,50005,50035,50043,50106,50165,50179,50189,50202,50284,50394,50486,50488
Measurement id = 34803660 To popcluster10.atlas.winet.dcc.ufmg.br  created -> start :2022-01-13 15:01 estimation of stop:2022-01-13 23:21-> 35375,35469,35558,35561,35582,35659,35709,50002,50005,50035,50043,50106,50165,50179,50189,50202,50284,50394,50486,50488
Measurement id = 34803661 To popcluster11.atlas.winet.dcc.ufmg.br  created -> start :2022-01-13 15:01 estimation of stop:2022-01-13 23:21-> 35375,35469,35558,35561,35582,35659,35709,50002,50005,50035,50043,50106,50165,50179,50189,50202,50284,50394,50486,50488
Measurement id = 34803662 To popcluster12.atlas.winet.dcc.ufmg.br  created -> start :2022-01-13 15:01 estimation of stop:2022-01-13 23:21-> 35375,35469,35558,35561,35582,35659,35709,50002,50005,50035,50043,50106,50165,50179,50189,50202,50284,50394,50486,50488
Measurement id = 34803663 To popcluster13.atlas.winet.dcc.ufmg.br  created -> start :2022-01-13 15:01 estimation of stop:2022-01-13 23:21-> 35375,35469,35558,35561,35582,35659,35709,50002,50005,50035,50043,50106,50165,50179,50189,50202,50284,50394,50486,50488
Measurement id = 34803664 To popcluster14.atlas.winet.dcc.ufmg.br  created -> start :2022-01-13 15:01 estimation of stop:2022-01-13 23:21-> 35375,35469,35558,35561,35582,35659,35709,50002,50005,50035,50043,50106,50165,50179,50189,50202,50284,50394,50486,50488
Measurement id = 34803665 To popcluster15.atlas.winet.dcc.ufmg.br  created -> start :2022-01-13 15:01 estimation of stop:2022-01-13 23:21-> 35375,35469,35558,35561,35582,35659,35709,50002,50005,50035,50043,50106,50165,50179,50189,50202,50284,50394,50486,50488
Measurement id = 34803666 To popcluster16.atlas.winet.dcc.ufmg.br  created -> start :2022-01-13 15:01 estimation of stop:2022-01-13 23:21-> 35375,35469,35558,35561,35582,35659,35709,50002,50005,50035,50043,50106,50165,50179,50189,50202,50284,50394,50486,50488
Measurement id = 34803667 To popcluster17.atlas.winet.dcc.ufmg.br  created -> start :2022-01-13 15:01 estimation of stop:2022-01-13 23:21-> 35375,35469,35558,35561,35582,35659,35709,50002,50005,50035,50043,50106,50165,50179,50189,50202,50284,50394,50486,50488
Measurement id = 34803668 To popcluster18.atlas.winet.dcc.ufmg.br  created -> start :2022-01-13 15:01 estimation of stop:2022-01-13 23:21-> 35375,35469,35558,35561,35582,35659,35709,50002,50005,50035,50043,50106,50165,50179,50189,50202,50284,50394,50486,50488
Measurement id = 34803669 To popcluster19.atlas.winet.dcc.ufmg.br  created -> start :2022-01-13 15:01 estimation of stop:2022-01-13 23:21-> 35375,35469,35558,35561,35582,35659,35709,50002,50005,50035,50043,50106,50165,50179,50189,50202,50284,50394,50486,50488
Measurement id = 34803670 To popcluster20.atlas.winet.dcc.ufmg.br  created -> start :2022-01-13 15:01 estimation of stop:2022-01-13 23:21-> 35375,35469,35558,35561,35582,35659,35709,50002,50005,50035,50043,50106,50165,50179,50189,50202,50284,50394,50486,50488
Measurement id = 34803671 To popcluster21.atlas.winet.dcc.ufmg.br  created -> start :2022-01-13 15:01 estimation of stop:2022-01-13 23:21-> 35375,35469,35558,35561,35582,35659,35709,50002,50005,50035,50043,50106,50165,50179,50189,50202,50284,50394,50486,50488
Measurement id = 34803672 To popcluster22.atlas.winet.dcc.ufmg.br  created -> start :2022-01-13 15:01 estimation of stop:2022-01-13 23:21-> 35375,35469,35558,35561,35582,35659,35709,50002,50005,50035,50043,50106,50165,50179,50189,50202,50284,50394,50486,50488
Measurement id = 34803673 To popcluster23.atlas.winet.dcc.ufmg.br  created -> start :2022-01-13 15:01 estimation of stop:2022-01-13 23:21-> 35375,35469,35558,35561,35582,35659,35709,50002,50005,50035,50043,50106,50165,50179,50189,50202,50284,50394,50486,50488
Measurement id = 34803674 To popcluster24.atlas.winet.dcc.ufmg.br  created -> start :2022-01-13 15:01 estimation of stop:2022-01-13 23:21-> 35375,35469,35558,35561,35582,35659,35709,50002,50005,50035,50043,50106,50165,50179,50189,50202,50284,50394,50486,50488
Measurement id = 34803675 To popcluster25.atlas.winet.dcc.ufmg.br  created -> start :2022-01-13 15:01 estimation of stop:2022-01-13 23:21-> 35375,35469,35558,35561,35582,35659,35709,50002,50005,50035,50043,50106,50165,50179,50189,50202,50284,50394,50486,50488
Measurement id = 34803676 To popcluster26.atlas.winet.dcc.ufmg.br  created -> start :2022-01-13 15:01 estimation of stop:2022-01-13 23:21-> 35375,35469,35558,35561,35582,35659,35709,50002,50005,50035,50043,50106,50165,50179,50189,50202,50284,50394,50486,50488
Measurement id = 34803677 To popcluster27.atlas.winet.dcc.ufmg.br  created -> start :2022-01-13 15:01 estimation of stop:2022-01-13 23:21-> 35375,35469,35558,35561,35582,35659,35709,50002,50005,50035,50043,50106,50165,50179,50189,50202,50284,50394,50486,50488
Measurement id = 34803678 To popcluster28.atlas.winet.dcc.ufmg.br  created -> start :2022-01-13 15:01 estimation of stop:2022-01-13 23:21-> 35375,35469,35558,35561,35582,35659,35709,50002,50005,50035,50043,50106,50165,50179,50189,50202,50284,50394,50486,50488
Measurement id = 34803679 To popcluster29.atlas.winet.dcc.ufmg.br  created -> start :2022-01-13 15:01 estimation of stop:2022-01-13 23:21-> 35375,35469,35558,35561,35582,35659,35709,50002,50005,50035,50043,50106,50165,50179,50189,50202,50284,50394,50486,50488
Measurement id = 34803680 To popcluster30.atlas.winet.dcc.ufmg.br  created -> start :2022-01-13 15:01 estimation of stop:2022-01-13 23:21-> 35375,35469,35558,35561,35582,35659,35709,50002,50005,50035,50043,50106,50165,50179,50189,50202,50284,50394,50486,50488
Measurement id = 34803681 To popcluster31.atlas.winet.dcc.ufmg.br  created -> start :2022-01-13 15:01 estimation of stop:2022-01-13 23:21-> 35375,35469,35558,35561,35582,35659,35709,50002,50005,50035,50043,50106,50165,50179,50189,50202,50284,50394,50486,50488
Measurement id = 34803682 To popcluster32.atlas.winet.dcc.ufmg.br  created -> start :2022-01-13 15:01 estimation of stop:2022-01-13 23:21-> 35375,35469,35558,35561,35582,35659,35709,50002,50005,50035,50043,50106,50165,50179,50189,50202,50284,50394,50486,50488
Measurement id = 34803683 To popcluster33.atlas.winet.dcc.ufmg.br  created -> start :2022-01-13 15:01 estimation of stop:2022-01-13 23:21-> 35375,35469,35558,35561,35582,35659,35709,50002,50005,50035,50043,50106,50165,50179,50189,50202,50284,50394,50486,50488
Measurement id = 34803684 To popcluster34.atlas.winet.dcc.ufmg.br  created -> start :2022-01-13 15:01 estimation of stop:2022-01-13 23:21-> 35375,35469,35558,35561,35582,35659,35709,50002,50005,50035,50043,50106,50165,50179,50189,50202,50284,50394,50486,50488
Measurement id = 34803685 To popcluster35.atlas.winet.dcc.ufmg.br  created -> start :2022-01-13 15:01 estimation of stop:2022-01-13 23:21-> 35375,35469,35558,35561,35582,35659,35709,50002,50005,50035,50043,50106,50165,50179,50189,50202,50284,50394,50486,50488
Measurement id = 34803686 To popcluster36.atlas.winet.dcc.ufmg.br  created -> start :2022-01-13 15:01 estimation of stop:2022-01-13 23:21-> 35375,35469,35558,35561,35582,35659,35709,50002,50005,50035,50043,50106,50165,50179,50189,50202,50284,50394,50486,50488
Measurement id = 34803687 To popcluster37.atlas.winet.dcc.ufmg.br  created -> start :2022-01-13 15:01 estimation of stop:2022-01-13 23:21-> 35375,35469,35558,35561,35582,35659,35709,50002,50005,50035,50043,50106,50165,50179,50189,50202,50284,50394,50486,50488
Measurement id = 34803688 To popcluster38.atlas.winet.dcc.ufmg.br  created -> start :2022-01-13 15:01 estimation of stop:2022-01-13 23:21-> 35375,35469,35558,35561,35582,35659,35709,50002,50005,50035,50043,50106,50165,50179,50189,50202,50284,50394,50486,50488
Measurement id = 34803689 To popcluster39.atlas.winet.dcc.ufmg.br  created -> start :2022-01-13 15:01 estimation of stop:2022-01-13 23:21-> 35375,35469,35558,35561,35582,35659,35709,50002,50005,50035,50043,50106,50165,50179,50189,50202,50284,50394,50486,50488
Measurement id = 34803690 To popcluster40.atlas.winet.dcc.ufmg.br  created -> start :2022-01-13 15:01 estimation of stop:2022-01-13 23:21-> 35375,35469,35558,35561,35582,35659,35709,50002,50005,50035,50043,50106,50165,50179,50189,50202,50284,50394,50486,50488
Measurement id = 34803691 To popcluster41.atlas.winet.dcc.ufmg.br  created -> start :2022-01-13 15:01 estimation of stop:2022-01-13 23:21-> 35375,35469,35558,35561,35582,35659,35709,50002,50005,50035,50043,50106,50165,50179,50189,50202,50284,50394,50486,50488
Measurement id = 34803692 To popcluster42.atlas.winet.dcc.ufmg.br  created -> start :2022-01-13 15:01 estimation of stop:2022-01-13 23:21-> 35375,35469,35558,35561,35582,35659,35709,50002,50005,50035,50043,50106,50165,50179,50189,50202,50284,50394,50486,50488
Measurement id = 34803693 To popcluster43.atlas.winet.dcc.ufmg.br  created -> start :2022-01-13 15:01 estimation of stop:2022-01-13 23:21-> 35375,35469,35558,35561,35582,35659,35709,50002,50005,50035,50043,50106,50165,50179,50189,50202,50284,50394,50486,50488
Measurement id = 34803694 To popcluster44.atlas.winet.dcc.ufmg.br  created -> start :2022-01-13 15:01 estimation of stop:2022-01-13 23:21-> 35375,35469,35558,35561,35582,35659,35709,50002,50005,50035,50043,50106,50165,50179,50189,50202,50284,50394,50486,50488
Measurement id = 34803695 To popcluster45.atlas.winet.dcc.ufmg.br  created -> start :2022-01-13 15:01 estimation of stop:2022-01-13 23:21-> 35375,35469,35558,35561,35582,35659,35709,50002,50005,50035,50043,50106,50165,50179,50189,50202,50284,50394,50486,50488
Measurement id = 34803696 To popcluster46.atlas.winet.dcc.ufmg.br  created -> start :2022-01-13 15:01 estimation of stop:2022-01-13 23:21-> 35375,35469,35558,35561,35582,35659,35709,50002,50005,50035,50043,50106,50165,50179,50189,50202,50284,50394,50486,50488
Measurement id = 34803697 To popcluster47.atlas.winet.dcc.ufmg.br  created -> start :2022-01-13 15:01 estimation of stop:2022-01-13 23:21-> 35375,35469,35558,35561,35582,35659,35709,50002,50005,50035,50043,50106,50165,50179,50189,50202,50284,50394,50486,50488
Measurement id = 34803698 To popcluster48.atlas.winet.dcc.ufmg.br  created -> start :2022-01-13 15:01 estimation of stop:2022-01-13 23:21-> 35375,35469,35558,35561,35582,35659,35709,50002,50005,50035,50043,50106,50165,50179,50189,50202,50284,50394,50486,50488
Measurement id = 34803699 To popcluster49.atlas.winet.dcc.ufmg.br  created -> start :2022-01-13 15:01 estimation of stop:2022-01-13 23:21-> 35375,35469,35558,35561,35582,35659,35709,50002,50005,50035,50043,50106,50165,50179,50189,50202,50284,50394,50486,50488
Measurement id = 34803700 To popcluster50.atlas.winet.dcc.ufmg.br  created -> start :2022-01-13 15:01 estimation of stop:2022-01-13 23:21-> 35375,35469,35558,35561,35582,35659,35709,50002,50005,50035,50043,50106,50165,50179,50189,50202,50284,50394,50486,50488
Measurement id = 34803701 To popcluster51.atlas.winet.dcc.ufmg.br  created -> start :2022-01-13 15:01 estimation of stop:2022-01-13 23:21-> 35375,35469,35558,35561,35582,35659,35709,50002,50005,50035,50043,50106,50165,50179,50189,50202,50284,50394,50486,50488
Measurement id = 34803702 To popcluster52.atlas.winet.dcc.ufmg.br  created -> start :2022-01-13 15:01 estimation of stop:2022-01-13 23:21-> 35375,35469,35558,35561,35582,35659,35709,50002,50005,50035,50043,50106,50165,50179,50189,50202,50284,50394,50486,50488
Measurement id = 34803703 To popcluster53.atlas.winet.dcc.ufmg.br  created -> start :2022-01-13 15:01 estimation of stop:2022-01-13 23:21-> 35375,35469,35558,35561,35582,35659,35709,50002,50005,50035,50043,50106,50165,50179,50189,50202,50284,50394,50486,50488
Measurement id = 34803704 To popcluster54.atlas.winet.dcc.ufmg.br  created -> start :2022-01-13 15:01 estimation of stop:2022-01-13 23:21-> 35375,35469,35558,35561,35582,35659,35709,50002,50005,50035,50043,50106,50165,50179,50189,50202,50284,50394,50486,50488
Measurement id = 34803705 To popcluster55.atlas.winet.dcc.ufmg.br  created -> start :2022-01-13 15:01 estimation of stop:2022-01-13 23:21-> 35375,35469,35558,35561,35582,35659,35709,50002,50005,50035,50043,50106,50165,50179,50189,50202,50284,50394,50486,50488
Measurement id = 34803706 To popcluster56.atlas.winet.dcc.ufmg.br  created -> start :2022-01-13 15:01 estimation of stop:2022-01-13 23:21-> 35375,35469,35558,35561,35582,35659,35709,50002,50005,50035,50043,50106,50165,50179,50189,50202,50284,50394,50486,50488
Measurement id = 34803707 To popcluster57.atlas.winet.dcc.ufmg.br  created -> start :2022-01-13 15:01 estimation of stop:2022-01-13 23:21-> 35375,35469,35558,35561,35582,35659,35709,50002,50005,50035,50043,50106,50165,50179,50189,50202,50284,50394,50486,50488
Measurement id = 34803708 To popcluster58.atlas.winet.dcc.ufmg.br  created -> start :2022-01-13 15:01 estimation of stop:2022-01-13 23:21-> 35375,35469,35558,35561,35582,35659,35709,50002,50005,50035,50043,50106,50165,50179,50189,50202,50284,50394,50486,50488
Measurement id = 34803709 To popcluster59.atlas.winet.dcc.ufmg.br  created -> start :2022-01-13 15:01 estimation of stop:2022-01-13 23:21-> 35375,35469,35558,35561,35582,35659,35709,50002,50005,50035,50043,50106,50165,50179,50189,50202,50284,50394,50486,50488
Measurement id = 34803710 To popcluster60.atlas.winet.dcc.ufmg.br  created -> start :2022-01-13 15:01 estimation of stop:2022-01-13 23:21-> 35375,35469,35558,35561,35582,35659,35709,50002,50005,50035,50043,50106,50165,50179,50189,50202,50284,50394,50486,50488
Measurement id = 34803711 To popcluster61.atlas.winet.dcc.ufmg.br  created -> start :2022-01-13 15:01 estimation of stop:2022-01-13 23:21-> 35375,35469,35558,35561,35582,35659,35709,50002,50005,50035,50043,50106,50165,50179,50189,50202,50284,50394,50486,50488
Measurement id = 34803712 To popcluster62.atlas.winet.dcc.ufmg.br  created -> start :2022-01-13 15:01 estimation of stop:2022-01-13 23:21-> 35375,35469,35558,35561,35582,35659,35709,50002,50005,50035,50043,50106,50165,50179,50189,50202,50284,50394,50486,50488
Measurement id = 34803713 To popcluster63.atlas.winet.dcc.ufmg.br  created -> start :2022-01-13 15:01 estimation of stop:2022-01-13 23:21-> 35375,35469,35558,35561,35582,35659,35709,50002,50005,50035,50043,50106,50165,50179,50189,50202,50284,50394,50486,50488
Measurement id = 34803715 To popcluster64.atlas.winet.dcc.ufmg.br  created -> start :2022-01-13 15:01 estimation of stop:2022-01-13 23:21-> 35375,35469,35558,35561,35582,35659,35709,50002,50005,50035,50043,50106,50165,50179,50189,50202,50284,50394,50486,50488
Measurement id = 34803716 To popcluster65.atlas.winet.dcc.ufmg.br  created -> start :2022-01-13 15:01 estimation of stop:2022-01-13 23:21-> 35375,35469,35558,35561,35582,35659,35709,50002,50005,50035,50043,50106,50165,50179,50189,50202,50284,50394,50486,50488
Measurement id = 34803717 To popcluster66.atlas.winet.dcc.ufmg.br  created -> start :2022-01-13 15:01 estimation of stop:2022-01-13 23:21-> 35375,35469,35558,35561,35582,35659,35709,50002,50005,50035,50043,50106,50165,50179,50189,50202,50284,50394,50486,50488
Measurement id = 34803718 To popcluster67.atlas.winet.dcc.ufmg.br  created -> start :2022-01-13 15:01 estimation of stop:2022-01-13 23:21-> 35375,35469,35558,35561,35582,35659,35709,50002,50005,50035,50043,50106,50165,50179,50189,50202,50284,50394,50486,50488
Measurement id = 34803719 To popcluster68.atlas.winet.dcc.ufmg.br  created -> start :2022-01-13 15:01 estimation of stop:2022-01-13 23:21-> 35375,35469,35558,35561,35582,35659,35709,50002,50005,50035,50043,50106,50165,50179,50189,50202,50284,50394,50486,50488
Measurement id = 34803720 To popcluster69.atlas.winet.dcc.ufmg.br  created -> start :2022-01-13 15:01 estimation of stop:2022-01-13 23:21-> 35375,35469,35558,35561,35582,35659,35709,50002,50005,50035,50043,50106,50165,50179,50189,50202,50284,50394,50486,50488
Measurement id = 34803721 To popcluster70.atlas.winet.dcc.ufmg.br  created -> start :2022-01-13 15:01 estimation of stop:2022-01-13 23:21-> 35375,35469,35558,35561,35582,35659,35709,50002,50005,50035,50043,50106,50165,50179,50189,50202,50284,50394,50486,50488
Measurement id = 34803722 To popcluster71.atlas.winet.dcc.ufmg.br  created -> start :2022-01-13 15:01 estimation of stop:2022-01-13 23:21-> 35375,35469,35558,35561,35582,35659,35709,50002,50005,50035,50043,50106,50165,50179,50189,50202,50284,50394,50486,50488
Measurement id = 34803724 To popcluster72.atlas.winet.dcc.ufmg.br  created -> start :2022-01-13 15:01 estimation of stop:2022-01-13 23:21-> 35375,35469,35558,35561,35582,35659,35709,50002,50005,50035,50043,50106,50165,50179,50189,50202,50284,50394,50486,50488
Measurement id = 34803725 To popcluster73.atlas.winet.dcc.ufmg.br  created -> start :2022-01-13 15:01 estimation of stop:2022-01-13 23:21-> 35375,35469,35558,35561,35582,35659,35709,50002,50005,50035,50043,50106,50165,50179,50189,50202,50284,50394,50486,50488
Measurement id = 34803726 To popcluster74.atlas.winet.dcc.ufmg.br  created -> start :2022-01-13 15:01 estimation of stop:2022-01-13 23:21-> 35375,35469,35558,35561,35582,35659,35709,50002,50005,50035,50043,50106,50165,50179,50189,50202,50284,50394,50486,50488
Measurement id = 34803727 To popcluster75.atlas.winet.dcc.ufmg.br  created -> start :2022-01-13 15:01 estimation of stop:2022-01-13 23:21-> 35375,35469,35558,35561,35582,35659,35709,50002,50005,50035,50043,50106,50165,50179,50189,50202,50284,50394,50486,50488
Measurement id = 34803728 To popcluster76.atlas.winet.dcc.ufmg.br  created -> start :2022-01-13 15:01 estimation of stop:2022-01-13 23:21-> 35375,35469,35558,35561,35582,35659,35709,50002,50005,50035,50043,50106,50165,50179,50189,50202,50284,50394,50486,50488
Measurement id = 34803729 To popcluster77.atlas.winet.dcc.ufmg.br  created -> start :2022-01-13 15:01 estimation of stop:2022-01-13 23:21-> 35375,35469,35558,35561,35582,35659,35709,50002,50005,50035,50043,50106,50165,50179,50189,50202,50284,50394,50486,50488
Measurement id = 34803730 To popcluster78.atlas.winet.dcc.ufmg.br  created -> start :2022-01-13 15:01 estimation of stop:2022-01-13 23:21-> 35375,35469,35558,35561,35582,35659,35709,50002,50005,50035,50043,50106,50165,50179,50189,50202,50284,50394,50486,50488
Measurement id = 34803732 To popcluster79.atlas.winet.dcc.ufmg.br  created -> start :2022-01-13 15:01 estimation of stop:2022-01-13 23:21-> 35375,35469,35558,35561,35582,35659,35709,50002,50005,50035,50043,50106,50165,50179,50189,50202,50284,50394,50486,50488
Measurement id = 34803733 To popcluster80.atlas.winet.dcc.ufmg.br  created -> start :2022-01-13 15:01 estimation of stop:2022-01-13 23:21-> 35375,35469,35558,35561,35582,35659,35709,50002,50005,50035,50043,50106,50165,50179,50189,50202,50284,50394,50486,50488
Measurement id = 34803734 To popcluster81.atlas.winet.dcc.ufmg.br  created -> start :2022-01-13 15:01 estimation of stop:2022-01-13 23:21-> 35375,35469,35558,35561,35582,35659,35709,50002,50005,50035,50043,50106,50165,50179,50189,50202,50284,50394,50486,50488
Measurement id = 34803735 To popcluster82.atlas.winet.dcc.ufmg.br  created -> start :2022-01-13 15:01 estimation of stop:2022-01-13 23:21-> 35375,35469,35558,35561,35582,35659,35709,50002,50005,50035,50043,50106,50165,50179,50189,50202,50284,50394,50486,50488
Measurement id = 34803736 To popcluster83.atlas.winet.dcc.ufmg.br  created -> start :2022-01-13 15:01 estimation of stop:2022-01-13 23:21-> 35375,35469,35558,35561,35582,35659,35709,50002,50005,50035,50043,50106,50165,50179,50189,50202,50284,50394,50486,50488
Measurement id = 34803737 To popcluster84.atlas.winet.dcc.ufmg.br  created -> start :2022-01-13 15:01 estimation of stop:2022-01-13 23:21-> 35375,35469,35558,35561,35582,35659,35709,50002,50005,50035,50043,50106,50165,50179,50189,50202,50284,50394,50486,50488
Measurement id = 34803739 To popcluster85.atlas.winet.dcc.ufmg.br  created -> start :2022-01-13 15:01 estimation of stop:2022-01-13 23:21-> 35375,35469,35558,35561,35582,35659,35709,50002,50005,50035,50043,50106,50165,50179,50189,50202,50284,50394,50486,50488
Measurement id = 34803741 To popcluster86.atlas.winet.dcc.ufmg.br  created -> start :2022-01-13 15:01 estimation of stop:2022-01-13 23:21-> 35375,35469,35558,35561,35582,35659,35709,50002,50005,50035,50043,50106,50165,50179,50189,50202,50284,50394,50486,50488
Measurement id = 34803742 To popcluster87.atlas.winet.dcc.ufmg.br  created -> start :2022-01-13 15:01 estimation of stop:2022-01-13 23:21-> 35375,35469,35558,35561,35582,35659,35709,50002,50005,50035,50043,50106,50165,50179,50189,50202,50284,50394,50486,50488
Measurement id = 34803743 To popcluster88.atlas.winet.dcc.ufmg.br  created -> start :2022-01-13 15:01 estimation of stop:2022-01-13 23:21-> 35375,35469,35558,35561,35582,35659,35709,50002,50005,50035,50043,50106,50165,50179,50189,50202,50284,50394,50486,50488
Measurement id = 34803746 To popcluster89.atlas.winet.dcc.ufmg.br  created -> start :2022-01-13 15:01 estimation of stop:2022-01-13 23:21-> 35375,35469,35558,35561,35582,35659,35709,50002,50005,50035,50043,50106,50165,50179,50189,50202,50284,50394,50486,50488
Measurement id = 34803747 To popcluster90.atlas.winet.dcc.ufmg.br  created -> start :2022-01-13 15:01 estimation of stop:2022-01-13 23:21-> 35375,35469,35558,35561,35582,35659,35709,50002,50005,50035,50043,50106,50165,50179,50189,50202,50284,50394,50486,50488
Measurement id = 34803748 To popcluster91.atlas.winet.dcc.ufmg.br  created -> start :2022-01-13 15:01 estimation of stop:2022-01-13 23:21-> 35375,35469,35558,35561,35582,35659,35709,50002,50005,50035,50043,50106,50165,50179,50189,50202,50284,50394,50486,50488
Measurement id = 34803749 To popcluster92.atlas.winet.dcc.ufmg.br  created -> start :2022-01-13 15:01 estimation of stop:2022-01-13 23:21-> 35375,35469,35558,35561,35582,35659,35709,50002,50005,50035,50043,50106,50165,50179,50189,50202,50284,50394,50486,50488
Measurement id = 34803750 To popcluster93.atlas.winet.dcc.ufmg.br  created -> start :2022-01-13 15:01 estimation of stop:2022-01-13 23:21-> 35375,35469,35558,35561,35582,35659,35709,50002,50005,50035,50043,50106,50165,50179,50189,50202,50284,50394,50486,50488
Measurement id = 34803751 To popcluster94.atlas.winet.dcc.ufmg.br  created -> start :2022-01-13 15:01 estimation of stop:2022-01-13 23:21-> 35375,35469,35558,35561,35582,35659,35709,50002,50005,50035,50043,50106,50165,50179,50189,50202,50284,50394,50486,50488
Measurement id = 34803752 To popcluster95.atlas.winet.dcc.ufmg.br  created -> start :2022-01-13 15:01 estimation of stop:2022-01-13 23:21-> 35375,35469,35558,35561,35582,35659,35709,50002,50005,50035,50043,50106,50165,50179,50189,50202,50284,50394,50486,50488
Measurement id = 34803753 To popcluster96.atlas.winet.dcc.ufmg.br  created -> start :2022-01-13 15:01 estimation of stop:2022-01-13 23:21-> 35375,35469,35558,35561,35582,35659,35709,50002,50005,50035,50043,50106,50165,50179,50189,50202,50284,50394,50486,50488
Measurement id = 34803754 To popcluster97.atlas.winet.dcc.ufmg.br  created -> start :2022-01-13 15:01 estimation of stop:2022-01-13 23:21-> 35375,35469,35558,35561,35582,35659,35709,50002,50005,50035,50043,50106,50165,50179,50189,50202,50284,50394,50486,50488
Measurement id = 34803755 To popcluster98.atlas.winet.dcc.ufmg.br  created -> start :2022-01-13 15:01 estimation of stop:2022-01-13 23:21-> 35375,35469,35558,35561,35582,35659,35709,50002,50005,50035,50043,50106,50165,50179,50189,50202,50284,50394,50486,50488
Measurement id = 34803756 To popcluster99.atlas.winet.dcc.ufmg.br  created -> start :2022-01-13 15:01 estimation of stop:2022-01-13 23:21-> 35375,35469,35558,35561,35582,35659,35709,50002,50005,50035,50043,50106,50165,50179,50189,50202,50284,50394,50486,50488
Measurement id = 34803757 To popcluster100.atlas.winet.dcc.ufmg.br  created -> start :2022-01-13 15:01 estimation of stop:2022-01-13 23:21-> 35375,35469,35558,35561,35582,35659,35709,50002,50005,50035,50043,50106,50165,50179,50189,50202,50284,50394,50486,50488
