Measurement id = 34742903 To popcluster1.atlas.winet.dcc.ufmg.br  created -> start :2022-01-06 12:16 estimation of stop:2022-01-06 20:36-> 31006,31024,31201,31228,31302,31342,31453,31690,31692,31750,31752,31800,31924,31927,31962,32051,32064,32075,32096,32136
Measurement id = 34742904 To popcluster2.atlas.winet.dcc.ufmg.br  created -> start :2022-01-06 12:16 estimation of stop:2022-01-06 20:36-> 31006,31024,31201,31228,31302,31342,31453,31690,31692,31750,31752,31800,31924,31927,31962,32051,32064,32075,32096,32136
Measurement id = 34742905 To popcluster3.atlas.winet.dcc.ufmg.br  created -> start :2022-01-06 12:16 estimation of stop:2022-01-06 20:36-> 31006,31024,31201,31228,31302,31342,31453,31690,31692,31750,31752,31800,31924,31927,31962,32051,32064,32075,32096,32136
Measurement id = 34742906 To popcluster4.atlas.winet.dcc.ufmg.br  created -> start :2022-01-06 12:16 estimation of stop:2022-01-06 20:36-> 31006,31024,31201,31228,31302,31342,31453,31690,31692,31750,31752,31800,31924,31927,31962,32051,32064,32075,32096,32136
Measurement id = 34742907 To popcluster5.atlas.winet.dcc.ufmg.br  created -> start :2022-01-06 12:16 estimation of stop:2022-01-06 20:36-> 31006,31024,31201,31228,31302,31342,31453,31690,31692,31750,31752,31800,31924,31927,31962,32051,32064,32075,32096,32136
Measurement id = 34742908 To popcluster6.atlas.winet.dcc.ufmg.br  created -> start :2022-01-06 12:16 estimation of stop:2022-01-06 20:36-> 31006,31024,31201,31228,31302,31342,31453,31690,31692,31750,31752,31800,31924,31927,31962,32051,32064,32075,32096,32136
Measurement id = 34742909 To popcluster7.atlas.winet.dcc.ufmg.br  created -> start :2022-01-06 12:16 estimation of stop:2022-01-06 20:36-> 31006,31024,31201,31228,31302,31342,31453,31690,31692,31750,31752,31800,31924,31927,31962,32051,32064,32075,32096,32136
Measurement id = 34742910 To popcluster8.atlas.winet.dcc.ufmg.br  created -> start :2022-01-06 12:16 estimation of stop:2022-01-06 20:36-> 31006,31024,31201,31228,31302,31342,31453,31690,31692,31750,31752,31800,31924,31927,31962,32051,32064,32075,32096,32136
Measurement id = 34742911 To popcluster9.atlas.winet.dcc.ufmg.br  created -> start :2022-01-06 12:16 estimation of stop:2022-01-06 20:36-> 31006,31024,31201,31228,31302,31342,31453,31690,31692,31750,31752,31800,31924,31927,31962,32051,32064,32075,32096,32136
Measurement id = 34742912 To popcluster10.atlas.winet.dcc.ufmg.br  created -> start :2022-01-06 12:16 estimation of stop:2022-01-06 20:36-> 31006,31024,31201,31228,31302,31342,31453,31690,31692,31750,31752,31800,31924,31927,31962,32051,32064,32075,32096,32136
Measurement id = 34742913 To popcluster11.atlas.winet.dcc.ufmg.br  created -> start :2022-01-06 12:16 estimation of stop:2022-01-06 20:36-> 31006,31024,31201,31228,31302,31342,31453,31690,31692,31750,31752,31800,31924,31927,31962,32051,32064,32075,32096,32136
Measurement id = 34742914 To popcluster12.atlas.winet.dcc.ufmg.br  created -> start :2022-01-06 12:16 estimation of stop:2022-01-06 20:36-> 31006,31024,31201,31228,31302,31342,31453,31690,31692,31750,31752,31800,31924,31927,31962,32051,32064,32075,32096,32136
Measurement id = 34742915 To popcluster13.atlas.winet.dcc.ufmg.br  created -> start :2022-01-06 12:16 estimation of stop:2022-01-06 20:36-> 31006,31024,31201,31228,31302,31342,31453,31690,31692,31750,31752,31800,31924,31927,31962,32051,32064,32075,32096,32136
Measurement id = 34742916 To popcluster14.atlas.winet.dcc.ufmg.br  created -> start :2022-01-06 12:16 estimation of stop:2022-01-06 20:36-> 31006,31024,31201,31228,31302,31342,31453,31690,31692,31750,31752,31800,31924,31927,31962,32051,32064,32075,32096,32136
Measurement id = 34742917 To popcluster15.atlas.winet.dcc.ufmg.br  created -> start :2022-01-06 12:16 estimation of stop:2022-01-06 20:36-> 31006,31024,31201,31228,31302,31342,31453,31690,31692,31750,31752,31800,31924,31927,31962,32051,32064,32075,32096,32136
Measurement id = 34742918 To popcluster16.atlas.winet.dcc.ufmg.br  created -> start :2022-01-06 12:16 estimation of stop:2022-01-06 20:36-> 31006,31024,31201,31228,31302,31342,31453,31690,31692,31750,31752,31800,31924,31927,31962,32051,32064,32075,32096,32136
Measurement id = 34742919 To popcluster17.atlas.winet.dcc.ufmg.br  created -> start :2022-01-06 12:16 estimation of stop:2022-01-06 20:36-> 31006,31024,31201,31228,31302,31342,31453,31690,31692,31750,31752,31800,31924,31927,31962,32051,32064,32075,32096,32136
Measurement id = 34742920 To popcluster18.atlas.winet.dcc.ufmg.br  created -> start :2022-01-06 12:16 estimation of stop:2022-01-06 20:36-> 31006,31024,31201,31228,31302,31342,31453,31690,31692,31750,31752,31800,31924,31927,31962,32051,32064,32075,32096,32136
Measurement id = 34742922 To popcluster19.atlas.winet.dcc.ufmg.br  created -> start :2022-01-06 12:16 estimation of stop:2022-01-06 20:36-> 31006,31024,31201,31228,31302,31342,31453,31690,31692,31750,31752,31800,31924,31927,31962,32051,32064,32075,32096,32136
Measurement id = 34742923 To popcluster20.atlas.winet.dcc.ufmg.br  created -> start :2022-01-06 12:16 estimation of stop:2022-01-06 20:36-> 31006,31024,31201,31228,31302,31342,31453,31690,31692,31750,31752,31800,31924,31927,31962,32051,32064,32075,32096,32136
Measurement id = 34742924 To popcluster21.atlas.winet.dcc.ufmg.br  created -> start :2022-01-06 12:16 estimation of stop:2022-01-06 20:36-> 31006,31024,31201,31228,31302,31342,31453,31690,31692,31750,31752,31800,31924,31927,31962,32051,32064,32075,32096,32136
Measurement id = 34742925 To popcluster22.atlas.winet.dcc.ufmg.br  created -> start :2022-01-06 12:16 estimation of stop:2022-01-06 20:36-> 31006,31024,31201,31228,31302,31342,31453,31690,31692,31750,31752,31800,31924,31927,31962,32051,32064,32075,32096,32136
Measurement id = 34742926 To popcluster23.atlas.winet.dcc.ufmg.br  created -> start :2022-01-06 12:16 estimation of stop:2022-01-06 20:36-> 31006,31024,31201,31228,31302,31342,31453,31690,31692,31750,31752,31800,31924,31927,31962,32051,32064,32075,32096,32136
Measurement id = 34742927 To popcluster24.atlas.winet.dcc.ufmg.br  created -> start :2022-01-06 12:16 estimation of stop:2022-01-06 20:36-> 31006,31024,31201,31228,31302,31342,31453,31690,31692,31750,31752,31800,31924,31927,31962,32051,32064,32075,32096,32136
Measurement id = 34742928 To popcluster25.atlas.winet.dcc.ufmg.br  created -> start :2022-01-06 12:16 estimation of stop:2022-01-06 20:36-> 31006,31024,31201,31228,31302,31342,31453,31690,31692,31750,31752,31800,31924,31927,31962,32051,32064,32075,32096,32136
Measurement id = 34742929 To popcluster26.atlas.winet.dcc.ufmg.br  created -> start :2022-01-06 12:16 estimation of stop:2022-01-06 20:36-> 31006,31024,31201,31228,31302,31342,31453,31690,31692,31750,31752,31800,31924,31927,31962,32051,32064,32075,32096,32136
Measurement id = 34742930 To popcluster27.atlas.winet.dcc.ufmg.br  created -> start :2022-01-06 12:16 estimation of stop:2022-01-06 20:36-> 31006,31024,31201,31228,31302,31342,31453,31690,31692,31750,31752,31800,31924,31927,31962,32051,32064,32075,32096,32136
Measurement id = 34742931 To popcluster28.atlas.winet.dcc.ufmg.br  created -> start :2022-01-06 12:16 estimation of stop:2022-01-06 20:36-> 31006,31024,31201,31228,31302,31342,31453,31690,31692,31750,31752,31800,31924,31927,31962,32051,32064,32075,32096,32136
Measurement id = 34742932 To popcluster29.atlas.winet.dcc.ufmg.br  created -> start :2022-01-06 12:16 estimation of stop:2022-01-06 20:36-> 31006,31024,31201,31228,31302,31342,31453,31690,31692,31750,31752,31800,31924,31927,31962,32051,32064,32075,32096,32136
Measurement id = 34742933 To popcluster30.atlas.winet.dcc.ufmg.br  created -> start :2022-01-06 12:16 estimation of stop:2022-01-06 20:36-> 31006,31024,31201,31228,31302,31342,31453,31690,31692,31750,31752,31800,31924,31927,31962,32051,32064,32075,32096,32136
Measurement id = 34742934 To popcluster31.atlas.winet.dcc.ufmg.br  created -> start :2022-01-06 12:16 estimation of stop:2022-01-06 20:36-> 31006,31024,31201,31228,31302,31342,31453,31690,31692,31750,31752,31800,31924,31927,31962,32051,32064,32075,32096,32136
Measurement id = 34742935 To popcluster32.atlas.winet.dcc.ufmg.br  created -> start :2022-01-06 12:16 estimation of stop:2022-01-06 20:36-> 31006,31024,31201,31228,31302,31342,31453,31690,31692,31750,31752,31800,31924,31927,31962,32051,32064,32075,32096,32136
Measurement id = 34742936 To popcluster33.atlas.winet.dcc.ufmg.br  created -> start :2022-01-06 12:16 estimation of stop:2022-01-06 20:36-> 31006,31024,31201,31228,31302,31342,31453,31690,31692,31750,31752,31800,31924,31927,31962,32051,32064,32075,32096,32136
Measurement id = 34742937 To popcluster34.atlas.winet.dcc.ufmg.br  created -> start :2022-01-06 12:16 estimation of stop:2022-01-06 20:36-> 31006,31024,31201,31228,31302,31342,31453,31690,31692,31750,31752,31800,31924,31927,31962,32051,32064,32075,32096,32136
Measurement id = 34742938 To popcluster35.atlas.winet.dcc.ufmg.br  created -> start :2022-01-06 12:16 estimation of stop:2022-01-06 20:36-> 31006,31024,31201,31228,31302,31342,31453,31690,31692,31750,31752,31800,31924,31927,31962,32051,32064,32075,32096,32136
Measurement id = 34742939 To popcluster36.atlas.winet.dcc.ufmg.br  created -> start :2022-01-06 12:16 estimation of stop:2022-01-06 20:36-> 31006,31024,31201,31228,31302,31342,31453,31690,31692,31750,31752,31800,31924,31927,31962,32051,32064,32075,32096,32136
Measurement id = 34742940 To popcluster37.atlas.winet.dcc.ufmg.br  created -> start :2022-01-06 12:16 estimation of stop:2022-01-06 20:36-> 31006,31024,31201,31228,31302,31342,31453,31690,31692,31750,31752,31800,31924,31927,31962,32051,32064,32075,32096,32136
Measurement id = 34742941 To popcluster38.atlas.winet.dcc.ufmg.br  created -> start :2022-01-06 12:16 estimation of stop:2022-01-06 20:36-> 31006,31024,31201,31228,31302,31342,31453,31690,31692,31750,31752,31800,31924,31927,31962,32051,32064,32075,32096,32136
Measurement id = 34742942 To popcluster39.atlas.winet.dcc.ufmg.br  created -> start :2022-01-06 12:16 estimation of stop:2022-01-06 20:36-> 31006,31024,31201,31228,31302,31342,31453,31690,31692,31750,31752,31800,31924,31927,31962,32051,32064,32075,32096,32136
Measurement id = 34742943 To popcluster40.atlas.winet.dcc.ufmg.br  created -> start :2022-01-06 12:16 estimation of stop:2022-01-06 20:36-> 31006,31024,31201,31228,31302,31342,31453,31690,31692,31750,31752,31800,31924,31927,31962,32051,32064,32075,32096,32136
Measurement id = 34742944 To popcluster41.atlas.winet.dcc.ufmg.br  created -> start :2022-01-06 12:16 estimation of stop:2022-01-06 20:36-> 31006,31024,31201,31228,31302,31342,31453,31690,31692,31750,31752,31800,31924,31927,31962,32051,32064,32075,32096,32136
Measurement id = 34742945 To popcluster42.atlas.winet.dcc.ufmg.br  created -> start :2022-01-06 12:16 estimation of stop:2022-01-06 20:36-> 31006,31024,31201,31228,31302,31342,31453,31690,31692,31750,31752,31800,31924,31927,31962,32051,32064,32075,32096,32136
Measurement id = 34742946 To popcluster43.atlas.winet.dcc.ufmg.br  created -> start :2022-01-06 12:16 estimation of stop:2022-01-06 20:36-> 31006,31024,31201,31228,31302,31342,31453,31690,31692,31750,31752,31800,31924,31927,31962,32051,32064,32075,32096,32136
Measurement id = 34742947 To popcluster44.atlas.winet.dcc.ufmg.br  created -> start :2022-01-06 12:16 estimation of stop:2022-01-06 20:36-> 31006,31024,31201,31228,31302,31342,31453,31690,31692,31750,31752,31800,31924,31927,31962,32051,32064,32075,32096,32136
Measurement id = 34742948 To popcluster45.atlas.winet.dcc.ufmg.br  created -> start :2022-01-06 12:16 estimation of stop:2022-01-06 20:36-> 31006,31024,31201,31228,31302,31342,31453,31690,31692,31750,31752,31800,31924,31927,31962,32051,32064,32075,32096,32136
Measurement id = 34742949 To popcluster46.atlas.winet.dcc.ufmg.br  created -> start :2022-01-06 12:16 estimation of stop:2022-01-06 20:36-> 31006,31024,31201,31228,31302,31342,31453,31690,31692,31750,31752,31800,31924,31927,31962,32051,32064,32075,32096,32136
Measurement id = 34742950 To popcluster47.atlas.winet.dcc.ufmg.br  created -> start :2022-01-06 12:16 estimation of stop:2022-01-06 20:36-> 31006,31024,31201,31228,31302,31342,31453,31690,31692,31750,31752,31800,31924,31927,31962,32051,32064,32075,32096,32136
Measurement id = 34742951 To popcluster48.atlas.winet.dcc.ufmg.br  created -> start :2022-01-06 12:16 estimation of stop:2022-01-06 20:36-> 31006,31024,31201,31228,31302,31342,31453,31690,31692,31750,31752,31800,31924,31927,31962,32051,32064,32075,32096,32136
Measurement id = 34742952 To popcluster49.atlas.winet.dcc.ufmg.br  created -> start :2022-01-06 12:16 estimation of stop:2022-01-06 20:36-> 31006,31024,31201,31228,31302,31342,31453,31690,31692,31750,31752,31800,31924,31927,31962,32051,32064,32075,32096,32136
Measurement id = 34742953 To popcluster50.atlas.winet.dcc.ufmg.br  created -> start :2022-01-06 12:16 estimation of stop:2022-01-06 20:36-> 31006,31024,31201,31228,31302,31342,31453,31690,31692,31750,31752,31800,31924,31927,31962,32051,32064,32075,32096,32136
Measurement id = 34742954 To popcluster51.atlas.winet.dcc.ufmg.br  created -> start :2022-01-06 12:16 estimation of stop:2022-01-06 20:36-> 31006,31024,31201,31228,31302,31342,31453,31690,31692,31750,31752,31800,31924,31927,31962,32051,32064,32075,32096,32136
Measurement id = 34742955 To popcluster52.atlas.winet.dcc.ufmg.br  created -> start :2022-01-06 12:16 estimation of stop:2022-01-06 20:36-> 31006,31024,31201,31228,31302,31342,31453,31690,31692,31750,31752,31800,31924,31927,31962,32051,32064,32075,32096,32136
Measurement id = 34742956 To popcluster53.atlas.winet.dcc.ufmg.br  created -> start :2022-01-06 12:16 estimation of stop:2022-01-06 20:36-> 31006,31024,31201,31228,31302,31342,31453,31690,31692,31750,31752,31800,31924,31927,31962,32051,32064,32075,32096,32136
Measurement id = 34742957 To popcluster54.atlas.winet.dcc.ufmg.br  created -> start :2022-01-06 12:16 estimation of stop:2022-01-06 20:36-> 31006,31024,31201,31228,31302,31342,31453,31690,31692,31750,31752,31800,31924,31927,31962,32051,32064,32075,32096,32136
Measurement id = 34742958 To popcluster55.atlas.winet.dcc.ufmg.br  created -> start :2022-01-06 12:16 estimation of stop:2022-01-06 20:36-> 31006,31024,31201,31228,31302,31342,31453,31690,31692,31750,31752,31800,31924,31927,31962,32051,32064,32075,32096,32136
Measurement id = 34742959 To popcluster56.atlas.winet.dcc.ufmg.br  created -> start :2022-01-06 12:16 estimation of stop:2022-01-06 20:36-> 31006,31024,31201,31228,31302,31342,31453,31690,31692,31750,31752,31800,31924,31927,31962,32051,32064,32075,32096,32136
Measurement id = 34742960 To popcluster57.atlas.winet.dcc.ufmg.br  created -> start :2022-01-06 12:16 estimation of stop:2022-01-06 20:36-> 31006,31024,31201,31228,31302,31342,31453,31690,31692,31750,31752,31800,31924,31927,31962,32051,32064,32075,32096,32136
Measurement id = 34742961 To popcluster58.atlas.winet.dcc.ufmg.br  created -> start :2022-01-06 12:16 estimation of stop:2022-01-06 20:36-> 31006,31024,31201,31228,31302,31342,31453,31690,31692,31750,31752,31800,31924,31927,31962,32051,32064,32075,32096,32136
Measurement id = 34742962 To popcluster59.atlas.winet.dcc.ufmg.br  created -> start :2022-01-06 12:16 estimation of stop:2022-01-06 20:36-> 31006,31024,31201,31228,31302,31342,31453,31690,31692,31750,31752,31800,31924,31927,31962,32051,32064,32075,32096,32136
Measurement id = 34742964 To popcluster60.atlas.winet.dcc.ufmg.br  created -> start :2022-01-06 12:16 estimation of stop:2022-01-06 20:36-> 31006,31024,31201,31228,31302,31342,31453,31690,31692,31750,31752,31800,31924,31927,31962,32051,32064,32075,32096,32136
Measurement id = 34742965 To popcluster61.atlas.winet.dcc.ufmg.br  created -> start :2022-01-06 12:16 estimation of stop:2022-01-06 20:36-> 31006,31024,31201,31228,31302,31342,31453,31690,31692,31750,31752,31800,31924,31927,31962,32051,32064,32075,32096,32136
Measurement id = 34742966 To popcluster62.atlas.winet.dcc.ufmg.br  created -> start :2022-01-06 12:16 estimation of stop:2022-01-06 20:36-> 31006,31024,31201,31228,31302,31342,31453,31690,31692,31750,31752,31800,31924,31927,31962,32051,32064,32075,32096,32136
Measurement id = 34742967 To popcluster63.atlas.winet.dcc.ufmg.br  created -> start :2022-01-06 12:16 estimation of stop:2022-01-06 20:36-> 31006,31024,31201,31228,31302,31342,31453,31690,31692,31750,31752,31800,31924,31927,31962,32051,32064,32075,32096,32136
Measurement id = 34742968 To popcluster64.atlas.winet.dcc.ufmg.br  created -> start :2022-01-06 12:16 estimation of stop:2022-01-06 20:36-> 31006,31024,31201,31228,31302,31342,31453,31690,31692,31750,31752,31800,31924,31927,31962,32051,32064,32075,32096,32136
Measurement id = 34742969 To popcluster65.atlas.winet.dcc.ufmg.br  created -> start :2022-01-06 12:16 estimation of stop:2022-01-06 20:36-> 31006,31024,31201,31228,31302,31342,31453,31690,31692,31750,31752,31800,31924,31927,31962,32051,32064,32075,32096,32136
Measurement id = 34742971 To popcluster66.atlas.winet.dcc.ufmg.br  created -> start :2022-01-06 12:16 estimation of stop:2022-01-06 20:36-> 31006,31024,31201,31228,31302,31342,31453,31690,31692,31750,31752,31800,31924,31927,31962,32051,32064,32075,32096,32136
Measurement id = 34742972 To popcluster67.atlas.winet.dcc.ufmg.br  created -> start :2022-01-06 12:16 estimation of stop:2022-01-06 20:36-> 31006,31024,31201,31228,31302,31342,31453,31690,31692,31750,31752,31800,31924,31927,31962,32051,32064,32075,32096,32136
Measurement id = 34742973 To popcluster68.atlas.winet.dcc.ufmg.br  created -> start :2022-01-06 12:16 estimation of stop:2022-01-06 20:36-> 31006,31024,31201,31228,31302,31342,31453,31690,31692,31750,31752,31800,31924,31927,31962,32051,32064,32075,32096,32136
Measurement id = 34742974 To popcluster69.atlas.winet.dcc.ufmg.br  created -> start :2022-01-06 12:16 estimation of stop:2022-01-06 20:36-> 31006,31024,31201,31228,31302,31342,31453,31690,31692,31750,31752,31800,31924,31927,31962,32051,32064,32075,32096,32136
Measurement id = 34742975 To popcluster70.atlas.winet.dcc.ufmg.br  created -> start :2022-01-06 12:16 estimation of stop:2022-01-06 20:36-> 31006,31024,31201,31228,31302,31342,31453,31690,31692,31750,31752,31800,31924,31927,31962,32051,32064,32075,32096,32136
Measurement id = 34742976 To popcluster71.atlas.winet.dcc.ufmg.br  created -> start :2022-01-06 12:16 estimation of stop:2022-01-06 20:36-> 31006,31024,31201,31228,31302,31342,31453,31690,31692,31750,31752,31800,31924,31927,31962,32051,32064,32075,32096,32136
Measurement id = 34742977 To popcluster72.atlas.winet.dcc.ufmg.br  created -> start :2022-01-06 12:16 estimation of stop:2022-01-06 20:36-> 31006,31024,31201,31228,31302,31342,31453,31690,31692,31750,31752,31800,31924,31927,31962,32051,32064,32075,32096,32136
Measurement id = 34742978 To popcluster73.atlas.winet.dcc.ufmg.br  created -> start :2022-01-06 12:16 estimation of stop:2022-01-06 20:36-> 31006,31024,31201,31228,31302,31342,31453,31690,31692,31750,31752,31800,31924,31927,31962,32051,32064,32075,32096,32136
Measurement id = 34742979 To popcluster74.atlas.winet.dcc.ufmg.br  created -> start :2022-01-06 12:16 estimation of stop:2022-01-06 20:36-> 31006,31024,31201,31228,31302,31342,31453,31690,31692,31750,31752,31800,31924,31927,31962,32051,32064,32075,32096,32136
Measurement id = 34742980 To popcluster75.atlas.winet.dcc.ufmg.br  created -> start :2022-01-06 12:16 estimation of stop:2022-01-06 20:36-> 31006,31024,31201,31228,31302,31342,31453,31690,31692,31750,31752,31800,31924,31927,31962,32051,32064,32075,32096,32136
Measurement id = 34742981 To popcluster76.atlas.winet.dcc.ufmg.br  created -> start :2022-01-06 12:16 estimation of stop:2022-01-06 20:36-> 31006,31024,31201,31228,31302,31342,31453,31690,31692,31750,31752,31800,31924,31927,31962,32051,32064,32075,32096,32136
Measurement id = 34742983 To popcluster77.atlas.winet.dcc.ufmg.br  created -> start :2022-01-06 12:16 estimation of stop:2022-01-06 20:36-> 31006,31024,31201,31228,31302,31342,31453,31690,31692,31750,31752,31800,31924,31927,31962,32051,32064,32075,32096,32136
Measurement id = 34742984 To popcluster78.atlas.winet.dcc.ufmg.br  created -> start :2022-01-06 12:16 estimation of stop:2022-01-06 20:36-> 31006,31024,31201,31228,31302,31342,31453,31690,31692,31750,31752,31800,31924,31927,31962,32051,32064,32075,32096,32136
Measurement id = 34742985 To popcluster79.atlas.winet.dcc.ufmg.br  created -> start :2022-01-06 12:16 estimation of stop:2022-01-06 20:36-> 31006,31024,31201,31228,31302,31342,31453,31690,31692,31750,31752,31800,31924,31927,31962,32051,32064,32075,32096,32136
Measurement id = 34742986 To popcluster80.atlas.winet.dcc.ufmg.br  created -> start :2022-01-06 12:16 estimation of stop:2022-01-06 20:36-> 31006,31024,31201,31228,31302,31342,31453,31690,31692,31750,31752,31800,31924,31927,31962,32051,32064,32075,32096,32136
Measurement id = 34742987 To popcluster81.atlas.winet.dcc.ufmg.br  created -> start :2022-01-06 12:16 estimation of stop:2022-01-06 20:36-> 31006,31024,31201,31228,31302,31342,31453,31690,31692,31750,31752,31800,31924,31927,31962,32051,32064,32075,32096,32136
Measurement id = 34742988 To popcluster82.atlas.winet.dcc.ufmg.br  created -> start :2022-01-06 12:16 estimation of stop:2022-01-06 20:36-> 31006,31024,31201,31228,31302,31342,31453,31690,31692,31750,31752,31800,31924,31927,31962,32051,32064,32075,32096,32136
Measurement id = 34742989 To popcluster83.atlas.winet.dcc.ufmg.br  created -> start :2022-01-06 12:16 estimation of stop:2022-01-06 20:36-> 31006,31024,31201,31228,31302,31342,31453,31690,31692,31750,31752,31800,31924,31927,31962,32051,32064,32075,32096,32136
Measurement id = 34742991 To popcluster84.atlas.winet.dcc.ufmg.br  created -> start :2022-01-06 12:16 estimation of stop:2022-01-06 20:36-> 31006,31024,31201,31228,31302,31342,31453,31690,31692,31750,31752,31800,31924,31927,31962,32051,32064,32075,32096,32136
Measurement id = 34742992 To popcluster85.atlas.winet.dcc.ufmg.br  created -> start :2022-01-06 12:16 estimation of stop:2022-01-06 20:36-> 31006,31024,31201,31228,31302,31342,31453,31690,31692,31750,31752,31800,31924,31927,31962,32051,32064,32075,32096,32136
Measurement id = 34742993 To popcluster86.atlas.winet.dcc.ufmg.br  created -> start :2022-01-06 12:16 estimation of stop:2022-01-06 20:36-> 31006,31024,31201,31228,31302,31342,31453,31690,31692,31750,31752,31800,31924,31927,31962,32051,32064,32075,32096,32136
Measurement id = 34742994 To popcluster87.atlas.winet.dcc.ufmg.br  created -> start :2022-01-06 12:16 estimation of stop:2022-01-06 20:36-> 31006,31024,31201,31228,31302,31342,31453,31690,31692,31750,31752,31800,31924,31927,31962,32051,32064,32075,32096,32136
Measurement id = 34742995 To popcluster88.atlas.winet.dcc.ufmg.br  created -> start :2022-01-06 12:16 estimation of stop:2022-01-06 20:36-> 31006,31024,31201,31228,31302,31342,31453,31690,31692,31750,31752,31800,31924,31927,31962,32051,32064,32075,32096,32136
Measurement id = 34742996 To popcluster89.atlas.winet.dcc.ufmg.br  created -> start :2022-01-06 12:16 estimation of stop:2022-01-06 20:36-> 31006,31024,31201,31228,31302,31342,31453,31690,31692,31750,31752,31800,31924,31927,31962,32051,32064,32075,32096,32136
Measurement id = 34742997 To popcluster90.atlas.winet.dcc.ufmg.br  created -> start :2022-01-06 12:16 estimation of stop:2022-01-06 20:36-> 31006,31024,31201,31228,31302,31342,31453,31690,31692,31750,31752,31800,31924,31927,31962,32051,32064,32075,32096,32136
Measurement id = 34742998 To popcluster91.atlas.winet.dcc.ufmg.br  created -> start :2022-01-06 12:16 estimation of stop:2022-01-06 20:36-> 31006,31024,31201,31228,31302,31342,31453,31690,31692,31750,31752,31800,31924,31927,31962,32051,32064,32075,32096,32136
Measurement id = 34742999 To popcluster92.atlas.winet.dcc.ufmg.br  created -> start :2022-01-06 12:16 estimation of stop:2022-01-06 20:36-> 31006,31024,31201,31228,31302,31342,31453,31690,31692,31750,31752,31800,31924,31927,31962,32051,32064,32075,32096,32136
Measurement id = 34743000 To popcluster93.atlas.winet.dcc.ufmg.br  created -> start :2022-01-06 12:16 estimation of stop:2022-01-06 20:36-> 31006,31024,31201,31228,31302,31342,31453,31690,31692,31750,31752,31800,31924,31927,31962,32051,32064,32075,32096,32136
Measurement id = 34743001 To popcluster94.atlas.winet.dcc.ufmg.br  created -> start :2022-01-06 12:16 estimation of stop:2022-01-06 20:36-> 31006,31024,31201,31228,31302,31342,31453,31690,31692,31750,31752,31800,31924,31927,31962,32051,32064,32075,32096,32136
Measurement id = 34743002 To popcluster95.atlas.winet.dcc.ufmg.br  created -> start :2022-01-06 12:16 estimation of stop:2022-01-06 20:36-> 31006,31024,31201,31228,31302,31342,31453,31690,31692,31750,31752,31800,31924,31927,31962,32051,32064,32075,32096,32136
Measurement id = 34743003 To popcluster96.atlas.winet.dcc.ufmg.br  created -> start :2022-01-06 12:16 estimation of stop:2022-01-06 20:36-> 31006,31024,31201,31228,31302,31342,31453,31690,31692,31750,31752,31800,31924,31927,31962,32051,32064,32075,32096,32136
Measurement id = 34743004 To popcluster97.atlas.winet.dcc.ufmg.br  created -> start :2022-01-06 12:16 estimation of stop:2022-01-06 20:36-> 31006,31024,31201,31228,31302,31342,31453,31690,31692,31750,31752,31800,31924,31927,31962,32051,32064,32075,32096,32136
Measurement id = 34743005 To popcluster98.atlas.winet.dcc.ufmg.br  created -> start :2022-01-06 12:16 estimation of stop:2022-01-06 20:36-> 31006,31024,31201,31228,31302,31342,31453,31690,31692,31750,31752,31800,31924,31927,31962,32051,32064,32075,32096,32136
Measurement id = 34743006 To popcluster99.atlas.winet.dcc.ufmg.br  created -> start :2022-01-06 12:16 estimation of stop:2022-01-06 20:36-> 31006,31024,31201,31228,31302,31342,31453,31690,31692,31750,31752,31800,31924,31927,31962,32051,32064,32075,32096,32136
Measurement id = 34743007 To popcluster100.atlas.winet.dcc.ufmg.br  created -> start :2022-01-06 12:16 estimation of stop:2022-01-06 20:36-> 31006,31024,31201,31228,31302,31342,31453,31690,31692,31750,31752,31800,31924,31927,31962,32051,32064,32075,32096,32136
