Measurement id = 34782101 To popcluster1.atlas.winet.dcc.ufmg.br  created -> start :2022-01-11 14:14 estimation of stop:2022-01-11 22:34-> 50504,50535,50684,50728,50840,50885,50913,50954,51072,33230,33297,33316,33403,33614,33626,33706,33804,33814,33835,33840
Measurement id = 34782102 To popcluster2.atlas.winet.dcc.ufmg.br  created -> start :2022-01-11 14:14 estimation of stop:2022-01-11 22:34-> 50504,50535,50684,50728,50840,50885,50913,50954,51072,33230,33297,33316,33403,33614,33626,33706,33804,33814,33835,33840
Measurement id = 34782103 To popcluster3.atlas.winet.dcc.ufmg.br  created -> start :2022-01-11 14:14 estimation of stop:2022-01-11 22:34-> 50504,50535,50684,50728,50840,50885,50913,50954,51072,33230,33297,33316,33403,33614,33626,33706,33804,33814,33835,33840
Measurement id = 34782105 To popcluster4.atlas.winet.dcc.ufmg.br  created -> start :2022-01-11 14:14 estimation of stop:2022-01-11 22:34-> 50504,50535,50684,50728,50840,50885,50913,50954,51072,33230,33297,33316,33403,33614,33626,33706,33804,33814,33835,33840
Measurement id = 34782106 To popcluster5.atlas.winet.dcc.ufmg.br  created -> start :2022-01-11 14:14 estimation of stop:2022-01-11 22:34-> 50504,50535,50684,50728,50840,50885,50913,50954,51072,33230,33297,33316,33403,33614,33626,33706,33804,33814,33835,33840
Measurement id = 34782107 To popcluster6.atlas.winet.dcc.ufmg.br  created -> start :2022-01-11 14:14 estimation of stop:2022-01-11 22:34-> 50504,50535,50684,50728,50840,50885,50913,50954,51072,33230,33297,33316,33403,33614,33626,33706,33804,33814,33835,33840
Measurement id = 34782108 To popcluster7.atlas.winet.dcc.ufmg.br  created -> start :2022-01-11 14:14 estimation of stop:2022-01-11 22:34-> 50504,50535,50684,50728,50840,50885,50913,50954,51072,33230,33297,33316,33403,33614,33626,33706,33804,33814,33835,33840
Measurement id = 34782109 To popcluster8.atlas.winet.dcc.ufmg.br  created -> start :2022-01-11 14:14 estimation of stop:2022-01-11 22:34-> 50504,50535,50684,50728,50840,50885,50913,50954,51072,33230,33297,33316,33403,33614,33626,33706,33804,33814,33835,33840
Measurement id = 34782110 To popcluster9.atlas.winet.dcc.ufmg.br  created -> start :2022-01-11 14:14 estimation of stop:2022-01-11 22:34-> 50504,50535,50684,50728,50840,50885,50913,50954,51072,33230,33297,33316,33403,33614,33626,33706,33804,33814,33835,33840
Measurement id = 34782113 To popcluster10.atlas.winet.dcc.ufmg.br  created -> start :2022-01-11 14:14 estimation of stop:2022-01-11 22:34-> 50504,50535,50684,50728,50840,50885,50913,50954,51072,33230,33297,33316,33403,33614,33626,33706,33804,33814,33835,33840
Measurement id = 34782114 To popcluster11.atlas.winet.dcc.ufmg.br  created -> start :2022-01-11 14:14 estimation of stop:2022-01-11 22:34-> 50504,50535,50684,50728,50840,50885,50913,50954,51072,33230,33297,33316,33403,33614,33626,33706,33804,33814,33835,33840
Measurement id = 34782116 To popcluster12.atlas.winet.dcc.ufmg.br  created -> start :2022-01-11 14:14 estimation of stop:2022-01-11 22:34-> 50504,50535,50684,50728,50840,50885,50913,50954,51072,33230,33297,33316,33403,33614,33626,33706,33804,33814,33835,33840
Measurement id = 34782117 To popcluster13.atlas.winet.dcc.ufmg.br  created -> start :2022-01-11 14:14 estimation of stop:2022-01-11 22:34-> 50504,50535,50684,50728,50840,50885,50913,50954,51072,33230,33297,33316,33403,33614,33626,33706,33804,33814,33835,33840
Measurement id = 34782118 To popcluster14.atlas.winet.dcc.ufmg.br  created -> start :2022-01-11 14:14 estimation of stop:2022-01-11 22:34-> 50504,50535,50684,50728,50840,50885,50913,50954,51072,33230,33297,33316,33403,33614,33626,33706,33804,33814,33835,33840
Measurement id = 34782119 To popcluster15.atlas.winet.dcc.ufmg.br  created -> start :2022-01-11 14:14 estimation of stop:2022-01-11 22:34-> 50504,50535,50684,50728,50840,50885,50913,50954,51072,33230,33297,33316,33403,33614,33626,33706,33804,33814,33835,33840
Measurement id = 34782120 To popcluster16.atlas.winet.dcc.ufmg.br  created -> start :2022-01-11 14:14 estimation of stop:2022-01-11 22:34-> 50504,50535,50684,50728,50840,50885,50913,50954,51072,33230,33297,33316,33403,33614,33626,33706,33804,33814,33835,33840
Measurement id = 34782121 To popcluster17.atlas.winet.dcc.ufmg.br  created -> start :2022-01-11 14:14 estimation of stop:2022-01-11 22:34-> 50504,50535,50684,50728,50840,50885,50913,50954,51072,33230,33297,33316,33403,33614,33626,33706,33804,33814,33835,33840
Measurement id = 34782122 To popcluster18.atlas.winet.dcc.ufmg.br  created -> start :2022-01-11 14:14 estimation of stop:2022-01-11 22:34-> 50504,50535,50684,50728,50840,50885,50913,50954,51072,33230,33297,33316,33403,33614,33626,33706,33804,33814,33835,33840
Measurement id = 34782123 To popcluster19.atlas.winet.dcc.ufmg.br  created -> start :2022-01-11 14:14 estimation of stop:2022-01-11 22:34-> 50504,50535,50684,50728,50840,50885,50913,50954,51072,33230,33297,33316,33403,33614,33626,33706,33804,33814,33835,33840
Measurement id = 34782125 To popcluster20.atlas.winet.dcc.ufmg.br  created -> start :2022-01-11 14:14 estimation of stop:2022-01-11 22:34-> 50504,50535,50684,50728,50840,50885,50913,50954,51072,33230,33297,33316,33403,33614,33626,33706,33804,33814,33835,33840
Measurement id = 34782128 To popcluster21.atlas.winet.dcc.ufmg.br  created -> start :2022-01-11 14:14 estimation of stop:2022-01-11 22:34-> 50504,50535,50684,50728,50840,50885,50913,50954,51072,33230,33297,33316,33403,33614,33626,33706,33804,33814,33835,33840
Measurement id = 34782131 To popcluster22.atlas.winet.dcc.ufmg.br  created -> start :2022-01-11 14:14 estimation of stop:2022-01-11 22:34-> 50504,50535,50684,50728,50840,50885,50913,50954,51072,33230,33297,33316,33403,33614,33626,33706,33804,33814,33835,33840
Measurement id = 34782133 To popcluster23.atlas.winet.dcc.ufmg.br  created -> start :2022-01-11 14:14 estimation of stop:2022-01-11 22:34-> 50504,50535,50684,50728,50840,50885,50913,50954,51072,33230,33297,33316,33403,33614,33626,33706,33804,33814,33835,33840
Measurement id = 34782134 To popcluster24.atlas.winet.dcc.ufmg.br  created -> start :2022-01-11 14:14 estimation of stop:2022-01-11 22:34-> 50504,50535,50684,50728,50840,50885,50913,50954,51072,33230,33297,33316,33403,33614,33626,33706,33804,33814,33835,33840
Measurement id = 34782135 To popcluster25.atlas.winet.dcc.ufmg.br  created -> start :2022-01-11 14:14 estimation of stop:2022-01-11 22:34-> 50504,50535,50684,50728,50840,50885,50913,50954,51072,33230,33297,33316,33403,33614,33626,33706,33804,33814,33835,33840
Measurement id = 34782136 To popcluster26.atlas.winet.dcc.ufmg.br  created -> start :2022-01-11 14:14 estimation of stop:2022-01-11 22:34-> 50504,50535,50684,50728,50840,50885,50913,50954,51072,33230,33297,33316,33403,33614,33626,33706,33804,33814,33835,33840
Measurement id = 34782137 To popcluster27.atlas.winet.dcc.ufmg.br  created -> start :2022-01-11 14:14 estimation of stop:2022-01-11 22:34-> 50504,50535,50684,50728,50840,50885,50913,50954,51072,33230,33297,33316,33403,33614,33626,33706,33804,33814,33835,33840
Measurement id = 34782139 To popcluster28.atlas.winet.dcc.ufmg.br  created -> start :2022-01-11 14:14 estimation of stop:2022-01-11 22:34-> 50504,50535,50684,50728,50840,50885,50913,50954,51072,33230,33297,33316,33403,33614,33626,33706,33804,33814,33835,33840
Measurement id = 34782140 To popcluster29.atlas.winet.dcc.ufmg.br  created -> start :2022-01-11 14:14 estimation of stop:2022-01-11 22:34-> 50504,50535,50684,50728,50840,50885,50913,50954,51072,33230,33297,33316,33403,33614,33626,33706,33804,33814,33835,33840
Measurement id = 34782141 To popcluster30.atlas.winet.dcc.ufmg.br  created -> start :2022-01-11 14:14 estimation of stop:2022-01-11 22:34-> 50504,50535,50684,50728,50840,50885,50913,50954,51072,33230,33297,33316,33403,33614,33626,33706,33804,33814,33835,33840
Measurement id = 34782142 To popcluster31.atlas.winet.dcc.ufmg.br  created -> start :2022-01-11 14:14 estimation of stop:2022-01-11 22:34-> 50504,50535,50684,50728,50840,50885,50913,50954,51072,33230,33297,33316,33403,33614,33626,33706,33804,33814,33835,33840
Measurement id = 34782143 To popcluster32.atlas.winet.dcc.ufmg.br  created -> start :2022-01-11 14:14 estimation of stop:2022-01-11 22:34-> 50504,50535,50684,50728,50840,50885,50913,50954,51072,33230,33297,33316,33403,33614,33626,33706,33804,33814,33835,33840
Measurement id = 34782144 To popcluster33.atlas.winet.dcc.ufmg.br  created -> start :2022-01-11 14:14 estimation of stop:2022-01-11 22:34-> 50504,50535,50684,50728,50840,50885,50913,50954,51072,33230,33297,33316,33403,33614,33626,33706,33804,33814,33835,33840
Measurement id = 34782145 To popcluster34.atlas.winet.dcc.ufmg.br  created -> start :2022-01-11 14:14 estimation of stop:2022-01-11 22:34-> 50504,50535,50684,50728,50840,50885,50913,50954,51072,33230,33297,33316,33403,33614,33626,33706,33804,33814,33835,33840
Measurement id = 34782146 To popcluster35.atlas.winet.dcc.ufmg.br  created -> start :2022-01-11 14:14 estimation of stop:2022-01-11 22:34-> 50504,50535,50684,50728,50840,50885,50913,50954,51072,33230,33297,33316,33403,33614,33626,33706,33804,33814,33835,33840
Measurement id = 34782147 To popcluster36.atlas.winet.dcc.ufmg.br  created -> start :2022-01-11 14:14 estimation of stop:2022-01-11 22:34-> 50504,50535,50684,50728,50840,50885,50913,50954,51072,33230,33297,33316,33403,33614,33626,33706,33804,33814,33835,33840
Measurement id = 34782149 To popcluster37.atlas.winet.dcc.ufmg.br  created -> start :2022-01-11 14:14 estimation of stop:2022-01-11 22:34-> 50504,50535,50684,50728,50840,50885,50913,50954,51072,33230,33297,33316,33403,33614,33626,33706,33804,33814,33835,33840
Measurement id = 34782150 To popcluster38.atlas.winet.dcc.ufmg.br  created -> start :2022-01-11 14:14 estimation of stop:2022-01-11 22:34-> 50504,50535,50684,50728,50840,50885,50913,50954,51072,33230,33297,33316,33403,33614,33626,33706,33804,33814,33835,33840
Measurement id = 34782151 To popcluster39.atlas.winet.dcc.ufmg.br  created -> start :2022-01-11 14:14 estimation of stop:2022-01-11 22:34-> 50504,50535,50684,50728,50840,50885,50913,50954,51072,33230,33297,33316,33403,33614,33626,33706,33804,33814,33835,33840
Measurement id = 34782152 To popcluster40.atlas.winet.dcc.ufmg.br  created -> start :2022-01-11 14:14 estimation of stop:2022-01-11 22:34-> 50504,50535,50684,50728,50840,50885,50913,50954,51072,33230,33297,33316,33403,33614,33626,33706,33804,33814,33835,33840
Measurement id = 34782153 To popcluster41.atlas.winet.dcc.ufmg.br  created -> start :2022-01-11 14:14 estimation of stop:2022-01-11 22:34-> 50504,50535,50684,50728,50840,50885,50913,50954,51072,33230,33297,33316,33403,33614,33626,33706,33804,33814,33835,33840
Measurement id = 34782154 To popcluster42.atlas.winet.dcc.ufmg.br  created -> start :2022-01-11 14:14 estimation of stop:2022-01-11 22:34-> 50504,50535,50684,50728,50840,50885,50913,50954,51072,33230,33297,33316,33403,33614,33626,33706,33804,33814,33835,33840
Measurement id = 34782155 To popcluster43.atlas.winet.dcc.ufmg.br  created -> start :2022-01-11 14:14 estimation of stop:2022-01-11 22:34-> 50504,50535,50684,50728,50840,50885,50913,50954,51072,33230,33297,33316,33403,33614,33626,33706,33804,33814,33835,33840
Measurement id = 34782156 To popcluster44.atlas.winet.dcc.ufmg.br  created -> start :2022-01-11 14:14 estimation of stop:2022-01-11 22:34-> 50504,50535,50684,50728,50840,50885,50913,50954,51072,33230,33297,33316,33403,33614,33626,33706,33804,33814,33835,33840
Measurement id = 34782157 To popcluster45.atlas.winet.dcc.ufmg.br  created -> start :2022-01-11 14:14 estimation of stop:2022-01-11 22:34-> 50504,50535,50684,50728,50840,50885,50913,50954,51072,33230,33297,33316,33403,33614,33626,33706,33804,33814,33835,33840
Measurement id = 34782158 To popcluster46.atlas.winet.dcc.ufmg.br  created -> start :2022-01-11 14:14 estimation of stop:2022-01-11 22:34-> 50504,50535,50684,50728,50840,50885,50913,50954,51072,33230,33297,33316,33403,33614,33626,33706,33804,33814,33835,33840
Measurement id = 34782159 To popcluster47.atlas.winet.dcc.ufmg.br  created -> start :2022-01-11 14:14 estimation of stop:2022-01-11 22:34-> 50504,50535,50684,50728,50840,50885,50913,50954,51072,33230,33297,33316,33403,33614,33626,33706,33804,33814,33835,33840
Measurement id = 34782160 To popcluster48.atlas.winet.dcc.ufmg.br  created -> start :2022-01-11 14:14 estimation of stop:2022-01-11 22:34-> 50504,50535,50684,50728,50840,50885,50913,50954,51072,33230,33297,33316,33403,33614,33626,33706,33804,33814,33835,33840
Measurement id = 34782161 To popcluster49.atlas.winet.dcc.ufmg.br  created -> start :2022-01-11 14:14 estimation of stop:2022-01-11 22:34-> 50504,50535,50684,50728,50840,50885,50913,50954,51072,33230,33297,33316,33403,33614,33626,33706,33804,33814,33835,33840
Measurement id = 34782162 To popcluster50.atlas.winet.dcc.ufmg.br  created -> start :2022-01-11 14:14 estimation of stop:2022-01-11 22:34-> 50504,50535,50684,50728,50840,50885,50913,50954,51072,33230,33297,33316,33403,33614,33626,33706,33804,33814,33835,33840
Measurement id = 34782163 To popcluster51.atlas.winet.dcc.ufmg.br  created -> start :2022-01-11 14:14 estimation of stop:2022-01-11 22:34-> 50504,50535,50684,50728,50840,50885,50913,50954,51072,33230,33297,33316,33403,33614,33626,33706,33804,33814,33835,33840
Measurement id = 34782164 To popcluster52.atlas.winet.dcc.ufmg.br  created -> start :2022-01-11 14:14 estimation of stop:2022-01-11 22:34-> 50504,50535,50684,50728,50840,50885,50913,50954,51072,33230,33297,33316,33403,33614,33626,33706,33804,33814,33835,33840
Measurement id = 34782165 To popcluster53.atlas.winet.dcc.ufmg.br  created -> start :2022-01-11 14:14 estimation of stop:2022-01-11 22:34-> 50504,50535,50684,50728,50840,50885,50913,50954,51072,33230,33297,33316,33403,33614,33626,33706,33804,33814,33835,33840
Measurement id = 34782166 To popcluster54.atlas.winet.dcc.ufmg.br  created -> start :2022-01-11 14:14 estimation of stop:2022-01-11 22:34-> 50504,50535,50684,50728,50840,50885,50913,50954,51072,33230,33297,33316,33403,33614,33626,33706,33804,33814,33835,33840
Measurement id = 34782167 To popcluster55.atlas.winet.dcc.ufmg.br  created -> start :2022-01-11 14:14 estimation of stop:2022-01-11 22:34-> 50504,50535,50684,50728,50840,50885,50913,50954,51072,33230,33297,33316,33403,33614,33626,33706,33804,33814,33835,33840
Measurement id = 34782168 To popcluster56.atlas.winet.dcc.ufmg.br  created -> start :2022-01-11 14:14 estimation of stop:2022-01-11 22:34-> 50504,50535,50684,50728,50840,50885,50913,50954,51072,33230,33297,33316,33403,33614,33626,33706,33804,33814,33835,33840
Measurement id = 34782169 To popcluster57.atlas.winet.dcc.ufmg.br  created -> start :2022-01-11 14:14 estimation of stop:2022-01-11 22:34-> 50504,50535,50684,50728,50840,50885,50913,50954,51072,33230,33297,33316,33403,33614,33626,33706,33804,33814,33835,33840
Measurement id = 34782170 To popcluster58.atlas.winet.dcc.ufmg.br  created -> start :2022-01-11 14:14 estimation of stop:2022-01-11 22:34-> 50504,50535,50684,50728,50840,50885,50913,50954,51072,33230,33297,33316,33403,33614,33626,33706,33804,33814,33835,33840
Measurement id = 34782171 To popcluster59.atlas.winet.dcc.ufmg.br  created -> start :2022-01-11 14:14 estimation of stop:2022-01-11 22:34-> 50504,50535,50684,50728,50840,50885,50913,50954,51072,33230,33297,33316,33403,33614,33626,33706,33804,33814,33835,33840
Measurement id = 34782172 To popcluster60.atlas.winet.dcc.ufmg.br  created -> start :2022-01-11 14:14 estimation of stop:2022-01-11 22:34-> 50504,50535,50684,50728,50840,50885,50913,50954,51072,33230,33297,33316,33403,33614,33626,33706,33804,33814,33835,33840
Measurement id = 34782173 To popcluster61.atlas.winet.dcc.ufmg.br  created -> start :2022-01-11 14:14 estimation of stop:2022-01-11 22:34-> 50504,50535,50684,50728,50840,50885,50913,50954,51072,33230,33297,33316,33403,33614,33626,33706,33804,33814,33835,33840
Measurement id = 34782174 To popcluster62.atlas.winet.dcc.ufmg.br  created -> start :2022-01-11 14:14 estimation of stop:2022-01-11 22:34-> 50504,50535,50684,50728,50840,50885,50913,50954,51072,33230,33297,33316,33403,33614,33626,33706,33804,33814,33835,33840
Measurement id = 34782175 To popcluster63.atlas.winet.dcc.ufmg.br  created -> start :2022-01-11 14:14 estimation of stop:2022-01-11 22:34-> 50504,50535,50684,50728,50840,50885,50913,50954,51072,33230,33297,33316,33403,33614,33626,33706,33804,33814,33835,33840
Measurement id = 34782176 To popcluster64.atlas.winet.dcc.ufmg.br  created -> start :2022-01-11 14:14 estimation of stop:2022-01-11 22:34-> 50504,50535,50684,50728,50840,50885,50913,50954,51072,33230,33297,33316,33403,33614,33626,33706,33804,33814,33835,33840
Measurement id = 34782177 To popcluster65.atlas.winet.dcc.ufmg.br  created -> start :2022-01-11 14:14 estimation of stop:2022-01-11 22:34-> 50504,50535,50684,50728,50840,50885,50913,50954,51072,33230,33297,33316,33403,33614,33626,33706,33804,33814,33835,33840
Measurement id = 34782178 To popcluster66.atlas.winet.dcc.ufmg.br  created -> start :2022-01-11 14:14 estimation of stop:2022-01-11 22:34-> 50504,50535,50684,50728,50840,50885,50913,50954,51072,33230,33297,33316,33403,33614,33626,33706,33804,33814,33835,33840
Measurement id = 34782179 To popcluster67.atlas.winet.dcc.ufmg.br  created -> start :2022-01-11 14:14 estimation of stop:2022-01-11 22:34-> 50504,50535,50684,50728,50840,50885,50913,50954,51072,33230,33297,33316,33403,33614,33626,33706,33804,33814,33835,33840
Measurement id = 34782180 To popcluster68.atlas.winet.dcc.ufmg.br  created -> start :2022-01-11 14:14 estimation of stop:2022-01-11 22:34-> 50504,50535,50684,50728,50840,50885,50913,50954,51072,33230,33297,33316,33403,33614,33626,33706,33804,33814,33835,33840
Measurement id = 34782181 To popcluster69.atlas.winet.dcc.ufmg.br  created -> start :2022-01-11 14:14 estimation of stop:2022-01-11 22:34-> 50504,50535,50684,50728,50840,50885,50913,50954,51072,33230,33297,33316,33403,33614,33626,33706,33804,33814,33835,33840
Measurement id = 34782182 To popcluster70.atlas.winet.dcc.ufmg.br  created -> start :2022-01-11 14:14 estimation of stop:2022-01-11 22:34-> 50504,50535,50684,50728,50840,50885,50913,50954,51072,33230,33297,33316,33403,33614,33626,33706,33804,33814,33835,33840
Measurement id = 34782183 To popcluster71.atlas.winet.dcc.ufmg.br  created -> start :2022-01-11 14:14 estimation of stop:2022-01-11 22:34-> 50504,50535,50684,50728,50840,50885,50913,50954,51072,33230,33297,33316,33403,33614,33626,33706,33804,33814,33835,33840
Measurement id = 34782184 To popcluster72.atlas.winet.dcc.ufmg.br  created -> start :2022-01-11 14:14 estimation of stop:2022-01-11 22:34-> 50504,50535,50684,50728,50840,50885,50913,50954,51072,33230,33297,33316,33403,33614,33626,33706,33804,33814,33835,33840
Measurement id = 34782185 To popcluster73.atlas.winet.dcc.ufmg.br  created -> start :2022-01-11 14:14 estimation of stop:2022-01-11 22:34-> 50504,50535,50684,50728,50840,50885,50913,50954,51072,33230,33297,33316,33403,33614,33626,33706,33804,33814,33835,33840
Measurement id = 34782186 To popcluster74.atlas.winet.dcc.ufmg.br  created -> start :2022-01-11 14:14 estimation of stop:2022-01-11 22:34-> 50504,50535,50684,50728,50840,50885,50913,50954,51072,33230,33297,33316,33403,33614,33626,33706,33804,33814,33835,33840
Measurement id = 34782187 To popcluster75.atlas.winet.dcc.ufmg.br  created -> start :2022-01-11 14:14 estimation of stop:2022-01-11 22:34-> 50504,50535,50684,50728,50840,50885,50913,50954,51072,33230,33297,33316,33403,33614,33626,33706,33804,33814,33835,33840
Measurement id = 34782188 To popcluster76.atlas.winet.dcc.ufmg.br  created -> start :2022-01-11 14:14 estimation of stop:2022-01-11 22:34-> 50504,50535,50684,50728,50840,50885,50913,50954,51072,33230,33297,33316,33403,33614,33626,33706,33804,33814,33835,33840
Measurement id = 34782190 To popcluster77.atlas.winet.dcc.ufmg.br  created -> start :2022-01-11 14:14 estimation of stop:2022-01-11 22:34-> 50504,50535,50684,50728,50840,50885,50913,50954,51072,33230,33297,33316,33403,33614,33626,33706,33804,33814,33835,33840
Measurement id = 34782191 To popcluster78.atlas.winet.dcc.ufmg.br  created -> start :2022-01-11 14:14 estimation of stop:2022-01-11 22:34-> 50504,50535,50684,50728,50840,50885,50913,50954,51072,33230,33297,33316,33403,33614,33626,33706,33804,33814,33835,33840
Measurement id = 34782192 To popcluster79.atlas.winet.dcc.ufmg.br  created -> start :2022-01-11 14:14 estimation of stop:2022-01-11 22:34-> 50504,50535,50684,50728,50840,50885,50913,50954,51072,33230,33297,33316,33403,33614,33626,33706,33804,33814,33835,33840
Measurement id = 34782193 To popcluster80.atlas.winet.dcc.ufmg.br  created -> start :2022-01-11 14:14 estimation of stop:2022-01-11 22:34-> 50504,50535,50684,50728,50840,50885,50913,50954,51072,33230,33297,33316,33403,33614,33626,33706,33804,33814,33835,33840
Measurement id = 34782194 To popcluster81.atlas.winet.dcc.ufmg.br  created -> start :2022-01-11 14:14 estimation of stop:2022-01-11 22:34-> 50504,50535,50684,50728,50840,50885,50913,50954,51072,33230,33297,33316,33403,33614,33626,33706,33804,33814,33835,33840
Measurement id = 34782195 To popcluster82.atlas.winet.dcc.ufmg.br  created -> start :2022-01-11 14:14 estimation of stop:2022-01-11 22:34-> 50504,50535,50684,50728,50840,50885,50913,50954,51072,33230,33297,33316,33403,33614,33626,33706,33804,33814,33835,33840
Measurement id = 34782196 To popcluster83.atlas.winet.dcc.ufmg.br  created -> start :2022-01-11 14:14 estimation of stop:2022-01-11 22:34-> 50504,50535,50684,50728,50840,50885,50913,50954,51072,33230,33297,33316,33403,33614,33626,33706,33804,33814,33835,33840
Measurement id = 34782197 To popcluster84.atlas.winet.dcc.ufmg.br  created -> start :2022-01-11 14:14 estimation of stop:2022-01-11 22:34-> 50504,50535,50684,50728,50840,50885,50913,50954,51072,33230,33297,33316,33403,33614,33626,33706,33804,33814,33835,33840
Measurement id = 34782198 To popcluster85.atlas.winet.dcc.ufmg.br  created -> start :2022-01-11 14:14 estimation of stop:2022-01-11 22:34-> 50504,50535,50684,50728,50840,50885,50913,50954,51072,33230,33297,33316,33403,33614,33626,33706,33804,33814,33835,33840
Measurement id = 34782199 To popcluster86.atlas.winet.dcc.ufmg.br  created -> start :2022-01-11 14:14 estimation of stop:2022-01-11 22:34-> 50504,50535,50684,50728,50840,50885,50913,50954,51072,33230,33297,33316,33403,33614,33626,33706,33804,33814,33835,33840
Measurement id = 34782200 To popcluster87.atlas.winet.dcc.ufmg.br  created -> start :2022-01-11 14:14 estimation of stop:2022-01-11 22:34-> 50504,50535,50684,50728,50840,50885,50913,50954,51072,33230,33297,33316,33403,33614,33626,33706,33804,33814,33835,33840
Measurement id = 34782201 To popcluster88.atlas.winet.dcc.ufmg.br  created -> start :2022-01-11 14:14 estimation of stop:2022-01-11 22:34-> 50504,50535,50684,50728,50840,50885,50913,50954,51072,33230,33297,33316,33403,33614,33626,33706,33804,33814,33835,33840
Measurement id = 34782202 To popcluster89.atlas.winet.dcc.ufmg.br  created -> start :2022-01-11 14:14 estimation of stop:2022-01-11 22:34-> 50504,50535,50684,50728,50840,50885,50913,50954,51072,33230,33297,33316,33403,33614,33626,33706,33804,33814,33835,33840
Measurement id = 34782203 To popcluster90.atlas.winet.dcc.ufmg.br  created -> start :2022-01-11 14:14 estimation of stop:2022-01-11 22:34-> 50504,50535,50684,50728,50840,50885,50913,50954,51072,33230,33297,33316,33403,33614,33626,33706,33804,33814,33835,33840
Measurement id = 34782204 To popcluster91.atlas.winet.dcc.ufmg.br  created -> start :2022-01-11 14:14 estimation of stop:2022-01-11 22:34-> 50504,50535,50684,50728,50840,50885,50913,50954,51072,33230,33297,33316,33403,33614,33626,33706,33804,33814,33835,33840
Measurement id = 34782205 To popcluster92.atlas.winet.dcc.ufmg.br  created -> start :2022-01-11 14:14 estimation of stop:2022-01-11 22:34-> 50504,50535,50684,50728,50840,50885,50913,50954,51072,33230,33297,33316,33403,33614,33626,33706,33804,33814,33835,33840
Measurement id = 34782206 To popcluster93.atlas.winet.dcc.ufmg.br  created -> start :2022-01-11 14:14 estimation of stop:2022-01-11 22:34-> 50504,50535,50684,50728,50840,50885,50913,50954,51072,33230,33297,33316,33403,33614,33626,33706,33804,33814,33835,33840
Measurement id = 34782208 To popcluster94.atlas.winet.dcc.ufmg.br  created -> start :2022-01-11 14:14 estimation of stop:2022-01-11 22:34-> 50504,50535,50684,50728,50840,50885,50913,50954,51072,33230,33297,33316,33403,33614,33626,33706,33804,33814,33835,33840
Measurement id = 34782209 To popcluster95.atlas.winet.dcc.ufmg.br  created -> start :2022-01-11 14:14 estimation of stop:2022-01-11 22:34-> 50504,50535,50684,50728,50840,50885,50913,50954,51072,33230,33297,33316,33403,33614,33626,33706,33804,33814,33835,33840
Measurement id = 34782210 To popcluster96.atlas.winet.dcc.ufmg.br  created -> start :2022-01-11 14:14 estimation of stop:2022-01-11 22:34-> 50504,50535,50684,50728,50840,50885,50913,50954,51072,33230,33297,33316,33403,33614,33626,33706,33804,33814,33835,33840
Measurement id = 34782211 To popcluster97.atlas.winet.dcc.ufmg.br  created -> start :2022-01-11 14:14 estimation of stop:2022-01-11 22:34-> 50504,50535,50684,50728,50840,50885,50913,50954,51072,33230,33297,33316,33403,33614,33626,33706,33804,33814,33835,33840
Measurement id = 34782212 To popcluster98.atlas.winet.dcc.ufmg.br  created -> start :2022-01-11 14:14 estimation of stop:2022-01-11 22:34-> 50504,50535,50684,50728,50840,50885,50913,50954,51072,33230,33297,33316,33403,33614,33626,33706,33804,33814,33835,33840
Measurement id = 34782213 To popcluster99.atlas.winet.dcc.ufmg.br  created -> start :2022-01-11 14:14 estimation of stop:2022-01-11 22:34-> 50504,50535,50684,50728,50840,50885,50913,50954,51072,33230,33297,33316,33403,33614,33626,33706,33804,33814,33835,33840
Measurement id = 34782214 To popcluster100.atlas.winet.dcc.ufmg.br  created -> start :2022-01-11 14:14 estimation of stop:2022-01-11 22:34-> 50504,50535,50684,50728,50840,50885,50913,50954,51072,33230,33297,33316,33403,33614,33626,33706,33804,33814,33835,33840
