Measurement id = 34961034 To popcluster1.atlas.winet.dcc.ufmg.br  created -> start :2022-01-25 19:43 estimation of stop:2022-01-26 04:03-> 54648,54662,54678,54724,54739,54749,54773,54778,54789,54808,54885,54928,55038,55050,55104,55116,55151,55161,55178,55198
Measurement id = 34961035 To popcluster2.atlas.winet.dcc.ufmg.br  created -> start :2022-01-25 19:43 estimation of stop:2022-01-26 04:03-> 54648,54662,54678,54724,54739,54749,54773,54778,54789,54808,54885,54928,55038,55050,55104,55116,55151,55161,55178,55198
Measurement id = 34961036 To popcluster3.atlas.winet.dcc.ufmg.br  created -> start :2022-01-25 19:43 estimation of stop:2022-01-26 04:03-> 54648,54662,54678,54724,54739,54749,54773,54778,54789,54808,54885,54928,55038,55050,55104,55116,55151,55161,55178,55198
Measurement id = 34961037 To popcluster4.atlas.winet.dcc.ufmg.br  created -> start :2022-01-25 19:43 estimation of stop:2022-01-26 04:03-> 54648,54662,54678,54724,54739,54749,54773,54778,54789,54808,54885,54928,55038,55050,55104,55116,55151,55161,55178,55198
Measurement id = 34961038 To popcluster5.atlas.winet.dcc.ufmg.br  created -> start :2022-01-25 19:43 estimation of stop:2022-01-26 04:03-> 54648,54662,54678,54724,54739,54749,54773,54778,54789,54808,54885,54928,55038,55050,55104,55116,55151,55161,55178,55198
Measurement id = 34961039 To popcluster6.atlas.winet.dcc.ufmg.br  created -> start :2022-01-25 19:43 estimation of stop:2022-01-26 04:03-> 54648,54662,54678,54724,54739,54749,54773,54778,54789,54808,54885,54928,55038,55050,55104,55116,55151,55161,55178,55198
Measurement id = 34961040 To popcluster7.atlas.winet.dcc.ufmg.br  created -> start :2022-01-25 19:43 estimation of stop:2022-01-26 04:03-> 54648,54662,54678,54724,54739,54749,54773,54778,54789,54808,54885,54928,55038,55050,55104,55116,55151,55161,55178,55198
Measurement id = 34961041 To popcluster8.atlas.winet.dcc.ufmg.br  created -> start :2022-01-25 19:43 estimation of stop:2022-01-26 04:03-> 54648,54662,54678,54724,54739,54749,54773,54778,54789,54808,54885,54928,55038,55050,55104,55116,55151,55161,55178,55198
Measurement id = 34961042 To popcluster9.atlas.winet.dcc.ufmg.br  created -> start :2022-01-25 19:43 estimation of stop:2022-01-26 04:03-> 54648,54662,54678,54724,54739,54749,54773,54778,54789,54808,54885,54928,55038,55050,55104,55116,55151,55161,55178,55198
Measurement id = 34961043 To popcluster10.atlas.winet.dcc.ufmg.br  created -> start :2022-01-25 19:43 estimation of stop:2022-01-26 04:03-> 54648,54662,54678,54724,54739,54749,54773,54778,54789,54808,54885,54928,55038,55050,55104,55116,55151,55161,55178,55198
Measurement id = 34961044 To popcluster11.atlas.winet.dcc.ufmg.br  created -> start :2022-01-25 19:43 estimation of stop:2022-01-26 04:03-> 54648,54662,54678,54724,54739,54749,54773,54778,54789,54808,54885,54928,55038,55050,55104,55116,55151,55161,55178,55198
Measurement id = 34961045 To popcluster12.atlas.winet.dcc.ufmg.br  created -> start :2022-01-25 19:43 estimation of stop:2022-01-26 04:03-> 54648,54662,54678,54724,54739,54749,54773,54778,54789,54808,54885,54928,55038,55050,55104,55116,55151,55161,55178,55198
Measurement id = 34961046 To popcluster13.atlas.winet.dcc.ufmg.br  created -> start :2022-01-25 19:43 estimation of stop:2022-01-26 04:03-> 54648,54662,54678,54724,54739,54749,54773,54778,54789,54808,54885,54928,55038,55050,55104,55116,55151,55161,55178,55198
Measurement id = 34961047 To popcluster14.atlas.winet.dcc.ufmg.br  created -> start :2022-01-25 19:43 estimation of stop:2022-01-26 04:03-> 54648,54662,54678,54724,54739,54749,54773,54778,54789,54808,54885,54928,55038,55050,55104,55116,55151,55161,55178,55198
Measurement id = 34961048 To popcluster15.atlas.winet.dcc.ufmg.br  created -> start :2022-01-25 19:43 estimation of stop:2022-01-26 04:03-> 54648,54662,54678,54724,54739,54749,54773,54778,54789,54808,54885,54928,55038,55050,55104,55116,55151,55161,55178,55198
Measurement id = 34961049 To popcluster16.atlas.winet.dcc.ufmg.br  created -> start :2022-01-25 19:43 estimation of stop:2022-01-26 04:03-> 54648,54662,54678,54724,54739,54749,54773,54778,54789,54808,54885,54928,55038,55050,55104,55116,55151,55161,55178,55198
Measurement id = 34961050 To popcluster17.atlas.winet.dcc.ufmg.br  created -> start :2022-01-25 19:43 estimation of stop:2022-01-26 04:03-> 54648,54662,54678,54724,54739,54749,54773,54778,54789,54808,54885,54928,55038,55050,55104,55116,55151,55161,55178,55198
Measurement id = 34961051 To popcluster18.atlas.winet.dcc.ufmg.br  created -> start :2022-01-25 19:43 estimation of stop:2022-01-26 04:03-> 54648,54662,54678,54724,54739,54749,54773,54778,54789,54808,54885,54928,55038,55050,55104,55116,55151,55161,55178,55198
Measurement id = 34961053 To popcluster19.atlas.winet.dcc.ufmg.br  created -> start :2022-01-25 19:43 estimation of stop:2022-01-26 04:03-> 54648,54662,54678,54724,54739,54749,54773,54778,54789,54808,54885,54928,55038,55050,55104,55116,55151,55161,55178,55198
Measurement id = 34961054 To popcluster20.atlas.winet.dcc.ufmg.br  created -> start :2022-01-25 19:43 estimation of stop:2022-01-26 04:03-> 54648,54662,54678,54724,54739,54749,54773,54778,54789,54808,54885,54928,55038,55050,55104,55116,55151,55161,55178,55198
Measurement id = 34961055 To popcluster21.atlas.winet.dcc.ufmg.br  created -> start :2022-01-25 19:43 estimation of stop:2022-01-26 04:03-> 54648,54662,54678,54724,54739,54749,54773,54778,54789,54808,54885,54928,55038,55050,55104,55116,55151,55161,55178,55198
Measurement id = 34961056 To popcluster22.atlas.winet.dcc.ufmg.br  created -> start :2022-01-25 19:43 estimation of stop:2022-01-26 04:03-> 54648,54662,54678,54724,54739,54749,54773,54778,54789,54808,54885,54928,55038,55050,55104,55116,55151,55161,55178,55198
Measurement id = 34961057 To popcluster23.atlas.winet.dcc.ufmg.br  created -> start :2022-01-25 19:43 estimation of stop:2022-01-26 04:03-> 54648,54662,54678,54724,54739,54749,54773,54778,54789,54808,54885,54928,55038,55050,55104,55116,55151,55161,55178,55198
Measurement id = 34961058 To popcluster24.atlas.winet.dcc.ufmg.br  created -> start :2022-01-25 19:43 estimation of stop:2022-01-26 04:03-> 54648,54662,54678,54724,54739,54749,54773,54778,54789,54808,54885,54928,55038,55050,55104,55116,55151,55161,55178,55198
Measurement id = 34961059 To popcluster25.atlas.winet.dcc.ufmg.br  created -> start :2022-01-25 19:43 estimation of stop:2022-01-26 04:03-> 54648,54662,54678,54724,54739,54749,54773,54778,54789,54808,54885,54928,55038,55050,55104,55116,55151,55161,55178,55198
Measurement id = 34961060 To popcluster26.atlas.winet.dcc.ufmg.br  created -> start :2022-01-25 19:43 estimation of stop:2022-01-26 04:03-> 54648,54662,54678,54724,54739,54749,54773,54778,54789,54808,54885,54928,55038,55050,55104,55116,55151,55161,55178,55198
Measurement id = 34961061 To popcluster27.atlas.winet.dcc.ufmg.br  created -> start :2022-01-25 19:43 estimation of stop:2022-01-26 04:03-> 54648,54662,54678,54724,54739,54749,54773,54778,54789,54808,54885,54928,55038,55050,55104,55116,55151,55161,55178,55198
Measurement id = 34961062 To popcluster28.atlas.winet.dcc.ufmg.br  created -> start :2022-01-25 19:43 estimation of stop:2022-01-26 04:03-> 54648,54662,54678,54724,54739,54749,54773,54778,54789,54808,54885,54928,55038,55050,55104,55116,55151,55161,55178,55198
Measurement id = 34961063 To popcluster29.atlas.winet.dcc.ufmg.br  created -> start :2022-01-25 19:43 estimation of stop:2022-01-26 04:03-> 54648,54662,54678,54724,54739,54749,54773,54778,54789,54808,54885,54928,55038,55050,55104,55116,55151,55161,55178,55198
Measurement id = 34961064 To popcluster30.atlas.winet.dcc.ufmg.br  created -> start :2022-01-25 19:43 estimation of stop:2022-01-26 04:03-> 54648,54662,54678,54724,54739,54749,54773,54778,54789,54808,54885,54928,55038,55050,55104,55116,55151,55161,55178,55198
Measurement id = 34961065 To popcluster31.atlas.winet.dcc.ufmg.br  created -> start :2022-01-25 19:43 estimation of stop:2022-01-26 04:03-> 54648,54662,54678,54724,54739,54749,54773,54778,54789,54808,54885,54928,55038,55050,55104,55116,55151,55161,55178,55198
Measurement id = 34961066 To popcluster32.atlas.winet.dcc.ufmg.br  created -> start :2022-01-25 19:43 estimation of stop:2022-01-26 04:03-> 54648,54662,54678,54724,54739,54749,54773,54778,54789,54808,54885,54928,55038,55050,55104,55116,55151,55161,55178,55198
Measurement id = 34961067 To popcluster33.atlas.winet.dcc.ufmg.br  created -> start :2022-01-25 19:43 estimation of stop:2022-01-26 04:03-> 54648,54662,54678,54724,54739,54749,54773,54778,54789,54808,54885,54928,55038,55050,55104,55116,55151,55161,55178,55198
Measurement id = 34961068 To popcluster34.atlas.winet.dcc.ufmg.br  created -> start :2022-01-25 19:43 estimation of stop:2022-01-26 04:03-> 54648,54662,54678,54724,54739,54749,54773,54778,54789,54808,54885,54928,55038,55050,55104,55116,55151,55161,55178,55198
Measurement id = 34961069 To popcluster35.atlas.winet.dcc.ufmg.br  created -> start :2022-01-25 19:43 estimation of stop:2022-01-26 04:03-> 54648,54662,54678,54724,54739,54749,54773,54778,54789,54808,54885,54928,55038,55050,55104,55116,55151,55161,55178,55198
Measurement id = 34961071 To popcluster36.atlas.winet.dcc.ufmg.br  created -> start :2022-01-25 19:43 estimation of stop:2022-01-26 04:03-> 54648,54662,54678,54724,54739,54749,54773,54778,54789,54808,54885,54928,55038,55050,55104,55116,55151,55161,55178,55198
Measurement id = 34961072 To popcluster37.atlas.winet.dcc.ufmg.br  created -> start :2022-01-25 19:43 estimation of stop:2022-01-26 04:03-> 54648,54662,54678,54724,54739,54749,54773,54778,54789,54808,54885,54928,55038,55050,55104,55116,55151,55161,55178,55198
Measurement id = 34961073 To popcluster38.atlas.winet.dcc.ufmg.br  created -> start :2022-01-25 19:43 estimation of stop:2022-01-26 04:03-> 54648,54662,54678,54724,54739,54749,54773,54778,54789,54808,54885,54928,55038,55050,55104,55116,55151,55161,55178,55198
Measurement id = 34961074 To popcluster39.atlas.winet.dcc.ufmg.br  created -> start :2022-01-25 19:43 estimation of stop:2022-01-26 04:03-> 54648,54662,54678,54724,54739,54749,54773,54778,54789,54808,54885,54928,55038,55050,55104,55116,55151,55161,55178,55198
Measurement id = 34961076 To popcluster40.atlas.winet.dcc.ufmg.br  created -> start :2022-01-25 19:43 estimation of stop:2022-01-26 04:03-> 54648,54662,54678,54724,54739,54749,54773,54778,54789,54808,54885,54928,55038,55050,55104,55116,55151,55161,55178,55198
Measurement id = 34961077 To popcluster41.atlas.winet.dcc.ufmg.br  created -> start :2022-01-25 19:43 estimation of stop:2022-01-26 04:03-> 54648,54662,54678,54724,54739,54749,54773,54778,54789,54808,54885,54928,55038,55050,55104,55116,55151,55161,55178,55198
Measurement id = 34961078 To popcluster42.atlas.winet.dcc.ufmg.br  created -> start :2022-01-25 19:43 estimation of stop:2022-01-26 04:03-> 54648,54662,54678,54724,54739,54749,54773,54778,54789,54808,54885,54928,55038,55050,55104,55116,55151,55161,55178,55198
Measurement id = 34961079 To popcluster43.atlas.winet.dcc.ufmg.br  created -> start :2022-01-25 19:43 estimation of stop:2022-01-26 04:03-> 54648,54662,54678,54724,54739,54749,54773,54778,54789,54808,54885,54928,55038,55050,55104,55116,55151,55161,55178,55198
Measurement id = 34961080 To popcluster44.atlas.winet.dcc.ufmg.br  created -> start :2022-01-25 19:43 estimation of stop:2022-01-26 04:03-> 54648,54662,54678,54724,54739,54749,54773,54778,54789,54808,54885,54928,55038,55050,55104,55116,55151,55161,55178,55198
Measurement id = 34961081 To popcluster45.atlas.winet.dcc.ufmg.br  created -> start :2022-01-25 19:43 estimation of stop:2022-01-26 04:03-> 54648,54662,54678,54724,54739,54749,54773,54778,54789,54808,54885,54928,55038,55050,55104,55116,55151,55161,55178,55198
Measurement id = 34961082 To popcluster46.atlas.winet.dcc.ufmg.br  created -> start :2022-01-25 19:43 estimation of stop:2022-01-26 04:03-> 54648,54662,54678,54724,54739,54749,54773,54778,54789,54808,54885,54928,55038,55050,55104,55116,55151,55161,55178,55198
Measurement id = 34961083 To popcluster47.atlas.winet.dcc.ufmg.br  created -> start :2022-01-25 19:43 estimation of stop:2022-01-26 04:03-> 54648,54662,54678,54724,54739,54749,54773,54778,54789,54808,54885,54928,55038,55050,55104,55116,55151,55161,55178,55198
Measurement id = 34961084 To popcluster48.atlas.winet.dcc.ufmg.br  created -> start :2022-01-25 19:43 estimation of stop:2022-01-26 04:03-> 54648,54662,54678,54724,54739,54749,54773,54778,54789,54808,54885,54928,55038,55050,55104,55116,55151,55161,55178,55198
Measurement id = 34961085 To popcluster49.atlas.winet.dcc.ufmg.br  created -> start :2022-01-25 19:43 estimation of stop:2022-01-26 04:03-> 54648,54662,54678,54724,54739,54749,54773,54778,54789,54808,54885,54928,55038,55050,55104,55116,55151,55161,55178,55198
Measurement id = 34961086 To popcluster50.atlas.winet.dcc.ufmg.br  created -> start :2022-01-25 19:43 estimation of stop:2022-01-26 04:03-> 54648,54662,54678,54724,54739,54749,54773,54778,54789,54808,54885,54928,55038,55050,55104,55116,55151,55161,55178,55198
Measurement id = 34961087 To popcluster51.atlas.winet.dcc.ufmg.br  created -> start :2022-01-25 19:43 estimation of stop:2022-01-26 04:03-> 54648,54662,54678,54724,54739,54749,54773,54778,54789,54808,54885,54928,55038,55050,55104,55116,55151,55161,55178,55198
Measurement id = 34961088 To popcluster52.atlas.winet.dcc.ufmg.br  created -> start :2022-01-25 19:43 estimation of stop:2022-01-26 04:03-> 54648,54662,54678,54724,54739,54749,54773,54778,54789,54808,54885,54928,55038,55050,55104,55116,55151,55161,55178,55198
Measurement id = 34961089 To popcluster53.atlas.winet.dcc.ufmg.br  created -> start :2022-01-25 19:43 estimation of stop:2022-01-26 04:03-> 54648,54662,54678,54724,54739,54749,54773,54778,54789,54808,54885,54928,55038,55050,55104,55116,55151,55161,55178,55198
Measurement id = 34961090 To popcluster54.atlas.winet.dcc.ufmg.br  created -> start :2022-01-25 19:43 estimation of stop:2022-01-26 04:03-> 54648,54662,54678,54724,54739,54749,54773,54778,54789,54808,54885,54928,55038,55050,55104,55116,55151,55161,55178,55198
Measurement id = 34961091 To popcluster55.atlas.winet.dcc.ufmg.br  created -> start :2022-01-25 19:43 estimation of stop:2022-01-26 04:03-> 54648,54662,54678,54724,54739,54749,54773,54778,54789,54808,54885,54928,55038,55050,55104,55116,55151,55161,55178,55198
Measurement id = 34961092 To popcluster56.atlas.winet.dcc.ufmg.br  created -> start :2022-01-25 19:43 estimation of stop:2022-01-26 04:03-> 54648,54662,54678,54724,54739,54749,54773,54778,54789,54808,54885,54928,55038,55050,55104,55116,55151,55161,55178,55198
Measurement id = 34961093 To popcluster57.atlas.winet.dcc.ufmg.br  created -> start :2022-01-25 19:43 estimation of stop:2022-01-26 04:03-> 54648,54662,54678,54724,54739,54749,54773,54778,54789,54808,54885,54928,55038,55050,55104,55116,55151,55161,55178,55198
Measurement id = 34961094 To popcluster58.atlas.winet.dcc.ufmg.br  created -> start :2022-01-25 19:43 estimation of stop:2022-01-26 04:03-> 54648,54662,54678,54724,54739,54749,54773,54778,54789,54808,54885,54928,55038,55050,55104,55116,55151,55161,55178,55198
Measurement id = 34961095 To popcluster59.atlas.winet.dcc.ufmg.br  created -> start :2022-01-25 19:43 estimation of stop:2022-01-26 04:03-> 54648,54662,54678,54724,54739,54749,54773,54778,54789,54808,54885,54928,55038,55050,55104,55116,55151,55161,55178,55198
Measurement id = 34961096 To popcluster60.atlas.winet.dcc.ufmg.br  created -> start :2022-01-25 19:43 estimation of stop:2022-01-26 04:03-> 54648,54662,54678,54724,54739,54749,54773,54778,54789,54808,54885,54928,55038,55050,55104,55116,55151,55161,55178,55198
Measurement id = 34961097 To popcluster61.atlas.winet.dcc.ufmg.br  created -> start :2022-01-25 19:43 estimation of stop:2022-01-26 04:03-> 54648,54662,54678,54724,54739,54749,54773,54778,54789,54808,54885,54928,55038,55050,55104,55116,55151,55161,55178,55198
Measurement id = 34961102 To popcluster62.atlas.winet.dcc.ufmg.br  created -> start :2022-01-25 19:43 estimation of stop:2022-01-26 04:03-> 54648,54662,54678,54724,54739,54749,54773,54778,54789,54808,54885,54928,55038,55050,55104,55116,55151,55161,55178,55198
Measurement id = 34961103 To popcluster63.atlas.winet.dcc.ufmg.br  created -> start :2022-01-25 19:43 estimation of stop:2022-01-26 04:03-> 54648,54662,54678,54724,54739,54749,54773,54778,54789,54808,54885,54928,55038,55050,55104,55116,55151,55161,55178,55198
Measurement id = 34961104 To popcluster64.atlas.winet.dcc.ufmg.br  created -> start :2022-01-25 19:43 estimation of stop:2022-01-26 04:03-> 54648,54662,54678,54724,54739,54749,54773,54778,54789,54808,54885,54928,55038,55050,55104,55116,55151,55161,55178,55198
Measurement id = 34961105 To popcluster65.atlas.winet.dcc.ufmg.br  created -> start :2022-01-25 19:43 estimation of stop:2022-01-26 04:03-> 54648,54662,54678,54724,54739,54749,54773,54778,54789,54808,54885,54928,55038,55050,55104,55116,55151,55161,55178,55198
Measurement id = 34961106 To popcluster66.atlas.winet.dcc.ufmg.br  created -> start :2022-01-25 19:43 estimation of stop:2022-01-26 04:03-> 54648,54662,54678,54724,54739,54749,54773,54778,54789,54808,54885,54928,55038,55050,55104,55116,55151,55161,55178,55198
Measurement id = 34961108 To popcluster67.atlas.winet.dcc.ufmg.br  created -> start :2022-01-25 19:43 estimation of stop:2022-01-26 04:03-> 54648,54662,54678,54724,54739,54749,54773,54778,54789,54808,54885,54928,55038,55050,55104,55116,55151,55161,55178,55198
Measurement id = 34961109 To popcluster68.atlas.winet.dcc.ufmg.br  created -> start :2022-01-25 19:43 estimation of stop:2022-01-26 04:03-> 54648,54662,54678,54724,54739,54749,54773,54778,54789,54808,54885,54928,55038,55050,55104,55116,55151,55161,55178,55198
Measurement id = 34961110 To popcluster69.atlas.winet.dcc.ufmg.br  created -> start :2022-01-25 19:43 estimation of stop:2022-01-26 04:03-> 54648,54662,54678,54724,54739,54749,54773,54778,54789,54808,54885,54928,55038,55050,55104,55116,55151,55161,55178,55198
Measurement id = 34961111 To popcluster70.atlas.winet.dcc.ufmg.br  created -> start :2022-01-25 19:43 estimation of stop:2022-01-26 04:03-> 54648,54662,54678,54724,54739,54749,54773,54778,54789,54808,54885,54928,55038,55050,55104,55116,55151,55161,55178,55198
Measurement id = 34961112 To popcluster71.atlas.winet.dcc.ufmg.br  created -> start :2022-01-25 19:43 estimation of stop:2022-01-26 04:03-> 54648,54662,54678,54724,54739,54749,54773,54778,54789,54808,54885,54928,55038,55050,55104,55116,55151,55161,55178,55198
Measurement id = 34961113 To popcluster72.atlas.winet.dcc.ufmg.br  created -> start :2022-01-25 19:43 estimation of stop:2022-01-26 04:03-> 54648,54662,54678,54724,54739,54749,54773,54778,54789,54808,54885,54928,55038,55050,55104,55116,55151,55161,55178,55198
Measurement id = 34961114 To popcluster73.atlas.winet.dcc.ufmg.br  created -> start :2022-01-25 19:43 estimation of stop:2022-01-26 04:03-> 54648,54662,54678,54724,54739,54749,54773,54778,54789,54808,54885,54928,55038,55050,55104,55116,55151,55161,55178,55198
Measurement id = 34961115 To popcluster74.atlas.winet.dcc.ufmg.br  created -> start :2022-01-25 19:43 estimation of stop:2022-01-26 04:03-> 54648,54662,54678,54724,54739,54749,54773,54778,54789,54808,54885,54928,55038,55050,55104,55116,55151,55161,55178,55198
Measurement id = 34961116 To popcluster75.atlas.winet.dcc.ufmg.br  created -> start :2022-01-25 19:43 estimation of stop:2022-01-26 04:03-> 54648,54662,54678,54724,54739,54749,54773,54778,54789,54808,54885,54928,55038,55050,55104,55116,55151,55161,55178,55198
Measurement id = 34961117 To popcluster76.atlas.winet.dcc.ufmg.br  created -> start :2022-01-25 19:43 estimation of stop:2022-01-26 04:03-> 54648,54662,54678,54724,54739,54749,54773,54778,54789,54808,54885,54928,55038,55050,55104,55116,55151,55161,55178,55198
Measurement id = 34961118 To popcluster77.atlas.winet.dcc.ufmg.br  created -> start :2022-01-25 19:43 estimation of stop:2022-01-26 04:03-> 54648,54662,54678,54724,54739,54749,54773,54778,54789,54808,54885,54928,55038,55050,55104,55116,55151,55161,55178,55198
Measurement id = 34961119 To popcluster78.atlas.winet.dcc.ufmg.br  created -> start :2022-01-25 19:43 estimation of stop:2022-01-26 04:03-> 54648,54662,54678,54724,54739,54749,54773,54778,54789,54808,54885,54928,55038,55050,55104,55116,55151,55161,55178,55198
Measurement id = 34961121 To popcluster79.atlas.winet.dcc.ufmg.br  created -> start :2022-01-25 19:43 estimation of stop:2022-01-26 04:03-> 54648,54662,54678,54724,54739,54749,54773,54778,54789,54808,54885,54928,55038,55050,55104,55116,55151,55161,55178,55198
Measurement id = 34961122 To popcluster80.atlas.winet.dcc.ufmg.br  created -> start :2022-01-25 19:43 estimation of stop:2022-01-26 04:03-> 54648,54662,54678,54724,54739,54749,54773,54778,54789,54808,54885,54928,55038,55050,55104,55116,55151,55161,55178,55198
Measurement id = 34961123 To popcluster81.atlas.winet.dcc.ufmg.br  created -> start :2022-01-25 19:43 estimation of stop:2022-01-26 04:03-> 54648,54662,54678,54724,54739,54749,54773,54778,54789,54808,54885,54928,55038,55050,55104,55116,55151,55161,55178,55198
Measurement id = 34961124 To popcluster82.atlas.winet.dcc.ufmg.br  created -> start :2022-01-25 19:43 estimation of stop:2022-01-26 04:03-> 54648,54662,54678,54724,54739,54749,54773,54778,54789,54808,54885,54928,55038,55050,55104,55116,55151,55161,55178,55198
Measurement id = 34961125 To popcluster83.atlas.winet.dcc.ufmg.br  created -> start :2022-01-25 19:43 estimation of stop:2022-01-26 04:03-> 54648,54662,54678,54724,54739,54749,54773,54778,54789,54808,54885,54928,55038,55050,55104,55116,55151,55161,55178,55198
Measurement id = 34961126 To popcluster84.atlas.winet.dcc.ufmg.br  created -> start :2022-01-25 19:43 estimation of stop:2022-01-26 04:03-> 54648,54662,54678,54724,54739,54749,54773,54778,54789,54808,54885,54928,55038,55050,55104,55116,55151,55161,55178,55198
Measurement id = 34961127 To popcluster85.atlas.winet.dcc.ufmg.br  created -> start :2022-01-25 19:43 estimation of stop:2022-01-26 04:03-> 54648,54662,54678,54724,54739,54749,54773,54778,54789,54808,54885,54928,55038,55050,55104,55116,55151,55161,55178,55198
Measurement id = 34961128 To popcluster86.atlas.winet.dcc.ufmg.br  created -> start :2022-01-25 19:43 estimation of stop:2022-01-26 04:03-> 54648,54662,54678,54724,54739,54749,54773,54778,54789,54808,54885,54928,55038,55050,55104,55116,55151,55161,55178,55198
Measurement id = 34961129 To popcluster87.atlas.winet.dcc.ufmg.br  created -> start :2022-01-25 19:43 estimation of stop:2022-01-26 04:03-> 54648,54662,54678,54724,54739,54749,54773,54778,54789,54808,54885,54928,55038,55050,55104,55116,55151,55161,55178,55198
Measurement id = 34961130 To popcluster88.atlas.winet.dcc.ufmg.br  created -> start :2022-01-25 19:43 estimation of stop:2022-01-26 04:03-> 54648,54662,54678,54724,54739,54749,54773,54778,54789,54808,54885,54928,55038,55050,55104,55116,55151,55161,55178,55198
Measurement id = 34961131 To popcluster89.atlas.winet.dcc.ufmg.br  created -> start :2022-01-25 19:43 estimation of stop:2022-01-26 04:03-> 54648,54662,54678,54724,54739,54749,54773,54778,54789,54808,54885,54928,55038,55050,55104,55116,55151,55161,55178,55198
Measurement id = 34961132 To popcluster90.atlas.winet.dcc.ufmg.br  created -> start :2022-01-25 19:43 estimation of stop:2022-01-26 04:03-> 54648,54662,54678,54724,54739,54749,54773,54778,54789,54808,54885,54928,55038,55050,55104,55116,55151,55161,55178,55198
Measurement id = 34961133 To popcluster91.atlas.winet.dcc.ufmg.br  created -> start :2022-01-25 19:43 estimation of stop:2022-01-26 04:03-> 54648,54662,54678,54724,54739,54749,54773,54778,54789,54808,54885,54928,55038,55050,55104,55116,55151,55161,55178,55198
Measurement id = 34961134 To popcluster92.atlas.winet.dcc.ufmg.br  created -> start :2022-01-25 19:43 estimation of stop:2022-01-26 04:03-> 54648,54662,54678,54724,54739,54749,54773,54778,54789,54808,54885,54928,55038,55050,55104,55116,55151,55161,55178,55198
Measurement id = 34961135 To popcluster93.atlas.winet.dcc.ufmg.br  created -> start :2022-01-25 19:43 estimation of stop:2022-01-26 04:03-> 54648,54662,54678,54724,54739,54749,54773,54778,54789,54808,54885,54928,55038,55050,55104,55116,55151,55161,55178,55198
Measurement id = 34961136 To popcluster94.atlas.winet.dcc.ufmg.br  created -> start :2022-01-25 19:43 estimation of stop:2022-01-26 04:03-> 54648,54662,54678,54724,54739,54749,54773,54778,54789,54808,54885,54928,55038,55050,55104,55116,55151,55161,55178,55198
Measurement id = 34961137 To popcluster95.atlas.winet.dcc.ufmg.br  created -> start :2022-01-25 19:43 estimation of stop:2022-01-26 04:03-> 54648,54662,54678,54724,54739,54749,54773,54778,54789,54808,54885,54928,55038,55050,55104,55116,55151,55161,55178,55198
Measurement id = 34961139 To popcluster96.atlas.winet.dcc.ufmg.br  created -> start :2022-01-25 19:43 estimation of stop:2022-01-26 04:03-> 54648,54662,54678,54724,54739,54749,54773,54778,54789,54808,54885,54928,55038,55050,55104,55116,55151,55161,55178,55198
Measurement id = 34961140 To popcluster97.atlas.winet.dcc.ufmg.br  created -> start :2022-01-25 19:43 estimation of stop:2022-01-26 04:03-> 54648,54662,54678,54724,54739,54749,54773,54778,54789,54808,54885,54928,55038,55050,55104,55116,55151,55161,55178,55198
Measurement id = 34961141 To popcluster98.atlas.winet.dcc.ufmg.br  created -> start :2022-01-25 19:43 estimation of stop:2022-01-26 04:03-> 54648,54662,54678,54724,54739,54749,54773,54778,54789,54808,54885,54928,55038,55050,55104,55116,55151,55161,55178,55198
Measurement id = 34961142 To popcluster99.atlas.winet.dcc.ufmg.br  created -> start :2022-01-25 19:43 estimation of stop:2022-01-26 04:03-> 54648,54662,54678,54724,54739,54749,54773,54778,54789,54808,54885,54928,55038,55050,55104,55116,55151,55161,55178,55198
Measurement id = 34961143 To popcluster100.atlas.winet.dcc.ufmg.br  created -> start :2022-01-25 19:43 estimation of stop:2022-01-26 04:03-> 54648,54662,54678,54724,54739,54749,54773,54778,54789,54808,54885,54928,55038,55050,55104,55116,55151,55161,55178,55198
