Measurement id = 34827356 To popcluster1.atlas.winet.dcc.ufmg.br  created -> start :2022-01-16 16:14 estimation of stop:2022-01-17 00:34-> 52209,52440,52554,52563,52835,53007,53121,53211,53793,53838,54113,51171,51265,51329,51388,51423,51493,51497,51521,51562
Measurement id = 34827357 To popcluster2.atlas.winet.dcc.ufmg.br  created -> start :2022-01-16 16:14 estimation of stop:2022-01-17 00:34-> 52209,52440,52554,52563,52835,53007,53121,53211,53793,53838,54113,51171,51265,51329,51388,51423,51493,51497,51521,51562
Measurement id = 34827358 To popcluster3.atlas.winet.dcc.ufmg.br  created -> start :2022-01-16 16:14 estimation of stop:2022-01-17 00:34-> 52209,52440,52554,52563,52835,53007,53121,53211,53793,53838,54113,51171,51265,51329,51388,51423,51493,51497,51521,51562
Measurement id = 34827359 To popcluster4.atlas.winet.dcc.ufmg.br  created -> start :2022-01-16 16:14 estimation of stop:2022-01-17 00:34-> 52209,52440,52554,52563,52835,53007,53121,53211,53793,53838,54113,51171,51265,51329,51388,51423,51493,51497,51521,51562
Measurement id = 34827360 To popcluster5.atlas.winet.dcc.ufmg.br  created -> start :2022-01-16 16:14 estimation of stop:2022-01-17 00:34-> 52209,52440,52554,52563,52835,53007,53121,53211,53793,53838,54113,51171,51265,51329,51388,51423,51493,51497,51521,51562
Measurement id = 34827361 To popcluster6.atlas.winet.dcc.ufmg.br  created -> start :2022-01-16 16:14 estimation of stop:2022-01-17 00:34-> 52209,52440,52554,52563,52835,53007,53121,53211,53793,53838,54113,51171,51265,51329,51388,51423,51493,51497,51521,51562
Measurement id = 34827362 To popcluster7.atlas.winet.dcc.ufmg.br  created -> start :2022-01-16 16:14 estimation of stop:2022-01-17 00:34-> 52209,52440,52554,52563,52835,53007,53121,53211,53793,53838,54113,51171,51265,51329,51388,51423,51493,51497,51521,51562
Measurement id = 34827363 To popcluster8.atlas.winet.dcc.ufmg.br  created -> start :2022-01-16 16:14 estimation of stop:2022-01-17 00:34-> 52209,52440,52554,52563,52835,53007,53121,53211,53793,53838,54113,51171,51265,51329,51388,51423,51493,51497,51521,51562
Measurement id = 34827365 To popcluster9.atlas.winet.dcc.ufmg.br  created -> start :2022-01-16 16:14 estimation of stop:2022-01-17 00:34-> 52209,52440,52554,52563,52835,53007,53121,53211,53793,53838,54113,51171,51265,51329,51388,51423,51493,51497,51521,51562
Measurement id = 34827366 To popcluster10.atlas.winet.dcc.ufmg.br  created -> start :2022-01-16 16:14 estimation of stop:2022-01-17 00:34-> 52209,52440,52554,52563,52835,53007,53121,53211,53793,53838,54113,51171,51265,51329,51388,51423,51493,51497,51521,51562
Measurement id = 34827367 To popcluster11.atlas.winet.dcc.ufmg.br  created -> start :2022-01-16 16:14 estimation of stop:2022-01-17 00:34-> 52209,52440,52554,52563,52835,53007,53121,53211,53793,53838,54113,51171,51265,51329,51388,51423,51493,51497,51521,51562
Measurement id = 34827368 To popcluster12.atlas.winet.dcc.ufmg.br  created -> start :2022-01-16 16:14 estimation of stop:2022-01-17 00:34-> 52209,52440,52554,52563,52835,53007,53121,53211,53793,53838,54113,51171,51265,51329,51388,51423,51493,51497,51521,51562
Measurement id = 34827369 To popcluster13.atlas.winet.dcc.ufmg.br  created -> start :2022-01-16 16:14 estimation of stop:2022-01-17 00:34-> 52209,52440,52554,52563,52835,53007,53121,53211,53793,53838,54113,51171,51265,51329,51388,51423,51493,51497,51521,51562
Measurement id = 34827370 To popcluster14.atlas.winet.dcc.ufmg.br  created -> start :2022-01-16 16:14 estimation of stop:2022-01-17 00:34-> 52209,52440,52554,52563,52835,53007,53121,53211,53793,53838,54113,51171,51265,51329,51388,51423,51493,51497,51521,51562
Measurement id = 34827371 To popcluster15.atlas.winet.dcc.ufmg.br  created -> start :2022-01-16 16:14 estimation of stop:2022-01-17 00:34-> 52209,52440,52554,52563,52835,53007,53121,53211,53793,53838,54113,51171,51265,51329,51388,51423,51493,51497,51521,51562
Measurement id = 34827372 To popcluster16.atlas.winet.dcc.ufmg.br  created -> start :2022-01-16 16:14 estimation of stop:2022-01-17 00:34-> 52209,52440,52554,52563,52835,53007,53121,53211,53793,53838,54113,51171,51265,51329,51388,51423,51493,51497,51521,51562
Measurement id = 34827373 To popcluster17.atlas.winet.dcc.ufmg.br  created -> start :2022-01-16 16:14 estimation of stop:2022-01-17 00:34-> 52209,52440,52554,52563,52835,53007,53121,53211,53793,53838,54113,51171,51265,51329,51388,51423,51493,51497,51521,51562
Measurement id = 34827374 To popcluster18.atlas.winet.dcc.ufmg.br  created -> start :2022-01-16 16:14 estimation of stop:2022-01-17 00:34-> 52209,52440,52554,52563,52835,53007,53121,53211,53793,53838,54113,51171,51265,51329,51388,51423,51493,51497,51521,51562
Measurement id = 34827375 To popcluster19.atlas.winet.dcc.ufmg.br  created -> start :2022-01-16 16:14 estimation of stop:2022-01-17 00:34-> 52209,52440,52554,52563,52835,53007,53121,53211,53793,53838,54113,51171,51265,51329,51388,51423,51493,51497,51521,51562
Measurement id = 34827376 To popcluster20.atlas.winet.dcc.ufmg.br  created -> start :2022-01-16 16:14 estimation of stop:2022-01-17 00:34-> 52209,52440,52554,52563,52835,53007,53121,53211,53793,53838,54113,51171,51265,51329,51388,51423,51493,51497,51521,51562
Measurement id = 34827377 To popcluster21.atlas.winet.dcc.ufmg.br  created -> start :2022-01-16 16:14 estimation of stop:2022-01-17 00:34-> 52209,52440,52554,52563,52835,53007,53121,53211,53793,53838,54113,51171,51265,51329,51388,51423,51493,51497,51521,51562
Measurement id = 34827378 To popcluster22.atlas.winet.dcc.ufmg.br  created -> start :2022-01-16 16:14 estimation of stop:2022-01-17 00:34-> 52209,52440,52554,52563,52835,53007,53121,53211,53793,53838,54113,51171,51265,51329,51388,51423,51493,51497,51521,51562
Measurement id = 34827379 To popcluster23.atlas.winet.dcc.ufmg.br  created -> start :2022-01-16 16:14 estimation of stop:2022-01-17 00:34-> 52209,52440,52554,52563,52835,53007,53121,53211,53793,53838,54113,51171,51265,51329,51388,51423,51493,51497,51521,51562
Measurement id = 34827385 To popcluster24.atlas.winet.dcc.ufmg.br  created -> start :2022-01-16 16:14 estimation of stop:2022-01-17 00:34-> 52209,52440,52554,52563,52835,53007,53121,53211,53793,53838,54113,51171,51265,51329,51388,51423,51493,51497,51521,51562
Measurement id = 34827387 To popcluster25.atlas.winet.dcc.ufmg.br  created -> start :2022-01-16 16:14 estimation of stop:2022-01-17 00:34-> 52209,52440,52554,52563,52835,53007,53121,53211,53793,53838,54113,51171,51265,51329,51388,51423,51493,51497,51521,51562
Measurement id = 34827390 To popcluster26.atlas.winet.dcc.ufmg.br  created -> start :2022-01-16 16:14 estimation of stop:2022-01-17 00:34-> 52209,52440,52554,52563,52835,53007,53121,53211,53793,53838,54113,51171,51265,51329,51388,51423,51493,51497,51521,51562
Measurement id = 34827393 To popcluster27.atlas.winet.dcc.ufmg.br  created -> start :2022-01-16 16:14 estimation of stop:2022-01-17 00:34-> 52209,52440,52554,52563,52835,53007,53121,53211,53793,53838,54113,51171,51265,51329,51388,51423,51493,51497,51521,51562
Measurement id = 34827395 To popcluster28.atlas.winet.dcc.ufmg.br  created -> start :2022-01-16 16:14 estimation of stop:2022-01-17 00:34-> 52209,52440,52554,52563,52835,53007,53121,53211,53793,53838,54113,51171,51265,51329,51388,51423,51493,51497,51521,51562
Measurement id = 34827398 To popcluster29.atlas.winet.dcc.ufmg.br  created -> start :2022-01-16 16:14 estimation of stop:2022-01-17 00:34-> 52209,52440,52554,52563,52835,53007,53121,53211,53793,53838,54113,51171,51265,51329,51388,51423,51493,51497,51521,51562
Measurement id = 34827401 To popcluster30.atlas.winet.dcc.ufmg.br  created -> start :2022-01-16 16:14 estimation of stop:2022-01-17 00:34-> 52209,52440,52554,52563,52835,53007,53121,53211,53793,53838,54113,51171,51265,51329,51388,51423,51493,51497,51521,51562
Measurement id = 34827403 To popcluster31.atlas.winet.dcc.ufmg.br  created -> start :2022-01-16 16:14 estimation of stop:2022-01-17 00:34-> 52209,52440,52554,52563,52835,53007,53121,53211,53793,53838,54113,51171,51265,51329,51388,51423,51493,51497,51521,51562
Measurement id = 34827407 To popcluster32.atlas.winet.dcc.ufmg.br  created -> start :2022-01-16 16:14 estimation of stop:2022-01-17 00:34-> 52209,52440,52554,52563,52835,53007,53121,53211,53793,53838,54113,51171,51265,51329,51388,51423,51493,51497,51521,51562
Measurement id = 34827410 To popcluster33.atlas.winet.dcc.ufmg.br  created -> start :2022-01-16 16:14 estimation of stop:2022-01-17 00:34-> 52209,52440,52554,52563,52835,53007,53121,53211,53793,53838,54113,51171,51265,51329,51388,51423,51493,51497,51521,51562
Measurement id = 34827413 To popcluster34.atlas.winet.dcc.ufmg.br  created -> start :2022-01-16 16:14 estimation of stop:2022-01-17 00:34-> 52209,52440,52554,52563,52835,53007,53121,53211,53793,53838,54113,51171,51265,51329,51388,51423,51493,51497,51521,51562
Measurement id = 34827415 To popcluster35.atlas.winet.dcc.ufmg.br  created -> start :2022-01-16 16:14 estimation of stop:2022-01-17 00:34-> 52209,52440,52554,52563,52835,53007,53121,53211,53793,53838,54113,51171,51265,51329,51388,51423,51493,51497,51521,51562
Measurement id = 34827418 To popcluster36.atlas.winet.dcc.ufmg.br  created -> start :2022-01-16 16:14 estimation of stop:2022-01-17 00:34-> 52209,52440,52554,52563,52835,53007,53121,53211,53793,53838,54113,51171,51265,51329,51388,51423,51493,51497,51521,51562
Measurement id = 34827420 To popcluster37.atlas.winet.dcc.ufmg.br  created -> start :2022-01-16 16:14 estimation of stop:2022-01-17 00:34-> 52209,52440,52554,52563,52835,53007,53121,53211,53793,53838,54113,51171,51265,51329,51388,51423,51493,51497,51521,51562
Measurement id = 34827421 To popcluster38.atlas.winet.dcc.ufmg.br  created -> start :2022-01-16 16:14 estimation of stop:2022-01-17 00:34-> 52209,52440,52554,52563,52835,53007,53121,53211,53793,53838,54113,51171,51265,51329,51388,51423,51493,51497,51521,51562
Measurement id = 34827422 To popcluster39.atlas.winet.dcc.ufmg.br  created -> start :2022-01-16 16:14 estimation of stop:2022-01-17 00:34-> 52209,52440,52554,52563,52835,53007,53121,53211,53793,53838,54113,51171,51265,51329,51388,51423,51493,51497,51521,51562
Measurement id = 34827423 To popcluster40.atlas.winet.dcc.ufmg.br  created -> start :2022-01-16 16:14 estimation of stop:2022-01-17 00:34-> 52209,52440,52554,52563,52835,53007,53121,53211,53793,53838,54113,51171,51265,51329,51388,51423,51493,51497,51521,51562
Measurement id = 34827424 To popcluster41.atlas.winet.dcc.ufmg.br  created -> start :2022-01-16 16:14 estimation of stop:2022-01-17 00:34-> 52209,52440,52554,52563,52835,53007,53121,53211,53793,53838,54113,51171,51265,51329,51388,51423,51493,51497,51521,51562
Measurement id = 34827425 To popcluster42.atlas.winet.dcc.ufmg.br  created -> start :2022-01-16 16:14 estimation of stop:2022-01-17 00:34-> 52209,52440,52554,52563,52835,53007,53121,53211,53793,53838,54113,51171,51265,51329,51388,51423,51493,51497,51521,51562
Measurement id = 34827426 To popcluster43.atlas.winet.dcc.ufmg.br  created -> start :2022-01-16 16:14 estimation of stop:2022-01-17 00:34-> 52209,52440,52554,52563,52835,53007,53121,53211,53793,53838,54113,51171,51265,51329,51388,51423,51493,51497,51521,51562
Measurement id = 34827427 To popcluster44.atlas.winet.dcc.ufmg.br  created -> start :2022-01-16 16:14 estimation of stop:2022-01-17 00:34-> 52209,52440,52554,52563,52835,53007,53121,53211,53793,53838,54113,51171,51265,51329,51388,51423,51493,51497,51521,51562
Measurement id = 34827428 To popcluster45.atlas.winet.dcc.ufmg.br  created -> start :2022-01-16 16:14 estimation of stop:2022-01-17 00:34-> 52209,52440,52554,52563,52835,53007,53121,53211,53793,53838,54113,51171,51265,51329,51388,51423,51493,51497,51521,51562
Measurement id = 34827429 To popcluster46.atlas.winet.dcc.ufmg.br  created -> start :2022-01-16 16:14 estimation of stop:2022-01-17 00:34-> 52209,52440,52554,52563,52835,53007,53121,53211,53793,53838,54113,51171,51265,51329,51388,51423,51493,51497,51521,51562
Measurement id = 34827430 To popcluster47.atlas.winet.dcc.ufmg.br  created -> start :2022-01-16 16:14 estimation of stop:2022-01-17 00:34-> 52209,52440,52554,52563,52835,53007,53121,53211,53793,53838,54113,51171,51265,51329,51388,51423,51493,51497,51521,51562
Measurement id = 34827431 To popcluster48.atlas.winet.dcc.ufmg.br  created -> start :2022-01-16 16:14 estimation of stop:2022-01-17 00:34-> 52209,52440,52554,52563,52835,53007,53121,53211,53793,53838,54113,51171,51265,51329,51388,51423,51493,51497,51521,51562
Measurement id = 34827432 To popcluster49.atlas.winet.dcc.ufmg.br  created -> start :2022-01-16 16:14 estimation of stop:2022-01-17 00:34-> 52209,52440,52554,52563,52835,53007,53121,53211,53793,53838,54113,51171,51265,51329,51388,51423,51493,51497,51521,51562
Measurement id = 34827433 To popcluster50.atlas.winet.dcc.ufmg.br  created -> start :2022-01-16 16:14 estimation of stop:2022-01-17 00:34-> 52209,52440,52554,52563,52835,53007,53121,53211,53793,53838,54113,51171,51265,51329,51388,51423,51493,51497,51521,51562
Measurement id = 34827434 To popcluster51.atlas.winet.dcc.ufmg.br  created -> start :2022-01-16 16:14 estimation of stop:2022-01-17 00:34-> 52209,52440,52554,52563,52835,53007,53121,53211,53793,53838,54113,51171,51265,51329,51388,51423,51493,51497,51521,51562
Measurement id = 34827435 To popcluster52.atlas.winet.dcc.ufmg.br  created -> start :2022-01-16 16:14 estimation of stop:2022-01-17 00:34-> 52209,52440,52554,52563,52835,53007,53121,53211,53793,53838,54113,51171,51265,51329,51388,51423,51493,51497,51521,51562
Measurement id = 34827436 To popcluster53.atlas.winet.dcc.ufmg.br  created -> start :2022-01-16 16:14 estimation of stop:2022-01-17 00:34-> 52209,52440,52554,52563,52835,53007,53121,53211,53793,53838,54113,51171,51265,51329,51388,51423,51493,51497,51521,51562
Measurement id = 34827437 To popcluster54.atlas.winet.dcc.ufmg.br  created -> start :2022-01-16 16:14 estimation of stop:2022-01-17 00:34-> 52209,52440,52554,52563,52835,53007,53121,53211,53793,53838,54113,51171,51265,51329,51388,51423,51493,51497,51521,51562
Measurement id = 34827438 To popcluster55.atlas.winet.dcc.ufmg.br  created -> start :2022-01-16 16:14 estimation of stop:2022-01-17 00:34-> 52209,52440,52554,52563,52835,53007,53121,53211,53793,53838,54113,51171,51265,51329,51388,51423,51493,51497,51521,51562
Measurement id = 34827439 To popcluster56.atlas.winet.dcc.ufmg.br  created -> start :2022-01-16 16:14 estimation of stop:2022-01-17 00:34-> 52209,52440,52554,52563,52835,53007,53121,53211,53793,53838,54113,51171,51265,51329,51388,51423,51493,51497,51521,51562
Measurement id = 34827440 To popcluster57.atlas.winet.dcc.ufmg.br  created -> start :2022-01-16 16:14 estimation of stop:2022-01-17 00:34-> 52209,52440,52554,52563,52835,53007,53121,53211,53793,53838,54113,51171,51265,51329,51388,51423,51493,51497,51521,51562
Measurement id = 34827441 To popcluster58.atlas.winet.dcc.ufmg.br  created -> start :2022-01-16 16:14 estimation of stop:2022-01-17 00:34-> 52209,52440,52554,52563,52835,53007,53121,53211,53793,53838,54113,51171,51265,51329,51388,51423,51493,51497,51521,51562
Measurement id = 34827442 To popcluster59.atlas.winet.dcc.ufmg.br  created -> start :2022-01-16 16:14 estimation of stop:2022-01-17 00:34-> 52209,52440,52554,52563,52835,53007,53121,53211,53793,53838,54113,51171,51265,51329,51388,51423,51493,51497,51521,51562
Measurement id = 34827443 To popcluster60.atlas.winet.dcc.ufmg.br  created -> start :2022-01-16 16:14 estimation of stop:2022-01-17 00:34-> 52209,52440,52554,52563,52835,53007,53121,53211,53793,53838,54113,51171,51265,51329,51388,51423,51493,51497,51521,51562
Measurement id = 34827444 To popcluster61.atlas.winet.dcc.ufmg.br  created -> start :2022-01-16 16:14 estimation of stop:2022-01-17 00:34-> 52209,52440,52554,52563,52835,53007,53121,53211,53793,53838,54113,51171,51265,51329,51388,51423,51493,51497,51521,51562
Measurement id = 34827445 To popcluster62.atlas.winet.dcc.ufmg.br  created -> start :2022-01-16 16:14 estimation of stop:2022-01-17 00:34-> 52209,52440,52554,52563,52835,53007,53121,53211,53793,53838,54113,51171,51265,51329,51388,51423,51493,51497,51521,51562
Measurement id = 34827447 To popcluster63.atlas.winet.dcc.ufmg.br  created -> start :2022-01-16 16:14 estimation of stop:2022-01-17 00:34-> 52209,52440,52554,52563,52835,53007,53121,53211,53793,53838,54113,51171,51265,51329,51388,51423,51493,51497,51521,51562
Measurement id = 34827448 To popcluster64.atlas.winet.dcc.ufmg.br  created -> start :2022-01-16 16:14 estimation of stop:2022-01-17 00:34-> 52209,52440,52554,52563,52835,53007,53121,53211,53793,53838,54113,51171,51265,51329,51388,51423,51493,51497,51521,51562
Measurement id = 34827449 To popcluster65.atlas.winet.dcc.ufmg.br  created -> start :2022-01-16 16:14 estimation of stop:2022-01-17 00:34-> 52209,52440,52554,52563,52835,53007,53121,53211,53793,53838,54113,51171,51265,51329,51388,51423,51493,51497,51521,51562
Measurement id = 34827450 To popcluster66.atlas.winet.dcc.ufmg.br  created -> start :2022-01-16 16:14 estimation of stop:2022-01-17 00:34-> 52209,52440,52554,52563,52835,53007,53121,53211,53793,53838,54113,51171,51265,51329,51388,51423,51493,51497,51521,51562
Measurement id = 34827451 To popcluster67.atlas.winet.dcc.ufmg.br  created -> start :2022-01-16 16:14 estimation of stop:2022-01-17 00:34-> 52209,52440,52554,52563,52835,53007,53121,53211,53793,53838,54113,51171,51265,51329,51388,51423,51493,51497,51521,51562
Measurement id = 34827452 To popcluster68.atlas.winet.dcc.ufmg.br  created -> start :2022-01-16 16:14 estimation of stop:2022-01-17 00:34-> 52209,52440,52554,52563,52835,53007,53121,53211,53793,53838,54113,51171,51265,51329,51388,51423,51493,51497,51521,51562
Measurement id = 34827453 To popcluster69.atlas.winet.dcc.ufmg.br  created -> start :2022-01-16 16:14 estimation of stop:2022-01-17 00:34-> 52209,52440,52554,52563,52835,53007,53121,53211,53793,53838,54113,51171,51265,51329,51388,51423,51493,51497,51521,51562
Measurement id = 34827454 To popcluster70.atlas.winet.dcc.ufmg.br  created -> start :2022-01-16 16:14 estimation of stop:2022-01-17 00:34-> 52209,52440,52554,52563,52835,53007,53121,53211,53793,53838,54113,51171,51265,51329,51388,51423,51493,51497,51521,51562
Measurement id = 34827455 To popcluster71.atlas.winet.dcc.ufmg.br  created -> start :2022-01-16 16:14 estimation of stop:2022-01-17 00:34-> 52209,52440,52554,52563,52835,53007,53121,53211,53793,53838,54113,51171,51265,51329,51388,51423,51493,51497,51521,51562
Measurement id = 34827456 To popcluster72.atlas.winet.dcc.ufmg.br  created -> start :2022-01-16 16:14 estimation of stop:2022-01-17 00:34-> 52209,52440,52554,52563,52835,53007,53121,53211,53793,53838,54113,51171,51265,51329,51388,51423,51493,51497,51521,51562
Measurement id = 34827457 To popcluster73.atlas.winet.dcc.ufmg.br  created -> start :2022-01-16 16:14 estimation of stop:2022-01-17 00:34-> 52209,52440,52554,52563,52835,53007,53121,53211,53793,53838,54113,51171,51265,51329,51388,51423,51493,51497,51521,51562
Measurement id = 34827458 To popcluster74.atlas.winet.dcc.ufmg.br  created -> start :2022-01-16 16:14 estimation of stop:2022-01-17 00:34-> 52209,52440,52554,52563,52835,53007,53121,53211,53793,53838,54113,51171,51265,51329,51388,51423,51493,51497,51521,51562
Measurement id = 34827459 To popcluster75.atlas.winet.dcc.ufmg.br  created -> start :2022-01-16 16:14 estimation of stop:2022-01-17 00:34-> 52209,52440,52554,52563,52835,53007,53121,53211,53793,53838,54113,51171,51265,51329,51388,51423,51493,51497,51521,51562
Measurement id = 34827460 To popcluster76.atlas.winet.dcc.ufmg.br  created -> start :2022-01-16 16:14 estimation of stop:2022-01-17 00:34-> 52209,52440,52554,52563,52835,53007,53121,53211,53793,53838,54113,51171,51265,51329,51388,51423,51493,51497,51521,51562
Measurement id = 34827461 To popcluster77.atlas.winet.dcc.ufmg.br  created -> start :2022-01-16 16:14 estimation of stop:2022-01-17 00:34-> 52209,52440,52554,52563,52835,53007,53121,53211,53793,53838,54113,51171,51265,51329,51388,51423,51493,51497,51521,51562
Measurement id = 34827462 To popcluster78.atlas.winet.dcc.ufmg.br  created -> start :2022-01-16 16:14 estimation of stop:2022-01-17 00:34-> 52209,52440,52554,52563,52835,53007,53121,53211,53793,53838,54113,51171,51265,51329,51388,51423,51493,51497,51521,51562
Measurement id = 34827464 To popcluster79.atlas.winet.dcc.ufmg.br  created -> start :2022-01-16 16:14 estimation of stop:2022-01-17 00:34-> 52209,52440,52554,52563,52835,53007,53121,53211,53793,53838,54113,51171,51265,51329,51388,51423,51493,51497,51521,51562
Measurement id = 34827465 To popcluster80.atlas.winet.dcc.ufmg.br  created -> start :2022-01-16 16:14 estimation of stop:2022-01-17 00:34-> 52209,52440,52554,52563,52835,53007,53121,53211,53793,53838,54113,51171,51265,51329,51388,51423,51493,51497,51521,51562
Measurement id = 34827466 To popcluster81.atlas.winet.dcc.ufmg.br  created -> start :2022-01-16 16:14 estimation of stop:2022-01-17 00:34-> 52209,52440,52554,52563,52835,53007,53121,53211,53793,53838,54113,51171,51265,51329,51388,51423,51493,51497,51521,51562
Measurement id = 34827467 To popcluster82.atlas.winet.dcc.ufmg.br  created -> start :2022-01-16 16:14 estimation of stop:2022-01-17 00:34-> 52209,52440,52554,52563,52835,53007,53121,53211,53793,53838,54113,51171,51265,51329,51388,51423,51493,51497,51521,51562
Measurement id = 34827468 To popcluster83.atlas.winet.dcc.ufmg.br  created -> start :2022-01-16 16:14 estimation of stop:2022-01-17 00:34-> 52209,52440,52554,52563,52835,53007,53121,53211,53793,53838,54113,51171,51265,51329,51388,51423,51493,51497,51521,51562
Measurement id = 34827469 To popcluster84.atlas.winet.dcc.ufmg.br  created -> start :2022-01-16 16:14 estimation of stop:2022-01-17 00:34-> 52209,52440,52554,52563,52835,53007,53121,53211,53793,53838,54113,51171,51265,51329,51388,51423,51493,51497,51521,51562
Measurement id = 34827470 To popcluster85.atlas.winet.dcc.ufmg.br  created -> start :2022-01-16 16:14 estimation of stop:2022-01-17 00:34-> 52209,52440,52554,52563,52835,53007,53121,53211,53793,53838,54113,51171,51265,51329,51388,51423,51493,51497,51521,51562
Measurement id = 34827471 To popcluster86.atlas.winet.dcc.ufmg.br  created -> start :2022-01-16 16:14 estimation of stop:2022-01-17 00:34-> 52209,52440,52554,52563,52835,53007,53121,53211,53793,53838,54113,51171,51265,51329,51388,51423,51493,51497,51521,51562
Measurement id = 34827472 To popcluster87.atlas.winet.dcc.ufmg.br  created -> start :2022-01-16 16:14 estimation of stop:2022-01-17 00:34-> 52209,52440,52554,52563,52835,53007,53121,53211,53793,53838,54113,51171,51265,51329,51388,51423,51493,51497,51521,51562
Measurement id = 34827473 To popcluster88.atlas.winet.dcc.ufmg.br  created -> start :2022-01-16 16:14 estimation of stop:2022-01-17 00:34-> 52209,52440,52554,52563,52835,53007,53121,53211,53793,53838,54113,51171,51265,51329,51388,51423,51493,51497,51521,51562
Measurement id = 34827474 To popcluster89.atlas.winet.dcc.ufmg.br  created -> start :2022-01-16 16:14 estimation of stop:2022-01-17 00:34-> 52209,52440,52554,52563,52835,53007,53121,53211,53793,53838,54113,51171,51265,51329,51388,51423,51493,51497,51521,51562
Measurement id = 34827475 To popcluster90.atlas.winet.dcc.ufmg.br  created -> start :2022-01-16 16:14 estimation of stop:2022-01-17 00:34-> 52209,52440,52554,52563,52835,53007,53121,53211,53793,53838,54113,51171,51265,51329,51388,51423,51493,51497,51521,51562
Measurement id = 34827476 To popcluster91.atlas.winet.dcc.ufmg.br  created -> start :2022-01-16 16:14 estimation of stop:2022-01-17 00:34-> 52209,52440,52554,52563,52835,53007,53121,53211,53793,53838,54113,51171,51265,51329,51388,51423,51493,51497,51521,51562
Measurement id = 34827477 To popcluster92.atlas.winet.dcc.ufmg.br  created -> start :2022-01-16 16:14 estimation of stop:2022-01-17 00:34-> 52209,52440,52554,52563,52835,53007,53121,53211,53793,53838,54113,51171,51265,51329,51388,51423,51493,51497,51521,51562
Measurement id = 34827478 To popcluster93.atlas.winet.dcc.ufmg.br  created -> start :2022-01-16 16:14 estimation of stop:2022-01-17 00:34-> 52209,52440,52554,52563,52835,53007,53121,53211,53793,53838,54113,51171,51265,51329,51388,51423,51493,51497,51521,51562
Measurement id = 34827480 To popcluster94.atlas.winet.dcc.ufmg.br  created -> start :2022-01-16 16:14 estimation of stop:2022-01-17 00:34-> 52209,52440,52554,52563,52835,53007,53121,53211,53793,53838,54113,51171,51265,51329,51388,51423,51493,51497,51521,51562
Measurement id = 34827481 To popcluster95.atlas.winet.dcc.ufmg.br  created -> start :2022-01-16 16:14 estimation of stop:2022-01-17 00:34-> 52209,52440,52554,52563,52835,53007,53121,53211,53793,53838,54113,51171,51265,51329,51388,51423,51493,51497,51521,51562
Measurement id = 34827482 To popcluster96.atlas.winet.dcc.ufmg.br  created -> start :2022-01-16 16:14 estimation of stop:2022-01-17 00:34-> 52209,52440,52554,52563,52835,53007,53121,53211,53793,53838,54113,51171,51265,51329,51388,51423,51493,51497,51521,51562
Measurement id = 34827483 To popcluster97.atlas.winet.dcc.ufmg.br  created -> start :2022-01-16 16:14 estimation of stop:2022-01-17 00:34-> 52209,52440,52554,52563,52835,53007,53121,53211,53793,53838,54113,51171,51265,51329,51388,51423,51493,51497,51521,51562
Measurement id = 34827484 To popcluster98.atlas.winet.dcc.ufmg.br  created -> start :2022-01-16 16:14 estimation of stop:2022-01-17 00:34-> 52209,52440,52554,52563,52835,53007,53121,53211,53793,53838,54113,51171,51265,51329,51388,51423,51493,51497,51521,51562
Measurement id = 34827485 To popcluster99.atlas.winet.dcc.ufmg.br  created -> start :2022-01-16 16:14 estimation of stop:2022-01-17 00:34-> 52209,52440,52554,52563,52835,53007,53121,53211,53793,53838,54113,51171,51265,51329,51388,51423,51493,51497,51521,51562
Measurement id = 34827486 To popcluster100.atlas.winet.dcc.ufmg.br  created -> start :2022-01-16 16:14 estimation of stop:2022-01-17 00:34-> 52209,52440,52554,52563,52835,53007,53121,53211,53793,53838,54113,51171,51265,51329,51388,51423,51493,51497,51521,51562
