Measurement id = 34753051 To popcluster1.atlas.winet.dcc.ufmg.br  created -> start :2022-01-07 12:39 estimation of stop:2022-01-07 20:59-> 32169,32172,32179,32186,32415,32453,32528,32540,32592,32633,32710,32712,32731,32732,32751,32982,33057,33076,33176,33213
Measurement id = 34753052 To popcluster2.atlas.winet.dcc.ufmg.br  created -> start :2022-01-07 12:39 estimation of stop:2022-01-07 20:59-> 32169,32172,32179,32186,32415,32453,32528,32540,32592,32633,32710,32712,32731,32732,32751,32982,33057,33076,33176,33213
Measurement id = 34753054 To popcluster3.atlas.winet.dcc.ufmg.br  created -> start :2022-01-07 12:39 estimation of stop:2022-01-07 20:59-> 32169,32172,32179,32186,32415,32453,32528,32540,32592,32633,32710,32712,32731,32732,32751,32982,33057,33076,33176,33213
Measurement id = 34753055 To popcluster4.atlas.winet.dcc.ufmg.br  created -> start :2022-01-07 12:39 estimation of stop:2022-01-07 20:59-> 32169,32172,32179,32186,32415,32453,32528,32540,32592,32633,32710,32712,32731,32732,32751,32982,33057,33076,33176,33213
Measurement id = 34753056 To popcluster5.atlas.winet.dcc.ufmg.br  created -> start :2022-01-07 12:39 estimation of stop:2022-01-07 20:59-> 32169,32172,32179,32186,32415,32453,32528,32540,32592,32633,32710,32712,32731,32732,32751,32982,33057,33076,33176,33213
Measurement id = 34753057 To popcluster6.atlas.winet.dcc.ufmg.br  created -> start :2022-01-07 12:39 estimation of stop:2022-01-07 20:59-> 32169,32172,32179,32186,32415,32453,32528,32540,32592,32633,32710,32712,32731,32732,32751,32982,33057,33076,33176,33213
Measurement id = 34753058 To popcluster7.atlas.winet.dcc.ufmg.br  created -> start :2022-01-07 12:39 estimation of stop:2022-01-07 20:59-> 32169,32172,32179,32186,32415,32453,32528,32540,32592,32633,32710,32712,32731,32732,32751,32982,33057,33076,33176,33213
Measurement id = 34753059 To popcluster8.atlas.winet.dcc.ufmg.br  created -> start :2022-01-07 12:39 estimation of stop:2022-01-07 20:59-> 32169,32172,32179,32186,32415,32453,32528,32540,32592,32633,32710,32712,32731,32732,32751,32982,33057,33076,33176,33213
Measurement id = 34753060 To popcluster9.atlas.winet.dcc.ufmg.br  created -> start :2022-01-07 12:39 estimation of stop:2022-01-07 20:59-> 32169,32172,32179,32186,32415,32453,32528,32540,32592,32633,32710,32712,32731,32732,32751,32982,33057,33076,33176,33213
Measurement id = 34753061 To popcluster10.atlas.winet.dcc.ufmg.br  created -> start :2022-01-07 12:39 estimation of stop:2022-01-07 20:59-> 32169,32172,32179,32186,32415,32453,32528,32540,32592,32633,32710,32712,32731,32732,32751,32982,33057,33076,33176,33213
Measurement id = 34753062 To popcluster11.atlas.winet.dcc.ufmg.br  created -> start :2022-01-07 12:39 estimation of stop:2022-01-07 20:59-> 32169,32172,32179,32186,32415,32453,32528,32540,32592,32633,32710,32712,32731,32732,32751,32982,33057,33076,33176,33213
Measurement id = 34753063 To popcluster12.atlas.winet.dcc.ufmg.br  created -> start :2022-01-07 12:39 estimation of stop:2022-01-07 20:59-> 32169,32172,32179,32186,32415,32453,32528,32540,32592,32633,32710,32712,32731,32732,32751,32982,33057,33076,33176,33213
Measurement id = 34753064 To popcluster13.atlas.winet.dcc.ufmg.br  created -> start :2022-01-07 12:39 estimation of stop:2022-01-07 20:59-> 32169,32172,32179,32186,32415,32453,32528,32540,32592,32633,32710,32712,32731,32732,32751,32982,33057,33076,33176,33213
Measurement id = 34753065 To popcluster14.atlas.winet.dcc.ufmg.br  created -> start :2022-01-07 12:39 estimation of stop:2022-01-07 20:59-> 32169,32172,32179,32186,32415,32453,32528,32540,32592,32633,32710,32712,32731,32732,32751,32982,33057,33076,33176,33213
Measurement id = 34753066 To popcluster15.atlas.winet.dcc.ufmg.br  created -> start :2022-01-07 12:39 estimation of stop:2022-01-07 20:59-> 32169,32172,32179,32186,32415,32453,32528,32540,32592,32633,32710,32712,32731,32732,32751,32982,33057,33076,33176,33213
Measurement id = 34753067 To popcluster16.atlas.winet.dcc.ufmg.br  created -> start :2022-01-07 12:39 estimation of stop:2022-01-07 20:59-> 32169,32172,32179,32186,32415,32453,32528,32540,32592,32633,32710,32712,32731,32732,32751,32982,33057,33076,33176,33213
Measurement id = 34753069 To popcluster17.atlas.winet.dcc.ufmg.br  created -> start :2022-01-07 12:39 estimation of stop:2022-01-07 20:59-> 32169,32172,32179,32186,32415,32453,32528,32540,32592,32633,32710,32712,32731,32732,32751,32982,33057,33076,33176,33213
Measurement id = 34753070 To popcluster18.atlas.winet.dcc.ufmg.br  created -> start :2022-01-07 12:39 estimation of stop:2022-01-07 20:59-> 32169,32172,32179,32186,32415,32453,32528,32540,32592,32633,32710,32712,32731,32732,32751,32982,33057,33076,33176,33213
Measurement id = 34753071 To popcluster19.atlas.winet.dcc.ufmg.br  created -> start :2022-01-07 12:39 estimation of stop:2022-01-07 20:59-> 32169,32172,32179,32186,32415,32453,32528,32540,32592,32633,32710,32712,32731,32732,32751,32982,33057,33076,33176,33213
Measurement id = 34753072 To popcluster20.atlas.winet.dcc.ufmg.br  created -> start :2022-01-07 12:39 estimation of stop:2022-01-07 20:59-> 32169,32172,32179,32186,32415,32453,32528,32540,32592,32633,32710,32712,32731,32732,32751,32982,33057,33076,33176,33213
Measurement id = 34753073 To popcluster21.atlas.winet.dcc.ufmg.br  created -> start :2022-01-07 12:39 estimation of stop:2022-01-07 20:59-> 32169,32172,32179,32186,32415,32453,32528,32540,32592,32633,32710,32712,32731,32732,32751,32982,33057,33076,33176,33213
Measurement id = 34753074 To popcluster22.atlas.winet.dcc.ufmg.br  created -> start :2022-01-07 12:39 estimation of stop:2022-01-07 20:59-> 32169,32172,32179,32186,32415,32453,32528,32540,32592,32633,32710,32712,32731,32732,32751,32982,33057,33076,33176,33213
Measurement id = 34753075 To popcluster23.atlas.winet.dcc.ufmg.br  created -> start :2022-01-07 12:39 estimation of stop:2022-01-07 20:59-> 32169,32172,32179,32186,32415,32453,32528,32540,32592,32633,32710,32712,32731,32732,32751,32982,33057,33076,33176,33213
Measurement id = 34753076 To popcluster24.atlas.winet.dcc.ufmg.br  created -> start :2022-01-07 12:39 estimation of stop:2022-01-07 20:59-> 32169,32172,32179,32186,32415,32453,32528,32540,32592,32633,32710,32712,32731,32732,32751,32982,33057,33076,33176,33213
Measurement id = 34753077 To popcluster25.atlas.winet.dcc.ufmg.br  created -> start :2022-01-07 12:39 estimation of stop:2022-01-07 20:59-> 32169,32172,32179,32186,32415,32453,32528,32540,32592,32633,32710,32712,32731,32732,32751,32982,33057,33076,33176,33213
Measurement id = 34753078 To popcluster26.atlas.winet.dcc.ufmg.br  created -> start :2022-01-07 12:39 estimation of stop:2022-01-07 20:59-> 32169,32172,32179,32186,32415,32453,32528,32540,32592,32633,32710,32712,32731,32732,32751,32982,33057,33076,33176,33213
Measurement id = 34753080 To popcluster27.atlas.winet.dcc.ufmg.br  created -> start :2022-01-07 12:39 estimation of stop:2022-01-07 20:59-> 32169,32172,32179,32186,32415,32453,32528,32540,32592,32633,32710,32712,32731,32732,32751,32982,33057,33076,33176,33213
Measurement id = 34753081 To popcluster28.atlas.winet.dcc.ufmg.br  created -> start :2022-01-07 12:39 estimation of stop:2022-01-07 20:59-> 32169,32172,32179,32186,32415,32453,32528,32540,32592,32633,32710,32712,32731,32732,32751,32982,33057,33076,33176,33213
Measurement id = 34753083 To popcluster29.atlas.winet.dcc.ufmg.br  created -> start :2022-01-07 12:39 estimation of stop:2022-01-07 20:59-> 32169,32172,32179,32186,32415,32453,32528,32540,32592,32633,32710,32712,32731,32732,32751,32982,33057,33076,33176,33213
Measurement id = 34753085 To popcluster30.atlas.winet.dcc.ufmg.br  created -> start :2022-01-07 12:39 estimation of stop:2022-01-07 20:59-> 32169,32172,32179,32186,32415,32453,32528,32540,32592,32633,32710,32712,32731,32732,32751,32982,33057,33076,33176,33213
Measurement id = 34753086 To popcluster31.atlas.winet.dcc.ufmg.br  created -> start :2022-01-07 12:39 estimation of stop:2022-01-07 20:59-> 32169,32172,32179,32186,32415,32453,32528,32540,32592,32633,32710,32712,32731,32732,32751,32982,33057,33076,33176,33213
Measurement id = 34753087 To popcluster32.atlas.winet.dcc.ufmg.br  created -> start :2022-01-07 12:39 estimation of stop:2022-01-07 20:59-> 32169,32172,32179,32186,32415,32453,32528,32540,32592,32633,32710,32712,32731,32732,32751,32982,33057,33076,33176,33213
Measurement id = 34753088 To popcluster33.atlas.winet.dcc.ufmg.br  created -> start :2022-01-07 12:39 estimation of stop:2022-01-07 20:59-> 32169,32172,32179,32186,32415,32453,32528,32540,32592,32633,32710,32712,32731,32732,32751,32982,33057,33076,33176,33213
Measurement id = 34753089 To popcluster34.atlas.winet.dcc.ufmg.br  created -> start :2022-01-07 12:39 estimation of stop:2022-01-07 20:59-> 32169,32172,32179,32186,32415,32453,32528,32540,32592,32633,32710,32712,32731,32732,32751,32982,33057,33076,33176,33213
Measurement id = 34753090 To popcluster35.atlas.winet.dcc.ufmg.br  created -> start :2022-01-07 12:39 estimation of stop:2022-01-07 20:59-> 32169,32172,32179,32186,32415,32453,32528,32540,32592,32633,32710,32712,32731,32732,32751,32982,33057,33076,33176,33213
Measurement id = 34753091 To popcluster36.atlas.winet.dcc.ufmg.br  created -> start :2022-01-07 12:39 estimation of stop:2022-01-07 20:59-> 32169,32172,32179,32186,32415,32453,32528,32540,32592,32633,32710,32712,32731,32732,32751,32982,33057,33076,33176,33213
Measurement id = 34753092 To popcluster37.atlas.winet.dcc.ufmg.br  created -> start :2022-01-07 12:39 estimation of stop:2022-01-07 20:59-> 32169,32172,32179,32186,32415,32453,32528,32540,32592,32633,32710,32712,32731,32732,32751,32982,33057,33076,33176,33213
Measurement id = 34753094 To popcluster38.atlas.winet.dcc.ufmg.br  created -> start :2022-01-07 12:39 estimation of stop:2022-01-07 20:59-> 32169,32172,32179,32186,32415,32453,32528,32540,32592,32633,32710,32712,32731,32732,32751,32982,33057,33076,33176,33213
Measurement id = 34753095 To popcluster39.atlas.winet.dcc.ufmg.br  created -> start :2022-01-07 12:39 estimation of stop:2022-01-07 20:59-> 32169,32172,32179,32186,32415,32453,32528,32540,32592,32633,32710,32712,32731,32732,32751,32982,33057,33076,33176,33213
Measurement id = 34753097 To popcluster40.atlas.winet.dcc.ufmg.br  created -> start :2022-01-07 12:39 estimation of stop:2022-01-07 20:59-> 32169,32172,32179,32186,32415,32453,32528,32540,32592,32633,32710,32712,32731,32732,32751,32982,33057,33076,33176,33213
Measurement id = 34753098 To popcluster41.atlas.winet.dcc.ufmg.br  created -> start :2022-01-07 12:39 estimation of stop:2022-01-07 20:59-> 32169,32172,32179,32186,32415,32453,32528,32540,32592,32633,32710,32712,32731,32732,32751,32982,33057,33076,33176,33213
Measurement id = 34753099 To popcluster42.atlas.winet.dcc.ufmg.br  created -> start :2022-01-07 12:39 estimation of stop:2022-01-07 20:59-> 32169,32172,32179,32186,32415,32453,32528,32540,32592,32633,32710,32712,32731,32732,32751,32982,33057,33076,33176,33213
Measurement id = 34753100 To popcluster43.atlas.winet.dcc.ufmg.br  created -> start :2022-01-07 12:39 estimation of stop:2022-01-07 20:59-> 32169,32172,32179,32186,32415,32453,32528,32540,32592,32633,32710,32712,32731,32732,32751,32982,33057,33076,33176,33213
Measurement id = 34753101 To popcluster44.atlas.winet.dcc.ufmg.br  created -> start :2022-01-07 12:39 estimation of stop:2022-01-07 20:59-> 32169,32172,32179,32186,32415,32453,32528,32540,32592,32633,32710,32712,32731,32732,32751,32982,33057,33076,33176,33213
Measurement id = 34753102 To popcluster45.atlas.winet.dcc.ufmg.br  created -> start :2022-01-07 12:39 estimation of stop:2022-01-07 20:59-> 32169,32172,32179,32186,32415,32453,32528,32540,32592,32633,32710,32712,32731,32732,32751,32982,33057,33076,33176,33213
Measurement id = 34753103 To popcluster46.atlas.winet.dcc.ufmg.br  created -> start :2022-01-07 12:39 estimation of stop:2022-01-07 20:59-> 32169,32172,32179,32186,32415,32453,32528,32540,32592,32633,32710,32712,32731,32732,32751,32982,33057,33076,33176,33213
Measurement id = 34753105 To popcluster47.atlas.winet.dcc.ufmg.br  created -> start :2022-01-07 12:39 estimation of stop:2022-01-07 20:59-> 32169,32172,32179,32186,32415,32453,32528,32540,32592,32633,32710,32712,32731,32732,32751,32982,33057,33076,33176,33213
Measurement id = 34753106 To popcluster48.atlas.winet.dcc.ufmg.br  created -> start :2022-01-07 12:39 estimation of stop:2022-01-07 20:59-> 32169,32172,32179,32186,32415,32453,32528,32540,32592,32633,32710,32712,32731,32732,32751,32982,33057,33076,33176,33213
Measurement id = 34753107 To popcluster49.atlas.winet.dcc.ufmg.br  created -> start :2022-01-07 12:39 estimation of stop:2022-01-07 20:59-> 32169,32172,32179,32186,32415,32453,32528,32540,32592,32633,32710,32712,32731,32732,32751,32982,33057,33076,33176,33213
Measurement id = 34753108 To popcluster50.atlas.winet.dcc.ufmg.br  created -> start :2022-01-07 12:39 estimation of stop:2022-01-07 20:59-> 32169,32172,32179,32186,32415,32453,32528,32540,32592,32633,32710,32712,32731,32732,32751,32982,33057,33076,33176,33213
Measurement id = 34753109 To popcluster51.atlas.winet.dcc.ufmg.br  created -> start :2022-01-07 12:39 estimation of stop:2022-01-07 20:59-> 32169,32172,32179,32186,32415,32453,32528,32540,32592,32633,32710,32712,32731,32732,32751,32982,33057,33076,33176,33213
Measurement id = 34753110 To popcluster52.atlas.winet.dcc.ufmg.br  created -> start :2022-01-07 12:39 estimation of stop:2022-01-07 20:59-> 32169,32172,32179,32186,32415,32453,32528,32540,32592,32633,32710,32712,32731,32732,32751,32982,33057,33076,33176,33213
Measurement id = 34753111 To popcluster53.atlas.winet.dcc.ufmg.br  created -> start :2022-01-07 12:39 estimation of stop:2022-01-07 20:59-> 32169,32172,32179,32186,32415,32453,32528,32540,32592,32633,32710,32712,32731,32732,32751,32982,33057,33076,33176,33213
Measurement id = 34753112 To popcluster54.atlas.winet.dcc.ufmg.br  created -> start :2022-01-07 12:39 estimation of stop:2022-01-07 20:59-> 32169,32172,32179,32186,32415,32453,32528,32540,32592,32633,32710,32712,32731,32732,32751,32982,33057,33076,33176,33213
Measurement id = 34753113 To popcluster55.atlas.winet.dcc.ufmg.br  created -> start :2022-01-07 12:39 estimation of stop:2022-01-07 20:59-> 32169,32172,32179,32186,32415,32453,32528,32540,32592,32633,32710,32712,32731,32732,32751,32982,33057,33076,33176,33213
Measurement id = 34753114 To popcluster56.atlas.winet.dcc.ufmg.br  created -> start :2022-01-07 12:39 estimation of stop:2022-01-07 20:59-> 32169,32172,32179,32186,32415,32453,32528,32540,32592,32633,32710,32712,32731,32732,32751,32982,33057,33076,33176,33213
Measurement id = 34753115 To popcluster57.atlas.winet.dcc.ufmg.br  created -> start :2022-01-07 12:39 estimation of stop:2022-01-07 20:59-> 32169,32172,32179,32186,32415,32453,32528,32540,32592,32633,32710,32712,32731,32732,32751,32982,33057,33076,33176,33213
Measurement id = 34753116 To popcluster58.atlas.winet.dcc.ufmg.br  created -> start :2022-01-07 12:39 estimation of stop:2022-01-07 20:59-> 32169,32172,32179,32186,32415,32453,32528,32540,32592,32633,32710,32712,32731,32732,32751,32982,33057,33076,33176,33213
Measurement id = 34753117 To popcluster59.atlas.winet.dcc.ufmg.br  created -> start :2022-01-07 12:39 estimation of stop:2022-01-07 20:59-> 32169,32172,32179,32186,32415,32453,32528,32540,32592,32633,32710,32712,32731,32732,32751,32982,33057,33076,33176,33213
Measurement id = 34753118 To popcluster60.atlas.winet.dcc.ufmg.br  created -> start :2022-01-07 12:39 estimation of stop:2022-01-07 20:59-> 32169,32172,32179,32186,32415,32453,32528,32540,32592,32633,32710,32712,32731,32732,32751,32982,33057,33076,33176,33213
Measurement id = 34753119 To popcluster61.atlas.winet.dcc.ufmg.br  created -> start :2022-01-07 12:39 estimation of stop:2022-01-07 20:59-> 32169,32172,32179,32186,32415,32453,32528,32540,32592,32633,32710,32712,32731,32732,32751,32982,33057,33076,33176,33213
Measurement id = 34753120 To popcluster62.atlas.winet.dcc.ufmg.br  created -> start :2022-01-07 12:39 estimation of stop:2022-01-07 20:59-> 32169,32172,32179,32186,32415,32453,32528,32540,32592,32633,32710,32712,32731,32732,32751,32982,33057,33076,33176,33213
Measurement id = 34753121 To popcluster63.atlas.winet.dcc.ufmg.br  created -> start :2022-01-07 12:39 estimation of stop:2022-01-07 20:59-> 32169,32172,32179,32186,32415,32453,32528,32540,32592,32633,32710,32712,32731,32732,32751,32982,33057,33076,33176,33213
Measurement id = 34753122 To popcluster64.atlas.winet.dcc.ufmg.br  created -> start :2022-01-07 12:39 estimation of stop:2022-01-07 20:59-> 32169,32172,32179,32186,32415,32453,32528,32540,32592,32633,32710,32712,32731,32732,32751,32982,33057,33076,33176,33213
Measurement id = 34753123 To popcluster65.atlas.winet.dcc.ufmg.br  created -> start :2022-01-07 12:39 estimation of stop:2022-01-07 20:59-> 32169,32172,32179,32186,32415,32453,32528,32540,32592,32633,32710,32712,32731,32732,32751,32982,33057,33076,33176,33213
Measurement id = 34753124 To popcluster66.atlas.winet.dcc.ufmg.br  created -> start :2022-01-07 12:39 estimation of stop:2022-01-07 20:59-> 32169,32172,32179,32186,32415,32453,32528,32540,32592,32633,32710,32712,32731,32732,32751,32982,33057,33076,33176,33213
Measurement id = 34753125 To popcluster67.atlas.winet.dcc.ufmg.br  created -> start :2022-01-07 12:39 estimation of stop:2022-01-07 20:59-> 32169,32172,32179,32186,32415,32453,32528,32540,32592,32633,32710,32712,32731,32732,32751,32982,33057,33076,33176,33213
Measurement id = 34753126 To popcluster68.atlas.winet.dcc.ufmg.br  created -> start :2022-01-07 12:39 estimation of stop:2022-01-07 20:59-> 32169,32172,32179,32186,32415,32453,32528,32540,32592,32633,32710,32712,32731,32732,32751,32982,33057,33076,33176,33213
Measurement id = 34753127 To popcluster69.atlas.winet.dcc.ufmg.br  created -> start :2022-01-07 12:39 estimation of stop:2022-01-07 20:59-> 32169,32172,32179,32186,32415,32453,32528,32540,32592,32633,32710,32712,32731,32732,32751,32982,33057,33076,33176,33213
Measurement id = 34753128 To popcluster70.atlas.winet.dcc.ufmg.br  created -> start :2022-01-07 12:39 estimation of stop:2022-01-07 20:59-> 32169,32172,32179,32186,32415,32453,32528,32540,32592,32633,32710,32712,32731,32732,32751,32982,33057,33076,33176,33213
Measurement id = 34753130 To popcluster71.atlas.winet.dcc.ufmg.br  created -> start :2022-01-07 12:39 estimation of stop:2022-01-07 20:59-> 32169,32172,32179,32186,32415,32453,32528,32540,32592,32633,32710,32712,32731,32732,32751,32982,33057,33076,33176,33213
Measurement id = 34753131 To popcluster72.atlas.winet.dcc.ufmg.br  created -> start :2022-01-07 12:39 estimation of stop:2022-01-07 20:59-> 32169,32172,32179,32186,32415,32453,32528,32540,32592,32633,32710,32712,32731,32732,32751,32982,33057,33076,33176,33213
Measurement id = 34753132 To popcluster73.atlas.winet.dcc.ufmg.br  created -> start :2022-01-07 12:39 estimation of stop:2022-01-07 20:59-> 32169,32172,32179,32186,32415,32453,32528,32540,32592,32633,32710,32712,32731,32732,32751,32982,33057,33076,33176,33213
Measurement id = 34753133 To popcluster74.atlas.winet.dcc.ufmg.br  created -> start :2022-01-07 12:39 estimation of stop:2022-01-07 20:59-> 32169,32172,32179,32186,32415,32453,32528,32540,32592,32633,32710,32712,32731,32732,32751,32982,33057,33076,33176,33213
Measurement id = 34753134 To popcluster75.atlas.winet.dcc.ufmg.br  created -> start :2022-01-07 12:39 estimation of stop:2022-01-07 20:59-> 32169,32172,32179,32186,32415,32453,32528,32540,32592,32633,32710,32712,32731,32732,32751,32982,33057,33076,33176,33213
Measurement id = 34753135 To popcluster76.atlas.winet.dcc.ufmg.br  created -> start :2022-01-07 12:39 estimation of stop:2022-01-07 20:59-> 32169,32172,32179,32186,32415,32453,32528,32540,32592,32633,32710,32712,32731,32732,32751,32982,33057,33076,33176,33213
Measurement id = 34753136 To popcluster77.atlas.winet.dcc.ufmg.br  created -> start :2022-01-07 12:39 estimation of stop:2022-01-07 20:59-> 32169,32172,32179,32186,32415,32453,32528,32540,32592,32633,32710,32712,32731,32732,32751,32982,33057,33076,33176,33213
Measurement id = 34753137 To popcluster78.atlas.winet.dcc.ufmg.br  created -> start :2022-01-07 12:39 estimation of stop:2022-01-07 20:59-> 32169,32172,32179,32186,32415,32453,32528,32540,32592,32633,32710,32712,32731,32732,32751,32982,33057,33076,33176,33213
Measurement id = 34753138 To popcluster79.atlas.winet.dcc.ufmg.br  created -> start :2022-01-07 12:39 estimation of stop:2022-01-07 20:59-> 32169,32172,32179,32186,32415,32453,32528,32540,32592,32633,32710,32712,32731,32732,32751,32982,33057,33076,33176,33213
Measurement id = 34753139 To popcluster80.atlas.winet.dcc.ufmg.br  created -> start :2022-01-07 12:39 estimation of stop:2022-01-07 20:59-> 32169,32172,32179,32186,32415,32453,32528,32540,32592,32633,32710,32712,32731,32732,32751,32982,33057,33076,33176,33213
Measurement id = 34753140 To popcluster81.atlas.winet.dcc.ufmg.br  created -> start :2022-01-07 12:39 estimation of stop:2022-01-07 20:59-> 32169,32172,32179,32186,32415,32453,32528,32540,32592,32633,32710,32712,32731,32732,32751,32982,33057,33076,33176,33213
Measurement id = 34753141 To popcluster82.atlas.winet.dcc.ufmg.br  created -> start :2022-01-07 12:39 estimation of stop:2022-01-07 20:59-> 32169,32172,32179,32186,32415,32453,32528,32540,32592,32633,32710,32712,32731,32732,32751,32982,33057,33076,33176,33213
Measurement id = 34753142 To popcluster83.atlas.winet.dcc.ufmg.br  created -> start :2022-01-07 12:39 estimation of stop:2022-01-07 20:59-> 32169,32172,32179,32186,32415,32453,32528,32540,32592,32633,32710,32712,32731,32732,32751,32982,33057,33076,33176,33213
Measurement id = 34753143 To popcluster84.atlas.winet.dcc.ufmg.br  created -> start :2022-01-07 12:39 estimation of stop:2022-01-07 20:59-> 32169,32172,32179,32186,32415,32453,32528,32540,32592,32633,32710,32712,32731,32732,32751,32982,33057,33076,33176,33213
Measurement id = 34753144 To popcluster85.atlas.winet.dcc.ufmg.br  created -> start :2022-01-07 12:39 estimation of stop:2022-01-07 20:59-> 32169,32172,32179,32186,32415,32453,32528,32540,32592,32633,32710,32712,32731,32732,32751,32982,33057,33076,33176,33213
Measurement id = 34753145 To popcluster86.atlas.winet.dcc.ufmg.br  created -> start :2022-01-07 12:39 estimation of stop:2022-01-07 20:59-> 32169,32172,32179,32186,32415,32453,32528,32540,32592,32633,32710,32712,32731,32732,32751,32982,33057,33076,33176,33213
Measurement id = 34753146 To popcluster87.atlas.winet.dcc.ufmg.br  created -> start :2022-01-07 12:39 estimation of stop:2022-01-07 20:59-> 32169,32172,32179,32186,32415,32453,32528,32540,32592,32633,32710,32712,32731,32732,32751,32982,33057,33076,33176,33213
Measurement id = 34753147 To popcluster88.atlas.winet.dcc.ufmg.br  created -> start :2022-01-07 12:39 estimation of stop:2022-01-07 20:59-> 32169,32172,32179,32186,32415,32453,32528,32540,32592,32633,32710,32712,32731,32732,32751,32982,33057,33076,33176,33213
Measurement id = 34753148 To popcluster89.atlas.winet.dcc.ufmg.br  created -> start :2022-01-07 12:39 estimation of stop:2022-01-07 20:59-> 32169,32172,32179,32186,32415,32453,32528,32540,32592,32633,32710,32712,32731,32732,32751,32982,33057,33076,33176,33213
Measurement id = 34753150 To popcluster90.atlas.winet.dcc.ufmg.br  created -> start :2022-01-07 12:39 estimation of stop:2022-01-07 20:59-> 32169,32172,32179,32186,32415,32453,32528,32540,32592,32633,32710,32712,32731,32732,32751,32982,33057,33076,33176,33213
Measurement id = 34753151 To popcluster91.atlas.winet.dcc.ufmg.br  created -> start :2022-01-07 12:39 estimation of stop:2022-01-07 20:59-> 32169,32172,32179,32186,32415,32453,32528,32540,32592,32633,32710,32712,32731,32732,32751,32982,33057,33076,33176,33213
Measurement id = 34753152 To popcluster92.atlas.winet.dcc.ufmg.br  created -> start :2022-01-07 12:39 estimation of stop:2022-01-07 20:59-> 32169,32172,32179,32186,32415,32453,32528,32540,32592,32633,32710,32712,32731,32732,32751,32982,33057,33076,33176,33213
Measurement id = 34753153 To popcluster93.atlas.winet.dcc.ufmg.br  created -> start :2022-01-07 12:39 estimation of stop:2022-01-07 20:59-> 32169,32172,32179,32186,32415,32453,32528,32540,32592,32633,32710,32712,32731,32732,32751,32982,33057,33076,33176,33213
Measurement id = 34753154 To popcluster94.atlas.winet.dcc.ufmg.br  created -> start :2022-01-07 12:39 estimation of stop:2022-01-07 20:59-> 32169,32172,32179,32186,32415,32453,32528,32540,32592,32633,32710,32712,32731,32732,32751,32982,33057,33076,33176,33213
Measurement id = 34753155 To popcluster95.atlas.winet.dcc.ufmg.br  created -> start :2022-01-07 12:39 estimation of stop:2022-01-07 20:59-> 32169,32172,32179,32186,32415,32453,32528,32540,32592,32633,32710,32712,32731,32732,32751,32982,33057,33076,33176,33213
Measurement id = 34753156 To popcluster96.atlas.winet.dcc.ufmg.br  created -> start :2022-01-07 12:39 estimation of stop:2022-01-07 20:59-> 32169,32172,32179,32186,32415,32453,32528,32540,32592,32633,32710,32712,32731,32732,32751,32982,33057,33076,33176,33213
Measurement id = 34753157 To popcluster97.atlas.winet.dcc.ufmg.br  created -> start :2022-01-07 12:39 estimation of stop:2022-01-07 20:59-> 32169,32172,32179,32186,32415,32453,32528,32540,32592,32633,32710,32712,32731,32732,32751,32982,33057,33076,33176,33213
Measurement id = 34753158 To popcluster98.atlas.winet.dcc.ufmg.br  created -> start :2022-01-07 12:39 estimation of stop:2022-01-07 20:59-> 32169,32172,32179,32186,32415,32453,32528,32540,32592,32633,32710,32712,32731,32732,32751,32982,33057,33076,33176,33213
Measurement id = 34753159 To popcluster99.atlas.winet.dcc.ufmg.br  created -> start :2022-01-07 12:39 estimation of stop:2022-01-07 20:59-> 32169,32172,32179,32186,32415,32453,32528,32540,32592,32633,32710,32712,32731,32732,32751,32982,33057,33076,33176,33213
Measurement id = 34753160 To popcluster100.atlas.winet.dcc.ufmg.br  created -> start :2022-01-07 12:39 estimation of stop:2022-01-07 20:59-> 32169,32172,32179,32186,32415,32453,32528,32540,32592,32633,32710,32712,32731,32732,32751,32982,33057,33076,33176,33213
