Measurement id = 34774600 To popcluster1.atlas.winet.dcc.ufmg.br  created -> start :2022-01-10 13:51 estimation of stop:2022-01-10 22:11-> 33442,33469,33890,34541,34658,34798,34940,34948,34972,35393,35462,35585,35591,35716,50007,50015,50023,50243,50289,50352
Measurement id = 34774605 To popcluster2.atlas.winet.dcc.ufmg.br  created -> start :2022-01-10 13:51 estimation of stop:2022-01-10 22:11-> 33442,33469,33890,34541,34658,34798,34940,34948,34972,35393,35462,35585,35591,35716,50007,50015,50023,50243,50289,50352
Measurement id = 34774609 To popcluster3.atlas.winet.dcc.ufmg.br  created -> start :2022-01-10 13:51 estimation of stop:2022-01-10 22:11-> 33442,33469,33890,34541,34658,34798,34940,34948,34972,35393,35462,35585,35591,35716,50007,50015,50023,50243,50289,50352
Measurement id = 34774612 To popcluster4.atlas.winet.dcc.ufmg.br  created -> start :2022-01-10 13:51 estimation of stop:2022-01-10 22:11-> 33442,33469,33890,34541,34658,34798,34940,34948,34972,35393,35462,35585,35591,35716,50007,50015,50023,50243,50289,50352
Measurement id = 34774615 To popcluster5.atlas.winet.dcc.ufmg.br  created -> start :2022-01-10 13:51 estimation of stop:2022-01-10 22:11-> 33442,33469,33890,34541,34658,34798,34940,34948,34972,35393,35462,35585,35591,35716,50007,50015,50023,50243,50289,50352
Measurement id = 34774618 To popcluster6.atlas.winet.dcc.ufmg.br  created -> start :2022-01-10 13:51 estimation of stop:2022-01-10 22:11-> 33442,33469,33890,34541,34658,34798,34940,34948,34972,35393,35462,35585,35591,35716,50007,50015,50023,50243,50289,50352
Measurement id = 34774621 To popcluster7.atlas.winet.dcc.ufmg.br  created -> start :2022-01-10 13:51 estimation of stop:2022-01-10 22:11-> 33442,33469,33890,34541,34658,34798,34940,34948,34972,35393,35462,35585,35591,35716,50007,50015,50023,50243,50289,50352
Measurement id = 34774623 To popcluster8.atlas.winet.dcc.ufmg.br  created -> start :2022-01-10 13:51 estimation of stop:2022-01-10 22:11-> 33442,33469,33890,34541,34658,34798,34940,34948,34972,35393,35462,35585,35591,35716,50007,50015,50023,50243,50289,50352
Measurement id = 34774627 To popcluster9.atlas.winet.dcc.ufmg.br  created -> start :2022-01-10 13:51 estimation of stop:2022-01-10 22:11-> 33442,33469,33890,34541,34658,34798,34940,34948,34972,35393,35462,35585,35591,35716,50007,50015,50023,50243,50289,50352
Measurement id = 34774630 To popcluster10.atlas.winet.dcc.ufmg.br  created -> start :2022-01-10 13:51 estimation of stop:2022-01-10 22:11-> 33442,33469,33890,34541,34658,34798,34940,34948,34972,35393,35462,35585,35591,35716,50007,50015,50023,50243,50289,50352
Measurement id = 34774633 To popcluster11.atlas.winet.dcc.ufmg.br  created -> start :2022-01-10 13:51 estimation of stop:2022-01-10 22:11-> 33442,33469,33890,34541,34658,34798,34940,34948,34972,35393,35462,35585,35591,35716,50007,50015,50023,50243,50289,50352
Measurement id = 34774636 To popcluster12.atlas.winet.dcc.ufmg.br  created -> start :2022-01-10 13:51 estimation of stop:2022-01-10 22:11-> 33442,33469,33890,34541,34658,34798,34940,34948,34972,35393,35462,35585,35591,35716,50007,50015,50023,50243,50289,50352
Measurement id = 34774639 To popcluster13.atlas.winet.dcc.ufmg.br  created -> start :2022-01-10 13:51 estimation of stop:2022-01-10 22:11-> 33442,33469,33890,34541,34658,34798,34940,34948,34972,35393,35462,35585,35591,35716,50007,50015,50023,50243,50289,50352
Measurement id = 34774642 To popcluster14.atlas.winet.dcc.ufmg.br  created -> start :2022-01-10 13:51 estimation of stop:2022-01-10 22:11-> 33442,33469,33890,34541,34658,34798,34940,34948,34972,35393,35462,35585,35591,35716,50007,50015,50023,50243,50289,50352
Measurement id = 34774645 To popcluster15.atlas.winet.dcc.ufmg.br  created -> start :2022-01-10 13:51 estimation of stop:2022-01-10 22:11-> 33442,33469,33890,34541,34658,34798,34940,34948,34972,35393,35462,35585,35591,35716,50007,50015,50023,50243,50289,50352
Measurement id = 34774648 To popcluster16.atlas.winet.dcc.ufmg.br  created -> start :2022-01-10 13:51 estimation of stop:2022-01-10 22:11-> 33442,33469,33890,34541,34658,34798,34940,34948,34972,35393,35462,35585,35591,35716,50007,50015,50023,50243,50289,50352
Measurement id = 34774652 To popcluster17.atlas.winet.dcc.ufmg.br  created -> start :2022-01-10 13:51 estimation of stop:2022-01-10 22:11-> 33442,33469,33890,34541,34658,34798,34940,34948,34972,35393,35462,35585,35591,35716,50007,50015,50023,50243,50289,50352
Measurement id = 34774656 To popcluster18.atlas.winet.dcc.ufmg.br  created -> start :2022-01-10 13:51 estimation of stop:2022-01-10 22:11-> 33442,33469,33890,34541,34658,34798,34940,34948,34972,35393,35462,35585,35591,35716,50007,50015,50023,50243,50289,50352
Measurement id = 34774658 To popcluster19.atlas.winet.dcc.ufmg.br  created -> start :2022-01-10 13:51 estimation of stop:2022-01-10 22:11-> 33442,33469,33890,34541,34658,34798,34940,34948,34972,35393,35462,35585,35591,35716,50007,50015,50023,50243,50289,50352
Measurement id = 34774662 To popcluster20.atlas.winet.dcc.ufmg.br  created -> start :2022-01-10 13:51 estimation of stop:2022-01-10 22:11-> 33442,33469,33890,34541,34658,34798,34940,34948,34972,35393,35462,35585,35591,35716,50007,50015,50023,50243,50289,50352
Measurement id = 34774665 To popcluster21.atlas.winet.dcc.ufmg.br  created -> start :2022-01-10 13:51 estimation of stop:2022-01-10 22:11-> 33442,33469,33890,34541,34658,34798,34940,34948,34972,35393,35462,35585,35591,35716,50007,50015,50023,50243,50289,50352
Measurement id = 34774668 To popcluster22.atlas.winet.dcc.ufmg.br  created -> start :2022-01-10 13:51 estimation of stop:2022-01-10 22:11-> 33442,33469,33890,34541,34658,34798,34940,34948,34972,35393,35462,35585,35591,35716,50007,50015,50023,50243,50289,50352
Measurement id = 34774670 To popcluster23.atlas.winet.dcc.ufmg.br  created -> start :2022-01-10 13:51 estimation of stop:2022-01-10 22:11-> 33442,33469,33890,34541,34658,34798,34940,34948,34972,35393,35462,35585,35591,35716,50007,50015,50023,50243,50289,50352
Measurement id = 34774673 To popcluster24.atlas.winet.dcc.ufmg.br  created -> start :2022-01-10 13:51 estimation of stop:2022-01-10 22:11-> 33442,33469,33890,34541,34658,34798,34940,34948,34972,35393,35462,35585,35591,35716,50007,50015,50023,50243,50289,50352
Measurement id = 34774676 To popcluster25.atlas.winet.dcc.ufmg.br  created -> start :2022-01-10 13:51 estimation of stop:2022-01-10 22:11-> 33442,33469,33890,34541,34658,34798,34940,34948,34972,35393,35462,35585,35591,35716,50007,50015,50023,50243,50289,50352
Measurement id = 34774679 To popcluster26.atlas.winet.dcc.ufmg.br  created -> start :2022-01-10 13:51 estimation of stop:2022-01-10 22:11-> 33442,33469,33890,34541,34658,34798,34940,34948,34972,35393,35462,35585,35591,35716,50007,50015,50023,50243,50289,50352
Measurement id = 34774682 To popcluster27.atlas.winet.dcc.ufmg.br  created -> start :2022-01-10 13:51 estimation of stop:2022-01-10 22:11-> 33442,33469,33890,34541,34658,34798,34940,34948,34972,35393,35462,35585,35591,35716,50007,50015,50023,50243,50289,50352
Measurement id = 34774685 To popcluster28.atlas.winet.dcc.ufmg.br  created -> start :2022-01-10 13:51 estimation of stop:2022-01-10 22:11-> 33442,33469,33890,34541,34658,34798,34940,34948,34972,35393,35462,35585,35591,35716,50007,50015,50023,50243,50289,50352
Measurement id = 34774687 To popcluster29.atlas.winet.dcc.ufmg.br  created -> start :2022-01-10 13:51 estimation of stop:2022-01-10 22:11-> 33442,33469,33890,34541,34658,34798,34940,34948,34972,35393,35462,35585,35591,35716,50007,50015,50023,50243,50289,50352
Measurement id = 34774690 To popcluster30.atlas.winet.dcc.ufmg.br  created -> start :2022-01-10 13:51 estimation of stop:2022-01-10 22:11-> 33442,33469,33890,34541,34658,34798,34940,34948,34972,35393,35462,35585,35591,35716,50007,50015,50023,50243,50289,50352
Measurement id = 34774693 To popcluster31.atlas.winet.dcc.ufmg.br  created -> start :2022-01-10 13:51 estimation of stop:2022-01-10 22:11-> 33442,33469,33890,34541,34658,34798,34940,34948,34972,35393,35462,35585,35591,35716,50007,50015,50023,50243,50289,50352
Measurement id = 34774696 To popcluster32.atlas.winet.dcc.ufmg.br  created -> start :2022-01-10 13:51 estimation of stop:2022-01-10 22:11-> 33442,33469,33890,34541,34658,34798,34940,34948,34972,35393,35462,35585,35591,35716,50007,50015,50023,50243,50289,50352
Measurement id = 34774699 To popcluster33.atlas.winet.dcc.ufmg.br  created -> start :2022-01-10 13:51 estimation of stop:2022-01-10 22:11-> 33442,33469,33890,34541,34658,34798,34940,34948,34972,35393,35462,35585,35591,35716,50007,50015,50023,50243,50289,50352
Measurement id = 34774702 To popcluster34.atlas.winet.dcc.ufmg.br  created -> start :2022-01-10 13:51 estimation of stop:2022-01-10 22:11-> 33442,33469,33890,34541,34658,34798,34940,34948,34972,35393,35462,35585,35591,35716,50007,50015,50023,50243,50289,50352
Measurement id = 34774705 To popcluster35.atlas.winet.dcc.ufmg.br  created -> start :2022-01-10 13:51 estimation of stop:2022-01-10 22:11-> 33442,33469,33890,34541,34658,34798,34940,34948,34972,35393,35462,35585,35591,35716,50007,50015,50023,50243,50289,50352
Measurement id = 34774708 To popcluster36.atlas.winet.dcc.ufmg.br  created -> start :2022-01-10 13:51 estimation of stop:2022-01-10 22:11-> 33442,33469,33890,34541,34658,34798,34940,34948,34972,35393,35462,35585,35591,35716,50007,50015,50023,50243,50289,50352
Measurement id = 34774711 To popcluster37.atlas.winet.dcc.ufmg.br  created -> start :2022-01-10 13:51 estimation of stop:2022-01-10 22:11-> 33442,33469,33890,34541,34658,34798,34940,34948,34972,35393,35462,35585,35591,35716,50007,50015,50023,50243,50289,50352
Measurement id = 34774714 To popcluster38.atlas.winet.dcc.ufmg.br  created -> start :2022-01-10 13:51 estimation of stop:2022-01-10 22:11-> 33442,33469,33890,34541,34658,34798,34940,34948,34972,35393,35462,35585,35591,35716,50007,50015,50023,50243,50289,50352
Measurement id = 34774716 To popcluster39.atlas.winet.dcc.ufmg.br  created -> start :2022-01-10 13:51 estimation of stop:2022-01-10 22:11-> 33442,33469,33890,34541,34658,34798,34940,34948,34972,35393,35462,35585,35591,35716,50007,50015,50023,50243,50289,50352
Measurement id = 34774718 To popcluster40.atlas.winet.dcc.ufmg.br  created -> start :2022-01-10 13:51 estimation of stop:2022-01-10 22:11-> 33442,33469,33890,34541,34658,34798,34940,34948,34972,35393,35462,35585,35591,35716,50007,50015,50023,50243,50289,50352
Measurement id = 34774719 To popcluster41.atlas.winet.dcc.ufmg.br  created -> start :2022-01-10 13:51 estimation of stop:2022-01-10 22:11-> 33442,33469,33890,34541,34658,34798,34940,34948,34972,35393,35462,35585,35591,35716,50007,50015,50023,50243,50289,50352
Measurement id = 34774720 To popcluster42.atlas.winet.dcc.ufmg.br  created -> start :2022-01-10 13:51 estimation of stop:2022-01-10 22:11-> 33442,33469,33890,34541,34658,34798,34940,34948,34972,35393,35462,35585,35591,35716,50007,50015,50023,50243,50289,50352
Measurement id = 34774721 To popcluster43.atlas.winet.dcc.ufmg.br  created -> start :2022-01-10 13:51 estimation of stop:2022-01-10 22:11-> 33442,33469,33890,34541,34658,34798,34940,34948,34972,35393,35462,35585,35591,35716,50007,50015,50023,50243,50289,50352
Measurement id = 34774722 To popcluster44.atlas.winet.dcc.ufmg.br  created -> start :2022-01-10 13:51 estimation of stop:2022-01-10 22:11-> 33442,33469,33890,34541,34658,34798,34940,34948,34972,35393,35462,35585,35591,35716,50007,50015,50023,50243,50289,50352
Measurement id = 34774723 To popcluster45.atlas.winet.dcc.ufmg.br  created -> start :2022-01-10 13:51 estimation of stop:2022-01-10 22:11-> 33442,33469,33890,34541,34658,34798,34940,34948,34972,35393,35462,35585,35591,35716,50007,50015,50023,50243,50289,50352
Measurement id = 34774724 To popcluster46.atlas.winet.dcc.ufmg.br  created -> start :2022-01-10 13:51 estimation of stop:2022-01-10 22:11-> 33442,33469,33890,34541,34658,34798,34940,34948,34972,35393,35462,35585,35591,35716,50007,50015,50023,50243,50289,50352
Measurement id = 34774725 To popcluster47.atlas.winet.dcc.ufmg.br  created -> start :2022-01-10 13:51 estimation of stop:2022-01-10 22:11-> 33442,33469,33890,34541,34658,34798,34940,34948,34972,35393,35462,35585,35591,35716,50007,50015,50023,50243,50289,50352
Measurement id = 34774726 To popcluster48.atlas.winet.dcc.ufmg.br  created -> start :2022-01-10 13:51 estimation of stop:2022-01-10 22:11-> 33442,33469,33890,34541,34658,34798,34940,34948,34972,35393,35462,35585,35591,35716,50007,50015,50023,50243,50289,50352
Measurement id = 34774727 To popcluster49.atlas.winet.dcc.ufmg.br  created -> start :2022-01-10 13:51 estimation of stop:2022-01-10 22:11-> 33442,33469,33890,34541,34658,34798,34940,34948,34972,35393,35462,35585,35591,35716,50007,50015,50023,50243,50289,50352
Measurement id = 34774728 To popcluster50.atlas.winet.dcc.ufmg.br  created -> start :2022-01-10 13:51 estimation of stop:2022-01-10 22:11-> 33442,33469,33890,34541,34658,34798,34940,34948,34972,35393,35462,35585,35591,35716,50007,50015,50023,50243,50289,50352
Measurement id = 34774729 To popcluster51.atlas.winet.dcc.ufmg.br  created -> start :2022-01-10 13:51 estimation of stop:2022-01-10 22:11-> 33442,33469,33890,34541,34658,34798,34940,34948,34972,35393,35462,35585,35591,35716,50007,50015,50023,50243,50289,50352
Measurement id = 34774730 To popcluster52.atlas.winet.dcc.ufmg.br  created -> start :2022-01-10 13:51 estimation of stop:2022-01-10 22:11-> 33442,33469,33890,34541,34658,34798,34940,34948,34972,35393,35462,35585,35591,35716,50007,50015,50023,50243,50289,50352
Measurement id = 34774731 To popcluster53.atlas.winet.dcc.ufmg.br  created -> start :2022-01-10 13:51 estimation of stop:2022-01-10 22:11-> 33442,33469,33890,34541,34658,34798,34940,34948,34972,35393,35462,35585,35591,35716,50007,50015,50023,50243,50289,50352
Measurement id = 34774732 To popcluster54.atlas.winet.dcc.ufmg.br  created -> start :2022-01-10 13:51 estimation of stop:2022-01-10 22:11-> 33442,33469,33890,34541,34658,34798,34940,34948,34972,35393,35462,35585,35591,35716,50007,50015,50023,50243,50289,50352
Measurement id = 34774733 To popcluster55.atlas.winet.dcc.ufmg.br  created -> start :2022-01-10 13:51 estimation of stop:2022-01-10 22:11-> 33442,33469,33890,34541,34658,34798,34940,34948,34972,35393,35462,35585,35591,35716,50007,50015,50023,50243,50289,50352
Measurement id = 34774734 To popcluster56.atlas.winet.dcc.ufmg.br  created -> start :2022-01-10 13:51 estimation of stop:2022-01-10 22:11-> 33442,33469,33890,34541,34658,34798,34940,34948,34972,35393,35462,35585,35591,35716,50007,50015,50023,50243,50289,50352
Measurement id = 34774736 To popcluster57.atlas.winet.dcc.ufmg.br  created -> start :2022-01-10 13:51 estimation of stop:2022-01-10 22:11-> 33442,33469,33890,34541,34658,34798,34940,34948,34972,35393,35462,35585,35591,35716,50007,50015,50023,50243,50289,50352
Measurement id = 34774737 To popcluster58.atlas.winet.dcc.ufmg.br  created -> start :2022-01-10 13:51 estimation of stop:2022-01-10 22:11-> 33442,33469,33890,34541,34658,34798,34940,34948,34972,35393,35462,35585,35591,35716,50007,50015,50023,50243,50289,50352
Measurement id = 34774738 To popcluster59.atlas.winet.dcc.ufmg.br  created -> start :2022-01-10 13:51 estimation of stop:2022-01-10 22:11-> 33442,33469,33890,34541,34658,34798,34940,34948,34972,35393,35462,35585,35591,35716,50007,50015,50023,50243,50289,50352
Measurement id = 34774739 To popcluster60.atlas.winet.dcc.ufmg.br  created -> start :2022-01-10 13:51 estimation of stop:2022-01-10 22:11-> 33442,33469,33890,34541,34658,34798,34940,34948,34972,35393,35462,35585,35591,35716,50007,50015,50023,50243,50289,50352
Measurement id = 34774740 To popcluster61.atlas.winet.dcc.ufmg.br  created -> start :2022-01-10 13:51 estimation of stop:2022-01-10 22:11-> 33442,33469,33890,34541,34658,34798,34940,34948,34972,35393,35462,35585,35591,35716,50007,50015,50023,50243,50289,50352
Measurement id = 34774741 To popcluster62.atlas.winet.dcc.ufmg.br  created -> start :2022-01-10 13:51 estimation of stop:2022-01-10 22:11-> 33442,33469,33890,34541,34658,34798,34940,34948,34972,35393,35462,35585,35591,35716,50007,50015,50023,50243,50289,50352
Measurement id = 34774742 To popcluster63.atlas.winet.dcc.ufmg.br  created -> start :2022-01-10 13:51 estimation of stop:2022-01-10 22:11-> 33442,33469,33890,34541,34658,34798,34940,34948,34972,35393,35462,35585,35591,35716,50007,50015,50023,50243,50289,50352
Measurement id = 34774743 To popcluster64.atlas.winet.dcc.ufmg.br  created -> start :2022-01-10 13:51 estimation of stop:2022-01-10 22:11-> 33442,33469,33890,34541,34658,34798,34940,34948,34972,35393,35462,35585,35591,35716,50007,50015,50023,50243,50289,50352
Measurement id = 34774744 To popcluster65.atlas.winet.dcc.ufmg.br  created -> start :2022-01-10 13:51 estimation of stop:2022-01-10 22:11-> 33442,33469,33890,34541,34658,34798,34940,34948,34972,35393,35462,35585,35591,35716,50007,50015,50023,50243,50289,50352
Measurement id = 34774745 To popcluster66.atlas.winet.dcc.ufmg.br  created -> start :2022-01-10 13:51 estimation of stop:2022-01-10 22:11-> 33442,33469,33890,34541,34658,34798,34940,34948,34972,35393,35462,35585,35591,35716,50007,50015,50023,50243,50289,50352
Measurement id = 34774746 To popcluster67.atlas.winet.dcc.ufmg.br  created -> start :2022-01-10 13:51 estimation of stop:2022-01-10 22:11-> 33442,33469,33890,34541,34658,34798,34940,34948,34972,35393,35462,35585,35591,35716,50007,50015,50023,50243,50289,50352
Measurement id = 34774747 To popcluster68.atlas.winet.dcc.ufmg.br  created -> start :2022-01-10 13:51 estimation of stop:2022-01-10 22:11-> 33442,33469,33890,34541,34658,34798,34940,34948,34972,35393,35462,35585,35591,35716,50007,50015,50023,50243,50289,50352
Measurement id = 34774748 To popcluster69.atlas.winet.dcc.ufmg.br  created -> start :2022-01-10 13:51 estimation of stop:2022-01-10 22:11-> 33442,33469,33890,34541,34658,34798,34940,34948,34972,35393,35462,35585,35591,35716,50007,50015,50023,50243,50289,50352
Measurement id = 34774749 To popcluster70.atlas.winet.dcc.ufmg.br  created -> start :2022-01-10 13:51 estimation of stop:2022-01-10 22:11-> 33442,33469,33890,34541,34658,34798,34940,34948,34972,35393,35462,35585,35591,35716,50007,50015,50023,50243,50289,50352
Measurement id = 34774750 To popcluster71.atlas.winet.dcc.ufmg.br  created -> start :2022-01-10 13:51 estimation of stop:2022-01-10 22:11-> 33442,33469,33890,34541,34658,34798,34940,34948,34972,35393,35462,35585,35591,35716,50007,50015,50023,50243,50289,50352
Measurement id = 34774751 To popcluster72.atlas.winet.dcc.ufmg.br  created -> start :2022-01-10 13:51 estimation of stop:2022-01-10 22:11-> 33442,33469,33890,34541,34658,34798,34940,34948,34972,35393,35462,35585,35591,35716,50007,50015,50023,50243,50289,50352
Measurement id = 34774752 To popcluster73.atlas.winet.dcc.ufmg.br  created -> start :2022-01-10 13:51 estimation of stop:2022-01-10 22:11-> 33442,33469,33890,34541,34658,34798,34940,34948,34972,35393,35462,35585,35591,35716,50007,50015,50023,50243,50289,50352
Measurement id = 34774753 To popcluster74.atlas.winet.dcc.ufmg.br  created -> start :2022-01-10 13:51 estimation of stop:2022-01-10 22:11-> 33442,33469,33890,34541,34658,34798,34940,34948,34972,35393,35462,35585,35591,35716,50007,50015,50023,50243,50289,50352
Measurement id = 34774754 To popcluster75.atlas.winet.dcc.ufmg.br  created -> start :2022-01-10 13:51 estimation of stop:2022-01-10 22:11-> 33442,33469,33890,34541,34658,34798,34940,34948,34972,35393,35462,35585,35591,35716,50007,50015,50023,50243,50289,50352
Measurement id = 34774755 To popcluster76.atlas.winet.dcc.ufmg.br  created -> start :2022-01-10 13:51 estimation of stop:2022-01-10 22:11-> 33442,33469,33890,34541,34658,34798,34940,34948,34972,35393,35462,35585,35591,35716,50007,50015,50023,50243,50289,50352
Measurement id = 34774756 To popcluster77.atlas.winet.dcc.ufmg.br  created -> start :2022-01-10 13:51 estimation of stop:2022-01-10 22:11-> 33442,33469,33890,34541,34658,34798,34940,34948,34972,35393,35462,35585,35591,35716,50007,50015,50023,50243,50289,50352
Measurement id = 34774757 To popcluster78.atlas.winet.dcc.ufmg.br  created -> start :2022-01-10 13:51 estimation of stop:2022-01-10 22:11-> 33442,33469,33890,34541,34658,34798,34940,34948,34972,35393,35462,35585,35591,35716,50007,50015,50023,50243,50289,50352
Measurement id = 34774758 To popcluster79.atlas.winet.dcc.ufmg.br  created -> start :2022-01-10 13:51 estimation of stop:2022-01-10 22:11-> 33442,33469,33890,34541,34658,34798,34940,34948,34972,35393,35462,35585,35591,35716,50007,50015,50023,50243,50289,50352
Measurement id = 34774759 To popcluster80.atlas.winet.dcc.ufmg.br  created -> start :2022-01-10 13:51 estimation of stop:2022-01-10 22:11-> 33442,33469,33890,34541,34658,34798,34940,34948,34972,35393,35462,35585,35591,35716,50007,50015,50023,50243,50289,50352
Measurement id = 34774760 To popcluster81.atlas.winet.dcc.ufmg.br  created -> start :2022-01-10 13:51 estimation of stop:2022-01-10 22:11-> 33442,33469,33890,34541,34658,34798,34940,34948,34972,35393,35462,35585,35591,35716,50007,50015,50023,50243,50289,50352
Measurement id = 34774761 To popcluster82.atlas.winet.dcc.ufmg.br  created -> start :2022-01-10 13:51 estimation of stop:2022-01-10 22:11-> 33442,33469,33890,34541,34658,34798,34940,34948,34972,35393,35462,35585,35591,35716,50007,50015,50023,50243,50289,50352
Measurement id = 34774762 To popcluster83.atlas.winet.dcc.ufmg.br  created -> start :2022-01-10 13:51 estimation of stop:2022-01-10 22:11-> 33442,33469,33890,34541,34658,34798,34940,34948,34972,35393,35462,35585,35591,35716,50007,50015,50023,50243,50289,50352
Measurement id = 34774763 To popcluster84.atlas.winet.dcc.ufmg.br  created -> start :2022-01-10 13:51 estimation of stop:2022-01-10 22:11-> 33442,33469,33890,34541,34658,34798,34940,34948,34972,35393,35462,35585,35591,35716,50007,50015,50023,50243,50289,50352
Measurement id = 34774764 To popcluster85.atlas.winet.dcc.ufmg.br  created -> start :2022-01-10 13:51 estimation of stop:2022-01-10 22:11-> 33442,33469,33890,34541,34658,34798,34940,34948,34972,35393,35462,35585,35591,35716,50007,50015,50023,50243,50289,50352
Measurement id = 34774765 To popcluster86.atlas.winet.dcc.ufmg.br  created -> start :2022-01-10 13:51 estimation of stop:2022-01-10 22:11-> 33442,33469,33890,34541,34658,34798,34940,34948,34972,35393,35462,35585,35591,35716,50007,50015,50023,50243,50289,50352
Measurement id = 34774766 To popcluster87.atlas.winet.dcc.ufmg.br  created -> start :2022-01-10 13:51 estimation of stop:2022-01-10 22:11-> 33442,33469,33890,34541,34658,34798,34940,34948,34972,35393,35462,35585,35591,35716,50007,50015,50023,50243,50289,50352
Measurement id = 34774767 To popcluster88.atlas.winet.dcc.ufmg.br  created -> start :2022-01-10 13:51 estimation of stop:2022-01-10 22:11-> 33442,33469,33890,34541,34658,34798,34940,34948,34972,35393,35462,35585,35591,35716,50007,50015,50023,50243,50289,50352
Measurement id = 34774768 To popcluster89.atlas.winet.dcc.ufmg.br  created -> start :2022-01-10 13:51 estimation of stop:2022-01-10 22:11-> 33442,33469,33890,34541,34658,34798,34940,34948,34972,35393,35462,35585,35591,35716,50007,50015,50023,50243,50289,50352
Measurement id = 34774769 To popcluster90.atlas.winet.dcc.ufmg.br  created -> start :2022-01-10 13:51 estimation of stop:2022-01-10 22:11-> 33442,33469,33890,34541,34658,34798,34940,34948,34972,35393,35462,35585,35591,35716,50007,50015,50023,50243,50289,50352
Measurement id = 34774770 To popcluster91.atlas.winet.dcc.ufmg.br  created -> start :2022-01-10 13:51 estimation of stop:2022-01-10 22:11-> 33442,33469,33890,34541,34658,34798,34940,34948,34972,35393,35462,35585,35591,35716,50007,50015,50023,50243,50289,50352
Measurement id = 34774771 To popcluster92.atlas.winet.dcc.ufmg.br  created -> start :2022-01-10 13:51 estimation of stop:2022-01-10 22:11-> 33442,33469,33890,34541,34658,34798,34940,34948,34972,35393,35462,35585,35591,35716,50007,50015,50023,50243,50289,50352
Measurement id = 34774772 To popcluster93.atlas.winet.dcc.ufmg.br  created -> start :2022-01-10 13:51 estimation of stop:2022-01-10 22:11-> 33442,33469,33890,34541,34658,34798,34940,34948,34972,35393,35462,35585,35591,35716,50007,50015,50023,50243,50289,50352
Measurement id = 34774773 To popcluster94.atlas.winet.dcc.ufmg.br  created -> start :2022-01-10 13:51 estimation of stop:2022-01-10 22:11-> 33442,33469,33890,34541,34658,34798,34940,34948,34972,35393,35462,35585,35591,35716,50007,50015,50023,50243,50289,50352
Measurement id = 34774774 To popcluster95.atlas.winet.dcc.ufmg.br  created -> start :2022-01-10 13:51 estimation of stop:2022-01-10 22:11-> 33442,33469,33890,34541,34658,34798,34940,34948,34972,35393,35462,35585,35591,35716,50007,50015,50023,50243,50289,50352
Measurement id = 34774775 To popcluster96.atlas.winet.dcc.ufmg.br  created -> start :2022-01-10 13:51 estimation of stop:2022-01-10 22:11-> 33442,33469,33890,34541,34658,34798,34940,34948,34972,35393,35462,35585,35591,35716,50007,50015,50023,50243,50289,50352
Measurement id = 34774777 To popcluster97.atlas.winet.dcc.ufmg.br  created -> start :2022-01-10 13:51 estimation of stop:2022-01-10 22:11-> 33442,33469,33890,34541,34658,34798,34940,34948,34972,35393,35462,35585,35591,35716,50007,50015,50023,50243,50289,50352
Measurement id = 34774778 To popcluster98.atlas.winet.dcc.ufmg.br  created -> start :2022-01-10 13:51 estimation of stop:2022-01-10 22:11-> 33442,33469,33890,34541,34658,34798,34940,34948,34972,35393,35462,35585,35591,35716,50007,50015,50023,50243,50289,50352
Measurement id = 34774779 To popcluster99.atlas.winet.dcc.ufmg.br  created -> start :2022-01-10 13:51 estimation of stop:2022-01-10 22:11-> 33442,33469,33890,34541,34658,34798,34940,34948,34972,35393,35462,35585,35591,35716,50007,50015,50023,50243,50289,50352
Measurement id = 34774780 To popcluster100.atlas.winet.dcc.ufmg.br  created -> start :2022-01-10 13:51 estimation of stop:2022-01-10 22:11-> 33442,33469,33890,34541,34658,34798,34940,34948,34972,35393,35462,35585,35591,35716,50007,50015,50023,50243,50289,50352
