Measurement id = 34861416 To popcluster1.atlas.winet.dcc.ufmg.br  created -> start :2022-01-19 17:26 estimation of stop:2022-01-20 01:46-> 53235,53240,53244,53260,53266,53293,53304,53328,53415,53421,53431,53466,53506,53509,53516,53517,53527,53545,53562,53620
Measurement id = 34861417 To popcluster2.atlas.winet.dcc.ufmg.br  created -> start :2022-01-19 17:26 estimation of stop:2022-01-20 01:46-> 53235,53240,53244,53260,53266,53293,53304,53328,53415,53421,53431,53466,53506,53509,53516,53517,53527,53545,53562,53620
Measurement id = 34861418 To popcluster3.atlas.winet.dcc.ufmg.br  created -> start :2022-01-19 17:26 estimation of stop:2022-01-20 01:46-> 53235,53240,53244,53260,53266,53293,53304,53328,53415,53421,53431,53466,53506,53509,53516,53517,53527,53545,53562,53620
Measurement id = 34861419 To popcluster4.atlas.winet.dcc.ufmg.br  created -> start :2022-01-19 17:26 estimation of stop:2022-01-20 01:46-> 53235,53240,53244,53260,53266,53293,53304,53328,53415,53421,53431,53466,53506,53509,53516,53517,53527,53545,53562,53620
Measurement id = 34861420 To popcluster5.atlas.winet.dcc.ufmg.br  created -> start :2022-01-19 17:26 estimation of stop:2022-01-20 01:46-> 53235,53240,53244,53260,53266,53293,53304,53328,53415,53421,53431,53466,53506,53509,53516,53517,53527,53545,53562,53620
Measurement id = 34861421 To popcluster6.atlas.winet.dcc.ufmg.br  created -> start :2022-01-19 17:26 estimation of stop:2022-01-20 01:46-> 53235,53240,53244,53260,53266,53293,53304,53328,53415,53421,53431,53466,53506,53509,53516,53517,53527,53545,53562,53620
Measurement id = 34861422 To popcluster7.atlas.winet.dcc.ufmg.br  created -> start :2022-01-19 17:26 estimation of stop:2022-01-20 01:46-> 53235,53240,53244,53260,53266,53293,53304,53328,53415,53421,53431,53466,53506,53509,53516,53517,53527,53545,53562,53620
Measurement id = 34861423 To popcluster8.atlas.winet.dcc.ufmg.br  created -> start :2022-01-19 17:26 estimation of stop:2022-01-20 01:46-> 53235,53240,53244,53260,53266,53293,53304,53328,53415,53421,53431,53466,53506,53509,53516,53517,53527,53545,53562,53620
Measurement id = 34861424 To popcluster9.atlas.winet.dcc.ufmg.br  created -> start :2022-01-19 17:26 estimation of stop:2022-01-20 01:46-> 53235,53240,53244,53260,53266,53293,53304,53328,53415,53421,53431,53466,53506,53509,53516,53517,53527,53545,53562,53620
Measurement id = 34861425 To popcluster10.atlas.winet.dcc.ufmg.br  created -> start :2022-01-19 17:26 estimation of stop:2022-01-20 01:46-> 53235,53240,53244,53260,53266,53293,53304,53328,53415,53421,53431,53466,53506,53509,53516,53517,53527,53545,53562,53620
Measurement id = 34861426 To popcluster11.atlas.winet.dcc.ufmg.br  created -> start :2022-01-19 17:26 estimation of stop:2022-01-20 01:46-> 53235,53240,53244,53260,53266,53293,53304,53328,53415,53421,53431,53466,53506,53509,53516,53517,53527,53545,53562,53620
Measurement id = 34861428 To popcluster12.atlas.winet.dcc.ufmg.br  created -> start :2022-01-19 17:26 estimation of stop:2022-01-20 01:46-> 53235,53240,53244,53260,53266,53293,53304,53328,53415,53421,53431,53466,53506,53509,53516,53517,53527,53545,53562,53620
Measurement id = 34861429 To popcluster13.atlas.winet.dcc.ufmg.br  created -> start :2022-01-19 17:26 estimation of stop:2022-01-20 01:46-> 53235,53240,53244,53260,53266,53293,53304,53328,53415,53421,53431,53466,53506,53509,53516,53517,53527,53545,53562,53620
Measurement id = 34861430 To popcluster14.atlas.winet.dcc.ufmg.br  created -> start :2022-01-19 17:26 estimation of stop:2022-01-20 01:46-> 53235,53240,53244,53260,53266,53293,53304,53328,53415,53421,53431,53466,53506,53509,53516,53517,53527,53545,53562,53620
Measurement id = 34861432 To popcluster15.atlas.winet.dcc.ufmg.br  created -> start :2022-01-19 17:26 estimation of stop:2022-01-20 01:46-> 53235,53240,53244,53260,53266,53293,53304,53328,53415,53421,53431,53466,53506,53509,53516,53517,53527,53545,53562,53620
Measurement id = 34861433 To popcluster16.atlas.winet.dcc.ufmg.br  created -> start :2022-01-19 17:26 estimation of stop:2022-01-20 01:46-> 53235,53240,53244,53260,53266,53293,53304,53328,53415,53421,53431,53466,53506,53509,53516,53517,53527,53545,53562,53620
Measurement id = 34861434 To popcluster17.atlas.winet.dcc.ufmg.br  created -> start :2022-01-19 17:26 estimation of stop:2022-01-20 01:46-> 53235,53240,53244,53260,53266,53293,53304,53328,53415,53421,53431,53466,53506,53509,53516,53517,53527,53545,53562,53620
Measurement id = 34861435 To popcluster18.atlas.winet.dcc.ufmg.br  created -> start :2022-01-19 17:26 estimation of stop:2022-01-20 01:46-> 53235,53240,53244,53260,53266,53293,53304,53328,53415,53421,53431,53466,53506,53509,53516,53517,53527,53545,53562,53620
Measurement id = 34861436 To popcluster19.atlas.winet.dcc.ufmg.br  created -> start :2022-01-19 17:26 estimation of stop:2022-01-20 01:46-> 53235,53240,53244,53260,53266,53293,53304,53328,53415,53421,53431,53466,53506,53509,53516,53517,53527,53545,53562,53620
Measurement id = 34861437 To popcluster20.atlas.winet.dcc.ufmg.br  created -> start :2022-01-19 17:26 estimation of stop:2022-01-20 01:46-> 53235,53240,53244,53260,53266,53293,53304,53328,53415,53421,53431,53466,53506,53509,53516,53517,53527,53545,53562,53620
Measurement id = 34861438 To popcluster21.atlas.winet.dcc.ufmg.br  created -> start :2022-01-19 17:26 estimation of stop:2022-01-20 01:46-> 53235,53240,53244,53260,53266,53293,53304,53328,53415,53421,53431,53466,53506,53509,53516,53517,53527,53545,53562,53620
Measurement id = 34861439 To popcluster22.atlas.winet.dcc.ufmg.br  created -> start :2022-01-19 17:26 estimation of stop:2022-01-20 01:46-> 53235,53240,53244,53260,53266,53293,53304,53328,53415,53421,53431,53466,53506,53509,53516,53517,53527,53545,53562,53620
Measurement id = 34861440 To popcluster23.atlas.winet.dcc.ufmg.br  created -> start :2022-01-19 17:26 estimation of stop:2022-01-20 01:46-> 53235,53240,53244,53260,53266,53293,53304,53328,53415,53421,53431,53466,53506,53509,53516,53517,53527,53545,53562,53620
Measurement id = 34861441 To popcluster24.atlas.winet.dcc.ufmg.br  created -> start :2022-01-19 17:26 estimation of stop:2022-01-20 01:46-> 53235,53240,53244,53260,53266,53293,53304,53328,53415,53421,53431,53466,53506,53509,53516,53517,53527,53545,53562,53620
Measurement id = 34861443 To popcluster25.atlas.winet.dcc.ufmg.br  created -> start :2022-01-19 17:26 estimation of stop:2022-01-20 01:46-> 53235,53240,53244,53260,53266,53293,53304,53328,53415,53421,53431,53466,53506,53509,53516,53517,53527,53545,53562,53620
Measurement id = 34861444 To popcluster26.atlas.winet.dcc.ufmg.br  created -> start :2022-01-19 17:26 estimation of stop:2022-01-20 01:46-> 53235,53240,53244,53260,53266,53293,53304,53328,53415,53421,53431,53466,53506,53509,53516,53517,53527,53545,53562,53620
Measurement id = 34861445 To popcluster27.atlas.winet.dcc.ufmg.br  created -> start :2022-01-19 17:26 estimation of stop:2022-01-20 01:46-> 53235,53240,53244,53260,53266,53293,53304,53328,53415,53421,53431,53466,53506,53509,53516,53517,53527,53545,53562,53620
Measurement id = 34861446 To popcluster28.atlas.winet.dcc.ufmg.br  created -> start :2022-01-19 17:26 estimation of stop:2022-01-20 01:46-> 53235,53240,53244,53260,53266,53293,53304,53328,53415,53421,53431,53466,53506,53509,53516,53517,53527,53545,53562,53620
Measurement id = 34861447 To popcluster29.atlas.winet.dcc.ufmg.br  created -> start :2022-01-19 17:26 estimation of stop:2022-01-20 01:46-> 53235,53240,53244,53260,53266,53293,53304,53328,53415,53421,53431,53466,53506,53509,53516,53517,53527,53545,53562,53620
Measurement id = 34861448 To popcluster30.atlas.winet.dcc.ufmg.br  created -> start :2022-01-19 17:26 estimation of stop:2022-01-20 01:46-> 53235,53240,53244,53260,53266,53293,53304,53328,53415,53421,53431,53466,53506,53509,53516,53517,53527,53545,53562,53620
Measurement id = 34861449 To popcluster31.atlas.winet.dcc.ufmg.br  created -> start :2022-01-19 17:26 estimation of stop:2022-01-20 01:46-> 53235,53240,53244,53260,53266,53293,53304,53328,53415,53421,53431,53466,53506,53509,53516,53517,53527,53545,53562,53620
Measurement id = 34861451 To popcluster32.atlas.winet.dcc.ufmg.br  created -> start :2022-01-19 17:26 estimation of stop:2022-01-20 01:46-> 53235,53240,53244,53260,53266,53293,53304,53328,53415,53421,53431,53466,53506,53509,53516,53517,53527,53545,53562,53620
Measurement id = 34861452 To popcluster33.atlas.winet.dcc.ufmg.br  created -> start :2022-01-19 17:26 estimation of stop:2022-01-20 01:46-> 53235,53240,53244,53260,53266,53293,53304,53328,53415,53421,53431,53466,53506,53509,53516,53517,53527,53545,53562,53620
Measurement id = 34861453 To popcluster34.atlas.winet.dcc.ufmg.br  created -> start :2022-01-19 17:26 estimation of stop:2022-01-20 01:46-> 53235,53240,53244,53260,53266,53293,53304,53328,53415,53421,53431,53466,53506,53509,53516,53517,53527,53545,53562,53620
Measurement id = 34861455 To popcluster35.atlas.winet.dcc.ufmg.br  created -> start :2022-01-19 17:26 estimation of stop:2022-01-20 01:46-> 53235,53240,53244,53260,53266,53293,53304,53328,53415,53421,53431,53466,53506,53509,53516,53517,53527,53545,53562,53620
Measurement id = 34861459 To popcluster36.atlas.winet.dcc.ufmg.br  created -> start :2022-01-19 17:26 estimation of stop:2022-01-20 01:46-> 53235,53240,53244,53260,53266,53293,53304,53328,53415,53421,53431,53466,53506,53509,53516,53517,53527,53545,53562,53620
Measurement id = 34861460 To popcluster37.atlas.winet.dcc.ufmg.br  created -> start :2022-01-19 17:26 estimation of stop:2022-01-20 01:46-> 53235,53240,53244,53260,53266,53293,53304,53328,53415,53421,53431,53466,53506,53509,53516,53517,53527,53545,53562,53620
Measurement id = 34861461 To popcluster38.atlas.winet.dcc.ufmg.br  created -> start :2022-01-19 17:26 estimation of stop:2022-01-20 01:46-> 53235,53240,53244,53260,53266,53293,53304,53328,53415,53421,53431,53466,53506,53509,53516,53517,53527,53545,53562,53620
Measurement id = 34861462 To popcluster39.atlas.winet.dcc.ufmg.br  created -> start :2022-01-19 17:26 estimation of stop:2022-01-20 01:46-> 53235,53240,53244,53260,53266,53293,53304,53328,53415,53421,53431,53466,53506,53509,53516,53517,53527,53545,53562,53620
Measurement id = 34861463 To popcluster40.atlas.winet.dcc.ufmg.br  created -> start :2022-01-19 17:26 estimation of stop:2022-01-20 01:46-> 53235,53240,53244,53260,53266,53293,53304,53328,53415,53421,53431,53466,53506,53509,53516,53517,53527,53545,53562,53620
Measurement id = 34861464 To popcluster41.atlas.winet.dcc.ufmg.br  created -> start :2022-01-19 17:26 estimation of stop:2022-01-20 01:46-> 53235,53240,53244,53260,53266,53293,53304,53328,53415,53421,53431,53466,53506,53509,53516,53517,53527,53545,53562,53620
Measurement id = 34861465 To popcluster42.atlas.winet.dcc.ufmg.br  created -> start :2022-01-19 17:26 estimation of stop:2022-01-20 01:46-> 53235,53240,53244,53260,53266,53293,53304,53328,53415,53421,53431,53466,53506,53509,53516,53517,53527,53545,53562,53620
Measurement id = 34861466 To popcluster43.atlas.winet.dcc.ufmg.br  created -> start :2022-01-19 17:26 estimation of stop:2022-01-20 01:46-> 53235,53240,53244,53260,53266,53293,53304,53328,53415,53421,53431,53466,53506,53509,53516,53517,53527,53545,53562,53620
Measurement id = 34861467 To popcluster44.atlas.winet.dcc.ufmg.br  created -> start :2022-01-19 17:26 estimation of stop:2022-01-20 01:46-> 53235,53240,53244,53260,53266,53293,53304,53328,53415,53421,53431,53466,53506,53509,53516,53517,53527,53545,53562,53620
Measurement id = 34861468 To popcluster45.atlas.winet.dcc.ufmg.br  created -> start :2022-01-19 17:26 estimation of stop:2022-01-20 01:46-> 53235,53240,53244,53260,53266,53293,53304,53328,53415,53421,53431,53466,53506,53509,53516,53517,53527,53545,53562,53620
Measurement id = 34861469 To popcluster46.atlas.winet.dcc.ufmg.br  created -> start :2022-01-19 17:26 estimation of stop:2022-01-20 01:46-> 53235,53240,53244,53260,53266,53293,53304,53328,53415,53421,53431,53466,53506,53509,53516,53517,53527,53545,53562,53620
Measurement id = 34861470 To popcluster47.atlas.winet.dcc.ufmg.br  created -> start :2022-01-19 17:26 estimation of stop:2022-01-20 01:46-> 53235,53240,53244,53260,53266,53293,53304,53328,53415,53421,53431,53466,53506,53509,53516,53517,53527,53545,53562,53620
Measurement id = 34861471 To popcluster48.atlas.winet.dcc.ufmg.br  created -> start :2022-01-19 17:26 estimation of stop:2022-01-20 01:46-> 53235,53240,53244,53260,53266,53293,53304,53328,53415,53421,53431,53466,53506,53509,53516,53517,53527,53545,53562,53620
Measurement id = 34861472 To popcluster49.atlas.winet.dcc.ufmg.br  created -> start :2022-01-19 17:26 estimation of stop:2022-01-20 01:46-> 53235,53240,53244,53260,53266,53293,53304,53328,53415,53421,53431,53466,53506,53509,53516,53517,53527,53545,53562,53620
Measurement id = 34861473 To popcluster50.atlas.winet.dcc.ufmg.br  created -> start :2022-01-19 17:26 estimation of stop:2022-01-20 01:46-> 53235,53240,53244,53260,53266,53293,53304,53328,53415,53421,53431,53466,53506,53509,53516,53517,53527,53545,53562,53620
Measurement id = 34861474 To popcluster51.atlas.winet.dcc.ufmg.br  created -> start :2022-01-19 17:26 estimation of stop:2022-01-20 01:46-> 53235,53240,53244,53260,53266,53293,53304,53328,53415,53421,53431,53466,53506,53509,53516,53517,53527,53545,53562,53620
Measurement id = 34861475 To popcluster52.atlas.winet.dcc.ufmg.br  created -> start :2022-01-19 17:26 estimation of stop:2022-01-20 01:46-> 53235,53240,53244,53260,53266,53293,53304,53328,53415,53421,53431,53466,53506,53509,53516,53517,53527,53545,53562,53620
Measurement id = 34861476 To popcluster53.atlas.winet.dcc.ufmg.br  created -> start :2022-01-19 17:26 estimation of stop:2022-01-20 01:46-> 53235,53240,53244,53260,53266,53293,53304,53328,53415,53421,53431,53466,53506,53509,53516,53517,53527,53545,53562,53620
Measurement id = 34861477 To popcluster54.atlas.winet.dcc.ufmg.br  created -> start :2022-01-19 17:26 estimation of stop:2022-01-20 01:46-> 53235,53240,53244,53260,53266,53293,53304,53328,53415,53421,53431,53466,53506,53509,53516,53517,53527,53545,53562,53620
Measurement id = 34861478 To popcluster55.atlas.winet.dcc.ufmg.br  created -> start :2022-01-19 17:26 estimation of stop:2022-01-20 01:46-> 53235,53240,53244,53260,53266,53293,53304,53328,53415,53421,53431,53466,53506,53509,53516,53517,53527,53545,53562,53620
Measurement id = 34861479 To popcluster56.atlas.winet.dcc.ufmg.br  created -> start :2022-01-19 17:26 estimation of stop:2022-01-20 01:46-> 53235,53240,53244,53260,53266,53293,53304,53328,53415,53421,53431,53466,53506,53509,53516,53517,53527,53545,53562,53620
Measurement id = 34861480 To popcluster57.atlas.winet.dcc.ufmg.br  created -> start :2022-01-19 17:26 estimation of stop:2022-01-20 01:46-> 53235,53240,53244,53260,53266,53293,53304,53328,53415,53421,53431,53466,53506,53509,53516,53517,53527,53545,53562,53620
Measurement id = 34861481 To popcluster58.atlas.winet.dcc.ufmg.br  created -> start :2022-01-19 17:26 estimation of stop:2022-01-20 01:46-> 53235,53240,53244,53260,53266,53293,53304,53328,53415,53421,53431,53466,53506,53509,53516,53517,53527,53545,53562,53620
Measurement id = 34861482 To popcluster59.atlas.winet.dcc.ufmg.br  created -> start :2022-01-19 17:26 estimation of stop:2022-01-20 01:46-> 53235,53240,53244,53260,53266,53293,53304,53328,53415,53421,53431,53466,53506,53509,53516,53517,53527,53545,53562,53620
Measurement id = 34861483 To popcluster60.atlas.winet.dcc.ufmg.br  created -> start :2022-01-19 17:26 estimation of stop:2022-01-20 01:46-> 53235,53240,53244,53260,53266,53293,53304,53328,53415,53421,53431,53466,53506,53509,53516,53517,53527,53545,53562,53620
Measurement id = 34861484 To popcluster61.atlas.winet.dcc.ufmg.br  created -> start :2022-01-19 17:26 estimation of stop:2022-01-20 01:46-> 53235,53240,53244,53260,53266,53293,53304,53328,53415,53421,53431,53466,53506,53509,53516,53517,53527,53545,53562,53620
Measurement id = 34861485 To popcluster62.atlas.winet.dcc.ufmg.br  created -> start :2022-01-19 17:26 estimation of stop:2022-01-20 01:46-> 53235,53240,53244,53260,53266,53293,53304,53328,53415,53421,53431,53466,53506,53509,53516,53517,53527,53545,53562,53620
Measurement id = 34861486 To popcluster63.atlas.winet.dcc.ufmg.br  created -> start :2022-01-19 17:26 estimation of stop:2022-01-20 01:46-> 53235,53240,53244,53260,53266,53293,53304,53328,53415,53421,53431,53466,53506,53509,53516,53517,53527,53545,53562,53620
Measurement id = 34861488 To popcluster64.atlas.winet.dcc.ufmg.br  created -> start :2022-01-19 17:26 estimation of stop:2022-01-20 01:46-> 53235,53240,53244,53260,53266,53293,53304,53328,53415,53421,53431,53466,53506,53509,53516,53517,53527,53545,53562,53620
Measurement id = 34861489 To popcluster65.atlas.winet.dcc.ufmg.br  created -> start :2022-01-19 17:26 estimation of stop:2022-01-20 01:46-> 53235,53240,53244,53260,53266,53293,53304,53328,53415,53421,53431,53466,53506,53509,53516,53517,53527,53545,53562,53620
Measurement id = 34861490 To popcluster66.atlas.winet.dcc.ufmg.br  created -> start :2022-01-19 17:26 estimation of stop:2022-01-20 01:46-> 53235,53240,53244,53260,53266,53293,53304,53328,53415,53421,53431,53466,53506,53509,53516,53517,53527,53545,53562,53620
Measurement id = 34861491 To popcluster67.atlas.winet.dcc.ufmg.br  created -> start :2022-01-19 17:26 estimation of stop:2022-01-20 01:46-> 53235,53240,53244,53260,53266,53293,53304,53328,53415,53421,53431,53466,53506,53509,53516,53517,53527,53545,53562,53620
Measurement id = 34861492 To popcluster68.atlas.winet.dcc.ufmg.br  created -> start :2022-01-19 17:26 estimation of stop:2022-01-20 01:46-> 53235,53240,53244,53260,53266,53293,53304,53328,53415,53421,53431,53466,53506,53509,53516,53517,53527,53545,53562,53620
Measurement id = 34861493 To popcluster69.atlas.winet.dcc.ufmg.br  created -> start :2022-01-19 17:26 estimation of stop:2022-01-20 01:46-> 53235,53240,53244,53260,53266,53293,53304,53328,53415,53421,53431,53466,53506,53509,53516,53517,53527,53545,53562,53620
Measurement id = 34861494 To popcluster70.atlas.winet.dcc.ufmg.br  created -> start :2022-01-19 17:26 estimation of stop:2022-01-20 01:46-> 53235,53240,53244,53260,53266,53293,53304,53328,53415,53421,53431,53466,53506,53509,53516,53517,53527,53545,53562,53620
Measurement id = 34861495 To popcluster71.atlas.winet.dcc.ufmg.br  created -> start :2022-01-19 17:26 estimation of stop:2022-01-20 01:46-> 53235,53240,53244,53260,53266,53293,53304,53328,53415,53421,53431,53466,53506,53509,53516,53517,53527,53545,53562,53620
Measurement id = 34861496 To popcluster72.atlas.winet.dcc.ufmg.br  created -> start :2022-01-19 17:26 estimation of stop:2022-01-20 01:46-> 53235,53240,53244,53260,53266,53293,53304,53328,53415,53421,53431,53466,53506,53509,53516,53517,53527,53545,53562,53620
Measurement id = 34861497 To popcluster73.atlas.winet.dcc.ufmg.br  created -> start :2022-01-19 17:26 estimation of stop:2022-01-20 01:46-> 53235,53240,53244,53260,53266,53293,53304,53328,53415,53421,53431,53466,53506,53509,53516,53517,53527,53545,53562,53620
Measurement id = 34861498 To popcluster74.atlas.winet.dcc.ufmg.br  created -> start :2022-01-19 17:26 estimation of stop:2022-01-20 01:46-> 53235,53240,53244,53260,53266,53293,53304,53328,53415,53421,53431,53466,53506,53509,53516,53517,53527,53545,53562,53620
Measurement id = 34861499 To popcluster75.atlas.winet.dcc.ufmg.br  created -> start :2022-01-19 17:26 estimation of stop:2022-01-20 01:46-> 53235,53240,53244,53260,53266,53293,53304,53328,53415,53421,53431,53466,53506,53509,53516,53517,53527,53545,53562,53620
Measurement id = 34861500 To popcluster76.atlas.winet.dcc.ufmg.br  created -> start :2022-01-19 17:26 estimation of stop:2022-01-20 01:46-> 53235,53240,53244,53260,53266,53293,53304,53328,53415,53421,53431,53466,53506,53509,53516,53517,53527,53545,53562,53620
Measurement id = 34861501 To popcluster77.atlas.winet.dcc.ufmg.br  created -> start :2022-01-19 17:26 estimation of stop:2022-01-20 01:46-> 53235,53240,53244,53260,53266,53293,53304,53328,53415,53421,53431,53466,53506,53509,53516,53517,53527,53545,53562,53620
Measurement id = 34861502 To popcluster78.atlas.winet.dcc.ufmg.br  created -> start :2022-01-19 17:26 estimation of stop:2022-01-20 01:46-> 53235,53240,53244,53260,53266,53293,53304,53328,53415,53421,53431,53466,53506,53509,53516,53517,53527,53545,53562,53620
Measurement id = 34861503 To popcluster79.atlas.winet.dcc.ufmg.br  created -> start :2022-01-19 17:26 estimation of stop:2022-01-20 01:46-> 53235,53240,53244,53260,53266,53293,53304,53328,53415,53421,53431,53466,53506,53509,53516,53517,53527,53545,53562,53620
Measurement id = 34861504 To popcluster80.atlas.winet.dcc.ufmg.br  created -> start :2022-01-19 17:26 estimation of stop:2022-01-20 01:46-> 53235,53240,53244,53260,53266,53293,53304,53328,53415,53421,53431,53466,53506,53509,53516,53517,53527,53545,53562,53620
Measurement id = 34861505 To popcluster81.atlas.winet.dcc.ufmg.br  created -> start :2022-01-19 17:26 estimation of stop:2022-01-20 01:46-> 53235,53240,53244,53260,53266,53293,53304,53328,53415,53421,53431,53466,53506,53509,53516,53517,53527,53545,53562,53620
Measurement id = 34861506 To popcluster82.atlas.winet.dcc.ufmg.br  created -> start :2022-01-19 17:26 estimation of stop:2022-01-20 01:46-> 53235,53240,53244,53260,53266,53293,53304,53328,53415,53421,53431,53466,53506,53509,53516,53517,53527,53545,53562,53620
Measurement id = 34861507 To popcluster83.atlas.winet.dcc.ufmg.br  created -> start :2022-01-19 17:26 estimation of stop:2022-01-20 01:46-> 53235,53240,53244,53260,53266,53293,53304,53328,53415,53421,53431,53466,53506,53509,53516,53517,53527,53545,53562,53620
Measurement id = 34861508 To popcluster84.atlas.winet.dcc.ufmg.br  created -> start :2022-01-19 17:26 estimation of stop:2022-01-20 01:46-> 53235,53240,53244,53260,53266,53293,53304,53328,53415,53421,53431,53466,53506,53509,53516,53517,53527,53545,53562,53620
Measurement id = 34861509 To popcluster85.atlas.winet.dcc.ufmg.br  created -> start :2022-01-19 17:26 estimation of stop:2022-01-20 01:46-> 53235,53240,53244,53260,53266,53293,53304,53328,53415,53421,53431,53466,53506,53509,53516,53517,53527,53545,53562,53620
Measurement id = 34861510 To popcluster86.atlas.winet.dcc.ufmg.br  created -> start :2022-01-19 17:26 estimation of stop:2022-01-20 01:46-> 53235,53240,53244,53260,53266,53293,53304,53328,53415,53421,53431,53466,53506,53509,53516,53517,53527,53545,53562,53620
Measurement id = 34861511 To popcluster87.atlas.winet.dcc.ufmg.br  created -> start :2022-01-19 17:26 estimation of stop:2022-01-20 01:46-> 53235,53240,53244,53260,53266,53293,53304,53328,53415,53421,53431,53466,53506,53509,53516,53517,53527,53545,53562,53620
Measurement id = 34861512 To popcluster88.atlas.winet.dcc.ufmg.br  created -> start :2022-01-19 17:26 estimation of stop:2022-01-20 01:46-> 53235,53240,53244,53260,53266,53293,53304,53328,53415,53421,53431,53466,53506,53509,53516,53517,53527,53545,53562,53620
Measurement id = 34861513 To popcluster89.atlas.winet.dcc.ufmg.br  created -> start :2022-01-19 17:26 estimation of stop:2022-01-20 01:46-> 53235,53240,53244,53260,53266,53293,53304,53328,53415,53421,53431,53466,53506,53509,53516,53517,53527,53545,53562,53620
Measurement id = 34861514 To popcluster90.atlas.winet.dcc.ufmg.br  created -> start :2022-01-19 17:26 estimation of stop:2022-01-20 01:46-> 53235,53240,53244,53260,53266,53293,53304,53328,53415,53421,53431,53466,53506,53509,53516,53517,53527,53545,53562,53620
Measurement id = 34861515 To popcluster91.atlas.winet.dcc.ufmg.br  created -> start :2022-01-19 17:26 estimation of stop:2022-01-20 01:46-> 53235,53240,53244,53260,53266,53293,53304,53328,53415,53421,53431,53466,53506,53509,53516,53517,53527,53545,53562,53620
Measurement id = 34861516 To popcluster92.atlas.winet.dcc.ufmg.br  created -> start :2022-01-19 17:26 estimation of stop:2022-01-20 01:46-> 53235,53240,53244,53260,53266,53293,53304,53328,53415,53421,53431,53466,53506,53509,53516,53517,53527,53545,53562,53620
Measurement id = 34861517 To popcluster93.atlas.winet.dcc.ufmg.br  created -> start :2022-01-19 17:26 estimation of stop:2022-01-20 01:46-> 53235,53240,53244,53260,53266,53293,53304,53328,53415,53421,53431,53466,53506,53509,53516,53517,53527,53545,53562,53620
Measurement id = 34861518 To popcluster94.atlas.winet.dcc.ufmg.br  created -> start :2022-01-19 17:26 estimation of stop:2022-01-20 01:46-> 53235,53240,53244,53260,53266,53293,53304,53328,53415,53421,53431,53466,53506,53509,53516,53517,53527,53545,53562,53620
Measurement id = 34861519 To popcluster95.atlas.winet.dcc.ufmg.br  created -> start :2022-01-19 17:26 estimation of stop:2022-01-20 01:46-> 53235,53240,53244,53260,53266,53293,53304,53328,53415,53421,53431,53466,53506,53509,53516,53517,53527,53545,53562,53620
Measurement id = 34861520 To popcluster96.atlas.winet.dcc.ufmg.br  created -> start :2022-01-19 17:26 estimation of stop:2022-01-20 01:46-> 53235,53240,53244,53260,53266,53293,53304,53328,53415,53421,53431,53466,53506,53509,53516,53517,53527,53545,53562,53620
Measurement id = 34861521 To popcluster97.atlas.winet.dcc.ufmg.br  created -> start :2022-01-19 17:26 estimation of stop:2022-01-20 01:46-> 53235,53240,53244,53260,53266,53293,53304,53328,53415,53421,53431,53466,53506,53509,53516,53517,53527,53545,53562,53620
Measurement id = 34861522 To popcluster98.atlas.winet.dcc.ufmg.br  created -> start :2022-01-19 17:26 estimation of stop:2022-01-20 01:46-> 53235,53240,53244,53260,53266,53293,53304,53328,53415,53421,53431,53466,53506,53509,53516,53517,53527,53545,53562,53620
Measurement id = 34861523 To popcluster99.atlas.winet.dcc.ufmg.br  created -> start :2022-01-19 17:26 estimation of stop:2022-01-20 01:46-> 53235,53240,53244,53260,53266,53293,53304,53328,53415,53421,53431,53466,53506,53509,53516,53517,53527,53545,53562,53620
Measurement id = 34861524 To popcluster100.atlas.winet.dcc.ufmg.br  created -> start :2022-01-19 17:26 estimation of stop:2022-01-20 01:46-> 53235,53240,53244,53260,53266,53293,53304,53328,53415,53421,53431,53466,53506,53509,53516,53517,53527,53545,53562,53620
