Measurement id = 34716578 To popcluster1.atlas.winet.dcc.ufmg.br  created -> start :2022-01-03 11:05 estimation of stop:2022-01-03 19:25-> 28431,28447,28450,28478,21957,22789,23948,25885,27411,28319,22200,22382,22496,22952,24907,25440,25784,25280,23459,25980
Measurement id = 34716581 To popcluster2.atlas.winet.dcc.ufmg.br  created -> start :2022-01-03 11:05 estimation of stop:2022-01-03 19:25-> 28431,28447,28450,28478,21957,22789,23948,25885,27411,28319,22200,22382,22496,22952,24907,25440,25784,25280,23459,25980
Measurement id = 34716582 To popcluster3.atlas.winet.dcc.ufmg.br  created -> start :2022-01-03 11:05 estimation of stop:2022-01-03 19:25-> 28431,28447,28450,28478,21957,22789,23948,25885,27411,28319,22200,22382,22496,22952,24907,25440,25784,25280,23459,25980
Measurement id = 34716583 To popcluster4.atlas.winet.dcc.ufmg.br  created -> start :2022-01-03 11:05 estimation of stop:2022-01-03 19:25-> 28431,28447,28450,28478,21957,22789,23948,25885,27411,28319,22200,22382,22496,22952,24907,25440,25784,25280,23459,25980
Measurement id = 34716584 To popcluster5.atlas.winet.dcc.ufmg.br  created -> start :2022-01-03 11:05 estimation of stop:2022-01-03 19:25-> 28431,28447,28450,28478,21957,22789,23948,25885,27411,28319,22200,22382,22496,22952,24907,25440,25784,25280,23459,25980
Measurement id = 34716591 To popcluster6.atlas.winet.dcc.ufmg.br  created -> start :2022-01-03 11:05 estimation of stop:2022-01-03 19:25-> 28431,28447,28450,28478,21957,22789,23948,25885,27411,28319,22200,22382,22496,22952,24907,25440,25784,25280,23459,25980
Measurement id = 34716592 To popcluster7.atlas.winet.dcc.ufmg.br  created -> start :2022-01-03 11:05 estimation of stop:2022-01-03 19:25-> 28431,28447,28450,28478,21957,22789,23948,25885,27411,28319,22200,22382,22496,22952,24907,25440,25784,25280,23459,25980
Measurement id = 34716593 To popcluster8.atlas.winet.dcc.ufmg.br  created -> start :2022-01-03 11:05 estimation of stop:2022-01-03 19:25-> 28431,28447,28450,28478,21957,22789,23948,25885,27411,28319,22200,22382,22496,22952,24907,25440,25784,25280,23459,25980
Measurement id = 34716594 To popcluster9.atlas.winet.dcc.ufmg.br  created -> start :2022-01-03 11:05 estimation of stop:2022-01-03 19:25-> 28431,28447,28450,28478,21957,22789,23948,25885,27411,28319,22200,22382,22496,22952,24907,25440,25784,25280,23459,25980
Measurement id = 34716595 To popcluster10.atlas.winet.dcc.ufmg.br  created -> start :2022-01-03 11:05 estimation of stop:2022-01-03 19:25-> 28431,28447,28450,28478,21957,22789,23948,25885,27411,28319,22200,22382,22496,22952,24907,25440,25784,25280,23459,25980
Measurement id = 34716596 To popcluster11.atlas.winet.dcc.ufmg.br  created -> start :2022-01-03 11:05 estimation of stop:2022-01-03 19:25-> 28431,28447,28450,28478,21957,22789,23948,25885,27411,28319,22200,22382,22496,22952,24907,25440,25784,25280,23459,25980
Measurement id = 34716597 To popcluster12.atlas.winet.dcc.ufmg.br  created -> start :2022-01-03 11:05 estimation of stop:2022-01-03 19:25-> 28431,28447,28450,28478,21957,22789,23948,25885,27411,28319,22200,22382,22496,22952,24907,25440,25784,25280,23459,25980
Measurement id = 34716603 To popcluster13.atlas.winet.dcc.ufmg.br  created -> start :2022-01-03 11:05 estimation of stop:2022-01-03 19:25-> 28431,28447,28450,28478,21957,22789,23948,25885,27411,28319,22200,22382,22496,22952,24907,25440,25784,25280,23459,25980
Measurement id = 34716604 To popcluster14.atlas.winet.dcc.ufmg.br  created -> start :2022-01-03 11:05 estimation of stop:2022-01-03 19:25-> 28431,28447,28450,28478,21957,22789,23948,25885,27411,28319,22200,22382,22496,22952,24907,25440,25784,25280,23459,25980
Measurement id = 34716605 To popcluster15.atlas.winet.dcc.ufmg.br  created -> start :2022-01-03 11:05 estimation of stop:2022-01-03 19:25-> 28431,28447,28450,28478,21957,22789,23948,25885,27411,28319,22200,22382,22496,22952,24907,25440,25784,25280,23459,25980
Measurement id = 34716606 To popcluster16.atlas.winet.dcc.ufmg.br  created -> start :2022-01-03 11:05 estimation of stop:2022-01-03 19:25-> 28431,28447,28450,28478,21957,22789,23948,25885,27411,28319,22200,22382,22496,22952,24907,25440,25784,25280,23459,25980
Measurement id = 34716607 To popcluster17.atlas.winet.dcc.ufmg.br  created -> start :2022-01-03 11:05 estimation of stop:2022-01-03 19:25-> 28431,28447,28450,28478,21957,22789,23948,25885,27411,28319,22200,22382,22496,22952,24907,25440,25784,25280,23459,25980
Measurement id = 34716608 To popcluster18.atlas.winet.dcc.ufmg.br  created -> start :2022-01-03 11:05 estimation of stop:2022-01-03 19:25-> 28431,28447,28450,28478,21957,22789,23948,25885,27411,28319,22200,22382,22496,22952,24907,25440,25784,25280,23459,25980
Measurement id = 34716610 To popcluster19.atlas.winet.dcc.ufmg.br  created -> start :2022-01-03 11:05 estimation of stop:2022-01-03 19:25-> 28431,28447,28450,28478,21957,22789,23948,25885,27411,28319,22200,22382,22496,22952,24907,25440,25784,25280,23459,25980
Measurement id = 34716611 To popcluster20.atlas.winet.dcc.ufmg.br  created -> start :2022-01-03 11:05 estimation of stop:2022-01-03 19:25-> 28431,28447,28450,28478,21957,22789,23948,25885,27411,28319,22200,22382,22496,22952,24907,25440,25784,25280,23459,25980
Measurement id = 34716617 To popcluster21.atlas.winet.dcc.ufmg.br  created -> start :2022-01-03 11:05 estimation of stop:2022-01-03 19:25-> 28431,28447,28450,28478,21957,22789,23948,25885,27411,28319,22200,22382,22496,22952,24907,25440,25784,25280,23459,25980
Measurement id = 34716618 To popcluster22.atlas.winet.dcc.ufmg.br  created -> start :2022-01-03 11:05 estimation of stop:2022-01-03 19:25-> 28431,28447,28450,28478,21957,22789,23948,25885,27411,28319,22200,22382,22496,22952,24907,25440,25784,25280,23459,25980
Measurement id = 34716619 To popcluster23.atlas.winet.dcc.ufmg.br  created -> start :2022-01-03 11:05 estimation of stop:2022-01-03 19:25-> 28431,28447,28450,28478,21957,22789,23948,25885,27411,28319,22200,22382,22496,22952,24907,25440,25784,25280,23459,25980
Measurement id = 34716620 To popcluster24.atlas.winet.dcc.ufmg.br  created -> start :2022-01-03 11:05 estimation of stop:2022-01-03 19:25-> 28431,28447,28450,28478,21957,22789,23948,25885,27411,28319,22200,22382,22496,22952,24907,25440,25784,25280,23459,25980
Measurement id = 34716621 To popcluster25.atlas.winet.dcc.ufmg.br  created -> start :2022-01-03 11:05 estimation of stop:2022-01-03 19:25-> 28431,28447,28450,28478,21957,22789,23948,25885,27411,28319,22200,22382,22496,22952,24907,25440,25784,25280,23459,25980
Measurement id = 34716627 To popcluster26.atlas.winet.dcc.ufmg.br  created -> start :2022-01-03 11:05 estimation of stop:2022-01-03 19:25-> 28431,28447,28450,28478,21957,22789,23948,25885,27411,28319,22200,22382,22496,22952,24907,25440,25784,25280,23459,25980
Measurement id = 34716631 To popcluster27.atlas.winet.dcc.ufmg.br  created -> start :2022-01-03 11:05 estimation of stop:2022-01-03 19:25-> 28431,28447,28450,28478,21957,22789,23948,25885,27411,28319,22200,22382,22496,22952,24907,25440,25784,25280,23459,25980
Measurement id = 34716634 To popcluster28.atlas.winet.dcc.ufmg.br  created -> start :2022-01-03 11:05 estimation of stop:2022-01-03 19:25-> 28431,28447,28450,28478,21957,22789,23948,25885,27411,28319,22200,22382,22496,22952,24907,25440,25784,25280,23459,25980
Measurement id = 34716635 To popcluster29.atlas.winet.dcc.ufmg.br  created -> start :2022-01-03 11:05 estimation of stop:2022-01-03 19:25-> 28431,28447,28450,28478,21957,22789,23948,25885,27411,28319,22200,22382,22496,22952,24907,25440,25784,25280,23459,25980
Measurement id = 34716636 To popcluster30.atlas.winet.dcc.ufmg.br  created -> start :2022-01-03 11:05 estimation of stop:2022-01-03 19:25-> 28431,28447,28450,28478,21957,22789,23948,25885,27411,28319,22200,22382,22496,22952,24907,25440,25784,25280,23459,25980
Measurement id = 34716642 To popcluster31.atlas.winet.dcc.ufmg.br  created -> start :2022-01-03 11:05 estimation of stop:2022-01-03 19:25-> 28431,28447,28450,28478,21957,22789,23948,25885,27411,28319,22200,22382,22496,22952,24907,25440,25784,25280,23459,25980
Measurement id = 34716643 To popcluster32.atlas.winet.dcc.ufmg.br  created -> start :2022-01-03 11:05 estimation of stop:2022-01-03 19:25-> 28431,28447,28450,28478,21957,22789,23948,25885,27411,28319,22200,22382,22496,22952,24907,25440,25784,25280,23459,25980
Measurement id = 34716644 To popcluster33.atlas.winet.dcc.ufmg.br  created -> start :2022-01-03 11:05 estimation of stop:2022-01-03 19:25-> 28431,28447,28450,28478,21957,22789,23948,25885,27411,28319,22200,22382,22496,22952,24907,25440,25784,25280,23459,25980
Measurement id = 34716645 To popcluster34.atlas.winet.dcc.ufmg.br  created -> start :2022-01-03 11:05 estimation of stop:2022-01-03 19:25-> 28431,28447,28450,28478,21957,22789,23948,25885,27411,28319,22200,22382,22496,22952,24907,25440,25784,25280,23459,25980
Measurement id = 34716651 To popcluster35.atlas.winet.dcc.ufmg.br  created -> start :2022-01-03 11:05 estimation of stop:2022-01-03 19:25-> 28431,28447,28450,28478,21957,22789,23948,25885,27411,28319,22200,22382,22496,22952,24907,25440,25784,25280,23459,25980
Measurement id = 34716652 To popcluster36.atlas.winet.dcc.ufmg.br  created -> start :2022-01-03 11:05 estimation of stop:2022-01-03 19:25-> 28431,28447,28450,28478,21957,22789,23948,25885,27411,28319,22200,22382,22496,22952,24907,25440,25784,25280,23459,25980
Measurement id = 34716653 To popcluster37.atlas.winet.dcc.ufmg.br  created -> start :2022-01-03 11:05 estimation of stop:2022-01-03 19:25-> 28431,28447,28450,28478,21957,22789,23948,25885,27411,28319,22200,22382,22496,22952,24907,25440,25784,25280,23459,25980
Measurement id = 34716654 To popcluster38.atlas.winet.dcc.ufmg.br  created -> start :2022-01-03 11:05 estimation of stop:2022-01-03 19:25-> 28431,28447,28450,28478,21957,22789,23948,25885,27411,28319,22200,22382,22496,22952,24907,25440,25784,25280,23459,25980
Measurement id = 34716655 To popcluster39.atlas.winet.dcc.ufmg.br  created -> start :2022-01-03 11:05 estimation of stop:2022-01-03 19:25-> 28431,28447,28450,28478,21957,22789,23948,25885,27411,28319,22200,22382,22496,22952,24907,25440,25784,25280,23459,25980
Measurement id = 34716656 To popcluster40.atlas.winet.dcc.ufmg.br  created -> start :2022-01-03 11:05 estimation of stop:2022-01-03 19:25-> 28431,28447,28450,28478,21957,22789,23948,25885,27411,28319,22200,22382,22496,22952,24907,25440,25784,25280,23459,25980
Measurement id = 34716657 To popcluster41.atlas.winet.dcc.ufmg.br  created -> start :2022-01-03 11:05 estimation of stop:2022-01-03 19:25-> 28431,28447,28450,28478,21957,22789,23948,25885,27411,28319,22200,22382,22496,22952,24907,25440,25784,25280,23459,25980
Measurement id = 34716658 To popcluster42.atlas.winet.dcc.ufmg.br  created -> start :2022-01-03 11:05 estimation of stop:2022-01-03 19:25-> 28431,28447,28450,28478,21957,22789,23948,25885,27411,28319,22200,22382,22496,22952,24907,25440,25784,25280,23459,25980
Measurement id = 34716660 To popcluster43.atlas.winet.dcc.ufmg.br  created -> start :2022-01-03 11:05 estimation of stop:2022-01-03 19:25-> 28431,28447,28450,28478,21957,22789,23948,25885,27411,28319,22200,22382,22496,22952,24907,25440,25784,25280,23459,25980
Measurement id = 34716661 To popcluster44.atlas.winet.dcc.ufmg.br  created -> start :2022-01-03 11:05 estimation of stop:2022-01-03 19:25-> 28431,28447,28450,28478,21957,22789,23948,25885,27411,28319,22200,22382,22496,22952,24907,25440,25784,25280,23459,25980
Measurement id = 34716662 To popcluster45.atlas.winet.dcc.ufmg.br  created -> start :2022-01-03 11:05 estimation of stop:2022-01-03 19:25-> 28431,28447,28450,28478,21957,22789,23948,25885,27411,28319,22200,22382,22496,22952,24907,25440,25784,25280,23459,25980
Measurement id = 34716663 To popcluster46.atlas.winet.dcc.ufmg.br  created -> start :2022-01-03 11:05 estimation of stop:2022-01-03 19:25-> 28431,28447,28450,28478,21957,22789,23948,25885,27411,28319,22200,22382,22496,22952,24907,25440,25784,25280,23459,25980
Measurement id = 34716664 To popcluster47.atlas.winet.dcc.ufmg.br  created -> start :2022-01-03 11:05 estimation of stop:2022-01-03 19:25-> 28431,28447,28450,28478,21957,22789,23948,25885,27411,28319,22200,22382,22496,22952,24907,25440,25784,25280,23459,25980
Measurement id = 34716665 To popcluster48.atlas.winet.dcc.ufmg.br  created -> start :2022-01-03 11:05 estimation of stop:2022-01-03 19:25-> 28431,28447,28450,28478,21957,22789,23948,25885,27411,28319,22200,22382,22496,22952,24907,25440,25784,25280,23459,25980
Measurement id = 34716666 To popcluster49.atlas.winet.dcc.ufmg.br  created -> start :2022-01-03 11:05 estimation of stop:2022-01-03 19:25-> 28431,28447,28450,28478,21957,22789,23948,25885,27411,28319,22200,22382,22496,22952,24907,25440,25784,25280,23459,25980
Measurement id = 34716667 To popcluster50.atlas.winet.dcc.ufmg.br  created -> start :2022-01-03 11:05 estimation of stop:2022-01-03 19:25-> 28431,28447,28450,28478,21957,22789,23948,25885,27411,28319,22200,22382,22496,22952,24907,25440,25784,25280,23459,25980
Measurement id = 34716668 To popcluster51.atlas.winet.dcc.ufmg.br  created -> start :2022-01-03 11:05 estimation of stop:2022-01-03 19:25-> 28431,28447,28450,28478,21957,22789,23948,25885,27411,28319,22200,22382,22496,22952,24907,25440,25784,25280,23459,25980
Measurement id = 34716669 To popcluster52.atlas.winet.dcc.ufmg.br  created -> start :2022-01-03 11:05 estimation of stop:2022-01-03 19:25-> 28431,28447,28450,28478,21957,22789,23948,25885,27411,28319,22200,22382,22496,22952,24907,25440,25784,25280,23459,25980
Measurement id = 34716670 To popcluster53.atlas.winet.dcc.ufmg.br  created -> start :2022-01-03 11:05 estimation of stop:2022-01-03 19:25-> 28431,28447,28450,28478,21957,22789,23948,25885,27411,28319,22200,22382,22496,22952,24907,25440,25784,25280,23459,25980
Measurement id = 34716672 To popcluster54.atlas.winet.dcc.ufmg.br  created -> start :2022-01-03 11:05 estimation of stop:2022-01-03 19:25-> 28431,28447,28450,28478,21957,22789,23948,25885,27411,28319,22200,22382,22496,22952,24907,25440,25784,25280,23459,25980
Measurement id = 34716673 To popcluster55.atlas.winet.dcc.ufmg.br  created -> start :2022-01-03 11:05 estimation of stop:2022-01-03 19:25-> 28431,28447,28450,28478,21957,22789,23948,25885,27411,28319,22200,22382,22496,22952,24907,25440,25784,25280,23459,25980
Measurement id = 34716674 To popcluster56.atlas.winet.dcc.ufmg.br  created -> start :2022-01-03 11:05 estimation of stop:2022-01-03 19:25-> 28431,28447,28450,28478,21957,22789,23948,25885,27411,28319,22200,22382,22496,22952,24907,25440,25784,25280,23459,25980
Measurement id = 34716675 To popcluster57.atlas.winet.dcc.ufmg.br  created -> start :2022-01-03 11:05 estimation of stop:2022-01-03 19:25-> 28431,28447,28450,28478,21957,22789,23948,25885,27411,28319,22200,22382,22496,22952,24907,25440,25784,25280,23459,25980
Measurement id = 34716676 To popcluster58.atlas.winet.dcc.ufmg.br  created -> start :2022-01-03 11:05 estimation of stop:2022-01-03 19:25-> 28431,28447,28450,28478,21957,22789,23948,25885,27411,28319,22200,22382,22496,22952,24907,25440,25784,25280,23459,25980
Measurement id = 34716677 To popcluster59.atlas.winet.dcc.ufmg.br  created -> start :2022-01-03 11:05 estimation of stop:2022-01-03 19:25-> 28431,28447,28450,28478,21957,22789,23948,25885,27411,28319,22200,22382,22496,22952,24907,25440,25784,25280,23459,25980
Measurement id = 34716678 To popcluster60.atlas.winet.dcc.ufmg.br  created -> start :2022-01-03 11:05 estimation of stop:2022-01-03 19:25-> 28431,28447,28450,28478,21957,22789,23948,25885,27411,28319,22200,22382,22496,22952,24907,25440,25784,25280,23459,25980
Measurement id = 34716679 To popcluster61.atlas.winet.dcc.ufmg.br  created -> start :2022-01-03 11:05 estimation of stop:2022-01-03 19:25-> 28431,28447,28450,28478,21957,22789,23948,25885,27411,28319,22200,22382,22496,22952,24907,25440,25784,25280,23459,25980
Measurement id = 34716680 To popcluster62.atlas.winet.dcc.ufmg.br  created -> start :2022-01-03 11:05 estimation of stop:2022-01-03 19:25-> 28431,28447,28450,28478,21957,22789,23948,25885,27411,28319,22200,22382,22496,22952,24907,25440,25784,25280,23459,25980
Measurement id = 34716681 To popcluster63.atlas.winet.dcc.ufmg.br  created -> start :2022-01-03 11:05 estimation of stop:2022-01-03 19:25-> 28431,28447,28450,28478,21957,22789,23948,25885,27411,28319,22200,22382,22496,22952,24907,25440,25784,25280,23459,25980
Measurement id = 34716682 To popcluster64.atlas.winet.dcc.ufmg.br  created -> start :2022-01-03 11:05 estimation of stop:2022-01-03 19:25-> 28431,28447,28450,28478,21957,22789,23948,25885,27411,28319,22200,22382,22496,22952,24907,25440,25784,25280,23459,25980
Measurement id = 34716683 To popcluster65.atlas.winet.dcc.ufmg.br  created -> start :2022-01-03 11:05 estimation of stop:2022-01-03 19:25-> 28431,28447,28450,28478,21957,22789,23948,25885,27411,28319,22200,22382,22496,22952,24907,25440,25784,25280,23459,25980
Measurement id = 34716684 To popcluster66.atlas.winet.dcc.ufmg.br  created -> start :2022-01-03 11:05 estimation of stop:2022-01-03 19:25-> 28431,28447,28450,28478,21957,22789,23948,25885,27411,28319,22200,22382,22496,22952,24907,25440,25784,25280,23459,25980
Measurement id = 34716685 To popcluster67.atlas.winet.dcc.ufmg.br  created -> start :2022-01-03 11:05 estimation of stop:2022-01-03 19:25-> 28431,28447,28450,28478,21957,22789,23948,25885,27411,28319,22200,22382,22496,22952,24907,25440,25784,25280,23459,25980
Measurement id = 34716686 To popcluster68.atlas.winet.dcc.ufmg.br  created -> start :2022-01-03 11:05 estimation of stop:2022-01-03 19:25-> 28431,28447,28450,28478,21957,22789,23948,25885,27411,28319,22200,22382,22496,22952,24907,25440,25784,25280,23459,25980
Measurement id = 34716687 To popcluster69.atlas.winet.dcc.ufmg.br  created -> start :2022-01-03 11:05 estimation of stop:2022-01-03 19:25-> 28431,28447,28450,28478,21957,22789,23948,25885,27411,28319,22200,22382,22496,22952,24907,25440,25784,25280,23459,25980
Measurement id = 34716688 To popcluster70.atlas.winet.dcc.ufmg.br  created -> start :2022-01-03 11:05 estimation of stop:2022-01-03 19:25-> 28431,28447,28450,28478,21957,22789,23948,25885,27411,28319,22200,22382,22496,22952,24907,25440,25784,25280,23459,25980
Measurement id = 34716689 To popcluster71.atlas.winet.dcc.ufmg.br  created -> start :2022-01-03 11:05 estimation of stop:2022-01-03 19:25-> 28431,28447,28450,28478,21957,22789,23948,25885,27411,28319,22200,22382,22496,22952,24907,25440,25784,25280,23459,25980
Measurement id = 34716690 To popcluster72.atlas.winet.dcc.ufmg.br  created -> start :2022-01-03 11:05 estimation of stop:2022-01-03 19:25-> 28431,28447,28450,28478,21957,22789,23948,25885,27411,28319,22200,22382,22496,22952,24907,25440,25784,25280,23459,25980
Measurement id = 34716691 To popcluster73.atlas.winet.dcc.ufmg.br  created -> start :2022-01-03 11:05 estimation of stop:2022-01-03 19:25-> 28431,28447,28450,28478,21957,22789,23948,25885,27411,28319,22200,22382,22496,22952,24907,25440,25784,25280,23459,25980
Measurement id = 34716692 To popcluster74.atlas.winet.dcc.ufmg.br  created -> start :2022-01-03 11:05 estimation of stop:2022-01-03 19:25-> 28431,28447,28450,28478,21957,22789,23948,25885,27411,28319,22200,22382,22496,22952,24907,25440,25784,25280,23459,25980
Measurement id = 34716694 To popcluster75.atlas.winet.dcc.ufmg.br  created -> start :2022-01-03 11:05 estimation of stop:2022-01-03 19:25-> 28431,28447,28450,28478,21957,22789,23948,25885,27411,28319,22200,22382,22496,22952,24907,25440,25784,25280,23459,25980
Measurement id = 34716695 To popcluster76.atlas.winet.dcc.ufmg.br  created -> start :2022-01-03 11:05 estimation of stop:2022-01-03 19:25-> 28431,28447,28450,28478,21957,22789,23948,25885,27411,28319,22200,22382,22496,22952,24907,25440,25784,25280,23459,25980
Measurement id = 34716696 To popcluster77.atlas.winet.dcc.ufmg.br  created -> start :2022-01-03 11:05 estimation of stop:2022-01-03 19:25-> 28431,28447,28450,28478,21957,22789,23948,25885,27411,28319,22200,22382,22496,22952,24907,25440,25784,25280,23459,25980
Measurement id = 34716697 To popcluster78.atlas.winet.dcc.ufmg.br  created -> start :2022-01-03 11:05 estimation of stop:2022-01-03 19:25-> 28431,28447,28450,28478,21957,22789,23948,25885,27411,28319,22200,22382,22496,22952,24907,25440,25784,25280,23459,25980
Measurement id = 34716698 To popcluster79.atlas.winet.dcc.ufmg.br  created -> start :2022-01-03 11:05 estimation of stop:2022-01-03 19:25-> 28431,28447,28450,28478,21957,22789,23948,25885,27411,28319,22200,22382,22496,22952,24907,25440,25784,25280,23459,25980
Measurement id = 34716699 To popcluster80.atlas.winet.dcc.ufmg.br  created -> start :2022-01-03 11:05 estimation of stop:2022-01-03 19:25-> 28431,28447,28450,28478,21957,22789,23948,25885,27411,28319,22200,22382,22496,22952,24907,25440,25784,25280,23459,25980
Measurement id = 34716700 To popcluster81.atlas.winet.dcc.ufmg.br  created -> start :2022-01-03 11:05 estimation of stop:2022-01-03 19:25-> 28431,28447,28450,28478,21957,22789,23948,25885,27411,28319,22200,22382,22496,22952,24907,25440,25784,25280,23459,25980
Measurement id = 34716702 To popcluster82.atlas.winet.dcc.ufmg.br  created -> start :2022-01-03 11:05 estimation of stop:2022-01-03 19:25-> 28431,28447,28450,28478,21957,22789,23948,25885,27411,28319,22200,22382,22496,22952,24907,25440,25784,25280,23459,25980
Measurement id = 34716703 To popcluster83.atlas.winet.dcc.ufmg.br  created -> start :2022-01-03 11:05 estimation of stop:2022-01-03 19:25-> 28431,28447,28450,28478,21957,22789,23948,25885,27411,28319,22200,22382,22496,22952,24907,25440,25784,25280,23459,25980
Measurement id = 34716704 To popcluster84.atlas.winet.dcc.ufmg.br  created -> start :2022-01-03 11:05 estimation of stop:2022-01-03 19:25-> 28431,28447,28450,28478,21957,22789,23948,25885,27411,28319,22200,22382,22496,22952,24907,25440,25784,25280,23459,25980
Measurement id = 34716705 To popcluster85.atlas.winet.dcc.ufmg.br  created -> start :2022-01-03 11:05 estimation of stop:2022-01-03 19:25-> 28431,28447,28450,28478,21957,22789,23948,25885,27411,28319,22200,22382,22496,22952,24907,25440,25784,25280,23459,25980
Measurement id = 34716706 To popcluster86.atlas.winet.dcc.ufmg.br  created -> start :2022-01-03 11:05 estimation of stop:2022-01-03 19:25-> 28431,28447,28450,28478,21957,22789,23948,25885,27411,28319,22200,22382,22496,22952,24907,25440,25784,25280,23459,25980
Measurement id = 34716707 To popcluster87.atlas.winet.dcc.ufmg.br  created -> start :2022-01-03 11:05 estimation of stop:2022-01-03 19:25-> 28431,28447,28450,28478,21957,22789,23948,25885,27411,28319,22200,22382,22496,22952,24907,25440,25784,25280,23459,25980
Measurement id = 34716708 To popcluster88.atlas.winet.dcc.ufmg.br  created -> start :2022-01-03 11:05 estimation of stop:2022-01-03 19:25-> 28431,28447,28450,28478,21957,22789,23948,25885,27411,28319,22200,22382,22496,22952,24907,25440,25784,25280,23459,25980
Measurement id = 34716709 To popcluster89.atlas.winet.dcc.ufmg.br  created -> start :2022-01-03 11:05 estimation of stop:2022-01-03 19:25-> 28431,28447,28450,28478,21957,22789,23948,25885,27411,28319,22200,22382,22496,22952,24907,25440,25784,25280,23459,25980
Measurement id = 34716710 To popcluster90.atlas.winet.dcc.ufmg.br  created -> start :2022-01-03 11:05 estimation of stop:2022-01-03 19:25-> 28431,28447,28450,28478,21957,22789,23948,25885,27411,28319,22200,22382,22496,22952,24907,25440,25784,25280,23459,25980
Measurement id = 34716712 To popcluster91.atlas.winet.dcc.ufmg.br  created -> start :2022-01-03 11:05 estimation of stop:2022-01-03 19:25-> 28431,28447,28450,28478,21957,22789,23948,25885,27411,28319,22200,22382,22496,22952,24907,25440,25784,25280,23459,25980
Measurement id = 34716714 To popcluster92.atlas.winet.dcc.ufmg.br  created -> start :2022-01-03 11:05 estimation of stop:2022-01-03 19:25-> 28431,28447,28450,28478,21957,22789,23948,25885,27411,28319,22200,22382,22496,22952,24907,25440,25784,25280,23459,25980
Measurement id = 34716715 To popcluster93.atlas.winet.dcc.ufmg.br  created -> start :2022-01-03 11:05 estimation of stop:2022-01-03 19:25-> 28431,28447,28450,28478,21957,22789,23948,25885,27411,28319,22200,22382,22496,22952,24907,25440,25784,25280,23459,25980
Measurement id = 34716717 To popcluster94.atlas.winet.dcc.ufmg.br  created -> start :2022-01-03 11:05 estimation of stop:2022-01-03 19:25-> 28431,28447,28450,28478,21957,22789,23948,25885,27411,28319,22200,22382,22496,22952,24907,25440,25784,25280,23459,25980
Measurement id = 34716718 To popcluster95.atlas.winet.dcc.ufmg.br  created -> start :2022-01-03 11:05 estimation of stop:2022-01-03 19:25-> 28431,28447,28450,28478,21957,22789,23948,25885,27411,28319,22200,22382,22496,22952,24907,25440,25784,25280,23459,25980
Measurement id = 34716719 To popcluster96.atlas.winet.dcc.ufmg.br  created -> start :2022-01-03 11:05 estimation of stop:2022-01-03 19:25-> 28431,28447,28450,28478,21957,22789,23948,25885,27411,28319,22200,22382,22496,22952,24907,25440,25784,25280,23459,25980
Measurement id = 34716720 To popcluster97.atlas.winet.dcc.ufmg.br  created -> start :2022-01-03 11:05 estimation of stop:2022-01-03 19:25-> 28431,28447,28450,28478,21957,22789,23948,25885,27411,28319,22200,22382,22496,22952,24907,25440,25784,25280,23459,25980
Measurement id = 34716721 To popcluster98.atlas.winet.dcc.ufmg.br  created -> start :2022-01-03 11:05 estimation of stop:2022-01-03 19:25-> 28431,28447,28450,28478,21957,22789,23948,25885,27411,28319,22200,22382,22496,22952,24907,25440,25784,25280,23459,25980
Measurement id = 34716722 To popcluster99.atlas.winet.dcc.ufmg.br  created -> start :2022-01-03 11:05 estimation of stop:2022-01-03 19:25-> 28431,28447,28450,28478,21957,22789,23948,25885,27411,28319,22200,22382,22496,22952,24907,25440,25784,25280,23459,25980
Measurement id = 34716723 To popcluster100.atlas.winet.dcc.ufmg.br  created -> start :2022-01-03 11:05 estimation of stop:2022-01-03 19:25-> 28431,28447,28450,28478,21957,22789,23948,25885,27411,28319,22200,22382,22496,22952,24907,25440,25784,25280,23459,25980
