Measurement id = 34731186 To popcluster1.atlas.winet.dcc.ufmg.br  created -> start :2022-01-05 11:52 estimation of stop:2022-01-05 20:12-> 29376,29385,29568,29606,29610,29748,29753,29754,29782,30097,30109,30131,30259,30278,30326,30569,30636,30680,30833,30896
Measurement id = 34731188 To popcluster2.atlas.winet.dcc.ufmg.br  created -> start :2022-01-05 11:52 estimation of stop:2022-01-05 20:12-> 29376,29385,29568,29606,29610,29748,29753,29754,29782,30097,30109,30131,30259,30278,30326,30569,30636,30680,30833,30896
Measurement id = 34731189 To popcluster3.atlas.winet.dcc.ufmg.br  created -> start :2022-01-05 11:52 estimation of stop:2022-01-05 20:12-> 29376,29385,29568,29606,29610,29748,29753,29754,29782,30097,30109,30131,30259,30278,30326,30569,30636,30680,30833,30896
Measurement id = 34731190 To popcluster4.atlas.winet.dcc.ufmg.br  created -> start :2022-01-05 11:52 estimation of stop:2022-01-05 20:12-> 29376,29385,29568,29606,29610,29748,29753,29754,29782,30097,30109,30131,30259,30278,30326,30569,30636,30680,30833,30896
Measurement id = 34731191 To popcluster5.atlas.winet.dcc.ufmg.br  created -> start :2022-01-05 11:52 estimation of stop:2022-01-05 20:12-> 29376,29385,29568,29606,29610,29748,29753,29754,29782,30097,30109,30131,30259,30278,30326,30569,30636,30680,30833,30896
Measurement id = 34731192 To popcluster6.atlas.winet.dcc.ufmg.br  created -> start :2022-01-05 11:52 estimation of stop:2022-01-05 20:12-> 29376,29385,29568,29606,29610,29748,29753,29754,29782,30097,30109,30131,30259,30278,30326,30569,30636,30680,30833,30896
Measurement id = 34731193 To popcluster7.atlas.winet.dcc.ufmg.br  created -> start :2022-01-05 11:52 estimation of stop:2022-01-05 20:12-> 29376,29385,29568,29606,29610,29748,29753,29754,29782,30097,30109,30131,30259,30278,30326,30569,30636,30680,30833,30896
Measurement id = 34731194 To popcluster8.atlas.winet.dcc.ufmg.br  created -> start :2022-01-05 11:52 estimation of stop:2022-01-05 20:12-> 29376,29385,29568,29606,29610,29748,29753,29754,29782,30097,30109,30131,30259,30278,30326,30569,30636,30680,30833,30896
Measurement id = 34731195 To popcluster9.atlas.winet.dcc.ufmg.br  created -> start :2022-01-05 11:52 estimation of stop:2022-01-05 20:12-> 29376,29385,29568,29606,29610,29748,29753,29754,29782,30097,30109,30131,30259,30278,30326,30569,30636,30680,30833,30896
Measurement id = 34731196 To popcluster10.atlas.winet.dcc.ufmg.br  created -> start :2022-01-05 11:52 estimation of stop:2022-01-05 20:12-> 29376,29385,29568,29606,29610,29748,29753,29754,29782,30097,30109,30131,30259,30278,30326,30569,30636,30680,30833,30896
Measurement id = 34731197 To popcluster11.atlas.winet.dcc.ufmg.br  created -> start :2022-01-05 11:52 estimation of stop:2022-01-05 20:12-> 29376,29385,29568,29606,29610,29748,29753,29754,29782,30097,30109,30131,30259,30278,30326,30569,30636,30680,30833,30896
Measurement id = 34731198 To popcluster12.atlas.winet.dcc.ufmg.br  created -> start :2022-01-05 11:52 estimation of stop:2022-01-05 20:12-> 29376,29385,29568,29606,29610,29748,29753,29754,29782,30097,30109,30131,30259,30278,30326,30569,30636,30680,30833,30896
Measurement id = 34731199 To popcluster13.atlas.winet.dcc.ufmg.br  created -> start :2022-01-05 11:52 estimation of stop:2022-01-05 20:12-> 29376,29385,29568,29606,29610,29748,29753,29754,29782,30097,30109,30131,30259,30278,30326,30569,30636,30680,30833,30896
Measurement id = 34731200 To popcluster14.atlas.winet.dcc.ufmg.br  created -> start :2022-01-05 11:52 estimation of stop:2022-01-05 20:12-> 29376,29385,29568,29606,29610,29748,29753,29754,29782,30097,30109,30131,30259,30278,30326,30569,30636,30680,30833,30896
Measurement id = 34731201 To popcluster15.atlas.winet.dcc.ufmg.br  created -> start :2022-01-05 11:52 estimation of stop:2022-01-05 20:12-> 29376,29385,29568,29606,29610,29748,29753,29754,29782,30097,30109,30131,30259,30278,30326,30569,30636,30680,30833,30896
Measurement id = 34731202 To popcluster16.atlas.winet.dcc.ufmg.br  created -> start :2022-01-05 11:52 estimation of stop:2022-01-05 20:12-> 29376,29385,29568,29606,29610,29748,29753,29754,29782,30097,30109,30131,30259,30278,30326,30569,30636,30680,30833,30896
Measurement id = 34731203 To popcluster17.atlas.winet.dcc.ufmg.br  created -> start :2022-01-05 11:52 estimation of stop:2022-01-05 20:12-> 29376,29385,29568,29606,29610,29748,29753,29754,29782,30097,30109,30131,30259,30278,30326,30569,30636,30680,30833,30896
Measurement id = 34731204 To popcluster18.atlas.winet.dcc.ufmg.br  created -> start :2022-01-05 11:52 estimation of stop:2022-01-05 20:12-> 29376,29385,29568,29606,29610,29748,29753,29754,29782,30097,30109,30131,30259,30278,30326,30569,30636,30680,30833,30896
Measurement id = 34731205 To popcluster19.atlas.winet.dcc.ufmg.br  created -> start :2022-01-05 11:52 estimation of stop:2022-01-05 20:12-> 29376,29385,29568,29606,29610,29748,29753,29754,29782,30097,30109,30131,30259,30278,30326,30569,30636,30680,30833,30896
Measurement id = 34731206 To popcluster20.atlas.winet.dcc.ufmg.br  created -> start :2022-01-05 11:52 estimation of stop:2022-01-05 20:12-> 29376,29385,29568,29606,29610,29748,29753,29754,29782,30097,30109,30131,30259,30278,30326,30569,30636,30680,30833,30896
Measurement id = 34731207 To popcluster21.atlas.winet.dcc.ufmg.br  created -> start :2022-01-05 11:52 estimation of stop:2022-01-05 20:12-> 29376,29385,29568,29606,29610,29748,29753,29754,29782,30097,30109,30131,30259,30278,30326,30569,30636,30680,30833,30896
Measurement id = 34731208 To popcluster22.atlas.winet.dcc.ufmg.br  created -> start :2022-01-05 11:52 estimation of stop:2022-01-05 20:12-> 29376,29385,29568,29606,29610,29748,29753,29754,29782,30097,30109,30131,30259,30278,30326,30569,30636,30680,30833,30896
Measurement id = 34731209 To popcluster23.atlas.winet.dcc.ufmg.br  created -> start :2022-01-05 11:52 estimation of stop:2022-01-05 20:12-> 29376,29385,29568,29606,29610,29748,29753,29754,29782,30097,30109,30131,30259,30278,30326,30569,30636,30680,30833,30896
Measurement id = 34731210 To popcluster24.atlas.winet.dcc.ufmg.br  created -> start :2022-01-05 11:52 estimation of stop:2022-01-05 20:12-> 29376,29385,29568,29606,29610,29748,29753,29754,29782,30097,30109,30131,30259,30278,30326,30569,30636,30680,30833,30896
Measurement id = 34731211 To popcluster25.atlas.winet.dcc.ufmg.br  created -> start :2022-01-05 11:52 estimation of stop:2022-01-05 20:12-> 29376,29385,29568,29606,29610,29748,29753,29754,29782,30097,30109,30131,30259,30278,30326,30569,30636,30680,30833,30896
Measurement id = 34731212 To popcluster26.atlas.winet.dcc.ufmg.br  created -> start :2022-01-05 11:52 estimation of stop:2022-01-05 20:12-> 29376,29385,29568,29606,29610,29748,29753,29754,29782,30097,30109,30131,30259,30278,30326,30569,30636,30680,30833,30896
Measurement id = 34731213 To popcluster27.atlas.winet.dcc.ufmg.br  created -> start :2022-01-05 11:52 estimation of stop:2022-01-05 20:12-> 29376,29385,29568,29606,29610,29748,29753,29754,29782,30097,30109,30131,30259,30278,30326,30569,30636,30680,30833,30896
Measurement id = 34731214 To popcluster28.atlas.winet.dcc.ufmg.br  created -> start :2022-01-05 11:52 estimation of stop:2022-01-05 20:12-> 29376,29385,29568,29606,29610,29748,29753,29754,29782,30097,30109,30131,30259,30278,30326,30569,30636,30680,30833,30896
Measurement id = 34731215 To popcluster29.atlas.winet.dcc.ufmg.br  created -> start :2022-01-05 11:52 estimation of stop:2022-01-05 20:12-> 29376,29385,29568,29606,29610,29748,29753,29754,29782,30097,30109,30131,30259,30278,30326,30569,30636,30680,30833,30896
Measurement id = 34731216 To popcluster30.atlas.winet.dcc.ufmg.br  created -> start :2022-01-05 11:52 estimation of stop:2022-01-05 20:12-> 29376,29385,29568,29606,29610,29748,29753,29754,29782,30097,30109,30131,30259,30278,30326,30569,30636,30680,30833,30896
Measurement id = 34731217 To popcluster31.atlas.winet.dcc.ufmg.br  created -> start :2022-01-05 11:52 estimation of stop:2022-01-05 20:12-> 29376,29385,29568,29606,29610,29748,29753,29754,29782,30097,30109,30131,30259,30278,30326,30569,30636,30680,30833,30896
Measurement id = 34731218 To popcluster32.atlas.winet.dcc.ufmg.br  created -> start :2022-01-05 11:52 estimation of stop:2022-01-05 20:12-> 29376,29385,29568,29606,29610,29748,29753,29754,29782,30097,30109,30131,30259,30278,30326,30569,30636,30680,30833,30896
Measurement id = 34731219 To popcluster33.atlas.winet.dcc.ufmg.br  created -> start :2022-01-05 11:52 estimation of stop:2022-01-05 20:12-> 29376,29385,29568,29606,29610,29748,29753,29754,29782,30097,30109,30131,30259,30278,30326,30569,30636,30680,30833,30896
Measurement id = 34731220 To popcluster34.atlas.winet.dcc.ufmg.br  created -> start :2022-01-05 11:52 estimation of stop:2022-01-05 20:12-> 29376,29385,29568,29606,29610,29748,29753,29754,29782,30097,30109,30131,30259,30278,30326,30569,30636,30680,30833,30896
Measurement id = 34731221 To popcluster35.atlas.winet.dcc.ufmg.br  created -> start :2022-01-05 11:52 estimation of stop:2022-01-05 20:12-> 29376,29385,29568,29606,29610,29748,29753,29754,29782,30097,30109,30131,30259,30278,30326,30569,30636,30680,30833,30896
Measurement id = 34731222 To popcluster36.atlas.winet.dcc.ufmg.br  created -> start :2022-01-05 11:52 estimation of stop:2022-01-05 20:12-> 29376,29385,29568,29606,29610,29748,29753,29754,29782,30097,30109,30131,30259,30278,30326,30569,30636,30680,30833,30896
Measurement id = 34731223 To popcluster37.atlas.winet.dcc.ufmg.br  created -> start :2022-01-05 11:52 estimation of stop:2022-01-05 20:12-> 29376,29385,29568,29606,29610,29748,29753,29754,29782,30097,30109,30131,30259,30278,30326,30569,30636,30680,30833,30896
Measurement id = 34731225 To popcluster38.atlas.winet.dcc.ufmg.br  created -> start :2022-01-05 11:52 estimation of stop:2022-01-05 20:12-> 29376,29385,29568,29606,29610,29748,29753,29754,29782,30097,30109,30131,30259,30278,30326,30569,30636,30680,30833,30896
Measurement id = 34731226 To popcluster39.atlas.winet.dcc.ufmg.br  created -> start :2022-01-05 11:52 estimation of stop:2022-01-05 20:12-> 29376,29385,29568,29606,29610,29748,29753,29754,29782,30097,30109,30131,30259,30278,30326,30569,30636,30680,30833,30896
Measurement id = 34731227 To popcluster40.atlas.winet.dcc.ufmg.br  created -> start :2022-01-05 11:52 estimation of stop:2022-01-05 20:12-> 29376,29385,29568,29606,29610,29748,29753,29754,29782,30097,30109,30131,30259,30278,30326,30569,30636,30680,30833,30896
Measurement id = 34731228 To popcluster41.atlas.winet.dcc.ufmg.br  created -> start :2022-01-05 11:52 estimation of stop:2022-01-05 20:12-> 29376,29385,29568,29606,29610,29748,29753,29754,29782,30097,30109,30131,30259,30278,30326,30569,30636,30680,30833,30896
Measurement id = 34731229 To popcluster42.atlas.winet.dcc.ufmg.br  created -> start :2022-01-05 11:52 estimation of stop:2022-01-05 20:12-> 29376,29385,29568,29606,29610,29748,29753,29754,29782,30097,30109,30131,30259,30278,30326,30569,30636,30680,30833,30896
Measurement id = 34731230 To popcluster43.atlas.winet.dcc.ufmg.br  created -> start :2022-01-05 11:52 estimation of stop:2022-01-05 20:12-> 29376,29385,29568,29606,29610,29748,29753,29754,29782,30097,30109,30131,30259,30278,30326,30569,30636,30680,30833,30896
Measurement id = 34731231 To popcluster44.atlas.winet.dcc.ufmg.br  created -> start :2022-01-05 11:52 estimation of stop:2022-01-05 20:12-> 29376,29385,29568,29606,29610,29748,29753,29754,29782,30097,30109,30131,30259,30278,30326,30569,30636,30680,30833,30896
Measurement id = 34731232 To popcluster45.atlas.winet.dcc.ufmg.br  created -> start :2022-01-05 11:52 estimation of stop:2022-01-05 20:12-> 29376,29385,29568,29606,29610,29748,29753,29754,29782,30097,30109,30131,30259,30278,30326,30569,30636,30680,30833,30896
Measurement id = 34731233 To popcluster46.atlas.winet.dcc.ufmg.br  created -> start :2022-01-05 11:52 estimation of stop:2022-01-05 20:12-> 29376,29385,29568,29606,29610,29748,29753,29754,29782,30097,30109,30131,30259,30278,30326,30569,30636,30680,30833,30896
Measurement id = 34731234 To popcluster47.atlas.winet.dcc.ufmg.br  created -> start :2022-01-05 11:52 estimation of stop:2022-01-05 20:12-> 29376,29385,29568,29606,29610,29748,29753,29754,29782,30097,30109,30131,30259,30278,30326,30569,30636,30680,30833,30896
Measurement id = 34731235 To popcluster48.atlas.winet.dcc.ufmg.br  created -> start :2022-01-05 11:52 estimation of stop:2022-01-05 20:12-> 29376,29385,29568,29606,29610,29748,29753,29754,29782,30097,30109,30131,30259,30278,30326,30569,30636,30680,30833,30896
Measurement id = 34731236 To popcluster49.atlas.winet.dcc.ufmg.br  created -> start :2022-01-05 11:52 estimation of stop:2022-01-05 20:12-> 29376,29385,29568,29606,29610,29748,29753,29754,29782,30097,30109,30131,30259,30278,30326,30569,30636,30680,30833,30896
Measurement id = 34731237 To popcluster50.atlas.winet.dcc.ufmg.br  created -> start :2022-01-05 11:52 estimation of stop:2022-01-05 20:12-> 29376,29385,29568,29606,29610,29748,29753,29754,29782,30097,30109,30131,30259,30278,30326,30569,30636,30680,30833,30896
Measurement id = 34731238 To popcluster51.atlas.winet.dcc.ufmg.br  created -> start :2022-01-05 11:52 estimation of stop:2022-01-05 20:12-> 29376,29385,29568,29606,29610,29748,29753,29754,29782,30097,30109,30131,30259,30278,30326,30569,30636,30680,30833,30896
Measurement id = 34731239 To popcluster52.atlas.winet.dcc.ufmg.br  created -> start :2022-01-05 11:52 estimation of stop:2022-01-05 20:12-> 29376,29385,29568,29606,29610,29748,29753,29754,29782,30097,30109,30131,30259,30278,30326,30569,30636,30680,30833,30896
Measurement id = 34731240 To popcluster53.atlas.winet.dcc.ufmg.br  created -> start :2022-01-05 11:52 estimation of stop:2022-01-05 20:12-> 29376,29385,29568,29606,29610,29748,29753,29754,29782,30097,30109,30131,30259,30278,30326,30569,30636,30680,30833,30896
Measurement id = 34731241 To popcluster54.atlas.winet.dcc.ufmg.br  created -> start :2022-01-05 11:52 estimation of stop:2022-01-05 20:12-> 29376,29385,29568,29606,29610,29748,29753,29754,29782,30097,30109,30131,30259,30278,30326,30569,30636,30680,30833,30896
Measurement id = 34731242 To popcluster55.atlas.winet.dcc.ufmg.br  created -> start :2022-01-05 11:52 estimation of stop:2022-01-05 20:12-> 29376,29385,29568,29606,29610,29748,29753,29754,29782,30097,30109,30131,30259,30278,30326,30569,30636,30680,30833,30896
Measurement id = 34731243 To popcluster56.atlas.winet.dcc.ufmg.br  created -> start :2022-01-05 11:52 estimation of stop:2022-01-05 20:12-> 29376,29385,29568,29606,29610,29748,29753,29754,29782,30097,30109,30131,30259,30278,30326,30569,30636,30680,30833,30896
Measurement id = 34731244 To popcluster57.atlas.winet.dcc.ufmg.br  created -> start :2022-01-05 11:52 estimation of stop:2022-01-05 20:12-> 29376,29385,29568,29606,29610,29748,29753,29754,29782,30097,30109,30131,30259,30278,30326,30569,30636,30680,30833,30896
Measurement id = 34731245 To popcluster58.atlas.winet.dcc.ufmg.br  created -> start :2022-01-05 11:52 estimation of stop:2022-01-05 20:12-> 29376,29385,29568,29606,29610,29748,29753,29754,29782,30097,30109,30131,30259,30278,30326,30569,30636,30680,30833,30896
Measurement id = 34731246 To popcluster59.atlas.winet.dcc.ufmg.br  created -> start :2022-01-05 11:52 estimation of stop:2022-01-05 20:12-> 29376,29385,29568,29606,29610,29748,29753,29754,29782,30097,30109,30131,30259,30278,30326,30569,30636,30680,30833,30896
Measurement id = 34731247 To popcluster60.atlas.winet.dcc.ufmg.br  created -> start :2022-01-05 11:52 estimation of stop:2022-01-05 20:12-> 29376,29385,29568,29606,29610,29748,29753,29754,29782,30097,30109,30131,30259,30278,30326,30569,30636,30680,30833,30896
Measurement id = 34731248 To popcluster61.atlas.winet.dcc.ufmg.br  created -> start :2022-01-05 11:52 estimation of stop:2022-01-05 20:12-> 29376,29385,29568,29606,29610,29748,29753,29754,29782,30097,30109,30131,30259,30278,30326,30569,30636,30680,30833,30896
Measurement id = 34731249 To popcluster62.atlas.winet.dcc.ufmg.br  created -> start :2022-01-05 11:52 estimation of stop:2022-01-05 20:12-> 29376,29385,29568,29606,29610,29748,29753,29754,29782,30097,30109,30131,30259,30278,30326,30569,30636,30680,30833,30896
Measurement id = 34731250 To popcluster63.atlas.winet.dcc.ufmg.br  created -> start :2022-01-05 11:52 estimation of stop:2022-01-05 20:12-> 29376,29385,29568,29606,29610,29748,29753,29754,29782,30097,30109,30131,30259,30278,30326,30569,30636,30680,30833,30896
Measurement id = 34731251 To popcluster64.atlas.winet.dcc.ufmg.br  created -> start :2022-01-05 11:52 estimation of stop:2022-01-05 20:12-> 29376,29385,29568,29606,29610,29748,29753,29754,29782,30097,30109,30131,30259,30278,30326,30569,30636,30680,30833,30896
Measurement id = 34731252 To popcluster65.atlas.winet.dcc.ufmg.br  created -> start :2022-01-05 11:52 estimation of stop:2022-01-05 20:12-> 29376,29385,29568,29606,29610,29748,29753,29754,29782,30097,30109,30131,30259,30278,30326,30569,30636,30680,30833,30896
Measurement id = 34731253 To popcluster66.atlas.winet.dcc.ufmg.br  created -> start :2022-01-05 11:52 estimation of stop:2022-01-05 20:12-> 29376,29385,29568,29606,29610,29748,29753,29754,29782,30097,30109,30131,30259,30278,30326,30569,30636,30680,30833,30896
Measurement id = 34731254 To popcluster67.atlas.winet.dcc.ufmg.br  created -> start :2022-01-05 11:52 estimation of stop:2022-01-05 20:12-> 29376,29385,29568,29606,29610,29748,29753,29754,29782,30097,30109,30131,30259,30278,30326,30569,30636,30680,30833,30896
Measurement id = 34731255 To popcluster68.atlas.winet.dcc.ufmg.br  created -> start :2022-01-05 11:52 estimation of stop:2022-01-05 20:12-> 29376,29385,29568,29606,29610,29748,29753,29754,29782,30097,30109,30131,30259,30278,30326,30569,30636,30680,30833,30896
Measurement id = 34731257 To popcluster69.atlas.winet.dcc.ufmg.br  created -> start :2022-01-05 11:52 estimation of stop:2022-01-05 20:12-> 29376,29385,29568,29606,29610,29748,29753,29754,29782,30097,30109,30131,30259,30278,30326,30569,30636,30680,30833,30896
Measurement id = 34731258 To popcluster70.atlas.winet.dcc.ufmg.br  created -> start :2022-01-05 11:52 estimation of stop:2022-01-05 20:12-> 29376,29385,29568,29606,29610,29748,29753,29754,29782,30097,30109,30131,30259,30278,30326,30569,30636,30680,30833,30896
Measurement id = 34731259 To popcluster71.atlas.winet.dcc.ufmg.br  created -> start :2022-01-05 11:52 estimation of stop:2022-01-05 20:12-> 29376,29385,29568,29606,29610,29748,29753,29754,29782,30097,30109,30131,30259,30278,30326,30569,30636,30680,30833,30896
Measurement id = 34731260 To popcluster72.atlas.winet.dcc.ufmg.br  created -> start :2022-01-05 11:52 estimation of stop:2022-01-05 20:12-> 29376,29385,29568,29606,29610,29748,29753,29754,29782,30097,30109,30131,30259,30278,30326,30569,30636,30680,30833,30896
Measurement id = 34731261 To popcluster73.atlas.winet.dcc.ufmg.br  created -> start :2022-01-05 11:52 estimation of stop:2022-01-05 20:12-> 29376,29385,29568,29606,29610,29748,29753,29754,29782,30097,30109,30131,30259,30278,30326,30569,30636,30680,30833,30896
Measurement id = 34731262 To popcluster74.atlas.winet.dcc.ufmg.br  created -> start :2022-01-05 11:52 estimation of stop:2022-01-05 20:12-> 29376,29385,29568,29606,29610,29748,29753,29754,29782,30097,30109,30131,30259,30278,30326,30569,30636,30680,30833,30896
Measurement id = 34731263 To popcluster75.atlas.winet.dcc.ufmg.br  created -> start :2022-01-05 11:52 estimation of stop:2022-01-05 20:12-> 29376,29385,29568,29606,29610,29748,29753,29754,29782,30097,30109,30131,30259,30278,30326,30569,30636,30680,30833,30896
Measurement id = 34731264 To popcluster76.atlas.winet.dcc.ufmg.br  created -> start :2022-01-05 11:52 estimation of stop:2022-01-05 20:12-> 29376,29385,29568,29606,29610,29748,29753,29754,29782,30097,30109,30131,30259,30278,30326,30569,30636,30680,30833,30896
Measurement id = 34731265 To popcluster77.atlas.winet.dcc.ufmg.br  created -> start :2022-01-05 11:52 estimation of stop:2022-01-05 20:12-> 29376,29385,29568,29606,29610,29748,29753,29754,29782,30097,30109,30131,30259,30278,30326,30569,30636,30680,30833,30896
Measurement id = 34731267 To popcluster78.atlas.winet.dcc.ufmg.br  created -> start :2022-01-05 11:52 estimation of stop:2022-01-05 20:12-> 29376,29385,29568,29606,29610,29748,29753,29754,29782,30097,30109,30131,30259,30278,30326,30569,30636,30680,30833,30896
Measurement id = 34731268 To popcluster79.atlas.winet.dcc.ufmg.br  created -> start :2022-01-05 11:52 estimation of stop:2022-01-05 20:12-> 29376,29385,29568,29606,29610,29748,29753,29754,29782,30097,30109,30131,30259,30278,30326,30569,30636,30680,30833,30896
Measurement id = 34731269 To popcluster80.atlas.winet.dcc.ufmg.br  created -> start :2022-01-05 11:52 estimation of stop:2022-01-05 20:12-> 29376,29385,29568,29606,29610,29748,29753,29754,29782,30097,30109,30131,30259,30278,30326,30569,30636,30680,30833,30896
Measurement id = 34731270 To popcluster81.atlas.winet.dcc.ufmg.br  created -> start :2022-01-05 11:52 estimation of stop:2022-01-05 20:12-> 29376,29385,29568,29606,29610,29748,29753,29754,29782,30097,30109,30131,30259,30278,30326,30569,30636,30680,30833,30896
Measurement id = 34731271 To popcluster82.atlas.winet.dcc.ufmg.br  created -> start :2022-01-05 11:52 estimation of stop:2022-01-05 20:12-> 29376,29385,29568,29606,29610,29748,29753,29754,29782,30097,30109,30131,30259,30278,30326,30569,30636,30680,30833,30896
Measurement id = 34731272 To popcluster83.atlas.winet.dcc.ufmg.br  created -> start :2022-01-05 11:52 estimation of stop:2022-01-05 20:12-> 29376,29385,29568,29606,29610,29748,29753,29754,29782,30097,30109,30131,30259,30278,30326,30569,30636,30680,30833,30896
Measurement id = 34731273 To popcluster84.atlas.winet.dcc.ufmg.br  created -> start :2022-01-05 11:52 estimation of stop:2022-01-05 20:12-> 29376,29385,29568,29606,29610,29748,29753,29754,29782,30097,30109,30131,30259,30278,30326,30569,30636,30680,30833,30896
Measurement id = 34731274 To popcluster85.atlas.winet.dcc.ufmg.br  created -> start :2022-01-05 11:52 estimation of stop:2022-01-05 20:12-> 29376,29385,29568,29606,29610,29748,29753,29754,29782,30097,30109,30131,30259,30278,30326,30569,30636,30680,30833,30896
Measurement id = 34731275 To popcluster86.atlas.winet.dcc.ufmg.br  created -> start :2022-01-05 11:52 estimation of stop:2022-01-05 20:12-> 29376,29385,29568,29606,29610,29748,29753,29754,29782,30097,30109,30131,30259,30278,30326,30569,30636,30680,30833,30896
Measurement id = 34731276 To popcluster87.atlas.winet.dcc.ufmg.br  created -> start :2022-01-05 11:52 estimation of stop:2022-01-05 20:12-> 29376,29385,29568,29606,29610,29748,29753,29754,29782,30097,30109,30131,30259,30278,30326,30569,30636,30680,30833,30896
Measurement id = 34731277 To popcluster88.atlas.winet.dcc.ufmg.br  created -> start :2022-01-05 11:52 estimation of stop:2022-01-05 20:12-> 29376,29385,29568,29606,29610,29748,29753,29754,29782,30097,30109,30131,30259,30278,30326,30569,30636,30680,30833,30896
Measurement id = 34731278 To popcluster89.atlas.winet.dcc.ufmg.br  created -> start :2022-01-05 11:52 estimation of stop:2022-01-05 20:12-> 29376,29385,29568,29606,29610,29748,29753,29754,29782,30097,30109,30131,30259,30278,30326,30569,30636,30680,30833,30896
Measurement id = 34731279 To popcluster90.atlas.winet.dcc.ufmg.br  created -> start :2022-01-05 11:52 estimation of stop:2022-01-05 20:12-> 29376,29385,29568,29606,29610,29748,29753,29754,29782,30097,30109,30131,30259,30278,30326,30569,30636,30680,30833,30896
Measurement id = 34731280 To popcluster91.atlas.winet.dcc.ufmg.br  created -> start :2022-01-05 11:52 estimation of stop:2022-01-05 20:12-> 29376,29385,29568,29606,29610,29748,29753,29754,29782,30097,30109,30131,30259,30278,30326,30569,30636,30680,30833,30896
Measurement id = 34731281 To popcluster92.atlas.winet.dcc.ufmg.br  created -> start :2022-01-05 11:52 estimation of stop:2022-01-05 20:12-> 29376,29385,29568,29606,29610,29748,29753,29754,29782,30097,30109,30131,30259,30278,30326,30569,30636,30680,30833,30896
Measurement id = 34731282 To popcluster93.atlas.winet.dcc.ufmg.br  created -> start :2022-01-05 11:52 estimation of stop:2022-01-05 20:12-> 29376,29385,29568,29606,29610,29748,29753,29754,29782,30097,30109,30131,30259,30278,30326,30569,30636,30680,30833,30896
Measurement id = 34731283 To popcluster94.atlas.winet.dcc.ufmg.br  created -> start :2022-01-05 11:52 estimation of stop:2022-01-05 20:12-> 29376,29385,29568,29606,29610,29748,29753,29754,29782,30097,30109,30131,30259,30278,30326,30569,30636,30680,30833,30896
Measurement id = 34731284 To popcluster95.atlas.winet.dcc.ufmg.br  created -> start :2022-01-05 11:52 estimation of stop:2022-01-05 20:12-> 29376,29385,29568,29606,29610,29748,29753,29754,29782,30097,30109,30131,30259,30278,30326,30569,30636,30680,30833,30896
Measurement id = 34731285 To popcluster96.atlas.winet.dcc.ufmg.br  created -> start :2022-01-05 11:52 estimation of stop:2022-01-05 20:12-> 29376,29385,29568,29606,29610,29748,29753,29754,29782,30097,30109,30131,30259,30278,30326,30569,30636,30680,30833,30896
Measurement id = 34731286 To popcluster97.atlas.winet.dcc.ufmg.br  created -> start :2022-01-05 11:52 estimation of stop:2022-01-05 20:12-> 29376,29385,29568,29606,29610,29748,29753,29754,29782,30097,30109,30131,30259,30278,30326,30569,30636,30680,30833,30896
Measurement id = 34731287 To popcluster98.atlas.winet.dcc.ufmg.br  created -> start :2022-01-05 11:52 estimation of stop:2022-01-05 20:12-> 29376,29385,29568,29606,29610,29748,29753,29754,29782,30097,30109,30131,30259,30278,30326,30569,30636,30680,30833,30896
Measurement id = 34731288 To popcluster99.atlas.winet.dcc.ufmg.br  created -> start :2022-01-05 11:52 estimation of stop:2022-01-05 20:12-> 29376,29385,29568,29606,29610,29748,29753,29754,29782,30097,30109,30131,30259,30278,30326,30569,30636,30680,30833,30896
Measurement id = 34731289 To popcluster100.atlas.winet.dcc.ufmg.br  created -> start :2022-01-05 11:52 estimation of stop:2022-01-05 20:12-> 29376,29385,29568,29606,29610,29748,29753,29754,29782,30097,30109,30131,30259,30278,30326,30569,30636,30680,30833,30896
