Measurement id = 34846987 To popcluster1.atlas.winet.dcc.ufmg.br  created -> start :2022-01-18 17:02 estimation of stop:2022-01-19 01:22-> 52366,52497,52574,52708,52709,52721,52727,52791,52827,52861,52867,52913,52930,52965,52991,53004,53046,53118,53192,53220
Measurement id = 34846988 To popcluster2.atlas.winet.dcc.ufmg.br  created -> start :2022-01-18 17:02 estimation of stop:2022-01-19 01:22-> 52366,52497,52574,52708,52709,52721,52727,52791,52827,52861,52867,52913,52930,52965,52991,53004,53046,53118,53192,53220
Measurement id = 34846989 To popcluster3.atlas.winet.dcc.ufmg.br  created -> start :2022-01-18 17:02 estimation of stop:2022-01-19 01:22-> 52366,52497,52574,52708,52709,52721,52727,52791,52827,52861,52867,52913,52930,52965,52991,53004,53046,53118,53192,53220
Measurement id = 34846990 To popcluster4.atlas.winet.dcc.ufmg.br  created -> start :2022-01-18 17:02 estimation of stop:2022-01-19 01:22-> 52366,52497,52574,52708,52709,52721,52727,52791,52827,52861,52867,52913,52930,52965,52991,53004,53046,53118,53192,53220
Measurement id = 34846991 To popcluster5.atlas.winet.dcc.ufmg.br  created -> start :2022-01-18 17:02 estimation of stop:2022-01-19 01:22-> 52366,52497,52574,52708,52709,52721,52727,52791,52827,52861,52867,52913,52930,52965,52991,53004,53046,53118,53192,53220
Measurement id = 34846992 To popcluster6.atlas.winet.dcc.ufmg.br  created -> start :2022-01-18 17:02 estimation of stop:2022-01-19 01:22-> 52366,52497,52574,52708,52709,52721,52727,52791,52827,52861,52867,52913,52930,52965,52991,53004,53046,53118,53192,53220
Measurement id = 34846993 To popcluster7.atlas.winet.dcc.ufmg.br  created -> start :2022-01-18 17:02 estimation of stop:2022-01-19 01:22-> 52366,52497,52574,52708,52709,52721,52727,52791,52827,52861,52867,52913,52930,52965,52991,53004,53046,53118,53192,53220
Measurement id = 34846994 To popcluster8.atlas.winet.dcc.ufmg.br  created -> start :2022-01-18 17:02 estimation of stop:2022-01-19 01:22-> 52366,52497,52574,52708,52709,52721,52727,52791,52827,52861,52867,52913,52930,52965,52991,53004,53046,53118,53192,53220
Measurement id = 34846995 To popcluster9.atlas.winet.dcc.ufmg.br  created -> start :2022-01-18 17:02 estimation of stop:2022-01-19 01:22-> 52366,52497,52574,52708,52709,52721,52727,52791,52827,52861,52867,52913,52930,52965,52991,53004,53046,53118,53192,53220
Measurement id = 34846996 To popcluster10.atlas.winet.dcc.ufmg.br  created -> start :2022-01-18 17:02 estimation of stop:2022-01-19 01:22-> 52366,52497,52574,52708,52709,52721,52727,52791,52827,52861,52867,52913,52930,52965,52991,53004,53046,53118,53192,53220
Measurement id = 34846997 To popcluster11.atlas.winet.dcc.ufmg.br  created -> start :2022-01-18 17:02 estimation of stop:2022-01-19 01:22-> 52366,52497,52574,52708,52709,52721,52727,52791,52827,52861,52867,52913,52930,52965,52991,53004,53046,53118,53192,53220
Measurement id = 34846998 To popcluster12.atlas.winet.dcc.ufmg.br  created -> start :2022-01-18 17:02 estimation of stop:2022-01-19 01:22-> 52366,52497,52574,52708,52709,52721,52727,52791,52827,52861,52867,52913,52930,52965,52991,53004,53046,53118,53192,53220
Measurement id = 34846999 To popcluster13.atlas.winet.dcc.ufmg.br  created -> start :2022-01-18 17:02 estimation of stop:2022-01-19 01:22-> 52366,52497,52574,52708,52709,52721,52727,52791,52827,52861,52867,52913,52930,52965,52991,53004,53046,53118,53192,53220
Measurement id = 34847000 To popcluster14.atlas.winet.dcc.ufmg.br  created -> start :2022-01-18 17:02 estimation of stop:2022-01-19 01:22-> 52366,52497,52574,52708,52709,52721,52727,52791,52827,52861,52867,52913,52930,52965,52991,53004,53046,53118,53192,53220
Measurement id = 34847001 To popcluster15.atlas.winet.dcc.ufmg.br  created -> start :2022-01-18 17:02 estimation of stop:2022-01-19 01:22-> 52366,52497,52574,52708,52709,52721,52727,52791,52827,52861,52867,52913,52930,52965,52991,53004,53046,53118,53192,53220
Measurement id = 34847002 To popcluster16.atlas.winet.dcc.ufmg.br  created -> start :2022-01-18 17:02 estimation of stop:2022-01-19 01:22-> 52366,52497,52574,52708,52709,52721,52727,52791,52827,52861,52867,52913,52930,52965,52991,53004,53046,53118,53192,53220
Measurement id = 34847003 To popcluster17.atlas.winet.dcc.ufmg.br  created -> start :2022-01-18 17:02 estimation of stop:2022-01-19 01:22-> 52366,52497,52574,52708,52709,52721,52727,52791,52827,52861,52867,52913,52930,52965,52991,53004,53046,53118,53192,53220
Measurement id = 34847004 To popcluster18.atlas.winet.dcc.ufmg.br  created -> start :2022-01-18 17:02 estimation of stop:2022-01-19 01:22-> 52366,52497,52574,52708,52709,52721,52727,52791,52827,52861,52867,52913,52930,52965,52991,53004,53046,53118,53192,53220
Measurement id = 34847005 To popcluster19.atlas.winet.dcc.ufmg.br  created -> start :2022-01-18 17:02 estimation of stop:2022-01-19 01:22-> 52366,52497,52574,52708,52709,52721,52727,52791,52827,52861,52867,52913,52930,52965,52991,53004,53046,53118,53192,53220
Measurement id = 34847006 To popcluster20.atlas.winet.dcc.ufmg.br  created -> start :2022-01-18 17:02 estimation of stop:2022-01-19 01:22-> 52366,52497,52574,52708,52709,52721,52727,52791,52827,52861,52867,52913,52930,52965,52991,53004,53046,53118,53192,53220
Measurement id = 34847007 To popcluster21.atlas.winet.dcc.ufmg.br  created -> start :2022-01-18 17:02 estimation of stop:2022-01-19 01:22-> 52366,52497,52574,52708,52709,52721,52727,52791,52827,52861,52867,52913,52930,52965,52991,53004,53046,53118,53192,53220
Measurement id = 34847008 To popcluster22.atlas.winet.dcc.ufmg.br  created -> start :2022-01-18 17:02 estimation of stop:2022-01-19 01:22-> 52366,52497,52574,52708,52709,52721,52727,52791,52827,52861,52867,52913,52930,52965,52991,53004,53046,53118,53192,53220
Measurement id = 34847009 To popcluster23.atlas.winet.dcc.ufmg.br  created -> start :2022-01-18 17:02 estimation of stop:2022-01-19 01:22-> 52366,52497,52574,52708,52709,52721,52727,52791,52827,52861,52867,52913,52930,52965,52991,53004,53046,53118,53192,53220
Measurement id = 34847010 To popcluster24.atlas.winet.dcc.ufmg.br  created -> start :2022-01-18 17:02 estimation of stop:2022-01-19 01:22-> 52366,52497,52574,52708,52709,52721,52727,52791,52827,52861,52867,52913,52930,52965,52991,53004,53046,53118,53192,53220
Measurement id = 34847011 To popcluster25.atlas.winet.dcc.ufmg.br  created -> start :2022-01-18 17:02 estimation of stop:2022-01-19 01:22-> 52366,52497,52574,52708,52709,52721,52727,52791,52827,52861,52867,52913,52930,52965,52991,53004,53046,53118,53192,53220
Measurement id = 34847012 To popcluster26.atlas.winet.dcc.ufmg.br  created -> start :2022-01-18 17:02 estimation of stop:2022-01-19 01:22-> 52366,52497,52574,52708,52709,52721,52727,52791,52827,52861,52867,52913,52930,52965,52991,53004,53046,53118,53192,53220
Measurement id = 34847013 To popcluster27.atlas.winet.dcc.ufmg.br  created -> start :2022-01-18 17:02 estimation of stop:2022-01-19 01:22-> 52366,52497,52574,52708,52709,52721,52727,52791,52827,52861,52867,52913,52930,52965,52991,53004,53046,53118,53192,53220
Measurement id = 34847014 To popcluster28.atlas.winet.dcc.ufmg.br  created -> start :2022-01-18 17:02 estimation of stop:2022-01-19 01:22-> 52366,52497,52574,52708,52709,52721,52727,52791,52827,52861,52867,52913,52930,52965,52991,53004,53046,53118,53192,53220
Measurement id = 34847015 To popcluster29.atlas.winet.dcc.ufmg.br  created -> start :2022-01-18 17:02 estimation of stop:2022-01-19 01:22-> 52366,52497,52574,52708,52709,52721,52727,52791,52827,52861,52867,52913,52930,52965,52991,53004,53046,53118,53192,53220
Measurement id = 34847016 To popcluster30.atlas.winet.dcc.ufmg.br  created -> start :2022-01-18 17:02 estimation of stop:2022-01-19 01:22-> 52366,52497,52574,52708,52709,52721,52727,52791,52827,52861,52867,52913,52930,52965,52991,53004,53046,53118,53192,53220
Measurement id = 34847017 To popcluster31.atlas.winet.dcc.ufmg.br  created -> start :2022-01-18 17:02 estimation of stop:2022-01-19 01:22-> 52366,52497,52574,52708,52709,52721,52727,52791,52827,52861,52867,52913,52930,52965,52991,53004,53046,53118,53192,53220
Measurement id = 34847018 To popcluster32.atlas.winet.dcc.ufmg.br  created -> start :2022-01-18 17:02 estimation of stop:2022-01-19 01:22-> 52366,52497,52574,52708,52709,52721,52727,52791,52827,52861,52867,52913,52930,52965,52991,53004,53046,53118,53192,53220
Measurement id = 34847019 To popcluster33.atlas.winet.dcc.ufmg.br  created -> start :2022-01-18 17:02 estimation of stop:2022-01-19 01:22-> 52366,52497,52574,52708,52709,52721,52727,52791,52827,52861,52867,52913,52930,52965,52991,53004,53046,53118,53192,53220
Measurement id = 34847020 To popcluster34.atlas.winet.dcc.ufmg.br  created -> start :2022-01-18 17:02 estimation of stop:2022-01-19 01:22-> 52366,52497,52574,52708,52709,52721,52727,52791,52827,52861,52867,52913,52930,52965,52991,53004,53046,53118,53192,53220
Measurement id = 34847021 To popcluster35.atlas.winet.dcc.ufmg.br  created -> start :2022-01-18 17:02 estimation of stop:2022-01-19 01:22-> 52366,52497,52574,52708,52709,52721,52727,52791,52827,52861,52867,52913,52930,52965,52991,53004,53046,53118,53192,53220
Measurement id = 34847022 To popcluster36.atlas.winet.dcc.ufmg.br  created -> start :2022-01-18 17:02 estimation of stop:2022-01-19 01:22-> 52366,52497,52574,52708,52709,52721,52727,52791,52827,52861,52867,52913,52930,52965,52991,53004,53046,53118,53192,53220
Measurement id = 34847023 To popcluster37.atlas.winet.dcc.ufmg.br  created -> start :2022-01-18 17:02 estimation of stop:2022-01-19 01:22-> 52366,52497,52574,52708,52709,52721,52727,52791,52827,52861,52867,52913,52930,52965,52991,53004,53046,53118,53192,53220
Measurement id = 34847024 To popcluster38.atlas.winet.dcc.ufmg.br  created -> start :2022-01-18 17:02 estimation of stop:2022-01-19 01:22-> 52366,52497,52574,52708,52709,52721,52727,52791,52827,52861,52867,52913,52930,52965,52991,53004,53046,53118,53192,53220
Measurement id = 34847025 To popcluster39.atlas.winet.dcc.ufmg.br  created -> start :2022-01-18 17:02 estimation of stop:2022-01-19 01:22-> 52366,52497,52574,52708,52709,52721,52727,52791,52827,52861,52867,52913,52930,52965,52991,53004,53046,53118,53192,53220
Measurement id = 34847026 To popcluster40.atlas.winet.dcc.ufmg.br  created -> start :2022-01-18 17:02 estimation of stop:2022-01-19 01:22-> 52366,52497,52574,52708,52709,52721,52727,52791,52827,52861,52867,52913,52930,52965,52991,53004,53046,53118,53192,53220
Measurement id = 34847027 To popcluster41.atlas.winet.dcc.ufmg.br  created -> start :2022-01-18 17:02 estimation of stop:2022-01-19 01:22-> 52366,52497,52574,52708,52709,52721,52727,52791,52827,52861,52867,52913,52930,52965,52991,53004,53046,53118,53192,53220
Measurement id = 34847028 To popcluster42.atlas.winet.dcc.ufmg.br  created -> start :2022-01-18 17:02 estimation of stop:2022-01-19 01:22-> 52366,52497,52574,52708,52709,52721,52727,52791,52827,52861,52867,52913,52930,52965,52991,53004,53046,53118,53192,53220
Measurement id = 34847029 To popcluster43.atlas.winet.dcc.ufmg.br  created -> start :2022-01-18 17:02 estimation of stop:2022-01-19 01:22-> 52366,52497,52574,52708,52709,52721,52727,52791,52827,52861,52867,52913,52930,52965,52991,53004,53046,53118,53192,53220
Measurement id = 34847030 To popcluster44.atlas.winet.dcc.ufmg.br  created -> start :2022-01-18 17:02 estimation of stop:2022-01-19 01:22-> 52366,52497,52574,52708,52709,52721,52727,52791,52827,52861,52867,52913,52930,52965,52991,53004,53046,53118,53192,53220
Measurement id = 34847031 To popcluster45.atlas.winet.dcc.ufmg.br  created -> start :2022-01-18 17:02 estimation of stop:2022-01-19 01:22-> 52366,52497,52574,52708,52709,52721,52727,52791,52827,52861,52867,52913,52930,52965,52991,53004,53046,53118,53192,53220
Measurement id = 34847032 To popcluster46.atlas.winet.dcc.ufmg.br  created -> start :2022-01-18 17:02 estimation of stop:2022-01-19 01:22-> 52366,52497,52574,52708,52709,52721,52727,52791,52827,52861,52867,52913,52930,52965,52991,53004,53046,53118,53192,53220
Measurement id = 34847033 To popcluster47.atlas.winet.dcc.ufmg.br  created -> start :2022-01-18 17:02 estimation of stop:2022-01-19 01:22-> 52366,52497,52574,52708,52709,52721,52727,52791,52827,52861,52867,52913,52930,52965,52991,53004,53046,53118,53192,53220
Measurement id = 34847034 To popcluster48.atlas.winet.dcc.ufmg.br  created -> start :2022-01-18 17:02 estimation of stop:2022-01-19 01:22-> 52366,52497,52574,52708,52709,52721,52727,52791,52827,52861,52867,52913,52930,52965,52991,53004,53046,53118,53192,53220
Measurement id = 34847035 To popcluster49.atlas.winet.dcc.ufmg.br  created -> start :2022-01-18 17:02 estimation of stop:2022-01-19 01:22-> 52366,52497,52574,52708,52709,52721,52727,52791,52827,52861,52867,52913,52930,52965,52991,53004,53046,53118,53192,53220
Measurement id = 34847036 To popcluster50.atlas.winet.dcc.ufmg.br  created -> start :2022-01-18 17:02 estimation of stop:2022-01-19 01:22-> 52366,52497,52574,52708,52709,52721,52727,52791,52827,52861,52867,52913,52930,52965,52991,53004,53046,53118,53192,53220
Measurement id = 34847037 To popcluster51.atlas.winet.dcc.ufmg.br  created -> start :2022-01-18 17:02 estimation of stop:2022-01-19 01:22-> 52366,52497,52574,52708,52709,52721,52727,52791,52827,52861,52867,52913,52930,52965,52991,53004,53046,53118,53192,53220
Measurement id = 34847038 To popcluster52.atlas.winet.dcc.ufmg.br  created -> start :2022-01-18 17:02 estimation of stop:2022-01-19 01:22-> 52366,52497,52574,52708,52709,52721,52727,52791,52827,52861,52867,52913,52930,52965,52991,53004,53046,53118,53192,53220
Measurement id = 34847039 To popcluster53.atlas.winet.dcc.ufmg.br  created -> start :2022-01-18 17:02 estimation of stop:2022-01-19 01:22-> 52366,52497,52574,52708,52709,52721,52727,52791,52827,52861,52867,52913,52930,52965,52991,53004,53046,53118,53192,53220
Measurement id = 34847040 To popcluster54.atlas.winet.dcc.ufmg.br  created -> start :2022-01-18 17:02 estimation of stop:2022-01-19 01:22-> 52366,52497,52574,52708,52709,52721,52727,52791,52827,52861,52867,52913,52930,52965,52991,53004,53046,53118,53192,53220
Measurement id = 34847041 To popcluster55.atlas.winet.dcc.ufmg.br  created -> start :2022-01-18 17:02 estimation of stop:2022-01-19 01:22-> 52366,52497,52574,52708,52709,52721,52727,52791,52827,52861,52867,52913,52930,52965,52991,53004,53046,53118,53192,53220
Measurement id = 34847042 To popcluster56.atlas.winet.dcc.ufmg.br  created -> start :2022-01-18 17:02 estimation of stop:2022-01-19 01:22-> 52366,52497,52574,52708,52709,52721,52727,52791,52827,52861,52867,52913,52930,52965,52991,53004,53046,53118,53192,53220
Measurement id = 34847043 To popcluster57.atlas.winet.dcc.ufmg.br  created -> start :2022-01-18 17:02 estimation of stop:2022-01-19 01:22-> 52366,52497,52574,52708,52709,52721,52727,52791,52827,52861,52867,52913,52930,52965,52991,53004,53046,53118,53192,53220
Measurement id = 34847044 To popcluster58.atlas.winet.dcc.ufmg.br  created -> start :2022-01-18 17:02 estimation of stop:2022-01-19 01:22-> 52366,52497,52574,52708,52709,52721,52727,52791,52827,52861,52867,52913,52930,52965,52991,53004,53046,53118,53192,53220
Measurement id = 34847045 To popcluster59.atlas.winet.dcc.ufmg.br  created -> start :2022-01-18 17:02 estimation of stop:2022-01-19 01:22-> 52366,52497,52574,52708,52709,52721,52727,52791,52827,52861,52867,52913,52930,52965,52991,53004,53046,53118,53192,53220
Measurement id = 34847046 To popcluster60.atlas.winet.dcc.ufmg.br  created -> start :2022-01-18 17:02 estimation of stop:2022-01-19 01:22-> 52366,52497,52574,52708,52709,52721,52727,52791,52827,52861,52867,52913,52930,52965,52991,53004,53046,53118,53192,53220
Measurement id = 34847047 To popcluster61.atlas.winet.dcc.ufmg.br  created -> start :2022-01-18 17:02 estimation of stop:2022-01-19 01:22-> 52366,52497,52574,52708,52709,52721,52727,52791,52827,52861,52867,52913,52930,52965,52991,53004,53046,53118,53192,53220
Measurement id = 34847048 To popcluster62.atlas.winet.dcc.ufmg.br  created -> start :2022-01-18 17:02 estimation of stop:2022-01-19 01:22-> 52366,52497,52574,52708,52709,52721,52727,52791,52827,52861,52867,52913,52930,52965,52991,53004,53046,53118,53192,53220
Measurement id = 34847049 To popcluster63.atlas.winet.dcc.ufmg.br  created -> start :2022-01-18 17:02 estimation of stop:2022-01-19 01:22-> 52366,52497,52574,52708,52709,52721,52727,52791,52827,52861,52867,52913,52930,52965,52991,53004,53046,53118,53192,53220
Measurement id = 34847050 To popcluster64.atlas.winet.dcc.ufmg.br  created -> start :2022-01-18 17:02 estimation of stop:2022-01-19 01:22-> 52366,52497,52574,52708,52709,52721,52727,52791,52827,52861,52867,52913,52930,52965,52991,53004,53046,53118,53192,53220
Measurement id = 34847051 To popcluster65.atlas.winet.dcc.ufmg.br  created -> start :2022-01-18 17:02 estimation of stop:2022-01-19 01:22-> 52366,52497,52574,52708,52709,52721,52727,52791,52827,52861,52867,52913,52930,52965,52991,53004,53046,53118,53192,53220
Measurement id = 34847052 To popcluster66.atlas.winet.dcc.ufmg.br  created -> start :2022-01-18 17:02 estimation of stop:2022-01-19 01:22-> 52366,52497,52574,52708,52709,52721,52727,52791,52827,52861,52867,52913,52930,52965,52991,53004,53046,53118,53192,53220
Measurement id = 34847053 To popcluster67.atlas.winet.dcc.ufmg.br  created -> start :2022-01-18 17:02 estimation of stop:2022-01-19 01:22-> 52366,52497,52574,52708,52709,52721,52727,52791,52827,52861,52867,52913,52930,52965,52991,53004,53046,53118,53192,53220
Measurement id = 34847054 To popcluster68.atlas.winet.dcc.ufmg.br  created -> start :2022-01-18 17:02 estimation of stop:2022-01-19 01:22-> 52366,52497,52574,52708,52709,52721,52727,52791,52827,52861,52867,52913,52930,52965,52991,53004,53046,53118,53192,53220
Measurement id = 34847055 To popcluster69.atlas.winet.dcc.ufmg.br  created -> start :2022-01-18 17:02 estimation of stop:2022-01-19 01:22-> 52366,52497,52574,52708,52709,52721,52727,52791,52827,52861,52867,52913,52930,52965,52991,53004,53046,53118,53192,53220
Measurement id = 34847056 To popcluster70.atlas.winet.dcc.ufmg.br  created -> start :2022-01-18 17:02 estimation of stop:2022-01-19 01:22-> 52366,52497,52574,52708,52709,52721,52727,52791,52827,52861,52867,52913,52930,52965,52991,53004,53046,53118,53192,53220
Measurement id = 34847057 To popcluster71.atlas.winet.dcc.ufmg.br  created -> start :2022-01-18 17:02 estimation of stop:2022-01-19 01:22-> 52366,52497,52574,52708,52709,52721,52727,52791,52827,52861,52867,52913,52930,52965,52991,53004,53046,53118,53192,53220
Measurement id = 34847058 To popcluster72.atlas.winet.dcc.ufmg.br  created -> start :2022-01-18 17:02 estimation of stop:2022-01-19 01:22-> 52366,52497,52574,52708,52709,52721,52727,52791,52827,52861,52867,52913,52930,52965,52991,53004,53046,53118,53192,53220
Measurement id = 34847059 To popcluster73.atlas.winet.dcc.ufmg.br  created -> start :2022-01-18 17:02 estimation of stop:2022-01-19 01:22-> 52366,52497,52574,52708,52709,52721,52727,52791,52827,52861,52867,52913,52930,52965,52991,53004,53046,53118,53192,53220
Measurement id = 34847060 To popcluster74.atlas.winet.dcc.ufmg.br  created -> start :2022-01-18 17:02 estimation of stop:2022-01-19 01:22-> 52366,52497,52574,52708,52709,52721,52727,52791,52827,52861,52867,52913,52930,52965,52991,53004,53046,53118,53192,53220
Measurement id = 34847061 To popcluster75.atlas.winet.dcc.ufmg.br  created -> start :2022-01-18 17:02 estimation of stop:2022-01-19 01:22-> 52366,52497,52574,52708,52709,52721,52727,52791,52827,52861,52867,52913,52930,52965,52991,53004,53046,53118,53192,53220
Measurement id = 34847062 To popcluster76.atlas.winet.dcc.ufmg.br  created -> start :2022-01-18 17:02 estimation of stop:2022-01-19 01:22-> 52366,52497,52574,52708,52709,52721,52727,52791,52827,52861,52867,52913,52930,52965,52991,53004,53046,53118,53192,53220
Measurement id = 34847063 To popcluster77.atlas.winet.dcc.ufmg.br  created -> start :2022-01-18 17:02 estimation of stop:2022-01-19 01:22-> 52366,52497,52574,52708,52709,52721,52727,52791,52827,52861,52867,52913,52930,52965,52991,53004,53046,53118,53192,53220
Measurement id = 34847064 To popcluster78.atlas.winet.dcc.ufmg.br  created -> start :2022-01-18 17:02 estimation of stop:2022-01-19 01:22-> 52366,52497,52574,52708,52709,52721,52727,52791,52827,52861,52867,52913,52930,52965,52991,53004,53046,53118,53192,53220
Measurement id = 34847067 To popcluster79.atlas.winet.dcc.ufmg.br  created -> start :2022-01-18 17:02 estimation of stop:2022-01-19 01:22-> 52366,52497,52574,52708,52709,52721,52727,52791,52827,52861,52867,52913,52930,52965,52991,53004,53046,53118,53192,53220
Measurement id = 34847068 To popcluster80.atlas.winet.dcc.ufmg.br  created -> start :2022-01-18 17:02 estimation of stop:2022-01-19 01:22-> 52366,52497,52574,52708,52709,52721,52727,52791,52827,52861,52867,52913,52930,52965,52991,53004,53046,53118,53192,53220
Measurement id = 34847069 To popcluster81.atlas.winet.dcc.ufmg.br  created -> start :2022-01-18 17:02 estimation of stop:2022-01-19 01:22-> 52366,52497,52574,52708,52709,52721,52727,52791,52827,52861,52867,52913,52930,52965,52991,53004,53046,53118,53192,53220
Measurement id = 34847070 To popcluster82.atlas.winet.dcc.ufmg.br  created -> start :2022-01-18 17:02 estimation of stop:2022-01-19 01:22-> 52366,52497,52574,52708,52709,52721,52727,52791,52827,52861,52867,52913,52930,52965,52991,53004,53046,53118,53192,53220
Measurement id = 34847071 To popcluster83.atlas.winet.dcc.ufmg.br  created -> start :2022-01-18 17:02 estimation of stop:2022-01-19 01:22-> 52366,52497,52574,52708,52709,52721,52727,52791,52827,52861,52867,52913,52930,52965,52991,53004,53046,53118,53192,53220
Measurement id = 34847072 To popcluster84.atlas.winet.dcc.ufmg.br  created -> start :2022-01-18 17:02 estimation of stop:2022-01-19 01:22-> 52366,52497,52574,52708,52709,52721,52727,52791,52827,52861,52867,52913,52930,52965,52991,53004,53046,53118,53192,53220
Measurement id = 34847073 To popcluster85.atlas.winet.dcc.ufmg.br  created -> start :2022-01-18 17:02 estimation of stop:2022-01-19 01:22-> 52366,52497,52574,52708,52709,52721,52727,52791,52827,52861,52867,52913,52930,52965,52991,53004,53046,53118,53192,53220
Measurement id = 34847074 To popcluster86.atlas.winet.dcc.ufmg.br  created -> start :2022-01-18 17:02 estimation of stop:2022-01-19 01:22-> 52366,52497,52574,52708,52709,52721,52727,52791,52827,52861,52867,52913,52930,52965,52991,53004,53046,53118,53192,53220
Measurement id = 34847075 To popcluster87.atlas.winet.dcc.ufmg.br  created -> start :2022-01-18 17:02 estimation of stop:2022-01-19 01:22-> 52366,52497,52574,52708,52709,52721,52727,52791,52827,52861,52867,52913,52930,52965,52991,53004,53046,53118,53192,53220
Measurement id = 34847076 To popcluster88.atlas.winet.dcc.ufmg.br  created -> start :2022-01-18 17:02 estimation of stop:2022-01-19 01:22-> 52366,52497,52574,52708,52709,52721,52727,52791,52827,52861,52867,52913,52930,52965,52991,53004,53046,53118,53192,53220
Measurement id = 34847077 To popcluster89.atlas.winet.dcc.ufmg.br  created -> start :2022-01-18 17:02 estimation of stop:2022-01-19 01:22-> 52366,52497,52574,52708,52709,52721,52727,52791,52827,52861,52867,52913,52930,52965,52991,53004,53046,53118,53192,53220
Measurement id = 34847078 To popcluster90.atlas.winet.dcc.ufmg.br  created -> start :2022-01-18 17:02 estimation of stop:2022-01-19 01:22-> 52366,52497,52574,52708,52709,52721,52727,52791,52827,52861,52867,52913,52930,52965,52991,53004,53046,53118,53192,53220
Measurement id = 34847079 To popcluster91.atlas.winet.dcc.ufmg.br  created -> start :2022-01-18 17:02 estimation of stop:2022-01-19 01:22-> 52366,52497,52574,52708,52709,52721,52727,52791,52827,52861,52867,52913,52930,52965,52991,53004,53046,53118,53192,53220
Measurement id = 34847080 To popcluster92.atlas.winet.dcc.ufmg.br  created -> start :2022-01-18 17:02 estimation of stop:2022-01-19 01:22-> 52366,52497,52574,52708,52709,52721,52727,52791,52827,52861,52867,52913,52930,52965,52991,53004,53046,53118,53192,53220
Measurement id = 34847081 To popcluster93.atlas.winet.dcc.ufmg.br  created -> start :2022-01-18 17:02 estimation of stop:2022-01-19 01:22-> 52366,52497,52574,52708,52709,52721,52727,52791,52827,52861,52867,52913,52930,52965,52991,53004,53046,53118,53192,53220
Measurement id = 34847082 To popcluster94.atlas.winet.dcc.ufmg.br  created -> start :2022-01-18 17:02 estimation of stop:2022-01-19 01:22-> 52366,52497,52574,52708,52709,52721,52727,52791,52827,52861,52867,52913,52930,52965,52991,53004,53046,53118,53192,53220
Measurement id = 34847083 To popcluster95.atlas.winet.dcc.ufmg.br  created -> start :2022-01-18 17:02 estimation of stop:2022-01-19 01:22-> 52366,52497,52574,52708,52709,52721,52727,52791,52827,52861,52867,52913,52930,52965,52991,53004,53046,53118,53192,53220
Measurement id = 34847084 To popcluster96.atlas.winet.dcc.ufmg.br  created -> start :2022-01-18 17:02 estimation of stop:2022-01-19 01:22-> 52366,52497,52574,52708,52709,52721,52727,52791,52827,52861,52867,52913,52930,52965,52991,53004,53046,53118,53192,53220
Measurement id = 34847085 To popcluster97.atlas.winet.dcc.ufmg.br  created -> start :2022-01-18 17:02 estimation of stop:2022-01-19 01:22-> 52366,52497,52574,52708,52709,52721,52727,52791,52827,52861,52867,52913,52930,52965,52991,53004,53046,53118,53192,53220
Measurement id = 34847086 To popcluster98.atlas.winet.dcc.ufmg.br  created -> start :2022-01-18 17:02 estimation of stop:2022-01-19 01:22-> 52366,52497,52574,52708,52709,52721,52727,52791,52827,52861,52867,52913,52930,52965,52991,53004,53046,53118,53192,53220
Measurement id = 34847087 To popcluster99.atlas.winet.dcc.ufmg.br  created -> start :2022-01-18 17:02 estimation of stop:2022-01-19 01:22-> 52366,52497,52574,52708,52709,52721,52727,52791,52827,52861,52867,52913,52930,52965,52991,53004,53046,53118,53192,53220
Measurement id = 34847088 To popcluster100.atlas.winet.dcc.ufmg.br  created -> start :2022-01-18 17:02 estimation of stop:2022-01-19 01:22-> 52366,52497,52574,52708,52709,52721,52727,52791,52827,52861,52867,52913,52930,52965,52991,53004,53046,53118,53192,53220
