Measurement id = 34945676 To popcluster1.atlas.winet.dcc.ufmg.br  created -> start :2022-01-24 19:19 estimation of stop:2022-01-25 03:39-> 1000767,1000770,1000772,54125,54129,54163,54208,54256,54278,54288,54305,54364,54376,54440,54460,54472,54500,54524,54525,54646
Measurement id = 34945677 To popcluster2.atlas.winet.dcc.ufmg.br  created -> start :2022-01-24 19:19 estimation of stop:2022-01-25 03:39-> 1000767,1000770,1000772,54125,54129,54163,54208,54256,54278,54288,54305,54364,54376,54440,54460,54472,54500,54524,54525,54646
Measurement id = 34945678 To popcluster3.atlas.winet.dcc.ufmg.br  created -> start :2022-01-24 19:19 estimation of stop:2022-01-25 03:39-> 1000767,1000770,1000772,54125,54129,54163,54208,54256,54278,54288,54305,54364,54376,54440,54460,54472,54500,54524,54525,54646
Measurement id = 34945680 To popcluster4.atlas.winet.dcc.ufmg.br  created -> start :2022-01-24 19:19 estimation of stop:2022-01-25 03:39-> 1000767,1000770,1000772,54125,54129,54163,54208,54256,54278,54288,54305,54364,54376,54440,54460,54472,54500,54524,54525,54646
Measurement id = 34945681 To popcluster5.atlas.winet.dcc.ufmg.br  created -> start :2022-01-24 19:19 estimation of stop:2022-01-25 03:39-> 1000767,1000770,1000772,54125,54129,54163,54208,54256,54278,54288,54305,54364,54376,54440,54460,54472,54500,54524,54525,54646
Measurement id = 34945684 To popcluster6.atlas.winet.dcc.ufmg.br  created -> start :2022-01-24 19:19 estimation of stop:2022-01-25 03:39-> 1000767,1000770,1000772,54125,54129,54163,54208,54256,54278,54288,54305,54364,54376,54440,54460,54472,54500,54524,54525,54646
Measurement id = 34945685 To popcluster7.atlas.winet.dcc.ufmg.br  created -> start :2022-01-24 19:19 estimation of stop:2022-01-25 03:39-> 1000767,1000770,1000772,54125,54129,54163,54208,54256,54278,54288,54305,54364,54376,54440,54460,54472,54500,54524,54525,54646
Measurement id = 34945686 To popcluster8.atlas.winet.dcc.ufmg.br  created -> start :2022-01-24 19:19 estimation of stop:2022-01-25 03:39-> 1000767,1000770,1000772,54125,54129,54163,54208,54256,54278,54288,54305,54364,54376,54440,54460,54472,54500,54524,54525,54646
Measurement id = 34945687 To popcluster9.atlas.winet.dcc.ufmg.br  created -> start :2022-01-24 19:19 estimation of stop:2022-01-25 03:39-> 1000767,1000770,1000772,54125,54129,54163,54208,54256,54278,54288,54305,54364,54376,54440,54460,54472,54500,54524,54525,54646
Measurement id = 34945688 To popcluster10.atlas.winet.dcc.ufmg.br  created -> start :2022-01-24 19:19 estimation of stop:2022-01-25 03:39-> 1000767,1000770,1000772,54125,54129,54163,54208,54256,54278,54288,54305,54364,54376,54440,54460,54472,54500,54524,54525,54646
Measurement id = 34945689 To popcluster11.atlas.winet.dcc.ufmg.br  created -> start :2022-01-24 19:19 estimation of stop:2022-01-25 03:39-> 1000767,1000770,1000772,54125,54129,54163,54208,54256,54278,54288,54305,54364,54376,54440,54460,54472,54500,54524,54525,54646
Measurement id = 34945690 To popcluster12.atlas.winet.dcc.ufmg.br  created -> start :2022-01-24 19:19 estimation of stop:2022-01-25 03:39-> 1000767,1000770,1000772,54125,54129,54163,54208,54256,54278,54288,54305,54364,54376,54440,54460,54472,54500,54524,54525,54646
Measurement id = 34945691 To popcluster13.atlas.winet.dcc.ufmg.br  created -> start :2022-01-24 19:19 estimation of stop:2022-01-25 03:39-> 1000767,1000770,1000772,54125,54129,54163,54208,54256,54278,54288,54305,54364,54376,54440,54460,54472,54500,54524,54525,54646
Measurement id = 34945692 To popcluster14.atlas.winet.dcc.ufmg.br  created -> start :2022-01-24 19:19 estimation of stop:2022-01-25 03:39-> 1000767,1000770,1000772,54125,54129,54163,54208,54256,54278,54288,54305,54364,54376,54440,54460,54472,54500,54524,54525,54646
Measurement id = 34945693 To popcluster15.atlas.winet.dcc.ufmg.br  created -> start :2022-01-24 19:19 estimation of stop:2022-01-25 03:39-> 1000767,1000770,1000772,54125,54129,54163,54208,54256,54278,54288,54305,54364,54376,54440,54460,54472,54500,54524,54525,54646
Measurement id = 34945694 To popcluster16.atlas.winet.dcc.ufmg.br  created -> start :2022-01-24 19:19 estimation of stop:2022-01-25 03:39-> 1000767,1000770,1000772,54125,54129,54163,54208,54256,54278,54288,54305,54364,54376,54440,54460,54472,54500,54524,54525,54646
Measurement id = 34945695 To popcluster17.atlas.winet.dcc.ufmg.br  created -> start :2022-01-24 19:19 estimation of stop:2022-01-25 03:39-> 1000767,1000770,1000772,54125,54129,54163,54208,54256,54278,54288,54305,54364,54376,54440,54460,54472,54500,54524,54525,54646
Measurement id = 34945696 To popcluster18.atlas.winet.dcc.ufmg.br  created -> start :2022-01-24 19:19 estimation of stop:2022-01-25 03:39-> 1000767,1000770,1000772,54125,54129,54163,54208,54256,54278,54288,54305,54364,54376,54440,54460,54472,54500,54524,54525,54646
Measurement id = 34945697 To popcluster19.atlas.winet.dcc.ufmg.br  created -> start :2022-01-24 19:19 estimation of stop:2022-01-25 03:39-> 1000767,1000770,1000772,54125,54129,54163,54208,54256,54278,54288,54305,54364,54376,54440,54460,54472,54500,54524,54525,54646
Measurement id = 34945698 To popcluster20.atlas.winet.dcc.ufmg.br  created -> start :2022-01-24 19:19 estimation of stop:2022-01-25 03:39-> 1000767,1000770,1000772,54125,54129,54163,54208,54256,54278,54288,54305,54364,54376,54440,54460,54472,54500,54524,54525,54646
Measurement id = 34945699 To popcluster21.atlas.winet.dcc.ufmg.br  created -> start :2022-01-24 19:19 estimation of stop:2022-01-25 03:39-> 1000767,1000770,1000772,54125,54129,54163,54208,54256,54278,54288,54305,54364,54376,54440,54460,54472,54500,54524,54525,54646
Measurement id = 34945700 To popcluster22.atlas.winet.dcc.ufmg.br  created -> start :2022-01-24 19:19 estimation of stop:2022-01-25 03:39-> 1000767,1000770,1000772,54125,54129,54163,54208,54256,54278,54288,54305,54364,54376,54440,54460,54472,54500,54524,54525,54646
Measurement id = 34945701 To popcluster23.atlas.winet.dcc.ufmg.br  created -> start :2022-01-24 19:19 estimation of stop:2022-01-25 03:39-> 1000767,1000770,1000772,54125,54129,54163,54208,54256,54278,54288,54305,54364,54376,54440,54460,54472,54500,54524,54525,54646
Measurement id = 34945702 To popcluster24.atlas.winet.dcc.ufmg.br  created -> start :2022-01-24 19:19 estimation of stop:2022-01-25 03:39-> 1000767,1000770,1000772,54125,54129,54163,54208,54256,54278,54288,54305,54364,54376,54440,54460,54472,54500,54524,54525,54646
Measurement id = 34945703 To popcluster25.atlas.winet.dcc.ufmg.br  created -> start :2022-01-24 19:19 estimation of stop:2022-01-25 03:39-> 1000767,1000770,1000772,54125,54129,54163,54208,54256,54278,54288,54305,54364,54376,54440,54460,54472,54500,54524,54525,54646
Measurement id = 34945704 To popcluster26.atlas.winet.dcc.ufmg.br  created -> start :2022-01-24 19:19 estimation of stop:2022-01-25 03:39-> 1000767,1000770,1000772,54125,54129,54163,54208,54256,54278,54288,54305,54364,54376,54440,54460,54472,54500,54524,54525,54646
Measurement id = 34945705 To popcluster27.atlas.winet.dcc.ufmg.br  created -> start :2022-01-24 19:19 estimation of stop:2022-01-25 03:39-> 1000767,1000770,1000772,54125,54129,54163,54208,54256,54278,54288,54305,54364,54376,54440,54460,54472,54500,54524,54525,54646
Measurement id = 34945706 To popcluster28.atlas.winet.dcc.ufmg.br  created -> start :2022-01-24 19:19 estimation of stop:2022-01-25 03:39-> 1000767,1000770,1000772,54125,54129,54163,54208,54256,54278,54288,54305,54364,54376,54440,54460,54472,54500,54524,54525,54646
Measurement id = 34945707 To popcluster29.atlas.winet.dcc.ufmg.br  created -> start :2022-01-24 19:19 estimation of stop:2022-01-25 03:39-> 1000767,1000770,1000772,54125,54129,54163,54208,54256,54278,54288,54305,54364,54376,54440,54460,54472,54500,54524,54525,54646
Measurement id = 34945708 To popcluster30.atlas.winet.dcc.ufmg.br  created -> start :2022-01-24 19:19 estimation of stop:2022-01-25 03:39-> 1000767,1000770,1000772,54125,54129,54163,54208,54256,54278,54288,54305,54364,54376,54440,54460,54472,54500,54524,54525,54646
Measurement id = 34945709 To popcluster31.atlas.winet.dcc.ufmg.br  created -> start :2022-01-24 19:19 estimation of stop:2022-01-25 03:39-> 1000767,1000770,1000772,54125,54129,54163,54208,54256,54278,54288,54305,54364,54376,54440,54460,54472,54500,54524,54525,54646
Measurement id = 34945710 To popcluster32.atlas.winet.dcc.ufmg.br  created -> start :2022-01-24 19:19 estimation of stop:2022-01-25 03:39-> 1000767,1000770,1000772,54125,54129,54163,54208,54256,54278,54288,54305,54364,54376,54440,54460,54472,54500,54524,54525,54646
Measurement id = 34945711 To popcluster33.atlas.winet.dcc.ufmg.br  created -> start :2022-01-24 19:19 estimation of stop:2022-01-25 03:39-> 1000767,1000770,1000772,54125,54129,54163,54208,54256,54278,54288,54305,54364,54376,54440,54460,54472,54500,54524,54525,54646
Measurement id = 34945712 To popcluster34.atlas.winet.dcc.ufmg.br  created -> start :2022-01-24 19:19 estimation of stop:2022-01-25 03:39-> 1000767,1000770,1000772,54125,54129,54163,54208,54256,54278,54288,54305,54364,54376,54440,54460,54472,54500,54524,54525,54646
Measurement id = 34945713 To popcluster35.atlas.winet.dcc.ufmg.br  created -> start :2022-01-24 19:19 estimation of stop:2022-01-25 03:39-> 1000767,1000770,1000772,54125,54129,54163,54208,54256,54278,54288,54305,54364,54376,54440,54460,54472,54500,54524,54525,54646
Measurement id = 34945714 To popcluster36.atlas.winet.dcc.ufmg.br  created -> start :2022-01-24 19:19 estimation of stop:2022-01-25 03:39-> 1000767,1000770,1000772,54125,54129,54163,54208,54256,54278,54288,54305,54364,54376,54440,54460,54472,54500,54524,54525,54646
Measurement id = 34945715 To popcluster37.atlas.winet.dcc.ufmg.br  created -> start :2022-01-24 19:19 estimation of stop:2022-01-25 03:39-> 1000767,1000770,1000772,54125,54129,54163,54208,54256,54278,54288,54305,54364,54376,54440,54460,54472,54500,54524,54525,54646
Measurement id = 34945716 To popcluster38.atlas.winet.dcc.ufmg.br  created -> start :2022-01-24 19:19 estimation of stop:2022-01-25 03:39-> 1000767,1000770,1000772,54125,54129,54163,54208,54256,54278,54288,54305,54364,54376,54440,54460,54472,54500,54524,54525,54646
Measurement id = 34945717 To popcluster39.atlas.winet.dcc.ufmg.br  created -> start :2022-01-24 19:19 estimation of stop:2022-01-25 03:39-> 1000767,1000770,1000772,54125,54129,54163,54208,54256,54278,54288,54305,54364,54376,54440,54460,54472,54500,54524,54525,54646
Measurement id = 34945718 To popcluster40.atlas.winet.dcc.ufmg.br  created -> start :2022-01-24 19:19 estimation of stop:2022-01-25 03:39-> 1000767,1000770,1000772,54125,54129,54163,54208,54256,54278,54288,54305,54364,54376,54440,54460,54472,54500,54524,54525,54646
Measurement id = 34945719 To popcluster41.atlas.winet.dcc.ufmg.br  created -> start :2022-01-24 19:19 estimation of stop:2022-01-25 03:39-> 1000767,1000770,1000772,54125,54129,54163,54208,54256,54278,54288,54305,54364,54376,54440,54460,54472,54500,54524,54525,54646
Measurement id = 34945720 To popcluster42.atlas.winet.dcc.ufmg.br  created -> start :2022-01-24 19:19 estimation of stop:2022-01-25 03:39-> 1000767,1000770,1000772,54125,54129,54163,54208,54256,54278,54288,54305,54364,54376,54440,54460,54472,54500,54524,54525,54646
Measurement id = 34945721 To popcluster43.atlas.winet.dcc.ufmg.br  created -> start :2022-01-24 19:19 estimation of stop:2022-01-25 03:39-> 1000767,1000770,1000772,54125,54129,54163,54208,54256,54278,54288,54305,54364,54376,54440,54460,54472,54500,54524,54525,54646
Measurement id = 34945722 To popcluster44.atlas.winet.dcc.ufmg.br  created -> start :2022-01-24 19:19 estimation of stop:2022-01-25 03:39-> 1000767,1000770,1000772,54125,54129,54163,54208,54256,54278,54288,54305,54364,54376,54440,54460,54472,54500,54524,54525,54646
Measurement id = 34945723 To popcluster45.atlas.winet.dcc.ufmg.br  created -> start :2022-01-24 19:19 estimation of stop:2022-01-25 03:39-> 1000767,1000770,1000772,54125,54129,54163,54208,54256,54278,54288,54305,54364,54376,54440,54460,54472,54500,54524,54525,54646
Measurement id = 34945725 To popcluster46.atlas.winet.dcc.ufmg.br  created -> start :2022-01-24 19:19 estimation of stop:2022-01-25 03:39-> 1000767,1000770,1000772,54125,54129,54163,54208,54256,54278,54288,54305,54364,54376,54440,54460,54472,54500,54524,54525,54646
Measurement id = 34945726 To popcluster47.atlas.winet.dcc.ufmg.br  created -> start :2022-01-24 19:19 estimation of stop:2022-01-25 03:39-> 1000767,1000770,1000772,54125,54129,54163,54208,54256,54278,54288,54305,54364,54376,54440,54460,54472,54500,54524,54525,54646
Measurement id = 34945727 To popcluster48.atlas.winet.dcc.ufmg.br  created -> start :2022-01-24 19:19 estimation of stop:2022-01-25 03:39-> 1000767,1000770,1000772,54125,54129,54163,54208,54256,54278,54288,54305,54364,54376,54440,54460,54472,54500,54524,54525,54646
Measurement id = 34945728 To popcluster49.atlas.winet.dcc.ufmg.br  created -> start :2022-01-24 19:19 estimation of stop:2022-01-25 03:39-> 1000767,1000770,1000772,54125,54129,54163,54208,54256,54278,54288,54305,54364,54376,54440,54460,54472,54500,54524,54525,54646
Measurement id = 34945729 To popcluster50.atlas.winet.dcc.ufmg.br  created -> start :2022-01-24 19:19 estimation of stop:2022-01-25 03:39-> 1000767,1000770,1000772,54125,54129,54163,54208,54256,54278,54288,54305,54364,54376,54440,54460,54472,54500,54524,54525,54646
Measurement id = 34945730 To popcluster51.atlas.winet.dcc.ufmg.br  created -> start :2022-01-24 19:19 estimation of stop:2022-01-25 03:39-> 1000767,1000770,1000772,54125,54129,54163,54208,54256,54278,54288,54305,54364,54376,54440,54460,54472,54500,54524,54525,54646
Measurement id = 34945731 To popcluster52.atlas.winet.dcc.ufmg.br  created -> start :2022-01-24 19:19 estimation of stop:2022-01-25 03:39-> 1000767,1000770,1000772,54125,54129,54163,54208,54256,54278,54288,54305,54364,54376,54440,54460,54472,54500,54524,54525,54646
Measurement id = 34945732 To popcluster53.atlas.winet.dcc.ufmg.br  created -> start :2022-01-24 19:19 estimation of stop:2022-01-25 03:39-> 1000767,1000770,1000772,54125,54129,54163,54208,54256,54278,54288,54305,54364,54376,54440,54460,54472,54500,54524,54525,54646
Measurement id = 34945733 To popcluster54.atlas.winet.dcc.ufmg.br  created -> start :2022-01-24 19:19 estimation of stop:2022-01-25 03:39-> 1000767,1000770,1000772,54125,54129,54163,54208,54256,54278,54288,54305,54364,54376,54440,54460,54472,54500,54524,54525,54646
Measurement id = 34945734 To popcluster55.atlas.winet.dcc.ufmg.br  created -> start :2022-01-24 19:19 estimation of stop:2022-01-25 03:39-> 1000767,1000770,1000772,54125,54129,54163,54208,54256,54278,54288,54305,54364,54376,54440,54460,54472,54500,54524,54525,54646
Measurement id = 34945737 To popcluster56.atlas.winet.dcc.ufmg.br  created -> start :2022-01-24 19:19 estimation of stop:2022-01-25 03:39-> 1000767,1000770,1000772,54125,54129,54163,54208,54256,54278,54288,54305,54364,54376,54440,54460,54472,54500,54524,54525,54646
Measurement id = 34945740 To popcluster57.atlas.winet.dcc.ufmg.br  created -> start :2022-01-24 19:19 estimation of stop:2022-01-25 03:39-> 1000767,1000770,1000772,54125,54129,54163,54208,54256,54278,54288,54305,54364,54376,54440,54460,54472,54500,54524,54525,54646
Measurement id = 34945741 To popcluster58.atlas.winet.dcc.ufmg.br  created -> start :2022-01-24 19:19 estimation of stop:2022-01-25 03:39-> 1000767,1000770,1000772,54125,54129,54163,54208,54256,54278,54288,54305,54364,54376,54440,54460,54472,54500,54524,54525,54646
Measurement id = 34945742 To popcluster59.atlas.winet.dcc.ufmg.br  created -> start :2022-01-24 19:19 estimation of stop:2022-01-25 03:39-> 1000767,1000770,1000772,54125,54129,54163,54208,54256,54278,54288,54305,54364,54376,54440,54460,54472,54500,54524,54525,54646
Measurement id = 34945743 To popcluster60.atlas.winet.dcc.ufmg.br  created -> start :2022-01-24 19:19 estimation of stop:2022-01-25 03:39-> 1000767,1000770,1000772,54125,54129,54163,54208,54256,54278,54288,54305,54364,54376,54440,54460,54472,54500,54524,54525,54646
Measurement id = 34945744 To popcluster61.atlas.winet.dcc.ufmg.br  created -> start :2022-01-24 19:19 estimation of stop:2022-01-25 03:39-> 1000767,1000770,1000772,54125,54129,54163,54208,54256,54278,54288,54305,54364,54376,54440,54460,54472,54500,54524,54525,54646
Measurement id = 34945745 To popcluster62.atlas.winet.dcc.ufmg.br  created -> start :2022-01-24 19:19 estimation of stop:2022-01-25 03:39-> 1000767,1000770,1000772,54125,54129,54163,54208,54256,54278,54288,54305,54364,54376,54440,54460,54472,54500,54524,54525,54646
Measurement id = 34945746 To popcluster63.atlas.winet.dcc.ufmg.br  created -> start :2022-01-24 19:19 estimation of stop:2022-01-25 03:39-> 1000767,1000770,1000772,54125,54129,54163,54208,54256,54278,54288,54305,54364,54376,54440,54460,54472,54500,54524,54525,54646
Measurement id = 34945747 To popcluster64.atlas.winet.dcc.ufmg.br  created -> start :2022-01-24 19:19 estimation of stop:2022-01-25 03:39-> 1000767,1000770,1000772,54125,54129,54163,54208,54256,54278,54288,54305,54364,54376,54440,54460,54472,54500,54524,54525,54646
Measurement id = 34945748 To popcluster65.atlas.winet.dcc.ufmg.br  created -> start :2022-01-24 19:19 estimation of stop:2022-01-25 03:39-> 1000767,1000770,1000772,54125,54129,54163,54208,54256,54278,54288,54305,54364,54376,54440,54460,54472,54500,54524,54525,54646
Measurement id = 34945749 To popcluster66.atlas.winet.dcc.ufmg.br  created -> start :2022-01-24 19:19 estimation of stop:2022-01-25 03:39-> 1000767,1000770,1000772,54125,54129,54163,54208,54256,54278,54288,54305,54364,54376,54440,54460,54472,54500,54524,54525,54646
Measurement id = 34945750 To popcluster67.atlas.winet.dcc.ufmg.br  created -> start :2022-01-24 19:19 estimation of stop:2022-01-25 03:39-> 1000767,1000770,1000772,54125,54129,54163,54208,54256,54278,54288,54305,54364,54376,54440,54460,54472,54500,54524,54525,54646
Measurement id = 34945751 To popcluster68.atlas.winet.dcc.ufmg.br  created -> start :2022-01-24 19:19 estimation of stop:2022-01-25 03:39-> 1000767,1000770,1000772,54125,54129,54163,54208,54256,54278,54288,54305,54364,54376,54440,54460,54472,54500,54524,54525,54646
Measurement id = 34945752 To popcluster69.atlas.winet.dcc.ufmg.br  created -> start :2022-01-24 19:19 estimation of stop:2022-01-25 03:39-> 1000767,1000770,1000772,54125,54129,54163,54208,54256,54278,54288,54305,54364,54376,54440,54460,54472,54500,54524,54525,54646
Measurement id = 34945753 To popcluster70.atlas.winet.dcc.ufmg.br  created -> start :2022-01-24 19:19 estimation of stop:2022-01-25 03:39-> 1000767,1000770,1000772,54125,54129,54163,54208,54256,54278,54288,54305,54364,54376,54440,54460,54472,54500,54524,54525,54646
Measurement id = 34945754 To popcluster71.atlas.winet.dcc.ufmg.br  created -> start :2022-01-24 19:19 estimation of stop:2022-01-25 03:39-> 1000767,1000770,1000772,54125,54129,54163,54208,54256,54278,54288,54305,54364,54376,54440,54460,54472,54500,54524,54525,54646
Measurement id = 34945755 To popcluster72.atlas.winet.dcc.ufmg.br  created -> start :2022-01-24 19:19 estimation of stop:2022-01-25 03:39-> 1000767,1000770,1000772,54125,54129,54163,54208,54256,54278,54288,54305,54364,54376,54440,54460,54472,54500,54524,54525,54646
Measurement id = 34945756 To popcluster73.atlas.winet.dcc.ufmg.br  created -> start :2022-01-24 19:19 estimation of stop:2022-01-25 03:39-> 1000767,1000770,1000772,54125,54129,54163,54208,54256,54278,54288,54305,54364,54376,54440,54460,54472,54500,54524,54525,54646
Measurement id = 34945757 To popcluster74.atlas.winet.dcc.ufmg.br  created -> start :2022-01-24 19:19 estimation of stop:2022-01-25 03:39-> 1000767,1000770,1000772,54125,54129,54163,54208,54256,54278,54288,54305,54364,54376,54440,54460,54472,54500,54524,54525,54646
Measurement id = 34945758 To popcluster75.atlas.winet.dcc.ufmg.br  created -> start :2022-01-24 19:19 estimation of stop:2022-01-25 03:39-> 1000767,1000770,1000772,54125,54129,54163,54208,54256,54278,54288,54305,54364,54376,54440,54460,54472,54500,54524,54525,54646
Measurement id = 34945759 To popcluster76.atlas.winet.dcc.ufmg.br  created -> start :2022-01-24 19:19 estimation of stop:2022-01-25 03:39-> 1000767,1000770,1000772,54125,54129,54163,54208,54256,54278,54288,54305,54364,54376,54440,54460,54472,54500,54524,54525,54646
Measurement id = 34945760 To popcluster77.atlas.winet.dcc.ufmg.br  created -> start :2022-01-24 19:19 estimation of stop:2022-01-25 03:39-> 1000767,1000770,1000772,54125,54129,54163,54208,54256,54278,54288,54305,54364,54376,54440,54460,54472,54500,54524,54525,54646
Measurement id = 34945761 To popcluster78.atlas.winet.dcc.ufmg.br  created -> start :2022-01-24 19:19 estimation of stop:2022-01-25 03:39-> 1000767,1000770,1000772,54125,54129,54163,54208,54256,54278,54288,54305,54364,54376,54440,54460,54472,54500,54524,54525,54646
Measurement id = 34945762 To popcluster79.atlas.winet.dcc.ufmg.br  created -> start :2022-01-24 19:19 estimation of stop:2022-01-25 03:39-> 1000767,1000770,1000772,54125,54129,54163,54208,54256,54278,54288,54305,54364,54376,54440,54460,54472,54500,54524,54525,54646
Measurement id = 34945763 To popcluster80.atlas.winet.dcc.ufmg.br  created -> start :2022-01-24 19:19 estimation of stop:2022-01-25 03:39-> 1000767,1000770,1000772,54125,54129,54163,54208,54256,54278,54288,54305,54364,54376,54440,54460,54472,54500,54524,54525,54646
Measurement id = 34945764 To popcluster81.atlas.winet.dcc.ufmg.br  created -> start :2022-01-24 19:19 estimation of stop:2022-01-25 03:39-> 1000767,1000770,1000772,54125,54129,54163,54208,54256,54278,54288,54305,54364,54376,54440,54460,54472,54500,54524,54525,54646
Measurement id = 34945765 To popcluster82.atlas.winet.dcc.ufmg.br  created -> start :2022-01-24 19:19 estimation of stop:2022-01-25 03:39-> 1000767,1000770,1000772,54125,54129,54163,54208,54256,54278,54288,54305,54364,54376,54440,54460,54472,54500,54524,54525,54646
Measurement id = 34945766 To popcluster83.atlas.winet.dcc.ufmg.br  created -> start :2022-01-24 19:19 estimation of stop:2022-01-25 03:39-> 1000767,1000770,1000772,54125,54129,54163,54208,54256,54278,54288,54305,54364,54376,54440,54460,54472,54500,54524,54525,54646
Measurement id = 34945767 To popcluster84.atlas.winet.dcc.ufmg.br  created -> start :2022-01-24 19:19 estimation of stop:2022-01-25 03:39-> 1000767,1000770,1000772,54125,54129,54163,54208,54256,54278,54288,54305,54364,54376,54440,54460,54472,54500,54524,54525,54646
Measurement id = 34945768 To popcluster85.atlas.winet.dcc.ufmg.br  created -> start :2022-01-24 19:19 estimation of stop:2022-01-25 03:39-> 1000767,1000770,1000772,54125,54129,54163,54208,54256,54278,54288,54305,54364,54376,54440,54460,54472,54500,54524,54525,54646
Measurement id = 34945769 To popcluster86.atlas.winet.dcc.ufmg.br  created -> start :2022-01-24 19:19 estimation of stop:2022-01-25 03:39-> 1000767,1000770,1000772,54125,54129,54163,54208,54256,54278,54288,54305,54364,54376,54440,54460,54472,54500,54524,54525,54646
Measurement id = 34945770 To popcluster87.atlas.winet.dcc.ufmg.br  created -> start :2022-01-24 19:19 estimation of stop:2022-01-25 03:39-> 1000767,1000770,1000772,54125,54129,54163,54208,54256,54278,54288,54305,54364,54376,54440,54460,54472,54500,54524,54525,54646
Measurement id = 34945771 To popcluster88.atlas.winet.dcc.ufmg.br  created -> start :2022-01-24 19:19 estimation of stop:2022-01-25 03:39-> 1000767,1000770,1000772,54125,54129,54163,54208,54256,54278,54288,54305,54364,54376,54440,54460,54472,54500,54524,54525,54646
Measurement id = 34945772 To popcluster89.atlas.winet.dcc.ufmg.br  created -> start :2022-01-24 19:19 estimation of stop:2022-01-25 03:39-> 1000767,1000770,1000772,54125,54129,54163,54208,54256,54278,54288,54305,54364,54376,54440,54460,54472,54500,54524,54525,54646
Measurement id = 34945773 To popcluster90.atlas.winet.dcc.ufmg.br  created -> start :2022-01-24 19:19 estimation of stop:2022-01-25 03:39-> 1000767,1000770,1000772,54125,54129,54163,54208,54256,54278,54288,54305,54364,54376,54440,54460,54472,54500,54524,54525,54646
Measurement id = 34945774 To popcluster91.atlas.winet.dcc.ufmg.br  created -> start :2022-01-24 19:19 estimation of stop:2022-01-25 03:39-> 1000767,1000770,1000772,54125,54129,54163,54208,54256,54278,54288,54305,54364,54376,54440,54460,54472,54500,54524,54525,54646
Measurement id = 34945775 To popcluster92.atlas.winet.dcc.ufmg.br  created -> start :2022-01-24 19:19 estimation of stop:2022-01-25 03:39-> 1000767,1000770,1000772,54125,54129,54163,54208,54256,54278,54288,54305,54364,54376,54440,54460,54472,54500,54524,54525,54646
Measurement id = 34945776 To popcluster93.atlas.winet.dcc.ufmg.br  created -> start :2022-01-24 19:19 estimation of stop:2022-01-25 03:39-> 1000767,1000770,1000772,54125,54129,54163,54208,54256,54278,54288,54305,54364,54376,54440,54460,54472,54500,54524,54525,54646
Measurement id = 34945777 To popcluster94.atlas.winet.dcc.ufmg.br  created -> start :2022-01-24 19:19 estimation of stop:2022-01-25 03:39-> 1000767,1000770,1000772,54125,54129,54163,54208,54256,54278,54288,54305,54364,54376,54440,54460,54472,54500,54524,54525,54646
Measurement id = 34945778 To popcluster95.atlas.winet.dcc.ufmg.br  created -> start :2022-01-24 19:19 estimation of stop:2022-01-25 03:39-> 1000767,1000770,1000772,54125,54129,54163,54208,54256,54278,54288,54305,54364,54376,54440,54460,54472,54500,54524,54525,54646
Measurement id = 34945779 To popcluster96.atlas.winet.dcc.ufmg.br  created -> start :2022-01-24 19:19 estimation of stop:2022-01-25 03:39-> 1000767,1000770,1000772,54125,54129,54163,54208,54256,54278,54288,54305,54364,54376,54440,54460,54472,54500,54524,54525,54646
Measurement id = 34945780 To popcluster97.atlas.winet.dcc.ufmg.br  created -> start :2022-01-24 19:19 estimation of stop:2022-01-25 03:39-> 1000767,1000770,1000772,54125,54129,54163,54208,54256,54278,54288,54305,54364,54376,54440,54460,54472,54500,54524,54525,54646
Measurement id = 34945781 To popcluster98.atlas.winet.dcc.ufmg.br  created -> start :2022-01-24 19:19 estimation of stop:2022-01-25 03:39-> 1000767,1000770,1000772,54125,54129,54163,54208,54256,54278,54288,54305,54364,54376,54440,54460,54472,54500,54524,54525,54646
Measurement id = 34945782 To popcluster99.atlas.winet.dcc.ufmg.br  created -> start :2022-01-24 19:19 estimation of stop:2022-01-25 03:39-> 1000767,1000770,1000772,54125,54129,54163,54208,54256,54278,54288,54305,54364,54376,54440,54460,54472,54500,54524,54525,54646
Measurement id = 34945783 To popcluster100.atlas.winet.dcc.ufmg.br  created -> start :2022-01-24 19:19 estimation of stop:2022-01-25 03:39-> 1000767,1000770,1000772,54125,54129,54163,54208,54256,54278,54288,54305,54364,54376,54440,54460,54472,54500,54524,54525,54646
