Measurement id = 34790186 To popcluster1.atlas.winet.dcc.ufmg.br  created -> start :2022-01-12 14:38 estimation of stop:2022-01-12 22:58-> 33952,33991,34019,34020,34168,34176,34674,34698,34770,34775,34857,34941,34951,35016,35020,35035,35102,35105,35239,35247
Measurement id = 34790187 To popcluster2.atlas.winet.dcc.ufmg.br  created -> start :2022-01-12 14:38 estimation of stop:2022-01-12 22:58-> 33952,33991,34019,34020,34168,34176,34674,34698,34770,34775,34857,34941,34951,35016,35020,35035,35102,35105,35239,35247
Measurement id = 34790188 To popcluster3.atlas.winet.dcc.ufmg.br  created -> start :2022-01-12 14:38 estimation of stop:2022-01-12 22:58-> 33952,33991,34019,34020,34168,34176,34674,34698,34770,34775,34857,34941,34951,35016,35020,35035,35102,35105,35239,35247
Measurement id = 34790189 To popcluster4.atlas.winet.dcc.ufmg.br  created -> start :2022-01-12 14:38 estimation of stop:2022-01-12 22:58-> 33952,33991,34019,34020,34168,34176,34674,34698,34770,34775,34857,34941,34951,35016,35020,35035,35102,35105,35239,35247
Measurement id = 34790190 To popcluster5.atlas.winet.dcc.ufmg.br  created -> start :2022-01-12 14:38 estimation of stop:2022-01-12 22:58-> 33952,33991,34019,34020,34168,34176,34674,34698,34770,34775,34857,34941,34951,35016,35020,35035,35102,35105,35239,35247
Measurement id = 34790191 To popcluster6.atlas.winet.dcc.ufmg.br  created -> start :2022-01-12 14:38 estimation of stop:2022-01-12 22:58-> 33952,33991,34019,34020,34168,34176,34674,34698,34770,34775,34857,34941,34951,35016,35020,35035,35102,35105,35239,35247
Measurement id = 34790192 To popcluster7.atlas.winet.dcc.ufmg.br  created -> start :2022-01-12 14:38 estimation of stop:2022-01-12 22:58-> 33952,33991,34019,34020,34168,34176,34674,34698,34770,34775,34857,34941,34951,35016,35020,35035,35102,35105,35239,35247
Measurement id = 34790193 To popcluster8.atlas.winet.dcc.ufmg.br  created -> start :2022-01-12 14:38 estimation of stop:2022-01-12 22:58-> 33952,33991,34019,34020,34168,34176,34674,34698,34770,34775,34857,34941,34951,35016,35020,35035,35102,35105,35239,35247
Measurement id = 34790194 To popcluster9.atlas.winet.dcc.ufmg.br  created -> start :2022-01-12 14:38 estimation of stop:2022-01-12 22:58-> 33952,33991,34019,34020,34168,34176,34674,34698,34770,34775,34857,34941,34951,35016,35020,35035,35102,35105,35239,35247
Measurement id = 34790195 To popcluster10.atlas.winet.dcc.ufmg.br  created -> start :2022-01-12 14:38 estimation of stop:2022-01-12 22:58-> 33952,33991,34019,34020,34168,34176,34674,34698,34770,34775,34857,34941,34951,35016,35020,35035,35102,35105,35239,35247
Measurement id = 34790196 To popcluster11.atlas.winet.dcc.ufmg.br  created -> start :2022-01-12 14:38 estimation of stop:2022-01-12 22:58-> 33952,33991,34019,34020,34168,34176,34674,34698,34770,34775,34857,34941,34951,35016,35020,35035,35102,35105,35239,35247
Measurement id = 34790197 To popcluster12.atlas.winet.dcc.ufmg.br  created -> start :2022-01-12 14:38 estimation of stop:2022-01-12 22:58-> 33952,33991,34019,34020,34168,34176,34674,34698,34770,34775,34857,34941,34951,35016,35020,35035,35102,35105,35239,35247
Measurement id = 34790198 To popcluster13.atlas.winet.dcc.ufmg.br  created -> start :2022-01-12 14:38 estimation of stop:2022-01-12 22:58-> 33952,33991,34019,34020,34168,34176,34674,34698,34770,34775,34857,34941,34951,35016,35020,35035,35102,35105,35239,35247
Measurement id = 34790199 To popcluster14.atlas.winet.dcc.ufmg.br  created -> start :2022-01-12 14:38 estimation of stop:2022-01-12 22:58-> 33952,33991,34019,34020,34168,34176,34674,34698,34770,34775,34857,34941,34951,35016,35020,35035,35102,35105,35239,35247
Measurement id = 34790200 To popcluster15.atlas.winet.dcc.ufmg.br  created -> start :2022-01-12 14:38 estimation of stop:2022-01-12 22:58-> 33952,33991,34019,34020,34168,34176,34674,34698,34770,34775,34857,34941,34951,35016,35020,35035,35102,35105,35239,35247
Measurement id = 34790201 To popcluster16.atlas.winet.dcc.ufmg.br  created -> start :2022-01-12 14:38 estimation of stop:2022-01-12 22:58-> 33952,33991,34019,34020,34168,34176,34674,34698,34770,34775,34857,34941,34951,35016,35020,35035,35102,35105,35239,35247
Measurement id = 34790202 To popcluster17.atlas.winet.dcc.ufmg.br  created -> start :2022-01-12 14:38 estimation of stop:2022-01-12 22:58-> 33952,33991,34019,34020,34168,34176,34674,34698,34770,34775,34857,34941,34951,35016,35020,35035,35102,35105,35239,35247
Measurement id = 34790203 To popcluster18.atlas.winet.dcc.ufmg.br  created -> start :2022-01-12 14:38 estimation of stop:2022-01-12 22:58-> 33952,33991,34019,34020,34168,34176,34674,34698,34770,34775,34857,34941,34951,35016,35020,35035,35102,35105,35239,35247
Measurement id = 34790204 To popcluster19.atlas.winet.dcc.ufmg.br  created -> start :2022-01-12 14:38 estimation of stop:2022-01-12 22:58-> 33952,33991,34019,34020,34168,34176,34674,34698,34770,34775,34857,34941,34951,35016,35020,35035,35102,35105,35239,35247
Measurement id = 34790205 To popcluster20.atlas.winet.dcc.ufmg.br  created -> start :2022-01-12 14:38 estimation of stop:2022-01-12 22:58-> 33952,33991,34019,34020,34168,34176,34674,34698,34770,34775,34857,34941,34951,35016,35020,35035,35102,35105,35239,35247
Measurement id = 34790206 To popcluster21.atlas.winet.dcc.ufmg.br  created -> start :2022-01-12 14:38 estimation of stop:2022-01-12 22:58-> 33952,33991,34019,34020,34168,34176,34674,34698,34770,34775,34857,34941,34951,35016,35020,35035,35102,35105,35239,35247
Measurement id = 34790207 To popcluster22.atlas.winet.dcc.ufmg.br  created -> start :2022-01-12 14:38 estimation of stop:2022-01-12 22:58-> 33952,33991,34019,34020,34168,34176,34674,34698,34770,34775,34857,34941,34951,35016,35020,35035,35102,35105,35239,35247
Measurement id = 34790208 To popcluster23.atlas.winet.dcc.ufmg.br  created -> start :2022-01-12 14:38 estimation of stop:2022-01-12 22:58-> 33952,33991,34019,34020,34168,34176,34674,34698,34770,34775,34857,34941,34951,35016,35020,35035,35102,35105,35239,35247
Measurement id = 34790209 To popcluster24.atlas.winet.dcc.ufmg.br  created -> start :2022-01-12 14:38 estimation of stop:2022-01-12 22:58-> 33952,33991,34019,34020,34168,34176,34674,34698,34770,34775,34857,34941,34951,35016,35020,35035,35102,35105,35239,35247
Measurement id = 34790210 To popcluster25.atlas.winet.dcc.ufmg.br  created -> start :2022-01-12 14:38 estimation of stop:2022-01-12 22:58-> 33952,33991,34019,34020,34168,34176,34674,34698,34770,34775,34857,34941,34951,35016,35020,35035,35102,35105,35239,35247
Measurement id = 34790211 To popcluster26.atlas.winet.dcc.ufmg.br  created -> start :2022-01-12 14:38 estimation of stop:2022-01-12 22:58-> 33952,33991,34019,34020,34168,34176,34674,34698,34770,34775,34857,34941,34951,35016,35020,35035,35102,35105,35239,35247
Measurement id = 34790212 To popcluster27.atlas.winet.dcc.ufmg.br  created -> start :2022-01-12 14:38 estimation of stop:2022-01-12 22:58-> 33952,33991,34019,34020,34168,34176,34674,34698,34770,34775,34857,34941,34951,35016,35020,35035,35102,35105,35239,35247
Measurement id = 34790213 To popcluster28.atlas.winet.dcc.ufmg.br  created -> start :2022-01-12 14:38 estimation of stop:2022-01-12 22:58-> 33952,33991,34019,34020,34168,34176,34674,34698,34770,34775,34857,34941,34951,35016,35020,35035,35102,35105,35239,35247
Measurement id = 34790214 To popcluster29.atlas.winet.dcc.ufmg.br  created -> start :2022-01-12 14:38 estimation of stop:2022-01-12 22:58-> 33952,33991,34019,34020,34168,34176,34674,34698,34770,34775,34857,34941,34951,35016,35020,35035,35102,35105,35239,35247
Measurement id = 34790215 To popcluster30.atlas.winet.dcc.ufmg.br  created -> start :2022-01-12 14:38 estimation of stop:2022-01-12 22:58-> 33952,33991,34019,34020,34168,34176,34674,34698,34770,34775,34857,34941,34951,35016,35020,35035,35102,35105,35239,35247
Measurement id = 34790216 To popcluster31.atlas.winet.dcc.ufmg.br  created -> start :2022-01-12 14:38 estimation of stop:2022-01-12 22:58-> 33952,33991,34019,34020,34168,34176,34674,34698,34770,34775,34857,34941,34951,35016,35020,35035,35102,35105,35239,35247
Measurement id = 34790217 To popcluster32.atlas.winet.dcc.ufmg.br  created -> start :2022-01-12 14:38 estimation of stop:2022-01-12 22:58-> 33952,33991,34019,34020,34168,34176,34674,34698,34770,34775,34857,34941,34951,35016,35020,35035,35102,35105,35239,35247
Measurement id = 34790218 To popcluster33.atlas.winet.dcc.ufmg.br  created -> start :2022-01-12 14:38 estimation of stop:2022-01-12 22:58-> 33952,33991,34019,34020,34168,34176,34674,34698,34770,34775,34857,34941,34951,35016,35020,35035,35102,35105,35239,35247
Measurement id = 34790219 To popcluster34.atlas.winet.dcc.ufmg.br  created -> start :2022-01-12 14:38 estimation of stop:2022-01-12 22:58-> 33952,33991,34019,34020,34168,34176,34674,34698,34770,34775,34857,34941,34951,35016,35020,35035,35102,35105,35239,35247
Measurement id = 34790220 To popcluster35.atlas.winet.dcc.ufmg.br  created -> start :2022-01-12 14:38 estimation of stop:2022-01-12 22:58-> 33952,33991,34019,34020,34168,34176,34674,34698,34770,34775,34857,34941,34951,35016,35020,35035,35102,35105,35239,35247
Measurement id = 34790221 To popcluster36.atlas.winet.dcc.ufmg.br  created -> start :2022-01-12 14:38 estimation of stop:2022-01-12 22:58-> 33952,33991,34019,34020,34168,34176,34674,34698,34770,34775,34857,34941,34951,35016,35020,35035,35102,35105,35239,35247
Measurement id = 34790222 To popcluster37.atlas.winet.dcc.ufmg.br  created -> start :2022-01-12 14:38 estimation of stop:2022-01-12 22:58-> 33952,33991,34019,34020,34168,34176,34674,34698,34770,34775,34857,34941,34951,35016,35020,35035,35102,35105,35239,35247
Measurement id = 34790223 To popcluster38.atlas.winet.dcc.ufmg.br  created -> start :2022-01-12 14:38 estimation of stop:2022-01-12 22:58-> 33952,33991,34019,34020,34168,34176,34674,34698,34770,34775,34857,34941,34951,35016,35020,35035,35102,35105,35239,35247
Measurement id = 34790224 To popcluster39.atlas.winet.dcc.ufmg.br  created -> start :2022-01-12 14:38 estimation of stop:2022-01-12 22:58-> 33952,33991,34019,34020,34168,34176,34674,34698,34770,34775,34857,34941,34951,35016,35020,35035,35102,35105,35239,35247
Measurement id = 34790225 To popcluster40.atlas.winet.dcc.ufmg.br  created -> start :2022-01-12 14:38 estimation of stop:2022-01-12 22:58-> 33952,33991,34019,34020,34168,34176,34674,34698,34770,34775,34857,34941,34951,35016,35020,35035,35102,35105,35239,35247
Measurement id = 34790226 To popcluster41.atlas.winet.dcc.ufmg.br  created -> start :2022-01-12 14:38 estimation of stop:2022-01-12 22:58-> 33952,33991,34019,34020,34168,34176,34674,34698,34770,34775,34857,34941,34951,35016,35020,35035,35102,35105,35239,35247
Measurement id = 34790227 To popcluster42.atlas.winet.dcc.ufmg.br  created -> start :2022-01-12 14:38 estimation of stop:2022-01-12 22:58-> 33952,33991,34019,34020,34168,34176,34674,34698,34770,34775,34857,34941,34951,35016,35020,35035,35102,35105,35239,35247
Measurement id = 34790228 To popcluster43.atlas.winet.dcc.ufmg.br  created -> start :2022-01-12 14:38 estimation of stop:2022-01-12 22:58-> 33952,33991,34019,34020,34168,34176,34674,34698,34770,34775,34857,34941,34951,35016,35020,35035,35102,35105,35239,35247
Measurement id = 34790229 To popcluster44.atlas.winet.dcc.ufmg.br  created -> start :2022-01-12 14:38 estimation of stop:2022-01-12 22:58-> 33952,33991,34019,34020,34168,34176,34674,34698,34770,34775,34857,34941,34951,35016,35020,35035,35102,35105,35239,35247
Measurement id = 34790230 To popcluster45.atlas.winet.dcc.ufmg.br  created -> start :2022-01-12 14:38 estimation of stop:2022-01-12 22:58-> 33952,33991,34019,34020,34168,34176,34674,34698,34770,34775,34857,34941,34951,35016,35020,35035,35102,35105,35239,35247
Measurement id = 34790231 To popcluster46.atlas.winet.dcc.ufmg.br  created -> start :2022-01-12 14:38 estimation of stop:2022-01-12 22:58-> 33952,33991,34019,34020,34168,34176,34674,34698,34770,34775,34857,34941,34951,35016,35020,35035,35102,35105,35239,35247
Measurement id = 34790232 To popcluster47.atlas.winet.dcc.ufmg.br  created -> start :2022-01-12 14:38 estimation of stop:2022-01-12 22:58-> 33952,33991,34019,34020,34168,34176,34674,34698,34770,34775,34857,34941,34951,35016,35020,35035,35102,35105,35239,35247
Measurement id = 34790233 To popcluster48.atlas.winet.dcc.ufmg.br  created -> start :2022-01-12 14:38 estimation of stop:2022-01-12 22:58-> 33952,33991,34019,34020,34168,34176,34674,34698,34770,34775,34857,34941,34951,35016,35020,35035,35102,35105,35239,35247
Measurement id = 34790234 To popcluster49.atlas.winet.dcc.ufmg.br  created -> start :2022-01-12 14:38 estimation of stop:2022-01-12 22:58-> 33952,33991,34019,34020,34168,34176,34674,34698,34770,34775,34857,34941,34951,35016,35020,35035,35102,35105,35239,35247
Measurement id = 34790235 To popcluster50.atlas.winet.dcc.ufmg.br  created -> start :2022-01-12 14:38 estimation of stop:2022-01-12 22:58-> 33952,33991,34019,34020,34168,34176,34674,34698,34770,34775,34857,34941,34951,35016,35020,35035,35102,35105,35239,35247
Measurement id = 34790237 To popcluster51.atlas.winet.dcc.ufmg.br  created -> start :2022-01-12 14:38 estimation of stop:2022-01-12 22:58-> 33952,33991,34019,34020,34168,34176,34674,34698,34770,34775,34857,34941,34951,35016,35020,35035,35102,35105,35239,35247
Measurement id = 34790238 To popcluster52.atlas.winet.dcc.ufmg.br  created -> start :2022-01-12 14:38 estimation of stop:2022-01-12 22:58-> 33952,33991,34019,34020,34168,34176,34674,34698,34770,34775,34857,34941,34951,35016,35020,35035,35102,35105,35239,35247
Measurement id = 34790239 To popcluster53.atlas.winet.dcc.ufmg.br  created -> start :2022-01-12 14:38 estimation of stop:2022-01-12 22:58-> 33952,33991,34019,34020,34168,34176,34674,34698,34770,34775,34857,34941,34951,35016,35020,35035,35102,35105,35239,35247
Measurement id = 34790241 To popcluster54.atlas.winet.dcc.ufmg.br  created -> start :2022-01-12 14:38 estimation of stop:2022-01-12 22:58-> 33952,33991,34019,34020,34168,34176,34674,34698,34770,34775,34857,34941,34951,35016,35020,35035,35102,35105,35239,35247
Measurement id = 34790244 To popcluster55.atlas.winet.dcc.ufmg.br  created -> start :2022-01-12 14:38 estimation of stop:2022-01-12 22:58-> 33952,33991,34019,34020,34168,34176,34674,34698,34770,34775,34857,34941,34951,35016,35020,35035,35102,35105,35239,35247
Measurement id = 34790246 To popcluster56.atlas.winet.dcc.ufmg.br  created -> start :2022-01-12 14:38 estimation of stop:2022-01-12 22:58-> 33952,33991,34019,34020,34168,34176,34674,34698,34770,34775,34857,34941,34951,35016,35020,35035,35102,35105,35239,35247
Measurement id = 34790249 To popcluster57.atlas.winet.dcc.ufmg.br  created -> start :2022-01-12 14:38 estimation of stop:2022-01-12 22:58-> 33952,33991,34019,34020,34168,34176,34674,34698,34770,34775,34857,34941,34951,35016,35020,35035,35102,35105,35239,35247
Measurement id = 34790251 To popcluster58.atlas.winet.dcc.ufmg.br  created -> start :2022-01-12 14:38 estimation of stop:2022-01-12 22:58-> 33952,33991,34019,34020,34168,34176,34674,34698,34770,34775,34857,34941,34951,35016,35020,35035,35102,35105,35239,35247
Measurement id = 34790254 To popcluster59.atlas.winet.dcc.ufmg.br  created -> start :2022-01-12 14:38 estimation of stop:2022-01-12 22:58-> 33952,33991,34019,34020,34168,34176,34674,34698,34770,34775,34857,34941,34951,35016,35020,35035,35102,35105,35239,35247
Measurement id = 34790257 To popcluster60.atlas.winet.dcc.ufmg.br  created -> start :2022-01-12 14:38 estimation of stop:2022-01-12 22:58-> 33952,33991,34019,34020,34168,34176,34674,34698,34770,34775,34857,34941,34951,35016,35020,35035,35102,35105,35239,35247
Measurement id = 34790259 To popcluster61.atlas.winet.dcc.ufmg.br  created -> start :2022-01-12 14:38 estimation of stop:2022-01-12 22:58-> 33952,33991,34019,34020,34168,34176,34674,34698,34770,34775,34857,34941,34951,35016,35020,35035,35102,35105,35239,35247
Measurement id = 34790262 To popcluster62.atlas.winet.dcc.ufmg.br  created -> start :2022-01-12 14:38 estimation of stop:2022-01-12 22:58-> 33952,33991,34019,34020,34168,34176,34674,34698,34770,34775,34857,34941,34951,35016,35020,35035,35102,35105,35239,35247
Measurement id = 34790265 To popcluster63.atlas.winet.dcc.ufmg.br  created -> start :2022-01-12 14:38 estimation of stop:2022-01-12 22:58-> 33952,33991,34019,34020,34168,34176,34674,34698,34770,34775,34857,34941,34951,35016,35020,35035,35102,35105,35239,35247
Measurement id = 34790267 To popcluster64.atlas.winet.dcc.ufmg.br  created -> start :2022-01-12 14:38 estimation of stop:2022-01-12 22:58-> 33952,33991,34019,34020,34168,34176,34674,34698,34770,34775,34857,34941,34951,35016,35020,35035,35102,35105,35239,35247
Measurement id = 34790270 To popcluster65.atlas.winet.dcc.ufmg.br  created -> start :2022-01-12 14:38 estimation of stop:2022-01-12 22:58-> 33952,33991,34019,34020,34168,34176,34674,34698,34770,34775,34857,34941,34951,35016,35020,35035,35102,35105,35239,35247
Measurement id = 34790273 To popcluster66.atlas.winet.dcc.ufmg.br  created -> start :2022-01-12 14:38 estimation of stop:2022-01-12 22:58-> 33952,33991,34019,34020,34168,34176,34674,34698,34770,34775,34857,34941,34951,35016,35020,35035,35102,35105,35239,35247
Measurement id = 34790276 To popcluster67.atlas.winet.dcc.ufmg.br  created -> start :2022-01-12 14:38 estimation of stop:2022-01-12 22:58-> 33952,33991,34019,34020,34168,34176,34674,34698,34770,34775,34857,34941,34951,35016,35020,35035,35102,35105,35239,35247
Measurement id = 34790279 To popcluster68.atlas.winet.dcc.ufmg.br  created -> start :2022-01-12 14:38 estimation of stop:2022-01-12 22:58-> 33952,33991,34019,34020,34168,34176,34674,34698,34770,34775,34857,34941,34951,35016,35020,35035,35102,35105,35239,35247
Measurement id = 34790280 To popcluster69.atlas.winet.dcc.ufmg.br  created -> start :2022-01-12 14:38 estimation of stop:2022-01-12 22:58-> 33952,33991,34019,34020,34168,34176,34674,34698,34770,34775,34857,34941,34951,35016,35020,35035,35102,35105,35239,35247
Measurement id = 34790281 To popcluster70.atlas.winet.dcc.ufmg.br  created -> start :2022-01-12 14:38 estimation of stop:2022-01-12 22:58-> 33952,33991,34019,34020,34168,34176,34674,34698,34770,34775,34857,34941,34951,35016,35020,35035,35102,35105,35239,35247
Measurement id = 34790282 To popcluster71.atlas.winet.dcc.ufmg.br  created -> start :2022-01-12 14:38 estimation of stop:2022-01-12 22:58-> 33952,33991,34019,34020,34168,34176,34674,34698,34770,34775,34857,34941,34951,35016,35020,35035,35102,35105,35239,35247
Measurement id = 34790283 To popcluster72.atlas.winet.dcc.ufmg.br  created -> start :2022-01-12 14:38 estimation of stop:2022-01-12 22:58-> 33952,33991,34019,34020,34168,34176,34674,34698,34770,34775,34857,34941,34951,35016,35020,35035,35102,35105,35239,35247
Measurement id = 34790284 To popcluster73.atlas.winet.dcc.ufmg.br  created -> start :2022-01-12 14:38 estimation of stop:2022-01-12 22:58-> 33952,33991,34019,34020,34168,34176,34674,34698,34770,34775,34857,34941,34951,35016,35020,35035,35102,35105,35239,35247
Measurement id = 34790285 To popcluster74.atlas.winet.dcc.ufmg.br  created -> start :2022-01-12 14:38 estimation of stop:2022-01-12 22:58-> 33952,33991,34019,34020,34168,34176,34674,34698,34770,34775,34857,34941,34951,35016,35020,35035,35102,35105,35239,35247
Measurement id = 34790286 To popcluster75.atlas.winet.dcc.ufmg.br  created -> start :2022-01-12 14:38 estimation of stop:2022-01-12 22:58-> 33952,33991,34019,34020,34168,34176,34674,34698,34770,34775,34857,34941,34951,35016,35020,35035,35102,35105,35239,35247
Measurement id = 34790287 To popcluster76.atlas.winet.dcc.ufmg.br  created -> start :2022-01-12 14:38 estimation of stop:2022-01-12 22:58-> 33952,33991,34019,34020,34168,34176,34674,34698,34770,34775,34857,34941,34951,35016,35020,35035,35102,35105,35239,35247
Measurement id = 34790288 To popcluster77.atlas.winet.dcc.ufmg.br  created -> start :2022-01-12 14:38 estimation of stop:2022-01-12 22:58-> 33952,33991,34019,34020,34168,34176,34674,34698,34770,34775,34857,34941,34951,35016,35020,35035,35102,35105,35239,35247
Measurement id = 34790289 To popcluster78.atlas.winet.dcc.ufmg.br  created -> start :2022-01-12 14:38 estimation of stop:2022-01-12 22:58-> 33952,33991,34019,34020,34168,34176,34674,34698,34770,34775,34857,34941,34951,35016,35020,35035,35102,35105,35239,35247
Measurement id = 34790290 To popcluster79.atlas.winet.dcc.ufmg.br  created -> start :2022-01-12 14:38 estimation of stop:2022-01-12 22:58-> 33952,33991,34019,34020,34168,34176,34674,34698,34770,34775,34857,34941,34951,35016,35020,35035,35102,35105,35239,35247
Measurement id = 34790291 To popcluster80.atlas.winet.dcc.ufmg.br  created -> start :2022-01-12 14:38 estimation of stop:2022-01-12 22:58-> 33952,33991,34019,34020,34168,34176,34674,34698,34770,34775,34857,34941,34951,35016,35020,35035,35102,35105,35239,35247
Measurement id = 34790293 To popcluster81.atlas.winet.dcc.ufmg.br  created -> start :2022-01-12 14:38 estimation of stop:2022-01-12 22:58-> 33952,33991,34019,34020,34168,34176,34674,34698,34770,34775,34857,34941,34951,35016,35020,35035,35102,35105,35239,35247
Measurement id = 34790294 To popcluster82.atlas.winet.dcc.ufmg.br  created -> start :2022-01-12 14:38 estimation of stop:2022-01-12 22:58-> 33952,33991,34019,34020,34168,34176,34674,34698,34770,34775,34857,34941,34951,35016,35020,35035,35102,35105,35239,35247
Measurement id = 34790295 To popcluster83.atlas.winet.dcc.ufmg.br  created -> start :2022-01-12 14:38 estimation of stop:2022-01-12 22:58-> 33952,33991,34019,34020,34168,34176,34674,34698,34770,34775,34857,34941,34951,35016,35020,35035,35102,35105,35239,35247
Measurement id = 34790297 To popcluster84.atlas.winet.dcc.ufmg.br  created -> start :2022-01-12 14:38 estimation of stop:2022-01-12 22:58-> 33952,33991,34019,34020,34168,34176,34674,34698,34770,34775,34857,34941,34951,35016,35020,35035,35102,35105,35239,35247
Measurement id = 34790298 To popcluster85.atlas.winet.dcc.ufmg.br  created -> start :2022-01-12 14:38 estimation of stop:2022-01-12 22:58-> 33952,33991,34019,34020,34168,34176,34674,34698,34770,34775,34857,34941,34951,35016,35020,35035,35102,35105,35239,35247
Measurement id = 34790299 To popcluster86.atlas.winet.dcc.ufmg.br  created -> start :2022-01-12 14:38 estimation of stop:2022-01-12 22:58-> 33952,33991,34019,34020,34168,34176,34674,34698,34770,34775,34857,34941,34951,35016,35020,35035,35102,35105,35239,35247
Measurement id = 34790300 To popcluster87.atlas.winet.dcc.ufmg.br  created -> start :2022-01-12 14:38 estimation of stop:2022-01-12 22:58-> 33952,33991,34019,34020,34168,34176,34674,34698,34770,34775,34857,34941,34951,35016,35020,35035,35102,35105,35239,35247
Measurement id = 34790301 To popcluster88.atlas.winet.dcc.ufmg.br  created -> start :2022-01-12 14:38 estimation of stop:2022-01-12 22:58-> 33952,33991,34019,34020,34168,34176,34674,34698,34770,34775,34857,34941,34951,35016,35020,35035,35102,35105,35239,35247
Measurement id = 34790302 To popcluster89.atlas.winet.dcc.ufmg.br  created -> start :2022-01-12 14:38 estimation of stop:2022-01-12 22:58-> 33952,33991,34019,34020,34168,34176,34674,34698,34770,34775,34857,34941,34951,35016,35020,35035,35102,35105,35239,35247
Measurement id = 34790303 To popcluster90.atlas.winet.dcc.ufmg.br  created -> start :2022-01-12 14:38 estimation of stop:2022-01-12 22:58-> 33952,33991,34019,34020,34168,34176,34674,34698,34770,34775,34857,34941,34951,35016,35020,35035,35102,35105,35239,35247
Measurement id = 34790304 To popcluster91.atlas.winet.dcc.ufmg.br  created -> start :2022-01-12 14:38 estimation of stop:2022-01-12 22:58-> 33952,33991,34019,34020,34168,34176,34674,34698,34770,34775,34857,34941,34951,35016,35020,35035,35102,35105,35239,35247
Measurement id = 34790305 To popcluster92.atlas.winet.dcc.ufmg.br  created -> start :2022-01-12 14:38 estimation of stop:2022-01-12 22:58-> 33952,33991,34019,34020,34168,34176,34674,34698,34770,34775,34857,34941,34951,35016,35020,35035,35102,35105,35239,35247
Measurement id = 34790306 To popcluster93.atlas.winet.dcc.ufmg.br  created -> start :2022-01-12 14:38 estimation of stop:2022-01-12 22:58-> 33952,33991,34019,34020,34168,34176,34674,34698,34770,34775,34857,34941,34951,35016,35020,35035,35102,35105,35239,35247
Measurement id = 34790307 To popcluster94.atlas.winet.dcc.ufmg.br  created -> start :2022-01-12 14:38 estimation of stop:2022-01-12 22:58-> 33952,33991,34019,34020,34168,34176,34674,34698,34770,34775,34857,34941,34951,35016,35020,35035,35102,35105,35239,35247
Measurement id = 34790308 To popcluster95.atlas.winet.dcc.ufmg.br  created -> start :2022-01-12 14:38 estimation of stop:2022-01-12 22:58-> 33952,33991,34019,34020,34168,34176,34674,34698,34770,34775,34857,34941,34951,35016,35020,35035,35102,35105,35239,35247
Measurement id = 34790309 To popcluster96.atlas.winet.dcc.ufmg.br  created -> start :2022-01-12 14:38 estimation of stop:2022-01-12 22:58-> 33952,33991,34019,34020,34168,34176,34674,34698,34770,34775,34857,34941,34951,35016,35020,35035,35102,35105,35239,35247
Measurement id = 34790310 To popcluster97.atlas.winet.dcc.ufmg.br  created -> start :2022-01-12 14:38 estimation of stop:2022-01-12 22:58-> 33952,33991,34019,34020,34168,34176,34674,34698,34770,34775,34857,34941,34951,35016,35020,35035,35102,35105,35239,35247
Measurement id = 34790311 To popcluster98.atlas.winet.dcc.ufmg.br  created -> start :2022-01-12 14:38 estimation of stop:2022-01-12 22:58-> 33952,33991,34019,34020,34168,34176,34674,34698,34770,34775,34857,34941,34951,35016,35020,35035,35102,35105,35239,35247
Measurement id = 34790312 To popcluster99.atlas.winet.dcc.ufmg.br  created -> start :2022-01-12 14:38 estimation of stop:2022-01-12 22:58-> 33952,33991,34019,34020,34168,34176,34674,34698,34770,34775,34857,34941,34951,35016,35020,35035,35102,35105,35239,35247
Measurement id = 34790313 To popcluster100.atlas.winet.dcc.ufmg.br  created -> start :2022-01-12 14:38 estimation of stop:2022-01-12 22:58-> 33952,33991,34019,34020,34168,34176,34674,34698,34770,34775,34857,34941,34951,35016,35020,35035,35102,35105,35239,35247
