Measurement id = 34811509 To popcluster1.atlas.winet.dcc.ufmg.br  created -> start :2022-01-14 15:25 estimation of stop:2022-01-14 23:45-> 50502,50609,50613,50710,50730,50763,50778,50822,50823,50831,50850,50943,51013,51086,51127,35584,50042,50534,50961,34453
Measurement id = 34811510 To popcluster2.atlas.winet.dcc.ufmg.br  created -> start :2022-01-14 15:25 estimation of stop:2022-01-14 23:45-> 50502,50609,50613,50710,50730,50763,50778,50822,50823,50831,50850,50943,51013,51086,51127,35584,50042,50534,50961,34453
Measurement id = 34811511 To popcluster3.atlas.winet.dcc.ufmg.br  created -> start :2022-01-14 15:25 estimation of stop:2022-01-14 23:45-> 50502,50609,50613,50710,50730,50763,50778,50822,50823,50831,50850,50943,51013,51086,51127,35584,50042,50534,50961,34453
Measurement id = 34811512 To popcluster4.atlas.winet.dcc.ufmg.br  created -> start :2022-01-14 15:25 estimation of stop:2022-01-14 23:45-> 50502,50609,50613,50710,50730,50763,50778,50822,50823,50831,50850,50943,51013,51086,51127,35584,50042,50534,50961,34453
Measurement id = 34811513 To popcluster5.atlas.winet.dcc.ufmg.br  created -> start :2022-01-14 15:25 estimation of stop:2022-01-14 23:45-> 50502,50609,50613,50710,50730,50763,50778,50822,50823,50831,50850,50943,51013,51086,51127,35584,50042,50534,50961,34453
Measurement id = 34811514 To popcluster6.atlas.winet.dcc.ufmg.br  created -> start :2022-01-14 15:25 estimation of stop:2022-01-14 23:45-> 50502,50609,50613,50710,50730,50763,50778,50822,50823,50831,50850,50943,51013,51086,51127,35584,50042,50534,50961,34453
Measurement id = 34811515 To popcluster7.atlas.winet.dcc.ufmg.br  created -> start :2022-01-14 15:25 estimation of stop:2022-01-14 23:45-> 50502,50609,50613,50710,50730,50763,50778,50822,50823,50831,50850,50943,51013,51086,51127,35584,50042,50534,50961,34453
Measurement id = 34811516 To popcluster8.atlas.winet.dcc.ufmg.br  created -> start :2022-01-14 15:25 estimation of stop:2022-01-14 23:45-> 50502,50609,50613,50710,50730,50763,50778,50822,50823,50831,50850,50943,51013,51086,51127,35584,50042,50534,50961,34453
Measurement id = 34811517 To popcluster9.atlas.winet.dcc.ufmg.br  created -> start :2022-01-14 15:25 estimation of stop:2022-01-14 23:45-> 50502,50609,50613,50710,50730,50763,50778,50822,50823,50831,50850,50943,51013,51086,51127,35584,50042,50534,50961,34453
Measurement id = 34811518 To popcluster10.atlas.winet.dcc.ufmg.br  created -> start :2022-01-14 15:25 estimation of stop:2022-01-14 23:45-> 50502,50609,50613,50710,50730,50763,50778,50822,50823,50831,50850,50943,51013,51086,51127,35584,50042,50534,50961,34453
Measurement id = 34811519 To popcluster11.atlas.winet.dcc.ufmg.br  created -> start :2022-01-14 15:25 estimation of stop:2022-01-14 23:45-> 50502,50609,50613,50710,50730,50763,50778,50822,50823,50831,50850,50943,51013,51086,51127,35584,50042,50534,50961,34453
Measurement id = 34811520 To popcluster12.atlas.winet.dcc.ufmg.br  created -> start :2022-01-14 15:25 estimation of stop:2022-01-14 23:45-> 50502,50609,50613,50710,50730,50763,50778,50822,50823,50831,50850,50943,51013,51086,51127,35584,50042,50534,50961,34453
Measurement id = 34811521 To popcluster13.atlas.winet.dcc.ufmg.br  created -> start :2022-01-14 15:25 estimation of stop:2022-01-14 23:45-> 50502,50609,50613,50710,50730,50763,50778,50822,50823,50831,50850,50943,51013,51086,51127,35584,50042,50534,50961,34453
Measurement id = 34811522 To popcluster14.atlas.winet.dcc.ufmg.br  created -> start :2022-01-14 15:25 estimation of stop:2022-01-14 23:45-> 50502,50609,50613,50710,50730,50763,50778,50822,50823,50831,50850,50943,51013,51086,51127,35584,50042,50534,50961,34453
Measurement id = 34811523 To popcluster15.atlas.winet.dcc.ufmg.br  created -> start :2022-01-14 15:25 estimation of stop:2022-01-14 23:45-> 50502,50609,50613,50710,50730,50763,50778,50822,50823,50831,50850,50943,51013,51086,51127,35584,50042,50534,50961,34453
Measurement id = 34811524 To popcluster16.atlas.winet.dcc.ufmg.br  created -> start :2022-01-14 15:25 estimation of stop:2022-01-14 23:45-> 50502,50609,50613,50710,50730,50763,50778,50822,50823,50831,50850,50943,51013,51086,51127,35584,50042,50534,50961,34453
Measurement id = 34811525 To popcluster17.atlas.winet.dcc.ufmg.br  created -> start :2022-01-14 15:25 estimation of stop:2022-01-14 23:45-> 50502,50609,50613,50710,50730,50763,50778,50822,50823,50831,50850,50943,51013,51086,51127,35584,50042,50534,50961,34453
Measurement id = 34811526 To popcluster18.atlas.winet.dcc.ufmg.br  created -> start :2022-01-14 15:25 estimation of stop:2022-01-14 23:45-> 50502,50609,50613,50710,50730,50763,50778,50822,50823,50831,50850,50943,51013,51086,51127,35584,50042,50534,50961,34453
Measurement id = 34811527 To popcluster19.atlas.winet.dcc.ufmg.br  created -> start :2022-01-14 15:25 estimation of stop:2022-01-14 23:45-> 50502,50609,50613,50710,50730,50763,50778,50822,50823,50831,50850,50943,51013,51086,51127,35584,50042,50534,50961,34453
Measurement id = 34811528 To popcluster20.atlas.winet.dcc.ufmg.br  created -> start :2022-01-14 15:25 estimation of stop:2022-01-14 23:45-> 50502,50609,50613,50710,50730,50763,50778,50822,50823,50831,50850,50943,51013,51086,51127,35584,50042,50534,50961,34453
Measurement id = 34811529 To popcluster21.atlas.winet.dcc.ufmg.br  created -> start :2022-01-14 15:25 estimation of stop:2022-01-14 23:45-> 50502,50609,50613,50710,50730,50763,50778,50822,50823,50831,50850,50943,51013,51086,51127,35584,50042,50534,50961,34453
Measurement id = 34811530 To popcluster22.atlas.winet.dcc.ufmg.br  created -> start :2022-01-14 15:25 estimation of stop:2022-01-14 23:45-> 50502,50609,50613,50710,50730,50763,50778,50822,50823,50831,50850,50943,51013,51086,51127,35584,50042,50534,50961,34453
Measurement id = 34811531 To popcluster23.atlas.winet.dcc.ufmg.br  created -> start :2022-01-14 15:25 estimation of stop:2022-01-14 23:45-> 50502,50609,50613,50710,50730,50763,50778,50822,50823,50831,50850,50943,51013,51086,51127,35584,50042,50534,50961,34453
Measurement id = 34811532 To popcluster24.atlas.winet.dcc.ufmg.br  created -> start :2022-01-14 15:25 estimation of stop:2022-01-14 23:45-> 50502,50609,50613,50710,50730,50763,50778,50822,50823,50831,50850,50943,51013,51086,51127,35584,50042,50534,50961,34453
Measurement id = 34811533 To popcluster25.atlas.winet.dcc.ufmg.br  created -> start :2022-01-14 15:25 estimation of stop:2022-01-14 23:45-> 50502,50609,50613,50710,50730,50763,50778,50822,50823,50831,50850,50943,51013,51086,51127,35584,50042,50534,50961,34453
Measurement id = 34811534 To popcluster26.atlas.winet.dcc.ufmg.br  created -> start :2022-01-14 15:25 estimation of stop:2022-01-14 23:45-> 50502,50609,50613,50710,50730,50763,50778,50822,50823,50831,50850,50943,51013,51086,51127,35584,50042,50534,50961,34453
Measurement id = 34811535 To popcluster27.atlas.winet.dcc.ufmg.br  created -> start :2022-01-14 15:25 estimation of stop:2022-01-14 23:45-> 50502,50609,50613,50710,50730,50763,50778,50822,50823,50831,50850,50943,51013,51086,51127,35584,50042,50534,50961,34453
Measurement id = 34811536 To popcluster28.atlas.winet.dcc.ufmg.br  created -> start :2022-01-14 15:25 estimation of stop:2022-01-14 23:45-> 50502,50609,50613,50710,50730,50763,50778,50822,50823,50831,50850,50943,51013,51086,51127,35584,50042,50534,50961,34453
Measurement id = 34811537 To popcluster29.atlas.winet.dcc.ufmg.br  created -> start :2022-01-14 15:25 estimation of stop:2022-01-14 23:45-> 50502,50609,50613,50710,50730,50763,50778,50822,50823,50831,50850,50943,51013,51086,51127,35584,50042,50534,50961,34453
Measurement id = 34811538 To popcluster30.atlas.winet.dcc.ufmg.br  created -> start :2022-01-14 15:25 estimation of stop:2022-01-14 23:45-> 50502,50609,50613,50710,50730,50763,50778,50822,50823,50831,50850,50943,51013,51086,51127,35584,50042,50534,50961,34453
Measurement id = 34811539 To popcluster31.atlas.winet.dcc.ufmg.br  created -> start :2022-01-14 15:25 estimation of stop:2022-01-14 23:45-> 50502,50609,50613,50710,50730,50763,50778,50822,50823,50831,50850,50943,51013,51086,51127,35584,50042,50534,50961,34453
Measurement id = 34811540 To popcluster32.atlas.winet.dcc.ufmg.br  created -> start :2022-01-14 15:25 estimation of stop:2022-01-14 23:45-> 50502,50609,50613,50710,50730,50763,50778,50822,50823,50831,50850,50943,51013,51086,51127,35584,50042,50534,50961,34453
Measurement id = 34811542 To popcluster33.atlas.winet.dcc.ufmg.br  created -> start :2022-01-14 15:25 estimation of stop:2022-01-14 23:45-> 50502,50609,50613,50710,50730,50763,50778,50822,50823,50831,50850,50943,51013,51086,51127,35584,50042,50534,50961,34453
Measurement id = 34811543 To popcluster34.atlas.winet.dcc.ufmg.br  created -> start :2022-01-14 15:25 estimation of stop:2022-01-14 23:45-> 50502,50609,50613,50710,50730,50763,50778,50822,50823,50831,50850,50943,51013,51086,51127,35584,50042,50534,50961,34453
Measurement id = 34811544 To popcluster35.atlas.winet.dcc.ufmg.br  created -> start :2022-01-14 15:25 estimation of stop:2022-01-14 23:45-> 50502,50609,50613,50710,50730,50763,50778,50822,50823,50831,50850,50943,51013,51086,51127,35584,50042,50534,50961,34453
Measurement id = 34811545 To popcluster36.atlas.winet.dcc.ufmg.br  created -> start :2022-01-14 15:25 estimation of stop:2022-01-14 23:45-> 50502,50609,50613,50710,50730,50763,50778,50822,50823,50831,50850,50943,51013,51086,51127,35584,50042,50534,50961,34453
Measurement id = 34811546 To popcluster37.atlas.winet.dcc.ufmg.br  created -> start :2022-01-14 15:25 estimation of stop:2022-01-14 23:45-> 50502,50609,50613,50710,50730,50763,50778,50822,50823,50831,50850,50943,51013,51086,51127,35584,50042,50534,50961,34453
Measurement id = 34811547 To popcluster38.atlas.winet.dcc.ufmg.br  created -> start :2022-01-14 15:25 estimation of stop:2022-01-14 23:45-> 50502,50609,50613,50710,50730,50763,50778,50822,50823,50831,50850,50943,51013,51086,51127,35584,50042,50534,50961,34453
Measurement id = 34811548 To popcluster39.atlas.winet.dcc.ufmg.br  created -> start :2022-01-14 15:25 estimation of stop:2022-01-14 23:45-> 50502,50609,50613,50710,50730,50763,50778,50822,50823,50831,50850,50943,51013,51086,51127,35584,50042,50534,50961,34453
Measurement id = 34811549 To popcluster40.atlas.winet.dcc.ufmg.br  created -> start :2022-01-14 15:25 estimation of stop:2022-01-14 23:45-> 50502,50609,50613,50710,50730,50763,50778,50822,50823,50831,50850,50943,51013,51086,51127,35584,50042,50534,50961,34453
Measurement id = 34811550 To popcluster41.atlas.winet.dcc.ufmg.br  created -> start :2022-01-14 15:25 estimation of stop:2022-01-14 23:45-> 50502,50609,50613,50710,50730,50763,50778,50822,50823,50831,50850,50943,51013,51086,51127,35584,50042,50534,50961,34453
Measurement id = 34811551 To popcluster42.atlas.winet.dcc.ufmg.br  created -> start :2022-01-14 15:25 estimation of stop:2022-01-14 23:45-> 50502,50609,50613,50710,50730,50763,50778,50822,50823,50831,50850,50943,51013,51086,51127,35584,50042,50534,50961,34453
Measurement id = 34811552 To popcluster43.atlas.winet.dcc.ufmg.br  created -> start :2022-01-14 15:25 estimation of stop:2022-01-14 23:45-> 50502,50609,50613,50710,50730,50763,50778,50822,50823,50831,50850,50943,51013,51086,51127,35584,50042,50534,50961,34453
Measurement id = 34811553 To popcluster44.atlas.winet.dcc.ufmg.br  created -> start :2022-01-14 15:25 estimation of stop:2022-01-14 23:45-> 50502,50609,50613,50710,50730,50763,50778,50822,50823,50831,50850,50943,51013,51086,51127,35584,50042,50534,50961,34453
Measurement id = 34811554 To popcluster45.atlas.winet.dcc.ufmg.br  created -> start :2022-01-14 15:25 estimation of stop:2022-01-14 23:45-> 50502,50609,50613,50710,50730,50763,50778,50822,50823,50831,50850,50943,51013,51086,51127,35584,50042,50534,50961,34453
Measurement id = 34811556 To popcluster46.atlas.winet.dcc.ufmg.br  created -> start :2022-01-14 15:25 estimation of stop:2022-01-14 23:45-> 50502,50609,50613,50710,50730,50763,50778,50822,50823,50831,50850,50943,51013,51086,51127,35584,50042,50534,50961,34453
Measurement id = 34811557 To popcluster47.atlas.winet.dcc.ufmg.br  created -> start :2022-01-14 15:25 estimation of stop:2022-01-14 23:45-> 50502,50609,50613,50710,50730,50763,50778,50822,50823,50831,50850,50943,51013,51086,51127,35584,50042,50534,50961,34453
Measurement id = 34811559 To popcluster48.atlas.winet.dcc.ufmg.br  created -> start :2022-01-14 15:25 estimation of stop:2022-01-14 23:45-> 50502,50609,50613,50710,50730,50763,50778,50822,50823,50831,50850,50943,51013,51086,51127,35584,50042,50534,50961,34453
Measurement id = 34811560 To popcluster49.atlas.winet.dcc.ufmg.br  created -> start :2022-01-14 15:25 estimation of stop:2022-01-14 23:45-> 50502,50609,50613,50710,50730,50763,50778,50822,50823,50831,50850,50943,51013,51086,51127,35584,50042,50534,50961,34453
Measurement id = 34811561 To popcluster50.atlas.winet.dcc.ufmg.br  created -> start :2022-01-14 15:25 estimation of stop:2022-01-14 23:45-> 50502,50609,50613,50710,50730,50763,50778,50822,50823,50831,50850,50943,51013,51086,51127,35584,50042,50534,50961,34453
Measurement id = 34811562 To popcluster51.atlas.winet.dcc.ufmg.br  created -> start :2022-01-14 15:25 estimation of stop:2022-01-14 23:45-> 50502,50609,50613,50710,50730,50763,50778,50822,50823,50831,50850,50943,51013,51086,51127,35584,50042,50534,50961,34453
Measurement id = 34811563 To popcluster52.atlas.winet.dcc.ufmg.br  created -> start :2022-01-14 15:25 estimation of stop:2022-01-14 23:45-> 50502,50609,50613,50710,50730,50763,50778,50822,50823,50831,50850,50943,51013,51086,51127,35584,50042,50534,50961,34453
Measurement id = 34811564 To popcluster53.atlas.winet.dcc.ufmg.br  created -> start :2022-01-14 15:25 estimation of stop:2022-01-14 23:45-> 50502,50609,50613,50710,50730,50763,50778,50822,50823,50831,50850,50943,51013,51086,51127,35584,50042,50534,50961,34453
Measurement id = 34811565 To popcluster54.atlas.winet.dcc.ufmg.br  created -> start :2022-01-14 15:25 estimation of stop:2022-01-14 23:45-> 50502,50609,50613,50710,50730,50763,50778,50822,50823,50831,50850,50943,51013,51086,51127,35584,50042,50534,50961,34453
Measurement id = 34811566 To popcluster55.atlas.winet.dcc.ufmg.br  created -> start :2022-01-14 15:25 estimation of stop:2022-01-14 23:45-> 50502,50609,50613,50710,50730,50763,50778,50822,50823,50831,50850,50943,51013,51086,51127,35584,50042,50534,50961,34453
Measurement id = 34811567 To popcluster56.atlas.winet.dcc.ufmg.br  created -> start :2022-01-14 15:25 estimation of stop:2022-01-14 23:45-> 50502,50609,50613,50710,50730,50763,50778,50822,50823,50831,50850,50943,51013,51086,51127,35584,50042,50534,50961,34453
Measurement id = 34811569 To popcluster57.atlas.winet.dcc.ufmg.br  created -> start :2022-01-14 15:25 estimation of stop:2022-01-14 23:45-> 50502,50609,50613,50710,50730,50763,50778,50822,50823,50831,50850,50943,51013,51086,51127,35584,50042,50534,50961,34453
Measurement id = 34811570 To popcluster58.atlas.winet.dcc.ufmg.br  created -> start :2022-01-14 15:25 estimation of stop:2022-01-14 23:45-> 50502,50609,50613,50710,50730,50763,50778,50822,50823,50831,50850,50943,51013,51086,51127,35584,50042,50534,50961,34453
Measurement id = 34811571 To popcluster59.atlas.winet.dcc.ufmg.br  created -> start :2022-01-14 15:25 estimation of stop:2022-01-14 23:45-> 50502,50609,50613,50710,50730,50763,50778,50822,50823,50831,50850,50943,51013,51086,51127,35584,50042,50534,50961,34453
Measurement id = 34811572 To popcluster60.atlas.winet.dcc.ufmg.br  created -> start :2022-01-14 15:25 estimation of stop:2022-01-14 23:45-> 50502,50609,50613,50710,50730,50763,50778,50822,50823,50831,50850,50943,51013,51086,51127,35584,50042,50534,50961,34453
Measurement id = 34811574 To popcluster61.atlas.winet.dcc.ufmg.br  created -> start :2022-01-14 15:25 estimation of stop:2022-01-14 23:45-> 50502,50609,50613,50710,50730,50763,50778,50822,50823,50831,50850,50943,51013,51086,51127,35584,50042,50534,50961,34453
Measurement id = 34811575 To popcluster62.atlas.winet.dcc.ufmg.br  created -> start :2022-01-14 15:25 estimation of stop:2022-01-14 23:45-> 50502,50609,50613,50710,50730,50763,50778,50822,50823,50831,50850,50943,51013,51086,51127,35584,50042,50534,50961,34453
Measurement id = 34811576 To popcluster63.atlas.winet.dcc.ufmg.br  created -> start :2022-01-14 15:25 estimation of stop:2022-01-14 23:45-> 50502,50609,50613,50710,50730,50763,50778,50822,50823,50831,50850,50943,51013,51086,51127,35584,50042,50534,50961,34453
Measurement id = 34811577 To popcluster64.atlas.winet.dcc.ufmg.br  created -> start :2022-01-14 15:25 estimation of stop:2022-01-14 23:45-> 50502,50609,50613,50710,50730,50763,50778,50822,50823,50831,50850,50943,51013,51086,51127,35584,50042,50534,50961,34453
Measurement id = 34811578 To popcluster65.atlas.winet.dcc.ufmg.br  created -> start :2022-01-14 15:25 estimation of stop:2022-01-14 23:45-> 50502,50609,50613,50710,50730,50763,50778,50822,50823,50831,50850,50943,51013,51086,51127,35584,50042,50534,50961,34453
Measurement id = 34811579 To popcluster66.atlas.winet.dcc.ufmg.br  created -> start :2022-01-14 15:25 estimation of stop:2022-01-14 23:45-> 50502,50609,50613,50710,50730,50763,50778,50822,50823,50831,50850,50943,51013,51086,51127,35584,50042,50534,50961,34453
Measurement id = 34811580 To popcluster67.atlas.winet.dcc.ufmg.br  created -> start :2022-01-14 15:25 estimation of stop:2022-01-14 23:45-> 50502,50609,50613,50710,50730,50763,50778,50822,50823,50831,50850,50943,51013,51086,51127,35584,50042,50534,50961,34453
Measurement id = 34811582 To popcluster68.atlas.winet.dcc.ufmg.br  created -> start :2022-01-14 15:25 estimation of stop:2022-01-14 23:45-> 50502,50609,50613,50710,50730,50763,50778,50822,50823,50831,50850,50943,51013,51086,51127,35584,50042,50534,50961,34453
Measurement id = 34811583 To popcluster69.atlas.winet.dcc.ufmg.br  created -> start :2022-01-14 15:25 estimation of stop:2022-01-14 23:45-> 50502,50609,50613,50710,50730,50763,50778,50822,50823,50831,50850,50943,51013,51086,51127,35584,50042,50534,50961,34453
Measurement id = 34811584 To popcluster70.atlas.winet.dcc.ufmg.br  created -> start :2022-01-14 15:25 estimation of stop:2022-01-14 23:45-> 50502,50609,50613,50710,50730,50763,50778,50822,50823,50831,50850,50943,51013,51086,51127,35584,50042,50534,50961,34453
Measurement id = 34811585 To popcluster71.atlas.winet.dcc.ufmg.br  created -> start :2022-01-14 15:25 estimation of stop:2022-01-14 23:45-> 50502,50609,50613,50710,50730,50763,50778,50822,50823,50831,50850,50943,51013,51086,51127,35584,50042,50534,50961,34453
Measurement id = 34811586 To popcluster72.atlas.winet.dcc.ufmg.br  created -> start :2022-01-14 15:25 estimation of stop:2022-01-14 23:45-> 50502,50609,50613,50710,50730,50763,50778,50822,50823,50831,50850,50943,51013,51086,51127,35584,50042,50534,50961,34453
Measurement id = 34811587 To popcluster73.atlas.winet.dcc.ufmg.br  created -> start :2022-01-14 15:25 estimation of stop:2022-01-14 23:45-> 50502,50609,50613,50710,50730,50763,50778,50822,50823,50831,50850,50943,51013,51086,51127,35584,50042,50534,50961,34453
Measurement id = 34811588 To popcluster74.atlas.winet.dcc.ufmg.br  created -> start :2022-01-14 15:25 estimation of stop:2022-01-14 23:45-> 50502,50609,50613,50710,50730,50763,50778,50822,50823,50831,50850,50943,51013,51086,51127,35584,50042,50534,50961,34453
Measurement id = 34811589 To popcluster75.atlas.winet.dcc.ufmg.br  created -> start :2022-01-14 15:25 estimation of stop:2022-01-14 23:45-> 50502,50609,50613,50710,50730,50763,50778,50822,50823,50831,50850,50943,51013,51086,51127,35584,50042,50534,50961,34453
Measurement id = 34811590 To popcluster76.atlas.winet.dcc.ufmg.br  created -> start :2022-01-14 15:25 estimation of stop:2022-01-14 23:45-> 50502,50609,50613,50710,50730,50763,50778,50822,50823,50831,50850,50943,51013,51086,51127,35584,50042,50534,50961,34453
Measurement id = 34811591 To popcluster77.atlas.winet.dcc.ufmg.br  created -> start :2022-01-14 15:25 estimation of stop:2022-01-14 23:45-> 50502,50609,50613,50710,50730,50763,50778,50822,50823,50831,50850,50943,51013,51086,51127,35584,50042,50534,50961,34453
Measurement id = 34811592 To popcluster78.atlas.winet.dcc.ufmg.br  created -> start :2022-01-14 15:25 estimation of stop:2022-01-14 23:45-> 50502,50609,50613,50710,50730,50763,50778,50822,50823,50831,50850,50943,51013,51086,51127,35584,50042,50534,50961,34453
Measurement id = 34811593 To popcluster79.atlas.winet.dcc.ufmg.br  created -> start :2022-01-14 15:25 estimation of stop:2022-01-14 23:45-> 50502,50609,50613,50710,50730,50763,50778,50822,50823,50831,50850,50943,51013,51086,51127,35584,50042,50534,50961,34453
Measurement id = 34811594 To popcluster80.atlas.winet.dcc.ufmg.br  created -> start :2022-01-14 15:25 estimation of stop:2022-01-14 23:45-> 50502,50609,50613,50710,50730,50763,50778,50822,50823,50831,50850,50943,51013,51086,51127,35584,50042,50534,50961,34453
Measurement id = 34811595 To popcluster81.atlas.winet.dcc.ufmg.br  created -> start :2022-01-14 15:25 estimation of stop:2022-01-14 23:45-> 50502,50609,50613,50710,50730,50763,50778,50822,50823,50831,50850,50943,51013,51086,51127,35584,50042,50534,50961,34453
Measurement id = 34811596 To popcluster82.atlas.winet.dcc.ufmg.br  created -> start :2022-01-14 15:25 estimation of stop:2022-01-14 23:45-> 50502,50609,50613,50710,50730,50763,50778,50822,50823,50831,50850,50943,51013,51086,51127,35584,50042,50534,50961,34453
Measurement id = 34811597 To popcluster83.atlas.winet.dcc.ufmg.br  created -> start :2022-01-14 15:25 estimation of stop:2022-01-14 23:45-> 50502,50609,50613,50710,50730,50763,50778,50822,50823,50831,50850,50943,51013,51086,51127,35584,50042,50534,50961,34453
Measurement id = 34811598 To popcluster84.atlas.winet.dcc.ufmg.br  created -> start :2022-01-14 15:25 estimation of stop:2022-01-14 23:45-> 50502,50609,50613,50710,50730,50763,50778,50822,50823,50831,50850,50943,51013,51086,51127,35584,50042,50534,50961,34453
Measurement id = 34811599 To popcluster85.atlas.winet.dcc.ufmg.br  created -> start :2022-01-14 15:25 estimation of stop:2022-01-14 23:45-> 50502,50609,50613,50710,50730,50763,50778,50822,50823,50831,50850,50943,51013,51086,51127,35584,50042,50534,50961,34453
Measurement id = 34811601 To popcluster86.atlas.winet.dcc.ufmg.br  created -> start :2022-01-14 15:25 estimation of stop:2022-01-14 23:45-> 50502,50609,50613,50710,50730,50763,50778,50822,50823,50831,50850,50943,51013,51086,51127,35584,50042,50534,50961,34453
Measurement id = 34811602 To popcluster87.atlas.winet.dcc.ufmg.br  created -> start :2022-01-14 15:25 estimation of stop:2022-01-14 23:45-> 50502,50609,50613,50710,50730,50763,50778,50822,50823,50831,50850,50943,51013,51086,51127,35584,50042,50534,50961,34453
Measurement id = 34811603 To popcluster88.atlas.winet.dcc.ufmg.br  created -> start :2022-01-14 15:25 estimation of stop:2022-01-14 23:45-> 50502,50609,50613,50710,50730,50763,50778,50822,50823,50831,50850,50943,51013,51086,51127,35584,50042,50534,50961,34453
Measurement id = 34811604 To popcluster89.atlas.winet.dcc.ufmg.br  created -> start :2022-01-14 15:25 estimation of stop:2022-01-14 23:45-> 50502,50609,50613,50710,50730,50763,50778,50822,50823,50831,50850,50943,51013,51086,51127,35584,50042,50534,50961,34453
Measurement id = 34811605 To popcluster90.atlas.winet.dcc.ufmg.br  created -> start :2022-01-14 15:25 estimation of stop:2022-01-14 23:45-> 50502,50609,50613,50710,50730,50763,50778,50822,50823,50831,50850,50943,51013,51086,51127,35584,50042,50534,50961,34453
Measurement id = 34811606 To popcluster91.atlas.winet.dcc.ufmg.br  created -> start :2022-01-14 15:25 estimation of stop:2022-01-14 23:45-> 50502,50609,50613,50710,50730,50763,50778,50822,50823,50831,50850,50943,51013,51086,51127,35584,50042,50534,50961,34453
Measurement id = 34811608 To popcluster92.atlas.winet.dcc.ufmg.br  created -> start :2022-01-14 15:25 estimation of stop:2022-01-14 23:45-> 50502,50609,50613,50710,50730,50763,50778,50822,50823,50831,50850,50943,51013,51086,51127,35584,50042,50534,50961,34453
Measurement id = 34811609 To popcluster93.atlas.winet.dcc.ufmg.br  created -> start :2022-01-14 15:25 estimation of stop:2022-01-14 23:45-> 50502,50609,50613,50710,50730,50763,50778,50822,50823,50831,50850,50943,51013,51086,51127,35584,50042,50534,50961,34453
Measurement id = 34811610 To popcluster94.atlas.winet.dcc.ufmg.br  created -> start :2022-01-14 15:25 estimation of stop:2022-01-14 23:45-> 50502,50609,50613,50710,50730,50763,50778,50822,50823,50831,50850,50943,51013,51086,51127,35584,50042,50534,50961,34453
Measurement id = 34811611 To popcluster95.atlas.winet.dcc.ufmg.br  created -> start :2022-01-14 15:25 estimation of stop:2022-01-14 23:45-> 50502,50609,50613,50710,50730,50763,50778,50822,50823,50831,50850,50943,51013,51086,51127,35584,50042,50534,50961,34453
Measurement id = 34811612 To popcluster96.atlas.winet.dcc.ufmg.br  created -> start :2022-01-14 15:25 estimation of stop:2022-01-14 23:45-> 50502,50609,50613,50710,50730,50763,50778,50822,50823,50831,50850,50943,51013,51086,51127,35584,50042,50534,50961,34453
Measurement id = 34811613 To popcluster97.atlas.winet.dcc.ufmg.br  created -> start :2022-01-14 15:25 estimation of stop:2022-01-14 23:45-> 50502,50609,50613,50710,50730,50763,50778,50822,50823,50831,50850,50943,51013,51086,51127,35584,50042,50534,50961,34453
Measurement id = 34811616 To popcluster98.atlas.winet.dcc.ufmg.br  created -> start :2022-01-14 15:25 estimation of stop:2022-01-14 23:45-> 50502,50609,50613,50710,50730,50763,50778,50822,50823,50831,50850,50943,51013,51086,51127,35584,50042,50534,50961,34453
Measurement id = 34811617 To popcluster99.atlas.winet.dcc.ufmg.br  created -> start :2022-01-14 15:25 estimation of stop:2022-01-14 23:45-> 50502,50609,50613,50710,50730,50763,50778,50822,50823,50831,50850,50943,51013,51086,51127,35584,50042,50534,50961,34453
Measurement id = 34811618 To popcluster100.atlas.winet.dcc.ufmg.br  created -> start :2022-01-14 15:25 estimation of stop:2022-01-14 23:45-> 50502,50609,50613,50710,50730,50763,50778,50822,50823,50831,50850,50943,51013,51086,51127,35584,50042,50534,50961,34453
