Measurement id = 34836542 To popcluster1.atlas.winet.dcc.ufmg.br  created -> start :2022-01-17 16:37 estimation of stop:2022-01-18 00:57-> 51660,51835,51875,51975,51984,52002,52004,52014,52031,52072,52118,52123,52163,52247,52305,52315,52319,52329,52338,52353
Measurement id = 34836543 To popcluster2.atlas.winet.dcc.ufmg.br  created -> start :2022-01-17 16:37 estimation of stop:2022-01-18 00:57-> 51660,51835,51875,51975,51984,52002,52004,52014,52031,52072,52118,52123,52163,52247,52305,52315,52319,52329,52338,52353
Measurement id = 34836544 To popcluster3.atlas.winet.dcc.ufmg.br  created -> start :2022-01-17 16:37 estimation of stop:2022-01-18 00:57-> 51660,51835,51875,51975,51984,52002,52004,52014,52031,52072,52118,52123,52163,52247,52305,52315,52319,52329,52338,52353
Measurement id = 34836545 To popcluster4.atlas.winet.dcc.ufmg.br  created -> start :2022-01-17 16:37 estimation of stop:2022-01-18 00:57-> 51660,51835,51875,51975,51984,52002,52004,52014,52031,52072,52118,52123,52163,52247,52305,52315,52319,52329,52338,52353
Measurement id = 34836547 To popcluster5.atlas.winet.dcc.ufmg.br  created -> start :2022-01-17 16:37 estimation of stop:2022-01-18 00:57-> 51660,51835,51875,51975,51984,52002,52004,52014,52031,52072,52118,52123,52163,52247,52305,52315,52319,52329,52338,52353
Measurement id = 34836548 To popcluster6.atlas.winet.dcc.ufmg.br  created -> start :2022-01-17 16:37 estimation of stop:2022-01-18 00:57-> 51660,51835,51875,51975,51984,52002,52004,52014,52031,52072,52118,52123,52163,52247,52305,52315,52319,52329,52338,52353
Measurement id = 34836549 To popcluster7.atlas.winet.dcc.ufmg.br  created -> start :2022-01-17 16:37 estimation of stop:2022-01-18 00:57-> 51660,51835,51875,51975,51984,52002,52004,52014,52031,52072,52118,52123,52163,52247,52305,52315,52319,52329,52338,52353
Measurement id = 34836550 To popcluster8.atlas.winet.dcc.ufmg.br  created -> start :2022-01-17 16:37 estimation of stop:2022-01-18 00:57-> 51660,51835,51875,51975,51984,52002,52004,52014,52031,52072,52118,52123,52163,52247,52305,52315,52319,52329,52338,52353
Measurement id = 34836551 To popcluster9.atlas.winet.dcc.ufmg.br  created -> start :2022-01-17 16:37 estimation of stop:2022-01-18 00:57-> 51660,51835,51875,51975,51984,52002,52004,52014,52031,52072,52118,52123,52163,52247,52305,52315,52319,52329,52338,52353
Measurement id = 34836552 To popcluster10.atlas.winet.dcc.ufmg.br  created -> start :2022-01-17 16:37 estimation of stop:2022-01-18 00:57-> 51660,51835,51875,51975,51984,52002,52004,52014,52031,52072,52118,52123,52163,52247,52305,52315,52319,52329,52338,52353
Measurement id = 34836553 To popcluster11.atlas.winet.dcc.ufmg.br  created -> start :2022-01-17 16:37 estimation of stop:2022-01-18 00:57-> 51660,51835,51875,51975,51984,52002,52004,52014,52031,52072,52118,52123,52163,52247,52305,52315,52319,52329,52338,52353
Measurement id = 34836554 To popcluster12.atlas.winet.dcc.ufmg.br  created -> start :2022-01-17 16:37 estimation of stop:2022-01-18 00:57-> 51660,51835,51875,51975,51984,52002,52004,52014,52031,52072,52118,52123,52163,52247,52305,52315,52319,52329,52338,52353
Measurement id = 34836555 To popcluster13.atlas.winet.dcc.ufmg.br  created -> start :2022-01-17 16:37 estimation of stop:2022-01-18 00:57-> 51660,51835,51875,51975,51984,52002,52004,52014,52031,52072,52118,52123,52163,52247,52305,52315,52319,52329,52338,52353
Measurement id = 34836556 To popcluster14.atlas.winet.dcc.ufmg.br  created -> start :2022-01-17 16:37 estimation of stop:2022-01-18 00:57-> 51660,51835,51875,51975,51984,52002,52004,52014,52031,52072,52118,52123,52163,52247,52305,52315,52319,52329,52338,52353
Measurement id = 34836557 To popcluster15.atlas.winet.dcc.ufmg.br  created -> start :2022-01-17 16:37 estimation of stop:2022-01-18 00:57-> 51660,51835,51875,51975,51984,52002,52004,52014,52031,52072,52118,52123,52163,52247,52305,52315,52319,52329,52338,52353
Measurement id = 34836558 To popcluster16.atlas.winet.dcc.ufmg.br  created -> start :2022-01-17 16:37 estimation of stop:2022-01-18 00:57-> 51660,51835,51875,51975,51984,52002,52004,52014,52031,52072,52118,52123,52163,52247,52305,52315,52319,52329,52338,52353
Measurement id = 34836559 To popcluster17.atlas.winet.dcc.ufmg.br  created -> start :2022-01-17 16:37 estimation of stop:2022-01-18 00:57-> 51660,51835,51875,51975,51984,52002,52004,52014,52031,52072,52118,52123,52163,52247,52305,52315,52319,52329,52338,52353
Measurement id = 34836560 To popcluster18.atlas.winet.dcc.ufmg.br  created -> start :2022-01-17 16:37 estimation of stop:2022-01-18 00:57-> 51660,51835,51875,51975,51984,52002,52004,52014,52031,52072,52118,52123,52163,52247,52305,52315,52319,52329,52338,52353
Measurement id = 34836561 To popcluster19.atlas.winet.dcc.ufmg.br  created -> start :2022-01-17 16:37 estimation of stop:2022-01-18 00:57-> 51660,51835,51875,51975,51984,52002,52004,52014,52031,52072,52118,52123,52163,52247,52305,52315,52319,52329,52338,52353
Measurement id = 34836562 To popcluster20.atlas.winet.dcc.ufmg.br  created -> start :2022-01-17 16:37 estimation of stop:2022-01-18 00:57-> 51660,51835,51875,51975,51984,52002,52004,52014,52031,52072,52118,52123,52163,52247,52305,52315,52319,52329,52338,52353
Measurement id = 34836563 To popcluster21.atlas.winet.dcc.ufmg.br  created -> start :2022-01-17 16:37 estimation of stop:2022-01-18 00:57-> 51660,51835,51875,51975,51984,52002,52004,52014,52031,52072,52118,52123,52163,52247,52305,52315,52319,52329,52338,52353
Measurement id = 34836565 To popcluster22.atlas.winet.dcc.ufmg.br  created -> start :2022-01-17 16:37 estimation of stop:2022-01-18 00:57-> 51660,51835,51875,51975,51984,52002,52004,52014,52031,52072,52118,52123,52163,52247,52305,52315,52319,52329,52338,52353
Measurement id = 34836566 To popcluster23.atlas.winet.dcc.ufmg.br  created -> start :2022-01-17 16:37 estimation of stop:2022-01-18 00:57-> 51660,51835,51875,51975,51984,52002,52004,52014,52031,52072,52118,52123,52163,52247,52305,52315,52319,52329,52338,52353
Measurement id = 34836567 To popcluster24.atlas.winet.dcc.ufmg.br  created -> start :2022-01-17 16:37 estimation of stop:2022-01-18 00:57-> 51660,51835,51875,51975,51984,52002,52004,52014,52031,52072,52118,52123,52163,52247,52305,52315,52319,52329,52338,52353
Measurement id = 34836568 To popcluster25.atlas.winet.dcc.ufmg.br  created -> start :2022-01-17 16:37 estimation of stop:2022-01-18 00:57-> 51660,51835,51875,51975,51984,52002,52004,52014,52031,52072,52118,52123,52163,52247,52305,52315,52319,52329,52338,52353
Measurement id = 34836569 To popcluster26.atlas.winet.dcc.ufmg.br  created -> start :2022-01-17 16:37 estimation of stop:2022-01-18 00:57-> 51660,51835,51875,51975,51984,52002,52004,52014,52031,52072,52118,52123,52163,52247,52305,52315,52319,52329,52338,52353
Measurement id = 34836570 To popcluster27.atlas.winet.dcc.ufmg.br  created -> start :2022-01-17 16:37 estimation of stop:2022-01-18 00:57-> 51660,51835,51875,51975,51984,52002,52004,52014,52031,52072,52118,52123,52163,52247,52305,52315,52319,52329,52338,52353
Measurement id = 34836572 To popcluster28.atlas.winet.dcc.ufmg.br  created -> start :2022-01-17 16:37 estimation of stop:2022-01-18 00:57-> 51660,51835,51875,51975,51984,52002,52004,52014,52031,52072,52118,52123,52163,52247,52305,52315,52319,52329,52338,52353
Measurement id = 34836573 To popcluster29.atlas.winet.dcc.ufmg.br  created -> start :2022-01-17 16:37 estimation of stop:2022-01-18 00:57-> 51660,51835,51875,51975,51984,52002,52004,52014,52031,52072,52118,52123,52163,52247,52305,52315,52319,52329,52338,52353
Measurement id = 34836574 To popcluster30.atlas.winet.dcc.ufmg.br  created -> start :2022-01-17 16:37 estimation of stop:2022-01-18 00:57-> 51660,51835,51875,51975,51984,52002,52004,52014,52031,52072,52118,52123,52163,52247,52305,52315,52319,52329,52338,52353
Measurement id = 34836575 To popcluster31.atlas.winet.dcc.ufmg.br  created -> start :2022-01-17 16:37 estimation of stop:2022-01-18 00:57-> 51660,51835,51875,51975,51984,52002,52004,52014,52031,52072,52118,52123,52163,52247,52305,52315,52319,52329,52338,52353
Measurement id = 34836576 To popcluster32.atlas.winet.dcc.ufmg.br  created -> start :2022-01-17 16:37 estimation of stop:2022-01-18 00:57-> 51660,51835,51875,51975,51984,52002,52004,52014,52031,52072,52118,52123,52163,52247,52305,52315,52319,52329,52338,52353
Measurement id = 34836578 To popcluster33.atlas.winet.dcc.ufmg.br  created -> start :2022-01-17 16:37 estimation of stop:2022-01-18 00:57-> 51660,51835,51875,51975,51984,52002,52004,52014,52031,52072,52118,52123,52163,52247,52305,52315,52319,52329,52338,52353
Measurement id = 34836579 To popcluster34.atlas.winet.dcc.ufmg.br  created -> start :2022-01-17 16:37 estimation of stop:2022-01-18 00:57-> 51660,51835,51875,51975,51984,52002,52004,52014,52031,52072,52118,52123,52163,52247,52305,52315,52319,52329,52338,52353
Measurement id = 34836580 To popcluster35.atlas.winet.dcc.ufmg.br  created -> start :2022-01-17 16:37 estimation of stop:2022-01-18 00:57-> 51660,51835,51875,51975,51984,52002,52004,52014,52031,52072,52118,52123,52163,52247,52305,52315,52319,52329,52338,52353
Measurement id = 34836582 To popcluster36.atlas.winet.dcc.ufmg.br  created -> start :2022-01-17 16:37 estimation of stop:2022-01-18 00:57-> 51660,51835,51875,51975,51984,52002,52004,52014,52031,52072,52118,52123,52163,52247,52305,52315,52319,52329,52338,52353
Measurement id = 34836585 To popcluster37.atlas.winet.dcc.ufmg.br  created -> start :2022-01-17 16:37 estimation of stop:2022-01-18 00:57-> 51660,51835,51875,51975,51984,52002,52004,52014,52031,52072,52118,52123,52163,52247,52305,52315,52319,52329,52338,52353
Measurement id = 34836586 To popcluster38.atlas.winet.dcc.ufmg.br  created -> start :2022-01-17 16:37 estimation of stop:2022-01-18 00:57-> 51660,51835,51875,51975,51984,52002,52004,52014,52031,52072,52118,52123,52163,52247,52305,52315,52319,52329,52338,52353
Measurement id = 34836587 To popcluster39.atlas.winet.dcc.ufmg.br  created -> start :2022-01-17 16:37 estimation of stop:2022-01-18 00:57-> 51660,51835,51875,51975,51984,52002,52004,52014,52031,52072,52118,52123,52163,52247,52305,52315,52319,52329,52338,52353
Measurement id = 34836588 To popcluster40.atlas.winet.dcc.ufmg.br  created -> start :2022-01-17 16:37 estimation of stop:2022-01-18 00:57-> 51660,51835,51875,51975,51984,52002,52004,52014,52031,52072,52118,52123,52163,52247,52305,52315,52319,52329,52338,52353
Measurement id = 34836591 To popcluster41.atlas.winet.dcc.ufmg.br  created -> start :2022-01-17 16:37 estimation of stop:2022-01-18 00:57-> 51660,51835,51875,51975,51984,52002,52004,52014,52031,52072,52118,52123,52163,52247,52305,52315,52319,52329,52338,52353
Measurement id = 34836592 To popcluster42.atlas.winet.dcc.ufmg.br  created -> start :2022-01-17 16:37 estimation of stop:2022-01-18 00:57-> 51660,51835,51875,51975,51984,52002,52004,52014,52031,52072,52118,52123,52163,52247,52305,52315,52319,52329,52338,52353
Measurement id = 34836593 To popcluster43.atlas.winet.dcc.ufmg.br  created -> start :2022-01-17 16:37 estimation of stop:2022-01-18 00:57-> 51660,51835,51875,51975,51984,52002,52004,52014,52031,52072,52118,52123,52163,52247,52305,52315,52319,52329,52338,52353
Measurement id = 34836594 To popcluster44.atlas.winet.dcc.ufmg.br  created -> start :2022-01-17 16:37 estimation of stop:2022-01-18 00:57-> 51660,51835,51875,51975,51984,52002,52004,52014,52031,52072,52118,52123,52163,52247,52305,52315,52319,52329,52338,52353
Measurement id = 34836595 To popcluster45.atlas.winet.dcc.ufmg.br  created -> start :2022-01-17 16:37 estimation of stop:2022-01-18 00:57-> 51660,51835,51875,51975,51984,52002,52004,52014,52031,52072,52118,52123,52163,52247,52305,52315,52319,52329,52338,52353
Measurement id = 34836597 To popcluster46.atlas.winet.dcc.ufmg.br  created -> start :2022-01-17 16:37 estimation of stop:2022-01-18 00:57-> 51660,51835,51875,51975,51984,52002,52004,52014,52031,52072,52118,52123,52163,52247,52305,52315,52319,52329,52338,52353
Measurement id = 34836598 To popcluster47.atlas.winet.dcc.ufmg.br  created -> start :2022-01-17 16:37 estimation of stop:2022-01-18 00:57-> 51660,51835,51875,51975,51984,52002,52004,52014,52031,52072,52118,52123,52163,52247,52305,52315,52319,52329,52338,52353
Measurement id = 34836599 To popcluster48.atlas.winet.dcc.ufmg.br  created -> start :2022-01-17 16:37 estimation of stop:2022-01-18 00:57-> 51660,51835,51875,51975,51984,52002,52004,52014,52031,52072,52118,52123,52163,52247,52305,52315,52319,52329,52338,52353
Measurement id = 34836600 To popcluster49.atlas.winet.dcc.ufmg.br  created -> start :2022-01-17 16:37 estimation of stop:2022-01-18 00:57-> 51660,51835,51875,51975,51984,52002,52004,52014,52031,52072,52118,52123,52163,52247,52305,52315,52319,52329,52338,52353
Measurement id = 34836604 To popcluster50.atlas.winet.dcc.ufmg.br  created -> start :2022-01-17 16:37 estimation of stop:2022-01-18 00:57-> 51660,51835,51875,51975,51984,52002,52004,52014,52031,52072,52118,52123,52163,52247,52305,52315,52319,52329,52338,52353
Measurement id = 34836605 To popcluster51.atlas.winet.dcc.ufmg.br  created -> start :2022-01-17 16:37 estimation of stop:2022-01-18 00:57-> 51660,51835,51875,51975,51984,52002,52004,52014,52031,52072,52118,52123,52163,52247,52305,52315,52319,52329,52338,52353
Measurement id = 34836606 To popcluster52.atlas.winet.dcc.ufmg.br  created -> start :2022-01-17 16:37 estimation of stop:2022-01-18 00:57-> 51660,51835,51875,51975,51984,52002,52004,52014,52031,52072,52118,52123,52163,52247,52305,52315,52319,52329,52338,52353
Measurement id = 34836607 To popcluster53.atlas.winet.dcc.ufmg.br  created -> start :2022-01-17 16:37 estimation of stop:2022-01-18 00:57-> 51660,51835,51875,51975,51984,52002,52004,52014,52031,52072,52118,52123,52163,52247,52305,52315,52319,52329,52338,52353
Measurement id = 34836608 To popcluster54.atlas.winet.dcc.ufmg.br  created -> start :2022-01-17 16:37 estimation of stop:2022-01-18 00:57-> 51660,51835,51875,51975,51984,52002,52004,52014,52031,52072,52118,52123,52163,52247,52305,52315,52319,52329,52338,52353
Measurement id = 34836609 To popcluster55.atlas.winet.dcc.ufmg.br  created -> start :2022-01-17 16:37 estimation of stop:2022-01-18 00:57-> 51660,51835,51875,51975,51984,52002,52004,52014,52031,52072,52118,52123,52163,52247,52305,52315,52319,52329,52338,52353
Measurement id = 34836610 To popcluster56.atlas.winet.dcc.ufmg.br  created -> start :2022-01-17 16:37 estimation of stop:2022-01-18 00:57-> 51660,51835,51875,51975,51984,52002,52004,52014,52031,52072,52118,52123,52163,52247,52305,52315,52319,52329,52338,52353
Measurement id = 34836611 To popcluster57.atlas.winet.dcc.ufmg.br  created -> start :2022-01-17 16:37 estimation of stop:2022-01-18 00:57-> 51660,51835,51875,51975,51984,52002,52004,52014,52031,52072,52118,52123,52163,52247,52305,52315,52319,52329,52338,52353
Measurement id = 34836612 To popcluster58.atlas.winet.dcc.ufmg.br  created -> start :2022-01-17 16:37 estimation of stop:2022-01-18 00:57-> 51660,51835,51875,51975,51984,52002,52004,52014,52031,52072,52118,52123,52163,52247,52305,52315,52319,52329,52338,52353
Measurement id = 34836613 To popcluster59.atlas.winet.dcc.ufmg.br  created -> start :2022-01-17 16:37 estimation of stop:2022-01-18 00:57-> 51660,51835,51875,51975,51984,52002,52004,52014,52031,52072,52118,52123,52163,52247,52305,52315,52319,52329,52338,52353
Measurement id = 34836614 To popcluster60.atlas.winet.dcc.ufmg.br  created -> start :2022-01-17 16:37 estimation of stop:2022-01-18 00:57-> 51660,51835,51875,51975,51984,52002,52004,52014,52031,52072,52118,52123,52163,52247,52305,52315,52319,52329,52338,52353
Measurement id = 34836615 To popcluster61.atlas.winet.dcc.ufmg.br  created -> start :2022-01-17 16:37 estimation of stop:2022-01-18 00:57-> 51660,51835,51875,51975,51984,52002,52004,52014,52031,52072,52118,52123,52163,52247,52305,52315,52319,52329,52338,52353
Measurement id = 34836616 To popcluster62.atlas.winet.dcc.ufmg.br  created -> start :2022-01-17 16:37 estimation of stop:2022-01-18 00:57-> 51660,51835,51875,51975,51984,52002,52004,52014,52031,52072,52118,52123,52163,52247,52305,52315,52319,52329,52338,52353
Measurement id = 34836618 To popcluster63.atlas.winet.dcc.ufmg.br  created -> start :2022-01-17 16:37 estimation of stop:2022-01-18 00:57-> 51660,51835,51875,51975,51984,52002,52004,52014,52031,52072,52118,52123,52163,52247,52305,52315,52319,52329,52338,52353
Measurement id = 34836619 To popcluster64.atlas.winet.dcc.ufmg.br  created -> start :2022-01-17 16:37 estimation of stop:2022-01-18 00:57-> 51660,51835,51875,51975,51984,52002,52004,52014,52031,52072,52118,52123,52163,52247,52305,52315,52319,52329,52338,52353
Measurement id = 34836620 To popcluster65.atlas.winet.dcc.ufmg.br  created -> start :2022-01-17 16:37 estimation of stop:2022-01-18 00:57-> 51660,51835,51875,51975,51984,52002,52004,52014,52031,52072,52118,52123,52163,52247,52305,52315,52319,52329,52338,52353
Measurement id = 34836621 To popcluster66.atlas.winet.dcc.ufmg.br  created -> start :2022-01-17 16:37 estimation of stop:2022-01-18 00:57-> 51660,51835,51875,51975,51984,52002,52004,52014,52031,52072,52118,52123,52163,52247,52305,52315,52319,52329,52338,52353
Measurement id = 34836622 To popcluster67.atlas.winet.dcc.ufmg.br  created -> start :2022-01-17 16:37 estimation of stop:2022-01-18 00:57-> 51660,51835,51875,51975,51984,52002,52004,52014,52031,52072,52118,52123,52163,52247,52305,52315,52319,52329,52338,52353
Measurement id = 34836623 To popcluster68.atlas.winet.dcc.ufmg.br  created -> start :2022-01-17 16:37 estimation of stop:2022-01-18 00:57-> 51660,51835,51875,51975,51984,52002,52004,52014,52031,52072,52118,52123,52163,52247,52305,52315,52319,52329,52338,52353
Measurement id = 34836624 To popcluster69.atlas.winet.dcc.ufmg.br  created -> start :2022-01-17 16:37 estimation of stop:2022-01-18 00:57-> 51660,51835,51875,51975,51984,52002,52004,52014,52031,52072,52118,52123,52163,52247,52305,52315,52319,52329,52338,52353
Measurement id = 34836625 To popcluster70.atlas.winet.dcc.ufmg.br  created -> start :2022-01-17 16:37 estimation of stop:2022-01-18 00:57-> 51660,51835,51875,51975,51984,52002,52004,52014,52031,52072,52118,52123,52163,52247,52305,52315,52319,52329,52338,52353
Measurement id = 34836626 To popcluster71.atlas.winet.dcc.ufmg.br  created -> start :2022-01-17 16:37 estimation of stop:2022-01-18 00:57-> 51660,51835,51875,51975,51984,52002,52004,52014,52031,52072,52118,52123,52163,52247,52305,52315,52319,52329,52338,52353
Measurement id = 34836627 To popcluster72.atlas.winet.dcc.ufmg.br  created -> start :2022-01-17 16:37 estimation of stop:2022-01-18 00:57-> 51660,51835,51875,51975,51984,52002,52004,52014,52031,52072,52118,52123,52163,52247,52305,52315,52319,52329,52338,52353
Measurement id = 34836628 To popcluster73.atlas.winet.dcc.ufmg.br  created -> start :2022-01-17 16:37 estimation of stop:2022-01-18 00:57-> 51660,51835,51875,51975,51984,52002,52004,52014,52031,52072,52118,52123,52163,52247,52305,52315,52319,52329,52338,52353
Measurement id = 34836629 To popcluster74.atlas.winet.dcc.ufmg.br  created -> start :2022-01-17 16:37 estimation of stop:2022-01-18 00:57-> 51660,51835,51875,51975,51984,52002,52004,52014,52031,52072,52118,52123,52163,52247,52305,52315,52319,52329,52338,52353
Measurement id = 34836630 To popcluster75.atlas.winet.dcc.ufmg.br  created -> start :2022-01-17 16:37 estimation of stop:2022-01-18 00:57-> 51660,51835,51875,51975,51984,52002,52004,52014,52031,52072,52118,52123,52163,52247,52305,52315,52319,52329,52338,52353
Measurement id = 34836631 To popcluster76.atlas.winet.dcc.ufmg.br  created -> start :2022-01-17 16:37 estimation of stop:2022-01-18 00:57-> 51660,51835,51875,51975,51984,52002,52004,52014,52031,52072,52118,52123,52163,52247,52305,52315,52319,52329,52338,52353
Measurement id = 34836632 To popcluster77.atlas.winet.dcc.ufmg.br  created -> start :2022-01-17 16:37 estimation of stop:2022-01-18 00:57-> 51660,51835,51875,51975,51984,52002,52004,52014,52031,52072,52118,52123,52163,52247,52305,52315,52319,52329,52338,52353
Measurement id = 34836633 To popcluster78.atlas.winet.dcc.ufmg.br  created -> start :2022-01-17 16:37 estimation of stop:2022-01-18 00:57-> 51660,51835,51875,51975,51984,52002,52004,52014,52031,52072,52118,52123,52163,52247,52305,52315,52319,52329,52338,52353
Measurement id = 34836634 To popcluster79.atlas.winet.dcc.ufmg.br  created -> start :2022-01-17 16:37 estimation of stop:2022-01-18 00:57-> 51660,51835,51875,51975,51984,52002,52004,52014,52031,52072,52118,52123,52163,52247,52305,52315,52319,52329,52338,52353
Measurement id = 34836635 To popcluster80.atlas.winet.dcc.ufmg.br  created -> start :2022-01-17 16:37 estimation of stop:2022-01-18 00:57-> 51660,51835,51875,51975,51984,52002,52004,52014,52031,52072,52118,52123,52163,52247,52305,52315,52319,52329,52338,52353
Measurement id = 34836636 To popcluster81.atlas.winet.dcc.ufmg.br  created -> start :2022-01-17 16:37 estimation of stop:2022-01-18 00:57-> 51660,51835,51875,51975,51984,52002,52004,52014,52031,52072,52118,52123,52163,52247,52305,52315,52319,52329,52338,52353
Measurement id = 34836637 To popcluster82.atlas.winet.dcc.ufmg.br  created -> start :2022-01-17 16:37 estimation of stop:2022-01-18 00:57-> 51660,51835,51875,51975,51984,52002,52004,52014,52031,52072,52118,52123,52163,52247,52305,52315,52319,52329,52338,52353
Measurement id = 34836639 To popcluster83.atlas.winet.dcc.ufmg.br  created -> start :2022-01-17 16:37 estimation of stop:2022-01-18 00:57-> 51660,51835,51875,51975,51984,52002,52004,52014,52031,52072,52118,52123,52163,52247,52305,52315,52319,52329,52338,52353
Measurement id = 34836640 To popcluster84.atlas.winet.dcc.ufmg.br  created -> start :2022-01-17 16:37 estimation of stop:2022-01-18 00:57-> 51660,51835,51875,51975,51984,52002,52004,52014,52031,52072,52118,52123,52163,52247,52305,52315,52319,52329,52338,52353
Measurement id = 34836641 To popcluster85.atlas.winet.dcc.ufmg.br  created -> start :2022-01-17 16:37 estimation of stop:2022-01-18 00:57-> 51660,51835,51875,51975,51984,52002,52004,52014,52031,52072,52118,52123,52163,52247,52305,52315,52319,52329,52338,52353
Measurement id = 34836642 To popcluster86.atlas.winet.dcc.ufmg.br  created -> start :2022-01-17 16:37 estimation of stop:2022-01-18 00:57-> 51660,51835,51875,51975,51984,52002,52004,52014,52031,52072,52118,52123,52163,52247,52305,52315,52319,52329,52338,52353
Measurement id = 34836643 To popcluster87.atlas.winet.dcc.ufmg.br  created -> start :2022-01-17 16:37 estimation of stop:2022-01-18 00:57-> 51660,51835,51875,51975,51984,52002,52004,52014,52031,52072,52118,52123,52163,52247,52305,52315,52319,52329,52338,52353
Measurement id = 34836644 To popcluster88.atlas.winet.dcc.ufmg.br  created -> start :2022-01-17 16:37 estimation of stop:2022-01-18 00:57-> 51660,51835,51875,51975,51984,52002,52004,52014,52031,52072,52118,52123,52163,52247,52305,52315,52319,52329,52338,52353
Measurement id = 34836645 To popcluster89.atlas.winet.dcc.ufmg.br  created -> start :2022-01-17 16:37 estimation of stop:2022-01-18 00:57-> 51660,51835,51875,51975,51984,52002,52004,52014,52031,52072,52118,52123,52163,52247,52305,52315,52319,52329,52338,52353
Measurement id = 34836646 To popcluster90.atlas.winet.dcc.ufmg.br  created -> start :2022-01-17 16:37 estimation of stop:2022-01-18 00:57-> 51660,51835,51875,51975,51984,52002,52004,52014,52031,52072,52118,52123,52163,52247,52305,52315,52319,52329,52338,52353
Measurement id = 34836647 To popcluster91.atlas.winet.dcc.ufmg.br  created -> start :2022-01-17 16:37 estimation of stop:2022-01-18 00:57-> 51660,51835,51875,51975,51984,52002,52004,52014,52031,52072,52118,52123,52163,52247,52305,52315,52319,52329,52338,52353
Measurement id = 34836648 To popcluster92.atlas.winet.dcc.ufmg.br  created -> start :2022-01-17 16:37 estimation of stop:2022-01-18 00:57-> 51660,51835,51875,51975,51984,52002,52004,52014,52031,52072,52118,52123,52163,52247,52305,52315,52319,52329,52338,52353
Measurement id = 34836649 To popcluster93.atlas.winet.dcc.ufmg.br  created -> start :2022-01-17 16:37 estimation of stop:2022-01-18 00:57-> 51660,51835,51875,51975,51984,52002,52004,52014,52031,52072,52118,52123,52163,52247,52305,52315,52319,52329,52338,52353
Measurement id = 34836650 To popcluster94.atlas.winet.dcc.ufmg.br  created -> start :2022-01-17 16:37 estimation of stop:2022-01-18 00:57-> 51660,51835,51875,51975,51984,52002,52004,52014,52031,52072,52118,52123,52163,52247,52305,52315,52319,52329,52338,52353
Measurement id = 34836651 To popcluster95.atlas.winet.dcc.ufmg.br  created -> start :2022-01-17 16:37 estimation of stop:2022-01-18 00:57-> 51660,51835,51875,51975,51984,52002,52004,52014,52031,52072,52118,52123,52163,52247,52305,52315,52319,52329,52338,52353
Measurement id = 34836652 To popcluster96.atlas.winet.dcc.ufmg.br  created -> start :2022-01-17 16:37 estimation of stop:2022-01-18 00:57-> 51660,51835,51875,51975,51984,52002,52004,52014,52031,52072,52118,52123,52163,52247,52305,52315,52319,52329,52338,52353
Measurement id = 34836653 To popcluster97.atlas.winet.dcc.ufmg.br  created -> start :2022-01-17 16:37 estimation of stop:2022-01-18 00:57-> 51660,51835,51875,51975,51984,52002,52004,52014,52031,52072,52118,52123,52163,52247,52305,52315,52319,52329,52338,52353
Measurement id = 34836654 To popcluster98.atlas.winet.dcc.ufmg.br  created -> start :2022-01-17 16:37 estimation of stop:2022-01-18 00:57-> 51660,51835,51875,51975,51984,52002,52004,52014,52031,52072,52118,52123,52163,52247,52305,52315,52319,52329,52338,52353
Measurement id = 34836655 To popcluster99.atlas.winet.dcc.ufmg.br  created -> start :2022-01-17 16:37 estimation of stop:2022-01-18 00:57-> 51660,51835,51875,51975,51984,52002,52004,52014,52031,52072,52118,52123,52163,52247,52305,52315,52319,52329,52338,52353
Measurement id = 34836656 To popcluster100.atlas.winet.dcc.ufmg.br  created -> start :2022-01-17 16:37 estimation of stop:2022-01-18 00:57-> 51660,51835,51875,51975,51984,52002,52004,52014,52031,52072,52118,52123,52163,52247,52305,52315,52319,52329,52338,52353
