Measurement id = 34929513 To popcluster1.atlas.winet.dcc.ufmg.br  created -> start :2022-01-23 18:56 estimation of stop:2022-01-24 03:16-> 1000449,1000459,1000487,1000495,1000515,1000537,1000544,1000560,1000577,1000614,1000690,1000702,1000714,1000730,1000731,1000737,1000739,1000740,1000742,1000751
Measurement id = 34929514 To popcluster2.atlas.winet.dcc.ufmg.br  created -> start :2022-01-23 18:56 estimation of stop:2022-01-24 03:16-> 1000449,1000459,1000487,1000495,1000515,1000537,1000544,1000560,1000577,1000614,1000690,1000702,1000714,1000730,1000731,1000737,1000739,1000740,1000742,1000751
Measurement id = 34929515 To popcluster3.atlas.winet.dcc.ufmg.br  created -> start :2022-01-23 18:56 estimation of stop:2022-01-24 03:16-> 1000449,1000459,1000487,1000495,1000515,1000537,1000544,1000560,1000577,1000614,1000690,1000702,1000714,1000730,1000731,1000737,1000739,1000740,1000742,1000751
Measurement id = 34929516 To popcluster4.atlas.winet.dcc.ufmg.br  created -> start :2022-01-23 18:56 estimation of stop:2022-01-24 03:16-> 1000449,1000459,1000487,1000495,1000515,1000537,1000544,1000560,1000577,1000614,1000690,1000702,1000714,1000730,1000731,1000737,1000739,1000740,1000742,1000751
Measurement id = 34929517 To popcluster5.atlas.winet.dcc.ufmg.br  created -> start :2022-01-23 18:56 estimation of stop:2022-01-24 03:16-> 1000449,1000459,1000487,1000495,1000515,1000537,1000544,1000560,1000577,1000614,1000690,1000702,1000714,1000730,1000731,1000737,1000739,1000740,1000742,1000751
Measurement id = 34929518 To popcluster6.atlas.winet.dcc.ufmg.br  created -> start :2022-01-23 18:56 estimation of stop:2022-01-24 03:16-> 1000449,1000459,1000487,1000495,1000515,1000537,1000544,1000560,1000577,1000614,1000690,1000702,1000714,1000730,1000731,1000737,1000739,1000740,1000742,1000751
Measurement id = 34929519 To popcluster7.atlas.winet.dcc.ufmg.br  created -> start :2022-01-23 18:56 estimation of stop:2022-01-24 03:16-> 1000449,1000459,1000487,1000495,1000515,1000537,1000544,1000560,1000577,1000614,1000690,1000702,1000714,1000730,1000731,1000737,1000739,1000740,1000742,1000751
Measurement id = 34929520 To popcluster8.atlas.winet.dcc.ufmg.br  created -> start :2022-01-23 18:56 estimation of stop:2022-01-24 03:16-> 1000449,1000459,1000487,1000495,1000515,1000537,1000544,1000560,1000577,1000614,1000690,1000702,1000714,1000730,1000731,1000737,1000739,1000740,1000742,1000751
Measurement id = 34929521 To popcluster9.atlas.winet.dcc.ufmg.br  created -> start :2022-01-23 18:56 estimation of stop:2022-01-24 03:16-> 1000449,1000459,1000487,1000495,1000515,1000537,1000544,1000560,1000577,1000614,1000690,1000702,1000714,1000730,1000731,1000737,1000739,1000740,1000742,1000751
Measurement id = 34929522 To popcluster10.atlas.winet.dcc.ufmg.br  created -> start :2022-01-23 18:56 estimation of stop:2022-01-24 03:16-> 1000449,1000459,1000487,1000495,1000515,1000537,1000544,1000560,1000577,1000614,1000690,1000702,1000714,1000730,1000731,1000737,1000739,1000740,1000742,1000751
Measurement id = 34929523 To popcluster11.atlas.winet.dcc.ufmg.br  created -> start :2022-01-23 18:56 estimation of stop:2022-01-24 03:16-> 1000449,1000459,1000487,1000495,1000515,1000537,1000544,1000560,1000577,1000614,1000690,1000702,1000714,1000730,1000731,1000737,1000739,1000740,1000742,1000751
Measurement id = 34929524 To popcluster12.atlas.winet.dcc.ufmg.br  created -> start :2022-01-23 18:56 estimation of stop:2022-01-24 03:16-> 1000449,1000459,1000487,1000495,1000515,1000537,1000544,1000560,1000577,1000614,1000690,1000702,1000714,1000730,1000731,1000737,1000739,1000740,1000742,1000751
Measurement id = 34929525 To popcluster13.atlas.winet.dcc.ufmg.br  created -> start :2022-01-23 18:56 estimation of stop:2022-01-24 03:16-> 1000449,1000459,1000487,1000495,1000515,1000537,1000544,1000560,1000577,1000614,1000690,1000702,1000714,1000730,1000731,1000737,1000739,1000740,1000742,1000751
Measurement id = 34929526 To popcluster14.atlas.winet.dcc.ufmg.br  created -> start :2022-01-23 18:56 estimation of stop:2022-01-24 03:16-> 1000449,1000459,1000487,1000495,1000515,1000537,1000544,1000560,1000577,1000614,1000690,1000702,1000714,1000730,1000731,1000737,1000739,1000740,1000742,1000751
Measurement id = 34929527 To popcluster15.atlas.winet.dcc.ufmg.br  created -> start :2022-01-23 18:56 estimation of stop:2022-01-24 03:16-> 1000449,1000459,1000487,1000495,1000515,1000537,1000544,1000560,1000577,1000614,1000690,1000702,1000714,1000730,1000731,1000737,1000739,1000740,1000742,1000751
Measurement id = 34929528 To popcluster16.atlas.winet.dcc.ufmg.br  created -> start :2022-01-23 18:56 estimation of stop:2022-01-24 03:16-> 1000449,1000459,1000487,1000495,1000515,1000537,1000544,1000560,1000577,1000614,1000690,1000702,1000714,1000730,1000731,1000737,1000739,1000740,1000742,1000751
Measurement id = 34929529 To popcluster17.atlas.winet.dcc.ufmg.br  created -> start :2022-01-23 18:56 estimation of stop:2022-01-24 03:16-> 1000449,1000459,1000487,1000495,1000515,1000537,1000544,1000560,1000577,1000614,1000690,1000702,1000714,1000730,1000731,1000737,1000739,1000740,1000742,1000751
Measurement id = 34929530 To popcluster18.atlas.winet.dcc.ufmg.br  created -> start :2022-01-23 18:56 estimation of stop:2022-01-24 03:16-> 1000449,1000459,1000487,1000495,1000515,1000537,1000544,1000560,1000577,1000614,1000690,1000702,1000714,1000730,1000731,1000737,1000739,1000740,1000742,1000751
Measurement id = 34929531 To popcluster19.atlas.winet.dcc.ufmg.br  created -> start :2022-01-23 18:56 estimation of stop:2022-01-24 03:16-> 1000449,1000459,1000487,1000495,1000515,1000537,1000544,1000560,1000577,1000614,1000690,1000702,1000714,1000730,1000731,1000737,1000739,1000740,1000742,1000751
Measurement id = 34929532 To popcluster20.atlas.winet.dcc.ufmg.br  created -> start :2022-01-23 18:56 estimation of stop:2022-01-24 03:16-> 1000449,1000459,1000487,1000495,1000515,1000537,1000544,1000560,1000577,1000614,1000690,1000702,1000714,1000730,1000731,1000737,1000739,1000740,1000742,1000751
Measurement id = 34929533 To popcluster21.atlas.winet.dcc.ufmg.br  created -> start :2022-01-23 18:56 estimation of stop:2022-01-24 03:16-> 1000449,1000459,1000487,1000495,1000515,1000537,1000544,1000560,1000577,1000614,1000690,1000702,1000714,1000730,1000731,1000737,1000739,1000740,1000742,1000751
Measurement id = 34929535 To popcluster22.atlas.winet.dcc.ufmg.br  created -> start :2022-01-23 18:56 estimation of stop:2022-01-24 03:16-> 1000449,1000459,1000487,1000495,1000515,1000537,1000544,1000560,1000577,1000614,1000690,1000702,1000714,1000730,1000731,1000737,1000739,1000740,1000742,1000751
Measurement id = 34929538 To popcluster23.atlas.winet.dcc.ufmg.br  created -> start :2022-01-23 18:56 estimation of stop:2022-01-24 03:16-> 1000449,1000459,1000487,1000495,1000515,1000537,1000544,1000560,1000577,1000614,1000690,1000702,1000714,1000730,1000731,1000737,1000739,1000740,1000742,1000751
Measurement id = 34929541 To popcluster24.atlas.winet.dcc.ufmg.br  created -> start :2022-01-23 18:56 estimation of stop:2022-01-24 03:16-> 1000449,1000459,1000487,1000495,1000515,1000537,1000544,1000560,1000577,1000614,1000690,1000702,1000714,1000730,1000731,1000737,1000739,1000740,1000742,1000751
Measurement id = 34929544 To popcluster25.atlas.winet.dcc.ufmg.br  created -> start :2022-01-23 18:56 estimation of stop:2022-01-24 03:16-> 1000449,1000459,1000487,1000495,1000515,1000537,1000544,1000560,1000577,1000614,1000690,1000702,1000714,1000730,1000731,1000737,1000739,1000740,1000742,1000751
Measurement id = 34929546 To popcluster26.atlas.winet.dcc.ufmg.br  created -> start :2022-01-23 18:56 estimation of stop:2022-01-24 03:16-> 1000449,1000459,1000487,1000495,1000515,1000537,1000544,1000560,1000577,1000614,1000690,1000702,1000714,1000730,1000731,1000737,1000739,1000740,1000742,1000751
Measurement id = 34929549 To popcluster27.atlas.winet.dcc.ufmg.br  created -> start :2022-01-23 18:56 estimation of stop:2022-01-24 03:16-> 1000449,1000459,1000487,1000495,1000515,1000537,1000544,1000560,1000577,1000614,1000690,1000702,1000714,1000730,1000731,1000737,1000739,1000740,1000742,1000751
Measurement id = 34929552 To popcluster28.atlas.winet.dcc.ufmg.br  created -> start :2022-01-23 18:56 estimation of stop:2022-01-24 03:16-> 1000449,1000459,1000487,1000495,1000515,1000537,1000544,1000560,1000577,1000614,1000690,1000702,1000714,1000730,1000731,1000737,1000739,1000740,1000742,1000751
Measurement id = 34929556 To popcluster29.atlas.winet.dcc.ufmg.br  created -> start :2022-01-23 18:56 estimation of stop:2022-01-24 03:16-> 1000449,1000459,1000487,1000495,1000515,1000537,1000544,1000560,1000577,1000614,1000690,1000702,1000714,1000730,1000731,1000737,1000739,1000740,1000742,1000751
Measurement id = 34929560 To popcluster30.atlas.winet.dcc.ufmg.br  created -> start :2022-01-23 18:56 estimation of stop:2022-01-24 03:16-> 1000449,1000459,1000487,1000495,1000515,1000537,1000544,1000560,1000577,1000614,1000690,1000702,1000714,1000730,1000731,1000737,1000739,1000740,1000742,1000751
Measurement id = 34929563 To popcluster31.atlas.winet.dcc.ufmg.br  created -> start :2022-01-23 18:56 estimation of stop:2022-01-24 03:16-> 1000449,1000459,1000487,1000495,1000515,1000537,1000544,1000560,1000577,1000614,1000690,1000702,1000714,1000730,1000731,1000737,1000739,1000740,1000742,1000751
Measurement id = 34929567 To popcluster32.atlas.winet.dcc.ufmg.br  created -> start :2022-01-23 18:56 estimation of stop:2022-01-24 03:16-> 1000449,1000459,1000487,1000495,1000515,1000537,1000544,1000560,1000577,1000614,1000690,1000702,1000714,1000730,1000731,1000737,1000739,1000740,1000742,1000751
Measurement id = 34929569 To popcluster33.atlas.winet.dcc.ufmg.br  created -> start :2022-01-23 18:56 estimation of stop:2022-01-24 03:16-> 1000449,1000459,1000487,1000495,1000515,1000537,1000544,1000560,1000577,1000614,1000690,1000702,1000714,1000730,1000731,1000737,1000739,1000740,1000742,1000751
Measurement id = 34929572 To popcluster34.atlas.winet.dcc.ufmg.br  created -> start :2022-01-23 18:56 estimation of stop:2022-01-24 03:16-> 1000449,1000459,1000487,1000495,1000515,1000537,1000544,1000560,1000577,1000614,1000690,1000702,1000714,1000730,1000731,1000737,1000739,1000740,1000742,1000751
Measurement id = 34929575 To popcluster35.atlas.winet.dcc.ufmg.br  created -> start :2022-01-23 18:56 estimation of stop:2022-01-24 03:16-> 1000449,1000459,1000487,1000495,1000515,1000537,1000544,1000560,1000577,1000614,1000690,1000702,1000714,1000730,1000731,1000737,1000739,1000740,1000742,1000751
Measurement id = 34929578 To popcluster36.atlas.winet.dcc.ufmg.br  created -> start :2022-01-23 18:56 estimation of stop:2022-01-24 03:16-> 1000449,1000459,1000487,1000495,1000515,1000537,1000544,1000560,1000577,1000614,1000690,1000702,1000714,1000730,1000731,1000737,1000739,1000740,1000742,1000751
Measurement id = 34929581 To popcluster37.atlas.winet.dcc.ufmg.br  created -> start :2022-01-23 18:56 estimation of stop:2022-01-24 03:16-> 1000449,1000459,1000487,1000495,1000515,1000537,1000544,1000560,1000577,1000614,1000690,1000702,1000714,1000730,1000731,1000737,1000739,1000740,1000742,1000751
Measurement id = 34929584 To popcluster38.atlas.winet.dcc.ufmg.br  created -> start :2022-01-23 18:56 estimation of stop:2022-01-24 03:16-> 1000449,1000459,1000487,1000495,1000515,1000537,1000544,1000560,1000577,1000614,1000690,1000702,1000714,1000730,1000731,1000737,1000739,1000740,1000742,1000751
Measurement id = 34929587 To popcluster39.atlas.winet.dcc.ufmg.br  created -> start :2022-01-23 18:56 estimation of stop:2022-01-24 03:16-> 1000449,1000459,1000487,1000495,1000515,1000537,1000544,1000560,1000577,1000614,1000690,1000702,1000714,1000730,1000731,1000737,1000739,1000740,1000742,1000751
Measurement id = 34929590 To popcluster40.atlas.winet.dcc.ufmg.br  created -> start :2022-01-23 18:56 estimation of stop:2022-01-24 03:16-> 1000449,1000459,1000487,1000495,1000515,1000537,1000544,1000560,1000577,1000614,1000690,1000702,1000714,1000730,1000731,1000737,1000739,1000740,1000742,1000751
Measurement id = 34929592 To popcluster41.atlas.winet.dcc.ufmg.br  created -> start :2022-01-23 18:56 estimation of stop:2022-01-24 03:16-> 1000449,1000459,1000487,1000495,1000515,1000537,1000544,1000560,1000577,1000614,1000690,1000702,1000714,1000730,1000731,1000737,1000739,1000740,1000742,1000751
Measurement id = 34929595 To popcluster42.atlas.winet.dcc.ufmg.br  created -> start :2022-01-23 18:56 estimation of stop:2022-01-24 03:16-> 1000449,1000459,1000487,1000495,1000515,1000537,1000544,1000560,1000577,1000614,1000690,1000702,1000714,1000730,1000731,1000737,1000739,1000740,1000742,1000751
Measurement id = 34929598 To popcluster43.atlas.winet.dcc.ufmg.br  created -> start :2022-01-23 18:56 estimation of stop:2022-01-24 03:16-> 1000449,1000459,1000487,1000495,1000515,1000537,1000544,1000560,1000577,1000614,1000690,1000702,1000714,1000730,1000731,1000737,1000739,1000740,1000742,1000751
Measurement id = 34929604 To popcluster44.atlas.winet.dcc.ufmg.br  created -> start :2022-01-23 18:56 estimation of stop:2022-01-24 03:16-> 1000449,1000459,1000487,1000495,1000515,1000537,1000544,1000560,1000577,1000614,1000690,1000702,1000714,1000730,1000731,1000737,1000739,1000740,1000742,1000751
Measurement id = 34929606 To popcluster45.atlas.winet.dcc.ufmg.br  created -> start :2022-01-23 18:56 estimation of stop:2022-01-24 03:16-> 1000449,1000459,1000487,1000495,1000515,1000537,1000544,1000560,1000577,1000614,1000690,1000702,1000714,1000730,1000731,1000737,1000739,1000740,1000742,1000751
Measurement id = 34929609 To popcluster46.atlas.winet.dcc.ufmg.br  created -> start :2022-01-23 18:56 estimation of stop:2022-01-24 03:16-> 1000449,1000459,1000487,1000495,1000515,1000537,1000544,1000560,1000577,1000614,1000690,1000702,1000714,1000730,1000731,1000737,1000739,1000740,1000742,1000751
Measurement id = 34929612 To popcluster47.atlas.winet.dcc.ufmg.br  created -> start :2022-01-23 18:56 estimation of stop:2022-01-24 03:16-> 1000449,1000459,1000487,1000495,1000515,1000537,1000544,1000560,1000577,1000614,1000690,1000702,1000714,1000730,1000731,1000737,1000739,1000740,1000742,1000751
Measurement id = 34929615 To popcluster48.atlas.winet.dcc.ufmg.br  created -> start :2022-01-23 18:56 estimation of stop:2022-01-24 03:16-> 1000449,1000459,1000487,1000495,1000515,1000537,1000544,1000560,1000577,1000614,1000690,1000702,1000714,1000730,1000731,1000737,1000739,1000740,1000742,1000751
Measurement id = 34929618 To popcluster49.atlas.winet.dcc.ufmg.br  created -> start :2022-01-23 18:56 estimation of stop:2022-01-24 03:16-> 1000449,1000459,1000487,1000495,1000515,1000537,1000544,1000560,1000577,1000614,1000690,1000702,1000714,1000730,1000731,1000737,1000739,1000740,1000742,1000751
Measurement id = 34929620 To popcluster50.atlas.winet.dcc.ufmg.br  created -> start :2022-01-23 18:56 estimation of stop:2022-01-24 03:16-> 1000449,1000459,1000487,1000495,1000515,1000537,1000544,1000560,1000577,1000614,1000690,1000702,1000714,1000730,1000731,1000737,1000739,1000740,1000742,1000751
Measurement id = 34929623 To popcluster51.atlas.winet.dcc.ufmg.br  created -> start :2022-01-23 18:56 estimation of stop:2022-01-24 03:16-> 1000449,1000459,1000487,1000495,1000515,1000537,1000544,1000560,1000577,1000614,1000690,1000702,1000714,1000730,1000731,1000737,1000739,1000740,1000742,1000751
Measurement id = 34929626 To popcluster52.atlas.winet.dcc.ufmg.br  created -> start :2022-01-23 18:56 estimation of stop:2022-01-24 03:16-> 1000449,1000459,1000487,1000495,1000515,1000537,1000544,1000560,1000577,1000614,1000690,1000702,1000714,1000730,1000731,1000737,1000739,1000740,1000742,1000751
Measurement id = 34929629 To popcluster53.atlas.winet.dcc.ufmg.br  created -> start :2022-01-23 18:56 estimation of stop:2022-01-24 03:16-> 1000449,1000459,1000487,1000495,1000515,1000537,1000544,1000560,1000577,1000614,1000690,1000702,1000714,1000730,1000731,1000737,1000739,1000740,1000742,1000751
Measurement id = 34929631 To popcluster54.atlas.winet.dcc.ufmg.br  created -> start :2022-01-23 18:56 estimation of stop:2022-01-24 03:16-> 1000449,1000459,1000487,1000495,1000515,1000537,1000544,1000560,1000577,1000614,1000690,1000702,1000714,1000730,1000731,1000737,1000739,1000740,1000742,1000751
Measurement id = 34929634 To popcluster55.atlas.winet.dcc.ufmg.br  created -> start :2022-01-23 18:56 estimation of stop:2022-01-24 03:16-> 1000449,1000459,1000487,1000495,1000515,1000537,1000544,1000560,1000577,1000614,1000690,1000702,1000714,1000730,1000731,1000737,1000739,1000740,1000742,1000751
Measurement id = 34929637 To popcluster56.atlas.winet.dcc.ufmg.br  created -> start :2022-01-23 18:56 estimation of stop:2022-01-24 03:16-> 1000449,1000459,1000487,1000495,1000515,1000537,1000544,1000560,1000577,1000614,1000690,1000702,1000714,1000730,1000731,1000737,1000739,1000740,1000742,1000751
Measurement id = 34929640 To popcluster57.atlas.winet.dcc.ufmg.br  created -> start :2022-01-23 18:56 estimation of stop:2022-01-24 03:16-> 1000449,1000459,1000487,1000495,1000515,1000537,1000544,1000560,1000577,1000614,1000690,1000702,1000714,1000730,1000731,1000737,1000739,1000740,1000742,1000751
Measurement id = 34929643 To popcluster58.atlas.winet.dcc.ufmg.br  created -> start :2022-01-23 18:56 estimation of stop:2022-01-24 03:16-> 1000449,1000459,1000487,1000495,1000515,1000537,1000544,1000560,1000577,1000614,1000690,1000702,1000714,1000730,1000731,1000737,1000739,1000740,1000742,1000751
Measurement id = 34929646 To popcluster59.atlas.winet.dcc.ufmg.br  created -> start :2022-01-23 18:56 estimation of stop:2022-01-24 03:16-> 1000449,1000459,1000487,1000495,1000515,1000537,1000544,1000560,1000577,1000614,1000690,1000702,1000714,1000730,1000731,1000737,1000739,1000740,1000742,1000751
Measurement id = 34929649 To popcluster60.atlas.winet.dcc.ufmg.br  created -> start :2022-01-23 18:56 estimation of stop:2022-01-24 03:16-> 1000449,1000459,1000487,1000495,1000515,1000537,1000544,1000560,1000577,1000614,1000690,1000702,1000714,1000730,1000731,1000737,1000739,1000740,1000742,1000751
Measurement id = 34929652 To popcluster61.atlas.winet.dcc.ufmg.br  created -> start :2022-01-23 18:56 estimation of stop:2022-01-24 03:16-> 1000449,1000459,1000487,1000495,1000515,1000537,1000544,1000560,1000577,1000614,1000690,1000702,1000714,1000730,1000731,1000737,1000739,1000740,1000742,1000751
Measurement id = 34929655 To popcluster62.atlas.winet.dcc.ufmg.br  created -> start :2022-01-23 18:56 estimation of stop:2022-01-24 03:16-> 1000449,1000459,1000487,1000495,1000515,1000537,1000544,1000560,1000577,1000614,1000690,1000702,1000714,1000730,1000731,1000737,1000739,1000740,1000742,1000751
Measurement id = 34929657 To popcluster63.atlas.winet.dcc.ufmg.br  created -> start :2022-01-23 18:56 estimation of stop:2022-01-24 03:16-> 1000449,1000459,1000487,1000495,1000515,1000537,1000544,1000560,1000577,1000614,1000690,1000702,1000714,1000730,1000731,1000737,1000739,1000740,1000742,1000751
Measurement id = 34929660 To popcluster64.atlas.winet.dcc.ufmg.br  created -> start :2022-01-23 18:56 estimation of stop:2022-01-24 03:16-> 1000449,1000459,1000487,1000495,1000515,1000537,1000544,1000560,1000577,1000614,1000690,1000702,1000714,1000730,1000731,1000737,1000739,1000740,1000742,1000751
Measurement id = 34929662 To popcluster65.atlas.winet.dcc.ufmg.br  created -> start :2022-01-23 18:56 estimation of stop:2022-01-24 03:16-> 1000449,1000459,1000487,1000495,1000515,1000537,1000544,1000560,1000577,1000614,1000690,1000702,1000714,1000730,1000731,1000737,1000739,1000740,1000742,1000751
Measurement id = 34929665 To popcluster66.atlas.winet.dcc.ufmg.br  created -> start :2022-01-23 18:56 estimation of stop:2022-01-24 03:16-> 1000449,1000459,1000487,1000495,1000515,1000537,1000544,1000560,1000577,1000614,1000690,1000702,1000714,1000730,1000731,1000737,1000739,1000740,1000742,1000751
Measurement id = 34929668 To popcluster67.atlas.winet.dcc.ufmg.br  created -> start :2022-01-23 18:56 estimation of stop:2022-01-24 03:16-> 1000449,1000459,1000487,1000495,1000515,1000537,1000544,1000560,1000577,1000614,1000690,1000702,1000714,1000730,1000731,1000737,1000739,1000740,1000742,1000751
Measurement id = 34929671 To popcluster68.atlas.winet.dcc.ufmg.br  created -> start :2022-01-23 18:56 estimation of stop:2022-01-24 03:16-> 1000449,1000459,1000487,1000495,1000515,1000537,1000544,1000560,1000577,1000614,1000690,1000702,1000714,1000730,1000731,1000737,1000739,1000740,1000742,1000751
Measurement id = 34929673 To popcluster69.atlas.winet.dcc.ufmg.br  created -> start :2022-01-23 18:56 estimation of stop:2022-01-24 03:16-> 1000449,1000459,1000487,1000495,1000515,1000537,1000544,1000560,1000577,1000614,1000690,1000702,1000714,1000730,1000731,1000737,1000739,1000740,1000742,1000751
Measurement id = 34929674 To popcluster70.atlas.winet.dcc.ufmg.br  created -> start :2022-01-23 18:56 estimation of stop:2022-01-24 03:16-> 1000449,1000459,1000487,1000495,1000515,1000537,1000544,1000560,1000577,1000614,1000690,1000702,1000714,1000730,1000731,1000737,1000739,1000740,1000742,1000751
Measurement id = 34929675 To popcluster71.atlas.winet.dcc.ufmg.br  created -> start :2022-01-23 18:56 estimation of stop:2022-01-24 03:16-> 1000449,1000459,1000487,1000495,1000515,1000537,1000544,1000560,1000577,1000614,1000690,1000702,1000714,1000730,1000731,1000737,1000739,1000740,1000742,1000751
Measurement id = 34929676 To popcluster72.atlas.winet.dcc.ufmg.br  created -> start :2022-01-23 18:56 estimation of stop:2022-01-24 03:16-> 1000449,1000459,1000487,1000495,1000515,1000537,1000544,1000560,1000577,1000614,1000690,1000702,1000714,1000730,1000731,1000737,1000739,1000740,1000742,1000751
Measurement id = 34929677 To popcluster73.atlas.winet.dcc.ufmg.br  created -> start :2022-01-23 18:56 estimation of stop:2022-01-24 03:16-> 1000449,1000459,1000487,1000495,1000515,1000537,1000544,1000560,1000577,1000614,1000690,1000702,1000714,1000730,1000731,1000737,1000739,1000740,1000742,1000751
Measurement id = 34929678 To popcluster74.atlas.winet.dcc.ufmg.br  created -> start :2022-01-23 18:56 estimation of stop:2022-01-24 03:16-> 1000449,1000459,1000487,1000495,1000515,1000537,1000544,1000560,1000577,1000614,1000690,1000702,1000714,1000730,1000731,1000737,1000739,1000740,1000742,1000751
Measurement id = 34929679 To popcluster75.atlas.winet.dcc.ufmg.br  created -> start :2022-01-23 18:56 estimation of stop:2022-01-24 03:16-> 1000449,1000459,1000487,1000495,1000515,1000537,1000544,1000560,1000577,1000614,1000690,1000702,1000714,1000730,1000731,1000737,1000739,1000740,1000742,1000751
Measurement id = 34929681 To popcluster76.atlas.winet.dcc.ufmg.br  created -> start :2022-01-23 18:56 estimation of stop:2022-01-24 03:16-> 1000449,1000459,1000487,1000495,1000515,1000537,1000544,1000560,1000577,1000614,1000690,1000702,1000714,1000730,1000731,1000737,1000739,1000740,1000742,1000751
Measurement id = 34929682 To popcluster77.atlas.winet.dcc.ufmg.br  created -> start :2022-01-23 18:56 estimation of stop:2022-01-24 03:16-> 1000449,1000459,1000487,1000495,1000515,1000537,1000544,1000560,1000577,1000614,1000690,1000702,1000714,1000730,1000731,1000737,1000739,1000740,1000742,1000751
Measurement id = 34929683 To popcluster78.atlas.winet.dcc.ufmg.br  created -> start :2022-01-23 18:56 estimation of stop:2022-01-24 03:16-> 1000449,1000459,1000487,1000495,1000515,1000537,1000544,1000560,1000577,1000614,1000690,1000702,1000714,1000730,1000731,1000737,1000739,1000740,1000742,1000751
Measurement id = 34929684 To popcluster79.atlas.winet.dcc.ufmg.br  created -> start :2022-01-23 18:56 estimation of stop:2022-01-24 03:16-> 1000449,1000459,1000487,1000495,1000515,1000537,1000544,1000560,1000577,1000614,1000690,1000702,1000714,1000730,1000731,1000737,1000739,1000740,1000742,1000751
Measurement id = 34929685 To popcluster80.atlas.winet.dcc.ufmg.br  created -> start :2022-01-23 18:56 estimation of stop:2022-01-24 03:16-> 1000449,1000459,1000487,1000495,1000515,1000537,1000544,1000560,1000577,1000614,1000690,1000702,1000714,1000730,1000731,1000737,1000739,1000740,1000742,1000751
Measurement id = 34929686 To popcluster81.atlas.winet.dcc.ufmg.br  created -> start :2022-01-23 18:56 estimation of stop:2022-01-24 03:16-> 1000449,1000459,1000487,1000495,1000515,1000537,1000544,1000560,1000577,1000614,1000690,1000702,1000714,1000730,1000731,1000737,1000739,1000740,1000742,1000751
Measurement id = 34929687 To popcluster82.atlas.winet.dcc.ufmg.br  created -> start :2022-01-23 18:56 estimation of stop:2022-01-24 03:16-> 1000449,1000459,1000487,1000495,1000515,1000537,1000544,1000560,1000577,1000614,1000690,1000702,1000714,1000730,1000731,1000737,1000739,1000740,1000742,1000751
Measurement id = 34929688 To popcluster83.atlas.winet.dcc.ufmg.br  created -> start :2022-01-23 18:56 estimation of stop:2022-01-24 03:16-> 1000449,1000459,1000487,1000495,1000515,1000537,1000544,1000560,1000577,1000614,1000690,1000702,1000714,1000730,1000731,1000737,1000739,1000740,1000742,1000751
Measurement id = 34929689 To popcluster84.atlas.winet.dcc.ufmg.br  created -> start :2022-01-23 18:56 estimation of stop:2022-01-24 03:16-> 1000449,1000459,1000487,1000495,1000515,1000537,1000544,1000560,1000577,1000614,1000690,1000702,1000714,1000730,1000731,1000737,1000739,1000740,1000742,1000751
Measurement id = 34929690 To popcluster85.atlas.winet.dcc.ufmg.br  created -> start :2022-01-23 18:56 estimation of stop:2022-01-24 03:16-> 1000449,1000459,1000487,1000495,1000515,1000537,1000544,1000560,1000577,1000614,1000690,1000702,1000714,1000730,1000731,1000737,1000739,1000740,1000742,1000751
Measurement id = 34929691 To popcluster86.atlas.winet.dcc.ufmg.br  created -> start :2022-01-23 18:56 estimation of stop:2022-01-24 03:16-> 1000449,1000459,1000487,1000495,1000515,1000537,1000544,1000560,1000577,1000614,1000690,1000702,1000714,1000730,1000731,1000737,1000739,1000740,1000742,1000751
Measurement id = 34929692 To popcluster87.atlas.winet.dcc.ufmg.br  created -> start :2022-01-23 18:56 estimation of stop:2022-01-24 03:16-> 1000449,1000459,1000487,1000495,1000515,1000537,1000544,1000560,1000577,1000614,1000690,1000702,1000714,1000730,1000731,1000737,1000739,1000740,1000742,1000751
Measurement id = 34929693 To popcluster88.atlas.winet.dcc.ufmg.br  created -> start :2022-01-23 18:56 estimation of stop:2022-01-24 03:16-> 1000449,1000459,1000487,1000495,1000515,1000537,1000544,1000560,1000577,1000614,1000690,1000702,1000714,1000730,1000731,1000737,1000739,1000740,1000742,1000751
Measurement id = 34929694 To popcluster89.atlas.winet.dcc.ufmg.br  created -> start :2022-01-23 18:56 estimation of stop:2022-01-24 03:16-> 1000449,1000459,1000487,1000495,1000515,1000537,1000544,1000560,1000577,1000614,1000690,1000702,1000714,1000730,1000731,1000737,1000739,1000740,1000742,1000751
Measurement id = 34929695 To popcluster90.atlas.winet.dcc.ufmg.br  created -> start :2022-01-23 18:56 estimation of stop:2022-01-24 03:16-> 1000449,1000459,1000487,1000495,1000515,1000537,1000544,1000560,1000577,1000614,1000690,1000702,1000714,1000730,1000731,1000737,1000739,1000740,1000742,1000751
Measurement id = 34929697 To popcluster91.atlas.winet.dcc.ufmg.br  created -> start :2022-01-23 18:56 estimation of stop:2022-01-24 03:16-> 1000449,1000459,1000487,1000495,1000515,1000537,1000544,1000560,1000577,1000614,1000690,1000702,1000714,1000730,1000731,1000737,1000739,1000740,1000742,1000751
Measurement id = 34929700 To popcluster92.atlas.winet.dcc.ufmg.br  created -> start :2022-01-23 18:56 estimation of stop:2022-01-24 03:16-> 1000449,1000459,1000487,1000495,1000515,1000537,1000544,1000560,1000577,1000614,1000690,1000702,1000714,1000730,1000731,1000737,1000739,1000740,1000742,1000751
Measurement id = 34929701 To popcluster93.atlas.winet.dcc.ufmg.br  created -> start :2022-01-23 18:56 estimation of stop:2022-01-24 03:16-> 1000449,1000459,1000487,1000495,1000515,1000537,1000544,1000560,1000577,1000614,1000690,1000702,1000714,1000730,1000731,1000737,1000739,1000740,1000742,1000751
Measurement id = 34929702 To popcluster94.atlas.winet.dcc.ufmg.br  created -> start :2022-01-23 18:56 estimation of stop:2022-01-24 03:16-> 1000449,1000459,1000487,1000495,1000515,1000537,1000544,1000560,1000577,1000614,1000690,1000702,1000714,1000730,1000731,1000737,1000739,1000740,1000742,1000751
Measurement id = 34929703 To popcluster95.atlas.winet.dcc.ufmg.br  created -> start :2022-01-23 18:56 estimation of stop:2022-01-24 03:16-> 1000449,1000459,1000487,1000495,1000515,1000537,1000544,1000560,1000577,1000614,1000690,1000702,1000714,1000730,1000731,1000737,1000739,1000740,1000742,1000751
Measurement id = 34929704 To popcluster96.atlas.winet.dcc.ufmg.br  created -> start :2022-01-23 18:56 estimation of stop:2022-01-24 03:16-> 1000449,1000459,1000487,1000495,1000515,1000537,1000544,1000560,1000577,1000614,1000690,1000702,1000714,1000730,1000731,1000737,1000739,1000740,1000742,1000751
Measurement id = 34929705 To popcluster97.atlas.winet.dcc.ufmg.br  created -> start :2022-01-23 18:56 estimation of stop:2022-01-24 03:16-> 1000449,1000459,1000487,1000495,1000515,1000537,1000544,1000560,1000577,1000614,1000690,1000702,1000714,1000730,1000731,1000737,1000739,1000740,1000742,1000751
Measurement id = 34929706 To popcluster98.atlas.winet.dcc.ufmg.br  created -> start :2022-01-23 18:56 estimation of stop:2022-01-24 03:16-> 1000449,1000459,1000487,1000495,1000515,1000537,1000544,1000560,1000577,1000614,1000690,1000702,1000714,1000730,1000731,1000737,1000739,1000740,1000742,1000751
Measurement id = 34929707 To popcluster99.atlas.winet.dcc.ufmg.br  created -> start :2022-01-23 18:56 estimation of stop:2022-01-24 03:16-> 1000449,1000459,1000487,1000495,1000515,1000537,1000544,1000560,1000577,1000614,1000690,1000702,1000714,1000730,1000731,1000737,1000739,1000740,1000742,1000751
Measurement id = 34929708 To popcluster100.atlas.winet.dcc.ufmg.br  created -> start :2022-01-23 18:56 estimation of stop:2022-01-24 03:16-> 1000449,1000459,1000487,1000495,1000515,1000537,1000544,1000560,1000577,1000614,1000690,1000702,1000714,1000730,1000731,1000737,1000739,1000740,1000742,1000751
