Measurement id = 34899486 To popcluster1.atlas.winet.dcc.ufmg.br  created -> start :2022-01-21 18:13 estimation of stop:2022-01-22 02:33-> 54109,51184,52805,52461,51205,53047,51707,52154,52041,1002129,52841,52915,52653,54226,54445,54548,54621,54641,54854,54994
Measurement id = 34899487 To popcluster2.atlas.winet.dcc.ufmg.br  created -> start :2022-01-21 18:13 estimation of stop:2022-01-22 02:33-> 54109,51184,52805,52461,51205,53047,51707,52154,52041,1002129,52841,52915,52653,54226,54445,54548,54621,54641,54854,54994
Measurement id = 34899488 To popcluster3.atlas.winet.dcc.ufmg.br  created -> start :2022-01-21 18:13 estimation of stop:2022-01-22 02:33-> 54109,51184,52805,52461,51205,53047,51707,52154,52041,1002129,52841,52915,52653,54226,54445,54548,54621,54641,54854,54994
Measurement id = 34899491 To popcluster4.atlas.winet.dcc.ufmg.br  created -> start :2022-01-21 18:13 estimation of stop:2022-01-22 02:33-> 54109,51184,52805,52461,51205,53047,51707,52154,52041,1002129,52841,52915,52653,54226,54445,54548,54621,54641,54854,54994
Measurement id = 34899492 To popcluster5.atlas.winet.dcc.ufmg.br  created -> start :2022-01-21 18:13 estimation of stop:2022-01-22 02:33-> 54109,51184,52805,52461,51205,53047,51707,52154,52041,1002129,52841,52915,52653,54226,54445,54548,54621,54641,54854,54994
Measurement id = 34899496 To popcluster6.atlas.winet.dcc.ufmg.br  created -> start :2022-01-21 18:13 estimation of stop:2022-01-22 02:33-> 54109,51184,52805,52461,51205,53047,51707,52154,52041,1002129,52841,52915,52653,54226,54445,54548,54621,54641,54854,54994
Measurement id = 34899497 To popcluster7.atlas.winet.dcc.ufmg.br  created -> start :2022-01-21 18:13 estimation of stop:2022-01-22 02:33-> 54109,51184,52805,52461,51205,53047,51707,52154,52041,1002129,52841,52915,52653,54226,54445,54548,54621,54641,54854,54994
Measurement id = 34899498 To popcluster8.atlas.winet.dcc.ufmg.br  created -> start :2022-01-21 18:13 estimation of stop:2022-01-22 02:33-> 54109,51184,52805,52461,51205,53047,51707,52154,52041,1002129,52841,52915,52653,54226,54445,54548,54621,54641,54854,54994
Measurement id = 34899500 To popcluster9.atlas.winet.dcc.ufmg.br  created -> start :2022-01-21 18:13 estimation of stop:2022-01-22 02:33-> 54109,51184,52805,52461,51205,53047,51707,52154,52041,1002129,52841,52915,52653,54226,54445,54548,54621,54641,54854,54994
Measurement id = 34899502 To popcluster10.atlas.winet.dcc.ufmg.br  created -> start :2022-01-21 18:13 estimation of stop:2022-01-22 02:33-> 54109,51184,52805,52461,51205,53047,51707,52154,52041,1002129,52841,52915,52653,54226,54445,54548,54621,54641,54854,54994
Measurement id = 34899503 To popcluster11.atlas.winet.dcc.ufmg.br  created -> start :2022-01-21 18:13 estimation of stop:2022-01-22 02:33-> 54109,51184,52805,52461,51205,53047,51707,52154,52041,1002129,52841,52915,52653,54226,54445,54548,54621,54641,54854,54994
Measurement id = 34899504 To popcluster12.atlas.winet.dcc.ufmg.br  created -> start :2022-01-21 18:13 estimation of stop:2022-01-22 02:33-> 54109,51184,52805,52461,51205,53047,51707,52154,52041,1002129,52841,52915,52653,54226,54445,54548,54621,54641,54854,54994
Measurement id = 34899507 To popcluster13.atlas.winet.dcc.ufmg.br  created -> start :2022-01-21 18:13 estimation of stop:2022-01-22 02:33-> 54109,51184,52805,52461,51205,53047,51707,52154,52041,1002129,52841,52915,52653,54226,54445,54548,54621,54641,54854,54994
Measurement id = 34899509 To popcluster14.atlas.winet.dcc.ufmg.br  created -> start :2022-01-21 18:13 estimation of stop:2022-01-22 02:33-> 54109,51184,52805,52461,51205,53047,51707,52154,52041,1002129,52841,52915,52653,54226,54445,54548,54621,54641,54854,54994
Measurement id = 34899516 To popcluster15.atlas.winet.dcc.ufmg.br  created -> start :2022-01-21 18:13 estimation of stop:2022-01-22 02:33-> 54109,51184,52805,52461,51205,53047,51707,52154,52041,1002129,52841,52915,52653,54226,54445,54548,54621,54641,54854,54994
Measurement id = 34899518 To popcluster16.atlas.winet.dcc.ufmg.br  created -> start :2022-01-21 18:13 estimation of stop:2022-01-22 02:33-> 54109,51184,52805,52461,51205,53047,51707,52154,52041,1002129,52841,52915,52653,54226,54445,54548,54621,54641,54854,54994
Measurement id = 34899520 To popcluster17.atlas.winet.dcc.ufmg.br  created -> start :2022-01-21 18:13 estimation of stop:2022-01-22 02:33-> 54109,51184,52805,52461,51205,53047,51707,52154,52041,1002129,52841,52915,52653,54226,54445,54548,54621,54641,54854,54994
Measurement id = 34899523 To popcluster18.atlas.winet.dcc.ufmg.br  created -> start :2022-01-21 18:13 estimation of stop:2022-01-22 02:33-> 54109,51184,52805,52461,51205,53047,51707,52154,52041,1002129,52841,52915,52653,54226,54445,54548,54621,54641,54854,54994
Measurement id = 34899525 To popcluster19.atlas.winet.dcc.ufmg.br  created -> start :2022-01-21 18:13 estimation of stop:2022-01-22 02:33-> 54109,51184,52805,52461,51205,53047,51707,52154,52041,1002129,52841,52915,52653,54226,54445,54548,54621,54641,54854,54994
Measurement id = 34899526 To popcluster20.atlas.winet.dcc.ufmg.br  created -> start :2022-01-21 18:13 estimation of stop:2022-01-22 02:33-> 54109,51184,52805,52461,51205,53047,51707,52154,52041,1002129,52841,52915,52653,54226,54445,54548,54621,54641,54854,54994
Measurement id = 34899530 To popcluster21.atlas.winet.dcc.ufmg.br  created -> start :2022-01-21 18:13 estimation of stop:2022-01-22 02:33-> 54109,51184,52805,52461,51205,53047,51707,52154,52041,1002129,52841,52915,52653,54226,54445,54548,54621,54641,54854,54994
Measurement id = 34899532 To popcluster22.atlas.winet.dcc.ufmg.br  created -> start :2022-01-21 18:13 estimation of stop:2022-01-22 02:33-> 54109,51184,52805,52461,51205,53047,51707,52154,52041,1002129,52841,52915,52653,54226,54445,54548,54621,54641,54854,54994
Measurement id = 34899535 To popcluster23.atlas.winet.dcc.ufmg.br  created -> start :2022-01-21 18:13 estimation of stop:2022-01-22 02:33-> 54109,51184,52805,52461,51205,53047,51707,52154,52041,1002129,52841,52915,52653,54226,54445,54548,54621,54641,54854,54994
Measurement id = 34899536 To popcluster24.atlas.winet.dcc.ufmg.br  created -> start :2022-01-21 18:13 estimation of stop:2022-01-22 02:33-> 54109,51184,52805,52461,51205,53047,51707,52154,52041,1002129,52841,52915,52653,54226,54445,54548,54621,54641,54854,54994
Measurement id = 34899538 To popcluster25.atlas.winet.dcc.ufmg.br  created -> start :2022-01-21 18:13 estimation of stop:2022-01-22 02:33-> 54109,51184,52805,52461,51205,53047,51707,52154,52041,1002129,52841,52915,52653,54226,54445,54548,54621,54641,54854,54994
Measurement id = 34899541 To popcluster26.atlas.winet.dcc.ufmg.br  created -> start :2022-01-21 18:13 estimation of stop:2022-01-22 02:33-> 54109,51184,52805,52461,51205,53047,51707,52154,52041,1002129,52841,52915,52653,54226,54445,54548,54621,54641,54854,54994
Measurement id = 34899543 To popcluster27.atlas.winet.dcc.ufmg.br  created -> start :2022-01-21 18:13 estimation of stop:2022-01-22 02:33-> 54109,51184,52805,52461,51205,53047,51707,52154,52041,1002129,52841,52915,52653,54226,54445,54548,54621,54641,54854,54994
Measurement id = 34899546 To popcluster28.atlas.winet.dcc.ufmg.br  created -> start :2022-01-21 18:13 estimation of stop:2022-01-22 02:33-> 54109,51184,52805,52461,51205,53047,51707,52154,52041,1002129,52841,52915,52653,54226,54445,54548,54621,54641,54854,54994
Measurement id = 34899552 To popcluster29.atlas.winet.dcc.ufmg.br  created -> start :2022-01-21 18:13 estimation of stop:2022-01-22 02:33-> 54109,51184,52805,52461,51205,53047,51707,52154,52041,1002129,52841,52915,52653,54226,54445,54548,54621,54641,54854,54994
Measurement id = 34899554 To popcluster30.atlas.winet.dcc.ufmg.br  created -> start :2022-01-21 18:13 estimation of stop:2022-01-22 02:33-> 54109,51184,52805,52461,51205,53047,51707,52154,52041,1002129,52841,52915,52653,54226,54445,54548,54621,54641,54854,54994
Measurement id = 34899560 To popcluster31.atlas.winet.dcc.ufmg.br  created -> start :2022-01-21 18:13 estimation of stop:2022-01-22 02:33-> 54109,51184,52805,52461,51205,53047,51707,52154,52041,1002129,52841,52915,52653,54226,54445,54548,54621,54641,54854,54994
Measurement id = 34899564 To popcluster32.atlas.winet.dcc.ufmg.br  created -> start :2022-01-21 18:13 estimation of stop:2022-01-22 02:33-> 54109,51184,52805,52461,51205,53047,51707,52154,52041,1002129,52841,52915,52653,54226,54445,54548,54621,54641,54854,54994
Measurement id = 34899567 To popcluster33.atlas.winet.dcc.ufmg.br  created -> start :2022-01-21 18:13 estimation of stop:2022-01-22 02:33-> 54109,51184,52805,52461,51205,53047,51707,52154,52041,1002129,52841,52915,52653,54226,54445,54548,54621,54641,54854,54994
Measurement id = 34899570 To popcluster34.atlas.winet.dcc.ufmg.br  created -> start :2022-01-21 18:13 estimation of stop:2022-01-22 02:33-> 54109,51184,52805,52461,51205,53047,51707,52154,52041,1002129,52841,52915,52653,54226,54445,54548,54621,54641,54854,54994
Measurement id = 34899576 To popcluster35.atlas.winet.dcc.ufmg.br  created -> start :2022-01-21 18:13 estimation of stop:2022-01-22 02:33-> 54109,51184,52805,52461,51205,53047,51707,52154,52041,1002129,52841,52915,52653,54226,54445,54548,54621,54641,54854,54994
Measurement id = 34899585 To popcluster36.atlas.winet.dcc.ufmg.br  created -> start :2022-01-21 18:13 estimation of stop:2022-01-22 02:33-> 54109,51184,52805,52461,51205,53047,51707,52154,52041,1002129,52841,52915,52653,54226,54445,54548,54621,54641,54854,54994
Measurement id = 34899587 To popcluster37.atlas.winet.dcc.ufmg.br  created -> start :2022-01-21 18:13 estimation of stop:2022-01-22 02:33-> 54109,51184,52805,52461,51205,53047,51707,52154,52041,1002129,52841,52915,52653,54226,54445,54548,54621,54641,54854,54994
Measurement id = 34899589 To popcluster38.atlas.winet.dcc.ufmg.br  created -> start :2022-01-21 18:13 estimation of stop:2022-01-22 02:33-> 54109,51184,52805,52461,51205,53047,51707,52154,52041,1002129,52841,52915,52653,54226,54445,54548,54621,54641,54854,54994
Measurement id = 34899595 To popcluster39.atlas.winet.dcc.ufmg.br  created -> start :2022-01-21 18:13 estimation of stop:2022-01-22 02:33-> 54109,51184,52805,52461,51205,53047,51707,52154,52041,1002129,52841,52915,52653,54226,54445,54548,54621,54641,54854,54994
Measurement id = 34899596 To popcluster40.atlas.winet.dcc.ufmg.br  created -> start :2022-01-21 18:13 estimation of stop:2022-01-22 02:33-> 54109,51184,52805,52461,51205,53047,51707,52154,52041,1002129,52841,52915,52653,54226,54445,54548,54621,54641,54854,54994
Measurement id = 34899598 To popcluster41.atlas.winet.dcc.ufmg.br  created -> start :2022-01-21 18:13 estimation of stop:2022-01-22 02:33-> 54109,51184,52805,52461,51205,53047,51707,52154,52041,1002129,52841,52915,52653,54226,54445,54548,54621,54641,54854,54994
Measurement id = 34899600 To popcluster42.atlas.winet.dcc.ufmg.br  created -> start :2022-01-21 18:13 estimation of stop:2022-01-22 02:33-> 54109,51184,52805,52461,51205,53047,51707,52154,52041,1002129,52841,52915,52653,54226,54445,54548,54621,54641,54854,54994
Measurement id = 34899601 To popcluster43.atlas.winet.dcc.ufmg.br  created -> start :2022-01-21 18:13 estimation of stop:2022-01-22 02:33-> 54109,51184,52805,52461,51205,53047,51707,52154,52041,1002129,52841,52915,52653,54226,54445,54548,54621,54641,54854,54994
Measurement id = 34899604 To popcluster44.atlas.winet.dcc.ufmg.br  created -> start :2022-01-21 18:13 estimation of stop:2022-01-22 02:33-> 54109,51184,52805,52461,51205,53047,51707,52154,52041,1002129,52841,52915,52653,54226,54445,54548,54621,54641,54854,54994
Measurement id = 34899606 To popcluster45.atlas.winet.dcc.ufmg.br  created -> start :2022-01-21 18:13 estimation of stop:2022-01-22 02:33-> 54109,51184,52805,52461,51205,53047,51707,52154,52041,1002129,52841,52915,52653,54226,54445,54548,54621,54641,54854,54994
Measurement id = 34899607 To popcluster46.atlas.winet.dcc.ufmg.br  created -> start :2022-01-21 18:13 estimation of stop:2022-01-22 02:33-> 54109,51184,52805,52461,51205,53047,51707,52154,52041,1002129,52841,52915,52653,54226,54445,54548,54621,54641,54854,54994
Measurement id = 34899611 To popcluster47.atlas.winet.dcc.ufmg.br  created -> start :2022-01-21 18:13 estimation of stop:2022-01-22 02:33-> 54109,51184,52805,52461,51205,53047,51707,52154,52041,1002129,52841,52915,52653,54226,54445,54548,54621,54641,54854,54994
Measurement id = 34899612 To popcluster48.atlas.winet.dcc.ufmg.br  created -> start :2022-01-21 18:13 estimation of stop:2022-01-22 02:33-> 54109,51184,52805,52461,51205,53047,51707,52154,52041,1002129,52841,52915,52653,54226,54445,54548,54621,54641,54854,54994
Measurement id = 34899614 To popcluster49.atlas.winet.dcc.ufmg.br  created -> start :2022-01-21 18:13 estimation of stop:2022-01-22 02:33-> 54109,51184,52805,52461,51205,53047,51707,52154,52041,1002129,52841,52915,52653,54226,54445,54548,54621,54641,54854,54994
Measurement id = 34899615 To popcluster50.atlas.winet.dcc.ufmg.br  created -> start :2022-01-21 18:13 estimation of stop:2022-01-22 02:33-> 54109,51184,52805,52461,51205,53047,51707,52154,52041,1002129,52841,52915,52653,54226,54445,54548,54621,54641,54854,54994
Measurement id = 34899616 To popcluster51.atlas.winet.dcc.ufmg.br  created -> start :2022-01-21 18:13 estimation of stop:2022-01-22 02:33-> 54109,51184,52805,52461,51205,53047,51707,52154,52041,1002129,52841,52915,52653,54226,54445,54548,54621,54641,54854,54994
Measurement id = 34899617 To popcluster52.atlas.winet.dcc.ufmg.br  created -> start :2022-01-21 18:13 estimation of stop:2022-01-22 02:33-> 54109,51184,52805,52461,51205,53047,51707,52154,52041,1002129,52841,52915,52653,54226,54445,54548,54621,54641,54854,54994
Measurement id = 34899618 To popcluster53.atlas.winet.dcc.ufmg.br  created -> start :2022-01-21 18:13 estimation of stop:2022-01-22 02:33-> 54109,51184,52805,52461,51205,53047,51707,52154,52041,1002129,52841,52915,52653,54226,54445,54548,54621,54641,54854,54994
Measurement id = 34899619 To popcluster54.atlas.winet.dcc.ufmg.br  created -> start :2022-01-21 18:13 estimation of stop:2022-01-22 02:33-> 54109,51184,52805,52461,51205,53047,51707,52154,52041,1002129,52841,52915,52653,54226,54445,54548,54621,54641,54854,54994
Measurement id = 34899620 To popcluster55.atlas.winet.dcc.ufmg.br  created -> start :2022-01-21 18:13 estimation of stop:2022-01-22 02:33-> 54109,51184,52805,52461,51205,53047,51707,52154,52041,1002129,52841,52915,52653,54226,54445,54548,54621,54641,54854,54994
Measurement id = 34899621 To popcluster56.atlas.winet.dcc.ufmg.br  created -> start :2022-01-21 18:13 estimation of stop:2022-01-22 02:33-> 54109,51184,52805,52461,51205,53047,51707,52154,52041,1002129,52841,52915,52653,54226,54445,54548,54621,54641,54854,54994
Measurement id = 34899622 To popcluster57.atlas.winet.dcc.ufmg.br  created -> start :2022-01-21 18:13 estimation of stop:2022-01-22 02:33-> 54109,51184,52805,52461,51205,53047,51707,52154,52041,1002129,52841,52915,52653,54226,54445,54548,54621,54641,54854,54994
Measurement id = 34899623 To popcluster58.atlas.winet.dcc.ufmg.br  created -> start :2022-01-21 18:13 estimation of stop:2022-01-22 02:33-> 54109,51184,52805,52461,51205,53047,51707,52154,52041,1002129,52841,52915,52653,54226,54445,54548,54621,54641,54854,54994
Measurement id = 34899624 To popcluster59.atlas.winet.dcc.ufmg.br  created -> start :2022-01-21 18:13 estimation of stop:2022-01-22 02:33-> 54109,51184,52805,52461,51205,53047,51707,52154,52041,1002129,52841,52915,52653,54226,54445,54548,54621,54641,54854,54994
Measurement id = 34899625 To popcluster60.atlas.winet.dcc.ufmg.br  created -> start :2022-01-21 18:13 estimation of stop:2022-01-22 02:33-> 54109,51184,52805,52461,51205,53047,51707,52154,52041,1002129,52841,52915,52653,54226,54445,54548,54621,54641,54854,54994
Measurement id = 34899626 To popcluster61.atlas.winet.dcc.ufmg.br  created -> start :2022-01-21 18:13 estimation of stop:2022-01-22 02:33-> 54109,51184,52805,52461,51205,53047,51707,52154,52041,1002129,52841,52915,52653,54226,54445,54548,54621,54641,54854,54994
Measurement id = 34899627 To popcluster62.atlas.winet.dcc.ufmg.br  created -> start :2022-01-21 18:13 estimation of stop:2022-01-22 02:33-> 54109,51184,52805,52461,51205,53047,51707,52154,52041,1002129,52841,52915,52653,54226,54445,54548,54621,54641,54854,54994
Measurement id = 34899628 To popcluster63.atlas.winet.dcc.ufmg.br  created -> start :2022-01-21 18:13 estimation of stop:2022-01-22 02:33-> 54109,51184,52805,52461,51205,53047,51707,52154,52041,1002129,52841,52915,52653,54226,54445,54548,54621,54641,54854,54994
Measurement id = 34899629 To popcluster64.atlas.winet.dcc.ufmg.br  created -> start :2022-01-21 18:13 estimation of stop:2022-01-22 02:33-> 54109,51184,52805,52461,51205,53047,51707,52154,52041,1002129,52841,52915,52653,54226,54445,54548,54621,54641,54854,54994
Measurement id = 34899630 To popcluster65.atlas.winet.dcc.ufmg.br  created -> start :2022-01-21 18:13 estimation of stop:2022-01-22 02:33-> 54109,51184,52805,52461,51205,53047,51707,52154,52041,1002129,52841,52915,52653,54226,54445,54548,54621,54641,54854,54994
Measurement id = 34899631 To popcluster66.atlas.winet.dcc.ufmg.br  created -> start :2022-01-21 18:13 estimation of stop:2022-01-22 02:33-> 54109,51184,52805,52461,51205,53047,51707,52154,52041,1002129,52841,52915,52653,54226,54445,54548,54621,54641,54854,54994
Measurement id = 34899632 To popcluster67.atlas.winet.dcc.ufmg.br  created -> start :2022-01-21 18:13 estimation of stop:2022-01-22 02:33-> 54109,51184,52805,52461,51205,53047,51707,52154,52041,1002129,52841,52915,52653,54226,54445,54548,54621,54641,54854,54994
Measurement id = 34899633 To popcluster68.atlas.winet.dcc.ufmg.br  created -> start :2022-01-21 18:13 estimation of stop:2022-01-22 02:33-> 54109,51184,52805,52461,51205,53047,51707,52154,52041,1002129,52841,52915,52653,54226,54445,54548,54621,54641,54854,54994
Measurement id = 34899634 To popcluster69.atlas.winet.dcc.ufmg.br  created -> start :2022-01-21 18:13 estimation of stop:2022-01-22 02:33-> 54109,51184,52805,52461,51205,53047,51707,52154,52041,1002129,52841,52915,52653,54226,54445,54548,54621,54641,54854,54994
Measurement id = 34899635 To popcluster70.atlas.winet.dcc.ufmg.br  created -> start :2022-01-21 18:13 estimation of stop:2022-01-22 02:33-> 54109,51184,52805,52461,51205,53047,51707,52154,52041,1002129,52841,52915,52653,54226,54445,54548,54621,54641,54854,54994
Measurement id = 34899636 To popcluster71.atlas.winet.dcc.ufmg.br  created -> start :2022-01-21 18:13 estimation of stop:2022-01-22 02:33-> 54109,51184,52805,52461,51205,53047,51707,52154,52041,1002129,52841,52915,52653,54226,54445,54548,54621,54641,54854,54994
Measurement id = 34899637 To popcluster72.atlas.winet.dcc.ufmg.br  created -> start :2022-01-21 18:13 estimation of stop:2022-01-22 02:33-> 54109,51184,52805,52461,51205,53047,51707,52154,52041,1002129,52841,52915,52653,54226,54445,54548,54621,54641,54854,54994
Measurement id = 34899638 To popcluster73.atlas.winet.dcc.ufmg.br  created -> start :2022-01-21 18:13 estimation of stop:2022-01-22 02:33-> 54109,51184,52805,52461,51205,53047,51707,52154,52041,1002129,52841,52915,52653,54226,54445,54548,54621,54641,54854,54994
Measurement id = 34899639 To popcluster74.atlas.winet.dcc.ufmg.br  created -> start :2022-01-21 18:13 estimation of stop:2022-01-22 02:33-> 54109,51184,52805,52461,51205,53047,51707,52154,52041,1002129,52841,52915,52653,54226,54445,54548,54621,54641,54854,54994
Measurement id = 34899640 To popcluster75.atlas.winet.dcc.ufmg.br  created -> start :2022-01-21 18:13 estimation of stop:2022-01-22 02:33-> 54109,51184,52805,52461,51205,53047,51707,52154,52041,1002129,52841,52915,52653,54226,54445,54548,54621,54641,54854,54994
Measurement id = 34899642 To popcluster76.atlas.winet.dcc.ufmg.br  created -> start :2022-01-21 18:13 estimation of stop:2022-01-22 02:33-> 54109,51184,52805,52461,51205,53047,51707,52154,52041,1002129,52841,52915,52653,54226,54445,54548,54621,54641,54854,54994
Measurement id = 34899643 To popcluster77.atlas.winet.dcc.ufmg.br  created -> start :2022-01-21 18:13 estimation of stop:2022-01-22 02:33-> 54109,51184,52805,52461,51205,53047,51707,52154,52041,1002129,52841,52915,52653,54226,54445,54548,54621,54641,54854,54994
Measurement id = 34899645 To popcluster78.atlas.winet.dcc.ufmg.br  created -> start :2022-01-21 18:13 estimation of stop:2022-01-22 02:33-> 54109,51184,52805,52461,51205,53047,51707,52154,52041,1002129,52841,52915,52653,54226,54445,54548,54621,54641,54854,54994
Measurement id = 34899646 To popcluster79.atlas.winet.dcc.ufmg.br  created -> start :2022-01-21 18:13 estimation of stop:2022-01-22 02:33-> 54109,51184,52805,52461,51205,53047,51707,52154,52041,1002129,52841,52915,52653,54226,54445,54548,54621,54641,54854,54994
Measurement id = 34899647 To popcluster80.atlas.winet.dcc.ufmg.br  created -> start :2022-01-21 18:13 estimation of stop:2022-01-22 02:33-> 54109,51184,52805,52461,51205,53047,51707,52154,52041,1002129,52841,52915,52653,54226,54445,54548,54621,54641,54854,54994
Measurement id = 34899649 To popcluster81.atlas.winet.dcc.ufmg.br  created -> start :2022-01-21 18:13 estimation of stop:2022-01-22 02:33-> 54109,51184,52805,52461,51205,53047,51707,52154,52041,1002129,52841,52915,52653,54226,54445,54548,54621,54641,54854,54994
Measurement id = 34899650 To popcluster82.atlas.winet.dcc.ufmg.br  created -> start :2022-01-21 18:13 estimation of stop:2022-01-22 02:33-> 54109,51184,52805,52461,51205,53047,51707,52154,52041,1002129,52841,52915,52653,54226,54445,54548,54621,54641,54854,54994
Measurement id = 34899652 To popcluster83.atlas.winet.dcc.ufmg.br  created -> start :2022-01-21 18:13 estimation of stop:2022-01-22 02:33-> 54109,51184,52805,52461,51205,53047,51707,52154,52041,1002129,52841,52915,52653,54226,54445,54548,54621,54641,54854,54994
Measurement id = 34899653 To popcluster84.atlas.winet.dcc.ufmg.br  created -> start :2022-01-21 18:13 estimation of stop:2022-01-22 02:33-> 54109,51184,52805,52461,51205,53047,51707,52154,52041,1002129,52841,52915,52653,54226,54445,54548,54621,54641,54854,54994
Measurement id = 34899654 To popcluster85.atlas.winet.dcc.ufmg.br  created -> start :2022-01-21 18:13 estimation of stop:2022-01-22 02:33-> 54109,51184,52805,52461,51205,53047,51707,52154,52041,1002129,52841,52915,52653,54226,54445,54548,54621,54641,54854,54994
Measurement id = 34899655 To popcluster86.atlas.winet.dcc.ufmg.br  created -> start :2022-01-21 18:13 estimation of stop:2022-01-22 02:33-> 54109,51184,52805,52461,51205,53047,51707,52154,52041,1002129,52841,52915,52653,54226,54445,54548,54621,54641,54854,54994
Measurement id = 34899657 To popcluster87.atlas.winet.dcc.ufmg.br  created -> start :2022-01-21 18:13 estimation of stop:2022-01-22 02:33-> 54109,51184,52805,52461,51205,53047,51707,52154,52041,1002129,52841,52915,52653,54226,54445,54548,54621,54641,54854,54994
Measurement id = 34899658 To popcluster88.atlas.winet.dcc.ufmg.br  created -> start :2022-01-21 18:13 estimation of stop:2022-01-22 02:33-> 54109,51184,52805,52461,51205,53047,51707,52154,52041,1002129,52841,52915,52653,54226,54445,54548,54621,54641,54854,54994
Measurement id = 34899659 To popcluster89.atlas.winet.dcc.ufmg.br  created -> start :2022-01-21 18:13 estimation of stop:2022-01-22 02:33-> 54109,51184,52805,52461,51205,53047,51707,52154,52041,1002129,52841,52915,52653,54226,54445,54548,54621,54641,54854,54994
Measurement id = 34899661 To popcluster90.atlas.winet.dcc.ufmg.br  created -> start :2022-01-21 18:13 estimation of stop:2022-01-22 02:33-> 54109,51184,52805,52461,51205,53047,51707,52154,52041,1002129,52841,52915,52653,54226,54445,54548,54621,54641,54854,54994
Measurement id = 34899662 To popcluster91.atlas.winet.dcc.ufmg.br  created -> start :2022-01-21 18:13 estimation of stop:2022-01-22 02:33-> 54109,51184,52805,52461,51205,53047,51707,52154,52041,1002129,52841,52915,52653,54226,54445,54548,54621,54641,54854,54994
Measurement id = 34899663 To popcluster92.atlas.winet.dcc.ufmg.br  created -> start :2022-01-21 18:13 estimation of stop:2022-01-22 02:33-> 54109,51184,52805,52461,51205,53047,51707,52154,52041,1002129,52841,52915,52653,54226,54445,54548,54621,54641,54854,54994
Measurement id = 34899664 To popcluster93.atlas.winet.dcc.ufmg.br  created -> start :2022-01-21 18:13 estimation of stop:2022-01-22 02:33-> 54109,51184,52805,52461,51205,53047,51707,52154,52041,1002129,52841,52915,52653,54226,54445,54548,54621,54641,54854,54994
Measurement id = 34899665 To popcluster94.atlas.winet.dcc.ufmg.br  created -> start :2022-01-21 18:13 estimation of stop:2022-01-22 02:33-> 54109,51184,52805,52461,51205,53047,51707,52154,52041,1002129,52841,52915,52653,54226,54445,54548,54621,54641,54854,54994
Measurement id = 34899666 To popcluster95.atlas.winet.dcc.ufmg.br  created -> start :2022-01-21 18:13 estimation of stop:2022-01-22 02:33-> 54109,51184,52805,52461,51205,53047,51707,52154,52041,1002129,52841,52915,52653,54226,54445,54548,54621,54641,54854,54994
Measurement id = 34899667 To popcluster96.atlas.winet.dcc.ufmg.br  created -> start :2022-01-21 18:13 estimation of stop:2022-01-22 02:33-> 54109,51184,52805,52461,51205,53047,51707,52154,52041,1002129,52841,52915,52653,54226,54445,54548,54621,54641,54854,54994
Measurement id = 34899668 To popcluster97.atlas.winet.dcc.ufmg.br  created -> start :2022-01-21 18:13 estimation of stop:2022-01-22 02:33-> 54109,51184,52805,52461,51205,53047,51707,52154,52041,1002129,52841,52915,52653,54226,54445,54548,54621,54641,54854,54994
Measurement id = 34899669 To popcluster98.atlas.winet.dcc.ufmg.br  created -> start :2022-01-21 18:13 estimation of stop:2022-01-22 02:33-> 54109,51184,52805,52461,51205,53047,51707,52154,52041,1002129,52841,52915,52653,54226,54445,54548,54621,54641,54854,54994
Measurement id = 34899670 To popcluster99.atlas.winet.dcc.ufmg.br  created -> start :2022-01-21 18:13 estimation of stop:2022-01-22 02:33-> 54109,51184,52805,52461,51205,53047,51707,52154,52041,1002129,52841,52915,52653,54226,54445,54548,54621,54641,54854,54994
Measurement id = 34899671 To popcluster100.atlas.winet.dcc.ufmg.br  created -> start :2022-01-21 18:13 estimation of stop:2022-01-22 02:33-> 54109,51184,52805,52461,51205,53047,51707,52154,52041,1002129,52841,52915,52653,54226,54445,54548,54621,54641,54854,54994
