Measurement id = 34762485 To popcluster1.atlas.winet.dcc.ufmg.br  created -> start :2022-01-08 13:03 estimation of stop:2022-01-08 21:23-> 33227,28708,28755,28831,28949,29393,29395,29771,30370,30795,31809,32111,32150,32203,32375,32430,32863,28796,30035,30104
Measurement id = 34762486 To popcluster2.atlas.winet.dcc.ufmg.br  created -> start :2022-01-08 13:03 estimation of stop:2022-01-08 21:23-> 33227,28708,28755,28831,28949,29393,29395,29771,30370,30795,31809,32111,32150,32203,32375,32430,32863,28796,30035,30104
Measurement id = 34762487 To popcluster3.atlas.winet.dcc.ufmg.br  created -> start :2022-01-08 13:03 estimation of stop:2022-01-08 21:23-> 33227,28708,28755,28831,28949,29393,29395,29771,30370,30795,31809,32111,32150,32203,32375,32430,32863,28796,30035,30104
Measurement id = 34762488 To popcluster4.atlas.winet.dcc.ufmg.br  created -> start :2022-01-08 13:03 estimation of stop:2022-01-08 21:23-> 33227,28708,28755,28831,28949,29393,29395,29771,30370,30795,31809,32111,32150,32203,32375,32430,32863,28796,30035,30104
Measurement id = 34762489 To popcluster5.atlas.winet.dcc.ufmg.br  created -> start :2022-01-08 13:03 estimation of stop:2022-01-08 21:23-> 33227,28708,28755,28831,28949,29393,29395,29771,30370,30795,31809,32111,32150,32203,32375,32430,32863,28796,30035,30104
Measurement id = 34762490 To popcluster6.atlas.winet.dcc.ufmg.br  created -> start :2022-01-08 13:03 estimation of stop:2022-01-08 21:23-> 33227,28708,28755,28831,28949,29393,29395,29771,30370,30795,31809,32111,32150,32203,32375,32430,32863,28796,30035,30104
Measurement id = 34762491 To popcluster7.atlas.winet.dcc.ufmg.br  created -> start :2022-01-08 13:03 estimation of stop:2022-01-08 21:23-> 33227,28708,28755,28831,28949,29393,29395,29771,30370,30795,31809,32111,32150,32203,32375,32430,32863,28796,30035,30104
Measurement id = 34762492 To popcluster8.atlas.winet.dcc.ufmg.br  created -> start :2022-01-08 13:03 estimation of stop:2022-01-08 21:23-> 33227,28708,28755,28831,28949,29393,29395,29771,30370,30795,31809,32111,32150,32203,32375,32430,32863,28796,30035,30104
Measurement id = 34762493 To popcluster9.atlas.winet.dcc.ufmg.br  created -> start :2022-01-08 13:03 estimation of stop:2022-01-08 21:23-> 33227,28708,28755,28831,28949,29393,29395,29771,30370,30795,31809,32111,32150,32203,32375,32430,32863,28796,30035,30104
Measurement id = 34762494 To popcluster10.atlas.winet.dcc.ufmg.br  created -> start :2022-01-08 13:03 estimation of stop:2022-01-08 21:23-> 33227,28708,28755,28831,28949,29393,29395,29771,30370,30795,31809,32111,32150,32203,32375,32430,32863,28796,30035,30104
Measurement id = 34762495 To popcluster11.atlas.winet.dcc.ufmg.br  created -> start :2022-01-08 13:03 estimation of stop:2022-01-08 21:23-> 33227,28708,28755,28831,28949,29393,29395,29771,30370,30795,31809,32111,32150,32203,32375,32430,32863,28796,30035,30104
Measurement id = 34762497 To popcluster12.atlas.winet.dcc.ufmg.br  created -> start :2022-01-08 13:03 estimation of stop:2022-01-08 21:23-> 33227,28708,28755,28831,28949,29393,29395,29771,30370,30795,31809,32111,32150,32203,32375,32430,32863,28796,30035,30104
Measurement id = 34762498 To popcluster13.atlas.winet.dcc.ufmg.br  created -> start :2022-01-08 13:03 estimation of stop:2022-01-08 21:23-> 33227,28708,28755,28831,28949,29393,29395,29771,30370,30795,31809,32111,32150,32203,32375,32430,32863,28796,30035,30104
Measurement id = 34762499 To popcluster14.atlas.winet.dcc.ufmg.br  created -> start :2022-01-08 13:03 estimation of stop:2022-01-08 21:23-> 33227,28708,28755,28831,28949,29393,29395,29771,30370,30795,31809,32111,32150,32203,32375,32430,32863,28796,30035,30104
Measurement id = 34762500 To popcluster15.atlas.winet.dcc.ufmg.br  created -> start :2022-01-08 13:03 estimation of stop:2022-01-08 21:23-> 33227,28708,28755,28831,28949,29393,29395,29771,30370,30795,31809,32111,32150,32203,32375,32430,32863,28796,30035,30104
Measurement id = 34762501 To popcluster16.atlas.winet.dcc.ufmg.br  created -> start :2022-01-08 13:03 estimation of stop:2022-01-08 21:23-> 33227,28708,28755,28831,28949,29393,29395,29771,30370,30795,31809,32111,32150,32203,32375,32430,32863,28796,30035,30104
Measurement id = 34762502 To popcluster17.atlas.winet.dcc.ufmg.br  created -> start :2022-01-08 13:03 estimation of stop:2022-01-08 21:23-> 33227,28708,28755,28831,28949,29393,29395,29771,30370,30795,31809,32111,32150,32203,32375,32430,32863,28796,30035,30104
Measurement id = 34762503 To popcluster18.atlas.winet.dcc.ufmg.br  created -> start :2022-01-08 13:03 estimation of stop:2022-01-08 21:23-> 33227,28708,28755,28831,28949,29393,29395,29771,30370,30795,31809,32111,32150,32203,32375,32430,32863,28796,30035,30104
Measurement id = 34762504 To popcluster19.atlas.winet.dcc.ufmg.br  created -> start :2022-01-08 13:03 estimation of stop:2022-01-08 21:23-> 33227,28708,28755,28831,28949,29393,29395,29771,30370,30795,31809,32111,32150,32203,32375,32430,32863,28796,30035,30104
Measurement id = 34762505 To popcluster20.atlas.winet.dcc.ufmg.br  created -> start :2022-01-08 13:03 estimation of stop:2022-01-08 21:23-> 33227,28708,28755,28831,28949,29393,29395,29771,30370,30795,31809,32111,32150,32203,32375,32430,32863,28796,30035,30104
Measurement id = 34762506 To popcluster21.atlas.winet.dcc.ufmg.br  created -> start :2022-01-08 13:03 estimation of stop:2022-01-08 21:23-> 33227,28708,28755,28831,28949,29393,29395,29771,30370,30795,31809,32111,32150,32203,32375,32430,32863,28796,30035,30104
Measurement id = 34762507 To popcluster22.atlas.winet.dcc.ufmg.br  created -> start :2022-01-08 13:03 estimation of stop:2022-01-08 21:23-> 33227,28708,28755,28831,28949,29393,29395,29771,30370,30795,31809,32111,32150,32203,32375,32430,32863,28796,30035,30104
Measurement id = 34762508 To popcluster23.atlas.winet.dcc.ufmg.br  created -> start :2022-01-08 13:03 estimation of stop:2022-01-08 21:23-> 33227,28708,28755,28831,28949,29393,29395,29771,30370,30795,31809,32111,32150,32203,32375,32430,32863,28796,30035,30104
Measurement id = 34762509 To popcluster24.atlas.winet.dcc.ufmg.br  created -> start :2022-01-08 13:03 estimation of stop:2022-01-08 21:23-> 33227,28708,28755,28831,28949,29393,29395,29771,30370,30795,31809,32111,32150,32203,32375,32430,32863,28796,30035,30104
Measurement id = 34762510 To popcluster25.atlas.winet.dcc.ufmg.br  created -> start :2022-01-08 13:03 estimation of stop:2022-01-08 21:23-> 33227,28708,28755,28831,28949,29393,29395,29771,30370,30795,31809,32111,32150,32203,32375,32430,32863,28796,30035,30104
Measurement id = 34762511 To popcluster26.atlas.winet.dcc.ufmg.br  created -> start :2022-01-08 13:03 estimation of stop:2022-01-08 21:23-> 33227,28708,28755,28831,28949,29393,29395,29771,30370,30795,31809,32111,32150,32203,32375,32430,32863,28796,30035,30104
Measurement id = 34762512 To popcluster27.atlas.winet.dcc.ufmg.br  created -> start :2022-01-08 13:03 estimation of stop:2022-01-08 21:23-> 33227,28708,28755,28831,28949,29393,29395,29771,30370,30795,31809,32111,32150,32203,32375,32430,32863,28796,30035,30104
Measurement id = 34762513 To popcluster28.atlas.winet.dcc.ufmg.br  created -> start :2022-01-08 13:03 estimation of stop:2022-01-08 21:23-> 33227,28708,28755,28831,28949,29393,29395,29771,30370,30795,31809,32111,32150,32203,32375,32430,32863,28796,30035,30104
Measurement id = 34762514 To popcluster29.atlas.winet.dcc.ufmg.br  created -> start :2022-01-08 13:03 estimation of stop:2022-01-08 21:23-> 33227,28708,28755,28831,28949,29393,29395,29771,30370,30795,31809,32111,32150,32203,32375,32430,32863,28796,30035,30104
Measurement id = 34762515 To popcluster30.atlas.winet.dcc.ufmg.br  created -> start :2022-01-08 13:03 estimation of stop:2022-01-08 21:23-> 33227,28708,28755,28831,28949,29393,29395,29771,30370,30795,31809,32111,32150,32203,32375,32430,32863,28796,30035,30104
Measurement id = 34762516 To popcluster31.atlas.winet.dcc.ufmg.br  created -> start :2022-01-08 13:03 estimation of stop:2022-01-08 21:23-> 33227,28708,28755,28831,28949,29393,29395,29771,30370,30795,31809,32111,32150,32203,32375,32430,32863,28796,30035,30104
Measurement id = 34762517 To popcluster32.atlas.winet.dcc.ufmg.br  created -> start :2022-01-08 13:03 estimation of stop:2022-01-08 21:23-> 33227,28708,28755,28831,28949,29393,29395,29771,30370,30795,31809,32111,32150,32203,32375,32430,32863,28796,30035,30104
Measurement id = 34762518 To popcluster33.atlas.winet.dcc.ufmg.br  created -> start :2022-01-08 13:03 estimation of stop:2022-01-08 21:23-> 33227,28708,28755,28831,28949,29393,29395,29771,30370,30795,31809,32111,32150,32203,32375,32430,32863,28796,30035,30104
Measurement id = 34762521 To popcluster34.atlas.winet.dcc.ufmg.br  created -> start :2022-01-08 13:03 estimation of stop:2022-01-08 21:23-> 33227,28708,28755,28831,28949,29393,29395,29771,30370,30795,31809,32111,32150,32203,32375,32430,32863,28796,30035,30104
Measurement id = 34762522 To popcluster35.atlas.winet.dcc.ufmg.br  created -> start :2022-01-08 13:03 estimation of stop:2022-01-08 21:23-> 33227,28708,28755,28831,28949,29393,29395,29771,30370,30795,31809,32111,32150,32203,32375,32430,32863,28796,30035,30104
Measurement id = 34762523 To popcluster36.atlas.winet.dcc.ufmg.br  created -> start :2022-01-08 13:03 estimation of stop:2022-01-08 21:23-> 33227,28708,28755,28831,28949,29393,29395,29771,30370,30795,31809,32111,32150,32203,32375,32430,32863,28796,30035,30104
Measurement id = 34762524 To popcluster37.atlas.winet.dcc.ufmg.br  created -> start :2022-01-08 13:03 estimation of stop:2022-01-08 21:23-> 33227,28708,28755,28831,28949,29393,29395,29771,30370,30795,31809,32111,32150,32203,32375,32430,32863,28796,30035,30104
Measurement id = 34762525 To popcluster38.atlas.winet.dcc.ufmg.br  created -> start :2022-01-08 13:03 estimation of stop:2022-01-08 21:23-> 33227,28708,28755,28831,28949,29393,29395,29771,30370,30795,31809,32111,32150,32203,32375,32430,32863,28796,30035,30104
Measurement id = 34762526 To popcluster39.atlas.winet.dcc.ufmg.br  created -> start :2022-01-08 13:03 estimation of stop:2022-01-08 21:23-> 33227,28708,28755,28831,28949,29393,29395,29771,30370,30795,31809,32111,32150,32203,32375,32430,32863,28796,30035,30104
Measurement id = 34762527 To popcluster40.atlas.winet.dcc.ufmg.br  created -> start :2022-01-08 13:03 estimation of stop:2022-01-08 21:23-> 33227,28708,28755,28831,28949,29393,29395,29771,30370,30795,31809,32111,32150,32203,32375,32430,32863,28796,30035,30104
Measurement id = 34762528 To popcluster41.atlas.winet.dcc.ufmg.br  created -> start :2022-01-08 13:03 estimation of stop:2022-01-08 21:23-> 33227,28708,28755,28831,28949,29393,29395,29771,30370,30795,31809,32111,32150,32203,32375,32430,32863,28796,30035,30104
Measurement id = 34762529 To popcluster42.atlas.winet.dcc.ufmg.br  created -> start :2022-01-08 13:03 estimation of stop:2022-01-08 21:23-> 33227,28708,28755,28831,28949,29393,29395,29771,30370,30795,31809,32111,32150,32203,32375,32430,32863,28796,30035,30104
Measurement id = 34762530 To popcluster43.atlas.winet.dcc.ufmg.br  created -> start :2022-01-08 13:03 estimation of stop:2022-01-08 21:23-> 33227,28708,28755,28831,28949,29393,29395,29771,30370,30795,31809,32111,32150,32203,32375,32430,32863,28796,30035,30104
Measurement id = 34762531 To popcluster44.atlas.winet.dcc.ufmg.br  created -> start :2022-01-08 13:03 estimation of stop:2022-01-08 21:23-> 33227,28708,28755,28831,28949,29393,29395,29771,30370,30795,31809,32111,32150,32203,32375,32430,32863,28796,30035,30104
Measurement id = 34762532 To popcluster45.atlas.winet.dcc.ufmg.br  created -> start :2022-01-08 13:03 estimation of stop:2022-01-08 21:23-> 33227,28708,28755,28831,28949,29393,29395,29771,30370,30795,31809,32111,32150,32203,32375,32430,32863,28796,30035,30104
Measurement id = 34762533 To popcluster46.atlas.winet.dcc.ufmg.br  created -> start :2022-01-08 13:03 estimation of stop:2022-01-08 21:23-> 33227,28708,28755,28831,28949,29393,29395,29771,30370,30795,31809,32111,32150,32203,32375,32430,32863,28796,30035,30104
Measurement id = 34762534 To popcluster47.atlas.winet.dcc.ufmg.br  created -> start :2022-01-08 13:03 estimation of stop:2022-01-08 21:23-> 33227,28708,28755,28831,28949,29393,29395,29771,30370,30795,31809,32111,32150,32203,32375,32430,32863,28796,30035,30104
Measurement id = 34762535 To popcluster48.atlas.winet.dcc.ufmg.br  created -> start :2022-01-08 13:03 estimation of stop:2022-01-08 21:23-> 33227,28708,28755,28831,28949,29393,29395,29771,30370,30795,31809,32111,32150,32203,32375,32430,32863,28796,30035,30104
Measurement id = 34762536 To popcluster49.atlas.winet.dcc.ufmg.br  created -> start :2022-01-08 13:03 estimation of stop:2022-01-08 21:23-> 33227,28708,28755,28831,28949,29393,29395,29771,30370,30795,31809,32111,32150,32203,32375,32430,32863,28796,30035,30104
Measurement id = 34762537 To popcluster50.atlas.winet.dcc.ufmg.br  created -> start :2022-01-08 13:03 estimation of stop:2022-01-08 21:23-> 33227,28708,28755,28831,28949,29393,29395,29771,30370,30795,31809,32111,32150,32203,32375,32430,32863,28796,30035,30104
Measurement id = 34762539 To popcluster51.atlas.winet.dcc.ufmg.br  created -> start :2022-01-08 13:03 estimation of stop:2022-01-08 21:23-> 33227,28708,28755,28831,28949,29393,29395,29771,30370,30795,31809,32111,32150,32203,32375,32430,32863,28796,30035,30104
Measurement id = 34762540 To popcluster52.atlas.winet.dcc.ufmg.br  created -> start :2022-01-08 13:03 estimation of stop:2022-01-08 21:23-> 33227,28708,28755,28831,28949,29393,29395,29771,30370,30795,31809,32111,32150,32203,32375,32430,32863,28796,30035,30104
Measurement id = 34762542 To popcluster53.atlas.winet.dcc.ufmg.br  created -> start :2022-01-08 13:03 estimation of stop:2022-01-08 21:23-> 33227,28708,28755,28831,28949,29393,29395,29771,30370,30795,31809,32111,32150,32203,32375,32430,32863,28796,30035,30104
Measurement id = 34762543 To popcluster54.atlas.winet.dcc.ufmg.br  created -> start :2022-01-08 13:03 estimation of stop:2022-01-08 21:23-> 33227,28708,28755,28831,28949,29393,29395,29771,30370,30795,31809,32111,32150,32203,32375,32430,32863,28796,30035,30104
Measurement id = 34762544 To popcluster55.atlas.winet.dcc.ufmg.br  created -> start :2022-01-08 13:03 estimation of stop:2022-01-08 21:23-> 33227,28708,28755,28831,28949,29393,29395,29771,30370,30795,31809,32111,32150,32203,32375,32430,32863,28796,30035,30104
Measurement id = 34762545 To popcluster56.atlas.winet.dcc.ufmg.br  created -> start :2022-01-08 13:03 estimation of stop:2022-01-08 21:23-> 33227,28708,28755,28831,28949,29393,29395,29771,30370,30795,31809,32111,32150,32203,32375,32430,32863,28796,30035,30104
Measurement id = 34762546 To popcluster57.atlas.winet.dcc.ufmg.br  created -> start :2022-01-08 13:03 estimation of stop:2022-01-08 21:23-> 33227,28708,28755,28831,28949,29393,29395,29771,30370,30795,31809,32111,32150,32203,32375,32430,32863,28796,30035,30104
Measurement id = 34762547 To popcluster58.atlas.winet.dcc.ufmg.br  created -> start :2022-01-08 13:03 estimation of stop:2022-01-08 21:23-> 33227,28708,28755,28831,28949,29393,29395,29771,30370,30795,31809,32111,32150,32203,32375,32430,32863,28796,30035,30104
Measurement id = 34762548 To popcluster59.atlas.winet.dcc.ufmg.br  created -> start :2022-01-08 13:03 estimation of stop:2022-01-08 21:23-> 33227,28708,28755,28831,28949,29393,29395,29771,30370,30795,31809,32111,32150,32203,32375,32430,32863,28796,30035,30104
Measurement id = 34762549 To popcluster60.atlas.winet.dcc.ufmg.br  created -> start :2022-01-08 13:03 estimation of stop:2022-01-08 21:23-> 33227,28708,28755,28831,28949,29393,29395,29771,30370,30795,31809,32111,32150,32203,32375,32430,32863,28796,30035,30104
Measurement id = 34762550 To popcluster61.atlas.winet.dcc.ufmg.br  created -> start :2022-01-08 13:03 estimation of stop:2022-01-08 21:23-> 33227,28708,28755,28831,28949,29393,29395,29771,30370,30795,31809,32111,32150,32203,32375,32430,32863,28796,30035,30104
Measurement id = 34762551 To popcluster62.atlas.winet.dcc.ufmg.br  created -> start :2022-01-08 13:03 estimation of stop:2022-01-08 21:23-> 33227,28708,28755,28831,28949,29393,29395,29771,30370,30795,31809,32111,32150,32203,32375,32430,32863,28796,30035,30104
Measurement id = 34762552 To popcluster63.atlas.winet.dcc.ufmg.br  created -> start :2022-01-08 13:03 estimation of stop:2022-01-08 21:23-> 33227,28708,28755,28831,28949,29393,29395,29771,30370,30795,31809,32111,32150,32203,32375,32430,32863,28796,30035,30104
Measurement id = 34762553 To popcluster64.atlas.winet.dcc.ufmg.br  created -> start :2022-01-08 13:03 estimation of stop:2022-01-08 21:23-> 33227,28708,28755,28831,28949,29393,29395,29771,30370,30795,31809,32111,32150,32203,32375,32430,32863,28796,30035,30104
Measurement id = 34762554 To popcluster65.atlas.winet.dcc.ufmg.br  created -> start :2022-01-08 13:03 estimation of stop:2022-01-08 21:23-> 33227,28708,28755,28831,28949,29393,29395,29771,30370,30795,31809,32111,32150,32203,32375,32430,32863,28796,30035,30104
Measurement id = 34762555 To popcluster66.atlas.winet.dcc.ufmg.br  created -> start :2022-01-08 13:03 estimation of stop:2022-01-08 21:23-> 33227,28708,28755,28831,28949,29393,29395,29771,30370,30795,31809,32111,32150,32203,32375,32430,32863,28796,30035,30104
Measurement id = 34762556 To popcluster67.atlas.winet.dcc.ufmg.br  created -> start :2022-01-08 13:03 estimation of stop:2022-01-08 21:23-> 33227,28708,28755,28831,28949,29393,29395,29771,30370,30795,31809,32111,32150,32203,32375,32430,32863,28796,30035,30104
Measurement id = 34762557 To popcluster68.atlas.winet.dcc.ufmg.br  created -> start :2022-01-08 13:03 estimation of stop:2022-01-08 21:23-> 33227,28708,28755,28831,28949,29393,29395,29771,30370,30795,31809,32111,32150,32203,32375,32430,32863,28796,30035,30104
Measurement id = 34762560 To popcluster69.atlas.winet.dcc.ufmg.br  created -> start :2022-01-08 13:03 estimation of stop:2022-01-08 21:23-> 33227,28708,28755,28831,28949,29393,29395,29771,30370,30795,31809,32111,32150,32203,32375,32430,32863,28796,30035,30104
Measurement id = 34762561 To popcluster70.atlas.winet.dcc.ufmg.br  created -> start :2022-01-08 13:03 estimation of stop:2022-01-08 21:23-> 33227,28708,28755,28831,28949,29393,29395,29771,30370,30795,31809,32111,32150,32203,32375,32430,32863,28796,30035,30104
Measurement id = 34762562 To popcluster71.atlas.winet.dcc.ufmg.br  created -> start :2022-01-08 13:03 estimation of stop:2022-01-08 21:23-> 33227,28708,28755,28831,28949,29393,29395,29771,30370,30795,31809,32111,32150,32203,32375,32430,32863,28796,30035,30104
Measurement id = 34762563 To popcluster72.atlas.winet.dcc.ufmg.br  created -> start :2022-01-08 13:03 estimation of stop:2022-01-08 21:23-> 33227,28708,28755,28831,28949,29393,29395,29771,30370,30795,31809,32111,32150,32203,32375,32430,32863,28796,30035,30104
Measurement id = 34762564 To popcluster73.atlas.winet.dcc.ufmg.br  created -> start :2022-01-08 13:03 estimation of stop:2022-01-08 21:23-> 33227,28708,28755,28831,28949,29393,29395,29771,30370,30795,31809,32111,32150,32203,32375,32430,32863,28796,30035,30104
Measurement id = 34762565 To popcluster74.atlas.winet.dcc.ufmg.br  created -> start :2022-01-08 13:03 estimation of stop:2022-01-08 21:23-> 33227,28708,28755,28831,28949,29393,29395,29771,30370,30795,31809,32111,32150,32203,32375,32430,32863,28796,30035,30104
Measurement id = 34762566 To popcluster75.atlas.winet.dcc.ufmg.br  created -> start :2022-01-08 13:03 estimation of stop:2022-01-08 21:23-> 33227,28708,28755,28831,28949,29393,29395,29771,30370,30795,31809,32111,32150,32203,32375,32430,32863,28796,30035,30104
Measurement id = 34762567 To popcluster76.atlas.winet.dcc.ufmg.br  created -> start :2022-01-08 13:03 estimation of stop:2022-01-08 21:23-> 33227,28708,28755,28831,28949,29393,29395,29771,30370,30795,31809,32111,32150,32203,32375,32430,32863,28796,30035,30104
Measurement id = 34762568 To popcluster77.atlas.winet.dcc.ufmg.br  created -> start :2022-01-08 13:03 estimation of stop:2022-01-08 21:23-> 33227,28708,28755,28831,28949,29393,29395,29771,30370,30795,31809,32111,32150,32203,32375,32430,32863,28796,30035,30104
Measurement id = 34762569 To popcluster78.atlas.winet.dcc.ufmg.br  created -> start :2022-01-08 13:03 estimation of stop:2022-01-08 21:23-> 33227,28708,28755,28831,28949,29393,29395,29771,30370,30795,31809,32111,32150,32203,32375,32430,32863,28796,30035,30104
Measurement id = 34762570 To popcluster79.atlas.winet.dcc.ufmg.br  created -> start :2022-01-08 13:03 estimation of stop:2022-01-08 21:23-> 33227,28708,28755,28831,28949,29393,29395,29771,30370,30795,31809,32111,32150,32203,32375,32430,32863,28796,30035,30104
Measurement id = 34762571 To popcluster80.atlas.winet.dcc.ufmg.br  created -> start :2022-01-08 13:03 estimation of stop:2022-01-08 21:23-> 33227,28708,28755,28831,28949,29393,29395,29771,30370,30795,31809,32111,32150,32203,32375,32430,32863,28796,30035,30104
Measurement id = 34762572 To popcluster81.atlas.winet.dcc.ufmg.br  created -> start :2022-01-08 13:03 estimation of stop:2022-01-08 21:23-> 33227,28708,28755,28831,28949,29393,29395,29771,30370,30795,31809,32111,32150,32203,32375,32430,32863,28796,30035,30104
Measurement id = 34762573 To popcluster82.atlas.winet.dcc.ufmg.br  created -> start :2022-01-08 13:03 estimation of stop:2022-01-08 21:23-> 33227,28708,28755,28831,28949,29393,29395,29771,30370,30795,31809,32111,32150,32203,32375,32430,32863,28796,30035,30104
Measurement id = 34762575 To popcluster83.atlas.winet.dcc.ufmg.br  created -> start :2022-01-08 13:03 estimation of stop:2022-01-08 21:23-> 33227,28708,28755,28831,28949,29393,29395,29771,30370,30795,31809,32111,32150,32203,32375,32430,32863,28796,30035,30104
Measurement id = 34762576 To popcluster84.atlas.winet.dcc.ufmg.br  created -> start :2022-01-08 13:03 estimation of stop:2022-01-08 21:23-> 33227,28708,28755,28831,28949,29393,29395,29771,30370,30795,31809,32111,32150,32203,32375,32430,32863,28796,30035,30104
Measurement id = 34762577 To popcluster85.atlas.winet.dcc.ufmg.br  created -> start :2022-01-08 13:03 estimation of stop:2022-01-08 21:23-> 33227,28708,28755,28831,28949,29393,29395,29771,30370,30795,31809,32111,32150,32203,32375,32430,32863,28796,30035,30104
Measurement id = 34762578 To popcluster86.atlas.winet.dcc.ufmg.br  created -> start :2022-01-08 13:03 estimation of stop:2022-01-08 21:23-> 33227,28708,28755,28831,28949,29393,29395,29771,30370,30795,31809,32111,32150,32203,32375,32430,32863,28796,30035,30104
Measurement id = 34762579 To popcluster87.atlas.winet.dcc.ufmg.br  created -> start :2022-01-08 13:03 estimation of stop:2022-01-08 21:23-> 33227,28708,28755,28831,28949,29393,29395,29771,30370,30795,31809,32111,32150,32203,32375,32430,32863,28796,30035,30104
Measurement id = 34762581 To popcluster88.atlas.winet.dcc.ufmg.br  created -> start :2022-01-08 13:03 estimation of stop:2022-01-08 21:23-> 33227,28708,28755,28831,28949,29393,29395,29771,30370,30795,31809,32111,32150,32203,32375,32430,32863,28796,30035,30104
Measurement id = 34762582 To popcluster89.atlas.winet.dcc.ufmg.br  created -> start :2022-01-08 13:03 estimation of stop:2022-01-08 21:23-> 33227,28708,28755,28831,28949,29393,29395,29771,30370,30795,31809,32111,32150,32203,32375,32430,32863,28796,30035,30104
Measurement id = 34762583 To popcluster90.atlas.winet.dcc.ufmg.br  created -> start :2022-01-08 13:03 estimation of stop:2022-01-08 21:23-> 33227,28708,28755,28831,28949,29393,29395,29771,30370,30795,31809,32111,32150,32203,32375,32430,32863,28796,30035,30104
Measurement id = 34762584 To popcluster91.atlas.winet.dcc.ufmg.br  created -> start :2022-01-08 13:03 estimation of stop:2022-01-08 21:23-> 33227,28708,28755,28831,28949,29393,29395,29771,30370,30795,31809,32111,32150,32203,32375,32430,32863,28796,30035,30104
Measurement id = 34762586 To popcluster92.atlas.winet.dcc.ufmg.br  created -> start :2022-01-08 13:03 estimation of stop:2022-01-08 21:23-> 33227,28708,28755,28831,28949,29393,29395,29771,30370,30795,31809,32111,32150,32203,32375,32430,32863,28796,30035,30104
Measurement id = 34762587 To popcluster93.atlas.winet.dcc.ufmg.br  created -> start :2022-01-08 13:03 estimation of stop:2022-01-08 21:23-> 33227,28708,28755,28831,28949,29393,29395,29771,30370,30795,31809,32111,32150,32203,32375,32430,32863,28796,30035,30104
Measurement id = 34762588 To popcluster94.atlas.winet.dcc.ufmg.br  created -> start :2022-01-08 13:03 estimation of stop:2022-01-08 21:23-> 33227,28708,28755,28831,28949,29393,29395,29771,30370,30795,31809,32111,32150,32203,32375,32430,32863,28796,30035,30104
Measurement id = 34762589 To popcluster95.atlas.winet.dcc.ufmg.br  created -> start :2022-01-08 13:03 estimation of stop:2022-01-08 21:23-> 33227,28708,28755,28831,28949,29393,29395,29771,30370,30795,31809,32111,32150,32203,32375,32430,32863,28796,30035,30104
Measurement id = 34762590 To popcluster96.atlas.winet.dcc.ufmg.br  created -> start :2022-01-08 13:03 estimation of stop:2022-01-08 21:23-> 33227,28708,28755,28831,28949,29393,29395,29771,30370,30795,31809,32111,32150,32203,32375,32430,32863,28796,30035,30104
Measurement id = 34762591 To popcluster97.atlas.winet.dcc.ufmg.br  created -> start :2022-01-08 13:03 estimation of stop:2022-01-08 21:23-> 33227,28708,28755,28831,28949,29393,29395,29771,30370,30795,31809,32111,32150,32203,32375,32430,32863,28796,30035,30104
Measurement id = 34762592 To popcluster98.atlas.winet.dcc.ufmg.br  created -> start :2022-01-08 13:03 estimation of stop:2022-01-08 21:23-> 33227,28708,28755,28831,28949,29393,29395,29771,30370,30795,31809,32111,32150,32203,32375,32430,32863,28796,30035,30104
Measurement id = 34762593 To popcluster99.atlas.winet.dcc.ufmg.br  created -> start :2022-01-08 13:03 estimation of stop:2022-01-08 21:23-> 33227,28708,28755,28831,28949,29393,29395,29771,30370,30795,31809,32111,32150,32203,32375,32430,32863,28796,30035,30104
Measurement id = 34762594 To popcluster100.atlas.winet.dcc.ufmg.br  created -> start :2022-01-08 13:03 estimation of stop:2022-01-08 21:23-> 33227,28708,28755,28831,28949,29393,29395,29771,30370,30795,31809,32111,32150,32203,32375,32430,32863,28796,30035,30104
