Measurement id = 34768283 To popcluster1.atlas.winet.dcc.ufmg.br  created -> start :2022-01-09 13:27 estimation of stop:2022-01-09 21:47-> 30612,32783,29490,33144,32106,32869,32506,28956,29304,28760,28698,28726,55833,33248,33273,33282,33322,33356,33410,33415
Measurement id = 34768284 To popcluster2.atlas.winet.dcc.ufmg.br  created -> start :2022-01-09 13:27 estimation of stop:2022-01-09 21:47-> 30612,32783,29490,33144,32106,32869,32506,28956,29304,28760,28698,28726,55833,33248,33273,33282,33322,33356,33410,33415
Measurement id = 34768285 To popcluster3.atlas.winet.dcc.ufmg.br  created -> start :2022-01-09 13:27 estimation of stop:2022-01-09 21:47-> 30612,32783,29490,33144,32106,32869,32506,28956,29304,28760,28698,28726,55833,33248,33273,33282,33322,33356,33410,33415
Measurement id = 34768286 To popcluster4.atlas.winet.dcc.ufmg.br  created -> start :2022-01-09 13:27 estimation of stop:2022-01-09 21:47-> 30612,32783,29490,33144,32106,32869,32506,28956,29304,28760,28698,28726,55833,33248,33273,33282,33322,33356,33410,33415
Measurement id = 34768287 To popcluster5.atlas.winet.dcc.ufmg.br  created -> start :2022-01-09 13:27 estimation of stop:2022-01-09 21:47-> 30612,32783,29490,33144,32106,32869,32506,28956,29304,28760,28698,28726,55833,33248,33273,33282,33322,33356,33410,33415
Measurement id = 34768288 To popcluster6.atlas.winet.dcc.ufmg.br  created -> start :2022-01-09 13:27 estimation of stop:2022-01-09 21:47-> 30612,32783,29490,33144,32106,32869,32506,28956,29304,28760,28698,28726,55833,33248,33273,33282,33322,33356,33410,33415
Measurement id = 34768289 To popcluster7.atlas.winet.dcc.ufmg.br  created -> start :2022-01-09 13:27 estimation of stop:2022-01-09 21:47-> 30612,32783,29490,33144,32106,32869,32506,28956,29304,28760,28698,28726,55833,33248,33273,33282,33322,33356,33410,33415
Measurement id = 34768290 To popcluster8.atlas.winet.dcc.ufmg.br  created -> start :2022-01-09 13:27 estimation of stop:2022-01-09 21:47-> 30612,32783,29490,33144,32106,32869,32506,28956,29304,28760,28698,28726,55833,33248,33273,33282,33322,33356,33410,33415
Measurement id = 34768291 To popcluster9.atlas.winet.dcc.ufmg.br  created -> start :2022-01-09 13:27 estimation of stop:2022-01-09 21:47-> 30612,32783,29490,33144,32106,32869,32506,28956,29304,28760,28698,28726,55833,33248,33273,33282,33322,33356,33410,33415
Measurement id = 34768292 To popcluster10.atlas.winet.dcc.ufmg.br  created -> start :2022-01-09 13:27 estimation of stop:2022-01-09 21:47-> 30612,32783,29490,33144,32106,32869,32506,28956,29304,28760,28698,28726,55833,33248,33273,33282,33322,33356,33410,33415
Measurement id = 34768293 To popcluster11.atlas.winet.dcc.ufmg.br  created -> start :2022-01-09 13:27 estimation of stop:2022-01-09 21:47-> 30612,32783,29490,33144,32106,32869,32506,28956,29304,28760,28698,28726,55833,33248,33273,33282,33322,33356,33410,33415
Measurement id = 34768294 To popcluster12.atlas.winet.dcc.ufmg.br  created -> start :2022-01-09 13:27 estimation of stop:2022-01-09 21:47-> 30612,32783,29490,33144,32106,32869,32506,28956,29304,28760,28698,28726,55833,33248,33273,33282,33322,33356,33410,33415
Measurement id = 34768295 To popcluster13.atlas.winet.dcc.ufmg.br  created -> start :2022-01-09 13:27 estimation of stop:2022-01-09 21:47-> 30612,32783,29490,33144,32106,32869,32506,28956,29304,28760,28698,28726,55833,33248,33273,33282,33322,33356,33410,33415
Measurement id = 34768296 To popcluster14.atlas.winet.dcc.ufmg.br  created -> start :2022-01-09 13:27 estimation of stop:2022-01-09 21:47-> 30612,32783,29490,33144,32106,32869,32506,28956,29304,28760,28698,28726,55833,33248,33273,33282,33322,33356,33410,33415
Measurement id = 34768297 To popcluster15.atlas.winet.dcc.ufmg.br  created -> start :2022-01-09 13:27 estimation of stop:2022-01-09 21:47-> 30612,32783,29490,33144,32106,32869,32506,28956,29304,28760,28698,28726,55833,33248,33273,33282,33322,33356,33410,33415
Measurement id = 34768298 To popcluster16.atlas.winet.dcc.ufmg.br  created -> start :2022-01-09 13:27 estimation of stop:2022-01-09 21:47-> 30612,32783,29490,33144,32106,32869,32506,28956,29304,28760,28698,28726,55833,33248,33273,33282,33322,33356,33410,33415
Measurement id = 34768299 To popcluster17.atlas.winet.dcc.ufmg.br  created -> start :2022-01-09 13:27 estimation of stop:2022-01-09 21:47-> 30612,32783,29490,33144,32106,32869,32506,28956,29304,28760,28698,28726,55833,33248,33273,33282,33322,33356,33410,33415
Measurement id = 34768300 To popcluster18.atlas.winet.dcc.ufmg.br  created -> start :2022-01-09 13:27 estimation of stop:2022-01-09 21:47-> 30612,32783,29490,33144,32106,32869,32506,28956,29304,28760,28698,28726,55833,33248,33273,33282,33322,33356,33410,33415
Measurement id = 34768301 To popcluster19.atlas.winet.dcc.ufmg.br  created -> start :2022-01-09 13:27 estimation of stop:2022-01-09 21:47-> 30612,32783,29490,33144,32106,32869,32506,28956,29304,28760,28698,28726,55833,33248,33273,33282,33322,33356,33410,33415
Measurement id = 34768302 To popcluster20.atlas.winet.dcc.ufmg.br  created -> start :2022-01-09 13:27 estimation of stop:2022-01-09 21:47-> 30612,32783,29490,33144,32106,32869,32506,28956,29304,28760,28698,28726,55833,33248,33273,33282,33322,33356,33410,33415
Measurement id = 34768303 To popcluster21.atlas.winet.dcc.ufmg.br  created -> start :2022-01-09 13:27 estimation of stop:2022-01-09 21:47-> 30612,32783,29490,33144,32106,32869,32506,28956,29304,28760,28698,28726,55833,33248,33273,33282,33322,33356,33410,33415
Measurement id = 34768304 To popcluster22.atlas.winet.dcc.ufmg.br  created -> start :2022-01-09 13:27 estimation of stop:2022-01-09 21:47-> 30612,32783,29490,33144,32106,32869,32506,28956,29304,28760,28698,28726,55833,33248,33273,33282,33322,33356,33410,33415
Measurement id = 34768305 To popcluster23.atlas.winet.dcc.ufmg.br  created -> start :2022-01-09 13:27 estimation of stop:2022-01-09 21:47-> 30612,32783,29490,33144,32106,32869,32506,28956,29304,28760,28698,28726,55833,33248,33273,33282,33322,33356,33410,33415
Measurement id = 34768306 To popcluster24.atlas.winet.dcc.ufmg.br  created -> start :2022-01-09 13:27 estimation of stop:2022-01-09 21:47-> 30612,32783,29490,33144,32106,32869,32506,28956,29304,28760,28698,28726,55833,33248,33273,33282,33322,33356,33410,33415
Measurement id = 34768307 To popcluster25.atlas.winet.dcc.ufmg.br  created -> start :2022-01-09 13:27 estimation of stop:2022-01-09 21:47-> 30612,32783,29490,33144,32106,32869,32506,28956,29304,28760,28698,28726,55833,33248,33273,33282,33322,33356,33410,33415
Measurement id = 34768308 To popcluster26.atlas.winet.dcc.ufmg.br  created -> start :2022-01-09 13:27 estimation of stop:2022-01-09 21:47-> 30612,32783,29490,33144,32106,32869,32506,28956,29304,28760,28698,28726,55833,33248,33273,33282,33322,33356,33410,33415
Measurement id = 34768309 To popcluster27.atlas.winet.dcc.ufmg.br  created -> start :2022-01-09 13:27 estimation of stop:2022-01-09 21:47-> 30612,32783,29490,33144,32106,32869,32506,28956,29304,28760,28698,28726,55833,33248,33273,33282,33322,33356,33410,33415
Measurement id = 34768310 To popcluster28.atlas.winet.dcc.ufmg.br  created -> start :2022-01-09 13:27 estimation of stop:2022-01-09 21:47-> 30612,32783,29490,33144,32106,32869,32506,28956,29304,28760,28698,28726,55833,33248,33273,33282,33322,33356,33410,33415
Measurement id = 34768311 To popcluster29.atlas.winet.dcc.ufmg.br  created -> start :2022-01-09 13:27 estimation of stop:2022-01-09 21:47-> 30612,32783,29490,33144,32106,32869,32506,28956,29304,28760,28698,28726,55833,33248,33273,33282,33322,33356,33410,33415
Measurement id = 34768312 To popcluster30.atlas.winet.dcc.ufmg.br  created -> start :2022-01-09 13:27 estimation of stop:2022-01-09 21:47-> 30612,32783,29490,33144,32106,32869,32506,28956,29304,28760,28698,28726,55833,33248,33273,33282,33322,33356,33410,33415
Measurement id = 34768313 To popcluster31.atlas.winet.dcc.ufmg.br  created -> start :2022-01-09 13:27 estimation of stop:2022-01-09 21:47-> 30612,32783,29490,33144,32106,32869,32506,28956,29304,28760,28698,28726,55833,33248,33273,33282,33322,33356,33410,33415
Measurement id = 34768314 To popcluster32.atlas.winet.dcc.ufmg.br  created -> start :2022-01-09 13:27 estimation of stop:2022-01-09 21:47-> 30612,32783,29490,33144,32106,32869,32506,28956,29304,28760,28698,28726,55833,33248,33273,33282,33322,33356,33410,33415
Measurement id = 34768316 To popcluster33.atlas.winet.dcc.ufmg.br  created -> start :2022-01-09 13:27 estimation of stop:2022-01-09 21:47-> 30612,32783,29490,33144,32106,32869,32506,28956,29304,28760,28698,28726,55833,33248,33273,33282,33322,33356,33410,33415
Measurement id = 34768317 To popcluster34.atlas.winet.dcc.ufmg.br  created -> start :2022-01-09 13:27 estimation of stop:2022-01-09 21:47-> 30612,32783,29490,33144,32106,32869,32506,28956,29304,28760,28698,28726,55833,33248,33273,33282,33322,33356,33410,33415
Measurement id = 34768318 To popcluster35.atlas.winet.dcc.ufmg.br  created -> start :2022-01-09 13:27 estimation of stop:2022-01-09 21:47-> 30612,32783,29490,33144,32106,32869,32506,28956,29304,28760,28698,28726,55833,33248,33273,33282,33322,33356,33410,33415
Measurement id = 34768319 To popcluster36.atlas.winet.dcc.ufmg.br  created -> start :2022-01-09 13:27 estimation of stop:2022-01-09 21:47-> 30612,32783,29490,33144,32106,32869,32506,28956,29304,28760,28698,28726,55833,33248,33273,33282,33322,33356,33410,33415
Measurement id = 34768320 To popcluster37.atlas.winet.dcc.ufmg.br  created -> start :2022-01-09 13:27 estimation of stop:2022-01-09 21:47-> 30612,32783,29490,33144,32106,32869,32506,28956,29304,28760,28698,28726,55833,33248,33273,33282,33322,33356,33410,33415
Measurement id = 34768321 To popcluster38.atlas.winet.dcc.ufmg.br  created -> start :2022-01-09 13:27 estimation of stop:2022-01-09 21:47-> 30612,32783,29490,33144,32106,32869,32506,28956,29304,28760,28698,28726,55833,33248,33273,33282,33322,33356,33410,33415
Measurement id = 34768322 To popcluster39.atlas.winet.dcc.ufmg.br  created -> start :2022-01-09 13:27 estimation of stop:2022-01-09 21:47-> 30612,32783,29490,33144,32106,32869,32506,28956,29304,28760,28698,28726,55833,33248,33273,33282,33322,33356,33410,33415
Measurement id = 34768323 To popcluster40.atlas.winet.dcc.ufmg.br  created -> start :2022-01-09 13:27 estimation of stop:2022-01-09 21:47-> 30612,32783,29490,33144,32106,32869,32506,28956,29304,28760,28698,28726,55833,33248,33273,33282,33322,33356,33410,33415
Measurement id = 34768324 To popcluster41.atlas.winet.dcc.ufmg.br  created -> start :2022-01-09 13:27 estimation of stop:2022-01-09 21:47-> 30612,32783,29490,33144,32106,32869,32506,28956,29304,28760,28698,28726,55833,33248,33273,33282,33322,33356,33410,33415
Measurement id = 34768325 To popcluster42.atlas.winet.dcc.ufmg.br  created -> start :2022-01-09 13:27 estimation of stop:2022-01-09 21:47-> 30612,32783,29490,33144,32106,32869,32506,28956,29304,28760,28698,28726,55833,33248,33273,33282,33322,33356,33410,33415
Measurement id = 34768327 To popcluster43.atlas.winet.dcc.ufmg.br  created -> start :2022-01-09 13:27 estimation of stop:2022-01-09 21:47-> 30612,32783,29490,33144,32106,32869,32506,28956,29304,28760,28698,28726,55833,33248,33273,33282,33322,33356,33410,33415
Measurement id = 34768328 To popcluster44.atlas.winet.dcc.ufmg.br  created -> start :2022-01-09 13:27 estimation of stop:2022-01-09 21:47-> 30612,32783,29490,33144,32106,32869,32506,28956,29304,28760,28698,28726,55833,33248,33273,33282,33322,33356,33410,33415
Measurement id = 34768329 To popcluster45.atlas.winet.dcc.ufmg.br  created -> start :2022-01-09 13:27 estimation of stop:2022-01-09 21:47-> 30612,32783,29490,33144,32106,32869,32506,28956,29304,28760,28698,28726,55833,33248,33273,33282,33322,33356,33410,33415
Measurement id = 34768330 To popcluster46.atlas.winet.dcc.ufmg.br  created -> start :2022-01-09 13:27 estimation of stop:2022-01-09 21:47-> 30612,32783,29490,33144,32106,32869,32506,28956,29304,28760,28698,28726,55833,33248,33273,33282,33322,33356,33410,33415
Measurement id = 34768331 To popcluster47.atlas.winet.dcc.ufmg.br  created -> start :2022-01-09 13:27 estimation of stop:2022-01-09 21:47-> 30612,32783,29490,33144,32106,32869,32506,28956,29304,28760,28698,28726,55833,33248,33273,33282,33322,33356,33410,33415
Measurement id = 34768332 To popcluster48.atlas.winet.dcc.ufmg.br  created -> start :2022-01-09 13:27 estimation of stop:2022-01-09 21:47-> 30612,32783,29490,33144,32106,32869,32506,28956,29304,28760,28698,28726,55833,33248,33273,33282,33322,33356,33410,33415
Measurement id = 34768333 To popcluster49.atlas.winet.dcc.ufmg.br  created -> start :2022-01-09 13:27 estimation of stop:2022-01-09 21:47-> 30612,32783,29490,33144,32106,32869,32506,28956,29304,28760,28698,28726,55833,33248,33273,33282,33322,33356,33410,33415
Measurement id = 34768334 To popcluster50.atlas.winet.dcc.ufmg.br  created -> start :2022-01-09 13:27 estimation of stop:2022-01-09 21:47-> 30612,32783,29490,33144,32106,32869,32506,28956,29304,28760,28698,28726,55833,33248,33273,33282,33322,33356,33410,33415
Measurement id = 34768335 To popcluster51.atlas.winet.dcc.ufmg.br  created -> start :2022-01-09 13:27 estimation of stop:2022-01-09 21:47-> 30612,32783,29490,33144,32106,32869,32506,28956,29304,28760,28698,28726,55833,33248,33273,33282,33322,33356,33410,33415
Measurement id = 34768336 To popcluster52.atlas.winet.dcc.ufmg.br  created -> start :2022-01-09 13:27 estimation of stop:2022-01-09 21:47-> 30612,32783,29490,33144,32106,32869,32506,28956,29304,28760,28698,28726,55833,33248,33273,33282,33322,33356,33410,33415
Measurement id = 34768337 To popcluster53.atlas.winet.dcc.ufmg.br  created -> start :2022-01-09 13:27 estimation of stop:2022-01-09 21:47-> 30612,32783,29490,33144,32106,32869,32506,28956,29304,28760,28698,28726,55833,33248,33273,33282,33322,33356,33410,33415
Measurement id = 34768338 To popcluster54.atlas.winet.dcc.ufmg.br  created -> start :2022-01-09 13:27 estimation of stop:2022-01-09 21:47-> 30612,32783,29490,33144,32106,32869,32506,28956,29304,28760,28698,28726,55833,33248,33273,33282,33322,33356,33410,33415
Measurement id = 34768339 To popcluster55.atlas.winet.dcc.ufmg.br  created -> start :2022-01-09 13:27 estimation of stop:2022-01-09 21:47-> 30612,32783,29490,33144,32106,32869,32506,28956,29304,28760,28698,28726,55833,33248,33273,33282,33322,33356,33410,33415
Measurement id = 34768340 To popcluster56.atlas.winet.dcc.ufmg.br  created -> start :2022-01-09 13:27 estimation of stop:2022-01-09 21:47-> 30612,32783,29490,33144,32106,32869,32506,28956,29304,28760,28698,28726,55833,33248,33273,33282,33322,33356,33410,33415
Measurement id = 34768341 To popcluster57.atlas.winet.dcc.ufmg.br  created -> start :2022-01-09 13:27 estimation of stop:2022-01-09 21:47-> 30612,32783,29490,33144,32106,32869,32506,28956,29304,28760,28698,28726,55833,33248,33273,33282,33322,33356,33410,33415
Measurement id = 34768342 To popcluster58.atlas.winet.dcc.ufmg.br  created -> start :2022-01-09 13:27 estimation of stop:2022-01-09 21:47-> 30612,32783,29490,33144,32106,32869,32506,28956,29304,28760,28698,28726,55833,33248,33273,33282,33322,33356,33410,33415
Measurement id = 34768343 To popcluster59.atlas.winet.dcc.ufmg.br  created -> start :2022-01-09 13:27 estimation of stop:2022-01-09 21:47-> 30612,32783,29490,33144,32106,32869,32506,28956,29304,28760,28698,28726,55833,33248,33273,33282,33322,33356,33410,33415
Measurement id = 34768344 To popcluster60.atlas.winet.dcc.ufmg.br  created -> start :2022-01-09 13:27 estimation of stop:2022-01-09 21:47-> 30612,32783,29490,33144,32106,32869,32506,28956,29304,28760,28698,28726,55833,33248,33273,33282,33322,33356,33410,33415
Measurement id = 34768345 To popcluster61.atlas.winet.dcc.ufmg.br  created -> start :2022-01-09 13:27 estimation of stop:2022-01-09 21:47-> 30612,32783,29490,33144,32106,32869,32506,28956,29304,28760,28698,28726,55833,33248,33273,33282,33322,33356,33410,33415
Measurement id = 34768346 To popcluster62.atlas.winet.dcc.ufmg.br  created -> start :2022-01-09 13:27 estimation of stop:2022-01-09 21:47-> 30612,32783,29490,33144,32106,32869,32506,28956,29304,28760,28698,28726,55833,33248,33273,33282,33322,33356,33410,33415
Measurement id = 34768347 To popcluster63.atlas.winet.dcc.ufmg.br  created -> start :2022-01-09 13:27 estimation of stop:2022-01-09 21:47-> 30612,32783,29490,33144,32106,32869,32506,28956,29304,28760,28698,28726,55833,33248,33273,33282,33322,33356,33410,33415
Measurement id = 34768348 To popcluster64.atlas.winet.dcc.ufmg.br  created -> start :2022-01-09 13:27 estimation of stop:2022-01-09 21:47-> 30612,32783,29490,33144,32106,32869,32506,28956,29304,28760,28698,28726,55833,33248,33273,33282,33322,33356,33410,33415
Measurement id = 34768349 To popcluster65.atlas.winet.dcc.ufmg.br  created -> start :2022-01-09 13:27 estimation of stop:2022-01-09 21:47-> 30612,32783,29490,33144,32106,32869,32506,28956,29304,28760,28698,28726,55833,33248,33273,33282,33322,33356,33410,33415
Measurement id = 34768350 To popcluster66.atlas.winet.dcc.ufmg.br  created -> start :2022-01-09 13:27 estimation of stop:2022-01-09 21:47-> 30612,32783,29490,33144,32106,32869,32506,28956,29304,28760,28698,28726,55833,33248,33273,33282,33322,33356,33410,33415
Measurement id = 34768351 To popcluster67.atlas.winet.dcc.ufmg.br  created -> start :2022-01-09 13:27 estimation of stop:2022-01-09 21:47-> 30612,32783,29490,33144,32106,32869,32506,28956,29304,28760,28698,28726,55833,33248,33273,33282,33322,33356,33410,33415
Measurement id = 34768352 To popcluster68.atlas.winet.dcc.ufmg.br  created -> start :2022-01-09 13:27 estimation of stop:2022-01-09 21:47-> 30612,32783,29490,33144,32106,32869,32506,28956,29304,28760,28698,28726,55833,33248,33273,33282,33322,33356,33410,33415
Measurement id = 34768353 To popcluster69.atlas.winet.dcc.ufmg.br  created -> start :2022-01-09 13:27 estimation of stop:2022-01-09 21:47-> 30612,32783,29490,33144,32106,32869,32506,28956,29304,28760,28698,28726,55833,33248,33273,33282,33322,33356,33410,33415
Measurement id = 34768354 To popcluster70.atlas.winet.dcc.ufmg.br  created -> start :2022-01-09 13:27 estimation of stop:2022-01-09 21:47-> 30612,32783,29490,33144,32106,32869,32506,28956,29304,28760,28698,28726,55833,33248,33273,33282,33322,33356,33410,33415
Measurement id = 34768355 To popcluster71.atlas.winet.dcc.ufmg.br  created -> start :2022-01-09 13:27 estimation of stop:2022-01-09 21:47-> 30612,32783,29490,33144,32106,32869,32506,28956,29304,28760,28698,28726,55833,33248,33273,33282,33322,33356,33410,33415
Measurement id = 34768356 To popcluster72.atlas.winet.dcc.ufmg.br  created -> start :2022-01-09 13:27 estimation of stop:2022-01-09 21:47-> 30612,32783,29490,33144,32106,32869,32506,28956,29304,28760,28698,28726,55833,33248,33273,33282,33322,33356,33410,33415
Measurement id = 34768357 To popcluster73.atlas.winet.dcc.ufmg.br  created -> start :2022-01-09 13:27 estimation of stop:2022-01-09 21:47-> 30612,32783,29490,33144,32106,32869,32506,28956,29304,28760,28698,28726,55833,33248,33273,33282,33322,33356,33410,33415
Measurement id = 34768359 To popcluster74.atlas.winet.dcc.ufmg.br  created -> start :2022-01-09 13:27 estimation of stop:2022-01-09 21:47-> 30612,32783,29490,33144,32106,32869,32506,28956,29304,28760,28698,28726,55833,33248,33273,33282,33322,33356,33410,33415
Measurement id = 34768361 To popcluster75.atlas.winet.dcc.ufmg.br  created -> start :2022-01-09 13:27 estimation of stop:2022-01-09 21:47-> 30612,32783,29490,33144,32106,32869,32506,28956,29304,28760,28698,28726,55833,33248,33273,33282,33322,33356,33410,33415
Measurement id = 34768363 To popcluster76.atlas.winet.dcc.ufmg.br  created -> start :2022-01-09 13:27 estimation of stop:2022-01-09 21:47-> 30612,32783,29490,33144,32106,32869,32506,28956,29304,28760,28698,28726,55833,33248,33273,33282,33322,33356,33410,33415
Measurement id = 34768364 To popcluster77.atlas.winet.dcc.ufmg.br  created -> start :2022-01-09 13:27 estimation of stop:2022-01-09 21:47-> 30612,32783,29490,33144,32106,32869,32506,28956,29304,28760,28698,28726,55833,33248,33273,33282,33322,33356,33410,33415
Measurement id = 34768365 To popcluster78.atlas.winet.dcc.ufmg.br  created -> start :2022-01-09 13:27 estimation of stop:2022-01-09 21:47-> 30612,32783,29490,33144,32106,32869,32506,28956,29304,28760,28698,28726,55833,33248,33273,33282,33322,33356,33410,33415
Measurement id = 34768366 To popcluster79.atlas.winet.dcc.ufmg.br  created -> start :2022-01-09 13:27 estimation of stop:2022-01-09 21:47-> 30612,32783,29490,33144,32106,32869,32506,28956,29304,28760,28698,28726,55833,33248,33273,33282,33322,33356,33410,33415
Measurement id = 34768367 To popcluster80.atlas.winet.dcc.ufmg.br  created -> start :2022-01-09 13:27 estimation of stop:2022-01-09 21:47-> 30612,32783,29490,33144,32106,32869,32506,28956,29304,28760,28698,28726,55833,33248,33273,33282,33322,33356,33410,33415
Measurement id = 34768368 To popcluster81.atlas.winet.dcc.ufmg.br  created -> start :2022-01-09 13:27 estimation of stop:2022-01-09 21:47-> 30612,32783,29490,33144,32106,32869,32506,28956,29304,28760,28698,28726,55833,33248,33273,33282,33322,33356,33410,33415
Measurement id = 34768369 To popcluster82.atlas.winet.dcc.ufmg.br  created -> start :2022-01-09 13:27 estimation of stop:2022-01-09 21:47-> 30612,32783,29490,33144,32106,32869,32506,28956,29304,28760,28698,28726,55833,33248,33273,33282,33322,33356,33410,33415
Measurement id = 34768370 To popcluster83.atlas.winet.dcc.ufmg.br  created -> start :2022-01-09 13:27 estimation of stop:2022-01-09 21:47-> 30612,32783,29490,33144,32106,32869,32506,28956,29304,28760,28698,28726,55833,33248,33273,33282,33322,33356,33410,33415
Measurement id = 34768371 To popcluster84.atlas.winet.dcc.ufmg.br  created -> start :2022-01-09 13:27 estimation of stop:2022-01-09 21:47-> 30612,32783,29490,33144,32106,32869,32506,28956,29304,28760,28698,28726,55833,33248,33273,33282,33322,33356,33410,33415
Measurement id = 34768372 To popcluster85.atlas.winet.dcc.ufmg.br  created -> start :2022-01-09 13:27 estimation of stop:2022-01-09 21:47-> 30612,32783,29490,33144,32106,32869,32506,28956,29304,28760,28698,28726,55833,33248,33273,33282,33322,33356,33410,33415
Measurement id = 34768374 To popcluster86.atlas.winet.dcc.ufmg.br  created -> start :2022-01-09 13:27 estimation of stop:2022-01-09 21:47-> 30612,32783,29490,33144,32106,32869,32506,28956,29304,28760,28698,28726,55833,33248,33273,33282,33322,33356,33410,33415
Measurement id = 34768375 To popcluster87.atlas.winet.dcc.ufmg.br  created -> start :2022-01-09 13:27 estimation of stop:2022-01-09 21:47-> 30612,32783,29490,33144,32106,32869,32506,28956,29304,28760,28698,28726,55833,33248,33273,33282,33322,33356,33410,33415
Measurement id = 34768376 To popcluster88.atlas.winet.dcc.ufmg.br  created -> start :2022-01-09 13:27 estimation of stop:2022-01-09 21:47-> 30612,32783,29490,33144,32106,32869,32506,28956,29304,28760,28698,28726,55833,33248,33273,33282,33322,33356,33410,33415
Measurement id = 34768377 To popcluster89.atlas.winet.dcc.ufmg.br  created -> start :2022-01-09 13:27 estimation of stop:2022-01-09 21:47-> 30612,32783,29490,33144,32106,32869,32506,28956,29304,28760,28698,28726,55833,33248,33273,33282,33322,33356,33410,33415
Measurement id = 34768378 To popcluster90.atlas.winet.dcc.ufmg.br  created -> start :2022-01-09 13:27 estimation of stop:2022-01-09 21:47-> 30612,32783,29490,33144,32106,32869,32506,28956,29304,28760,28698,28726,55833,33248,33273,33282,33322,33356,33410,33415
Measurement id = 34768379 To popcluster91.atlas.winet.dcc.ufmg.br  created -> start :2022-01-09 13:27 estimation of stop:2022-01-09 21:47-> 30612,32783,29490,33144,32106,32869,32506,28956,29304,28760,28698,28726,55833,33248,33273,33282,33322,33356,33410,33415
Measurement id = 34768380 To popcluster92.atlas.winet.dcc.ufmg.br  created -> start :2022-01-09 13:27 estimation of stop:2022-01-09 21:47-> 30612,32783,29490,33144,32106,32869,32506,28956,29304,28760,28698,28726,55833,33248,33273,33282,33322,33356,33410,33415
Measurement id = 34768381 To popcluster93.atlas.winet.dcc.ufmg.br  created -> start :2022-01-09 13:27 estimation of stop:2022-01-09 21:47-> 30612,32783,29490,33144,32106,32869,32506,28956,29304,28760,28698,28726,55833,33248,33273,33282,33322,33356,33410,33415
Measurement id = 34768382 To popcluster94.atlas.winet.dcc.ufmg.br  created -> start :2022-01-09 13:27 estimation of stop:2022-01-09 21:47-> 30612,32783,29490,33144,32106,32869,32506,28956,29304,28760,28698,28726,55833,33248,33273,33282,33322,33356,33410,33415
Measurement id = 34768383 To popcluster95.atlas.winet.dcc.ufmg.br  created -> start :2022-01-09 13:27 estimation of stop:2022-01-09 21:47-> 30612,32783,29490,33144,32106,32869,32506,28956,29304,28760,28698,28726,55833,33248,33273,33282,33322,33356,33410,33415
Measurement id = 34768384 To popcluster96.atlas.winet.dcc.ufmg.br  created -> start :2022-01-09 13:27 estimation of stop:2022-01-09 21:47-> 30612,32783,29490,33144,32106,32869,32506,28956,29304,28760,28698,28726,55833,33248,33273,33282,33322,33356,33410,33415
Measurement id = 34768385 To popcluster97.atlas.winet.dcc.ufmg.br  created -> start :2022-01-09 13:27 estimation of stop:2022-01-09 21:47-> 30612,32783,29490,33144,32106,32869,32506,28956,29304,28760,28698,28726,55833,33248,33273,33282,33322,33356,33410,33415
Measurement id = 34768386 To popcluster98.atlas.winet.dcc.ufmg.br  created -> start :2022-01-09 13:27 estimation of stop:2022-01-09 21:47-> 30612,32783,29490,33144,32106,32869,32506,28956,29304,28760,28698,28726,55833,33248,33273,33282,33322,33356,33410,33415
Measurement id = 34768387 To popcluster99.atlas.winet.dcc.ufmg.br  created -> start :2022-01-09 13:27 estimation of stop:2022-01-09 21:47-> 30612,32783,29490,33144,32106,32869,32506,28956,29304,28760,28698,28726,55833,33248,33273,33282,33322,33356,33410,33415
Measurement id = 34768388 To popcluster100.atlas.winet.dcc.ufmg.br  created -> start :2022-01-09 13:27 estimation of stop:2022-01-09 21:47-> 30612,32783,29490,33144,32106,32869,32506,28956,29304,28760,28698,28726,55833,33248,33273,33282,33322,33356,33410,33415
