Measurement id = 34913918 To popcluster1.atlas.winet.dcc.ufmg.br  created -> start :2022-01-22 18:32 estimation of stop:2022-01-23 02:52-> 1000003,1000004,1000006,1000045,1000069,1000093,1000125,1000164,1000165,1000170,1000196,1000222,1000241,1000306,1000321,1000327,1000369,1000373,1000380,1000410
Measurement id = 34913921 To popcluster2.atlas.winet.dcc.ufmg.br  created -> start :2022-01-22 18:32 estimation of stop:2022-01-23 02:52-> 1000003,1000004,1000006,1000045,1000069,1000093,1000125,1000164,1000165,1000170,1000196,1000222,1000241,1000306,1000321,1000327,1000369,1000373,1000380,1000410
Measurement id = 34913923 To popcluster3.atlas.winet.dcc.ufmg.br  created -> start :2022-01-22 18:32 estimation of stop:2022-01-23 02:52-> 1000003,1000004,1000006,1000045,1000069,1000093,1000125,1000164,1000165,1000170,1000196,1000222,1000241,1000306,1000321,1000327,1000369,1000373,1000380,1000410
Measurement id = 34913924 To popcluster4.atlas.winet.dcc.ufmg.br  created -> start :2022-01-22 18:32 estimation of stop:2022-01-23 02:52-> 1000003,1000004,1000006,1000045,1000069,1000093,1000125,1000164,1000165,1000170,1000196,1000222,1000241,1000306,1000321,1000327,1000369,1000373,1000380,1000410
Measurement id = 34913925 To popcluster5.atlas.winet.dcc.ufmg.br  created -> start :2022-01-22 18:32 estimation of stop:2022-01-23 02:52-> 1000003,1000004,1000006,1000045,1000069,1000093,1000125,1000164,1000165,1000170,1000196,1000222,1000241,1000306,1000321,1000327,1000369,1000373,1000380,1000410
Measurement id = 34913926 To popcluster6.atlas.winet.dcc.ufmg.br  created -> start :2022-01-22 18:32 estimation of stop:2022-01-23 02:52-> 1000003,1000004,1000006,1000045,1000069,1000093,1000125,1000164,1000165,1000170,1000196,1000222,1000241,1000306,1000321,1000327,1000369,1000373,1000380,1000410
Measurement id = 34913928 To popcluster7.atlas.winet.dcc.ufmg.br  created -> start :2022-01-22 18:32 estimation of stop:2022-01-23 02:52-> 1000003,1000004,1000006,1000045,1000069,1000093,1000125,1000164,1000165,1000170,1000196,1000222,1000241,1000306,1000321,1000327,1000369,1000373,1000380,1000410
Measurement id = 34913929 To popcluster8.atlas.winet.dcc.ufmg.br  created -> start :2022-01-22 18:32 estimation of stop:2022-01-23 02:52-> 1000003,1000004,1000006,1000045,1000069,1000093,1000125,1000164,1000165,1000170,1000196,1000222,1000241,1000306,1000321,1000327,1000369,1000373,1000380,1000410
Measurement id = 34913930 To popcluster9.atlas.winet.dcc.ufmg.br  created -> start :2022-01-22 18:32 estimation of stop:2022-01-23 02:52-> 1000003,1000004,1000006,1000045,1000069,1000093,1000125,1000164,1000165,1000170,1000196,1000222,1000241,1000306,1000321,1000327,1000369,1000373,1000380,1000410
Measurement id = 34913931 To popcluster10.atlas.winet.dcc.ufmg.br  created -> start :2022-01-22 18:32 estimation of stop:2022-01-23 02:52-> 1000003,1000004,1000006,1000045,1000069,1000093,1000125,1000164,1000165,1000170,1000196,1000222,1000241,1000306,1000321,1000327,1000369,1000373,1000380,1000410
Measurement id = 34913932 To popcluster11.atlas.winet.dcc.ufmg.br  created -> start :2022-01-22 18:32 estimation of stop:2022-01-23 02:52-> 1000003,1000004,1000006,1000045,1000069,1000093,1000125,1000164,1000165,1000170,1000196,1000222,1000241,1000306,1000321,1000327,1000369,1000373,1000380,1000410
Measurement id = 34913933 To popcluster12.atlas.winet.dcc.ufmg.br  created -> start :2022-01-22 18:32 estimation of stop:2022-01-23 02:52-> 1000003,1000004,1000006,1000045,1000069,1000093,1000125,1000164,1000165,1000170,1000196,1000222,1000241,1000306,1000321,1000327,1000369,1000373,1000380,1000410
Measurement id = 34913934 To popcluster13.atlas.winet.dcc.ufmg.br  created -> start :2022-01-22 18:32 estimation of stop:2022-01-23 02:52-> 1000003,1000004,1000006,1000045,1000069,1000093,1000125,1000164,1000165,1000170,1000196,1000222,1000241,1000306,1000321,1000327,1000369,1000373,1000380,1000410
Measurement id = 34913935 To popcluster14.atlas.winet.dcc.ufmg.br  created -> start :2022-01-22 18:32 estimation of stop:2022-01-23 02:52-> 1000003,1000004,1000006,1000045,1000069,1000093,1000125,1000164,1000165,1000170,1000196,1000222,1000241,1000306,1000321,1000327,1000369,1000373,1000380,1000410
Measurement id = 34913937 To popcluster15.atlas.winet.dcc.ufmg.br  created -> start :2022-01-22 18:32 estimation of stop:2022-01-23 02:52-> 1000003,1000004,1000006,1000045,1000069,1000093,1000125,1000164,1000165,1000170,1000196,1000222,1000241,1000306,1000321,1000327,1000369,1000373,1000380,1000410
Measurement id = 34913938 To popcluster16.atlas.winet.dcc.ufmg.br  created -> start :2022-01-22 18:32 estimation of stop:2022-01-23 02:52-> 1000003,1000004,1000006,1000045,1000069,1000093,1000125,1000164,1000165,1000170,1000196,1000222,1000241,1000306,1000321,1000327,1000369,1000373,1000380,1000410
Measurement id = 34913939 To popcluster17.atlas.winet.dcc.ufmg.br  created -> start :2022-01-22 18:32 estimation of stop:2022-01-23 02:52-> 1000003,1000004,1000006,1000045,1000069,1000093,1000125,1000164,1000165,1000170,1000196,1000222,1000241,1000306,1000321,1000327,1000369,1000373,1000380,1000410
Measurement id = 34913940 To popcluster18.atlas.winet.dcc.ufmg.br  created -> start :2022-01-22 18:32 estimation of stop:2022-01-23 02:52-> 1000003,1000004,1000006,1000045,1000069,1000093,1000125,1000164,1000165,1000170,1000196,1000222,1000241,1000306,1000321,1000327,1000369,1000373,1000380,1000410
Measurement id = 34913941 To popcluster19.atlas.winet.dcc.ufmg.br  created -> start :2022-01-22 18:32 estimation of stop:2022-01-23 02:52-> 1000003,1000004,1000006,1000045,1000069,1000093,1000125,1000164,1000165,1000170,1000196,1000222,1000241,1000306,1000321,1000327,1000369,1000373,1000380,1000410
Measurement id = 34913942 To popcluster20.atlas.winet.dcc.ufmg.br  created -> start :2022-01-22 18:32 estimation of stop:2022-01-23 02:52-> 1000003,1000004,1000006,1000045,1000069,1000093,1000125,1000164,1000165,1000170,1000196,1000222,1000241,1000306,1000321,1000327,1000369,1000373,1000380,1000410
Measurement id = 34913943 To popcluster21.atlas.winet.dcc.ufmg.br  created -> start :2022-01-22 18:32 estimation of stop:2022-01-23 02:52-> 1000003,1000004,1000006,1000045,1000069,1000093,1000125,1000164,1000165,1000170,1000196,1000222,1000241,1000306,1000321,1000327,1000369,1000373,1000380,1000410
Measurement id = 34913944 To popcluster22.atlas.winet.dcc.ufmg.br  created -> start :2022-01-22 18:32 estimation of stop:2022-01-23 02:52-> 1000003,1000004,1000006,1000045,1000069,1000093,1000125,1000164,1000165,1000170,1000196,1000222,1000241,1000306,1000321,1000327,1000369,1000373,1000380,1000410
Measurement id = 34913947 To popcluster23.atlas.winet.dcc.ufmg.br  created -> start :2022-01-22 18:32 estimation of stop:2022-01-23 02:52-> 1000003,1000004,1000006,1000045,1000069,1000093,1000125,1000164,1000165,1000170,1000196,1000222,1000241,1000306,1000321,1000327,1000369,1000373,1000380,1000410
Measurement id = 34913948 To popcluster24.atlas.winet.dcc.ufmg.br  created -> start :2022-01-22 18:32 estimation of stop:2022-01-23 02:52-> 1000003,1000004,1000006,1000045,1000069,1000093,1000125,1000164,1000165,1000170,1000196,1000222,1000241,1000306,1000321,1000327,1000369,1000373,1000380,1000410
Measurement id = 34913949 To popcluster25.atlas.winet.dcc.ufmg.br  created -> start :2022-01-22 18:32 estimation of stop:2022-01-23 02:52-> 1000003,1000004,1000006,1000045,1000069,1000093,1000125,1000164,1000165,1000170,1000196,1000222,1000241,1000306,1000321,1000327,1000369,1000373,1000380,1000410
Measurement id = 34913950 To popcluster26.atlas.winet.dcc.ufmg.br  created -> start :2022-01-22 18:32 estimation of stop:2022-01-23 02:52-> 1000003,1000004,1000006,1000045,1000069,1000093,1000125,1000164,1000165,1000170,1000196,1000222,1000241,1000306,1000321,1000327,1000369,1000373,1000380,1000410
Measurement id = 34913952 To popcluster27.atlas.winet.dcc.ufmg.br  created -> start :2022-01-22 18:32 estimation of stop:2022-01-23 02:52-> 1000003,1000004,1000006,1000045,1000069,1000093,1000125,1000164,1000165,1000170,1000196,1000222,1000241,1000306,1000321,1000327,1000369,1000373,1000380,1000410
Measurement id = 34913953 To popcluster28.atlas.winet.dcc.ufmg.br  created -> start :2022-01-22 18:32 estimation of stop:2022-01-23 02:52-> 1000003,1000004,1000006,1000045,1000069,1000093,1000125,1000164,1000165,1000170,1000196,1000222,1000241,1000306,1000321,1000327,1000369,1000373,1000380,1000410
Measurement id = 34913954 To popcluster29.atlas.winet.dcc.ufmg.br  created -> start :2022-01-22 18:32 estimation of stop:2022-01-23 02:52-> 1000003,1000004,1000006,1000045,1000069,1000093,1000125,1000164,1000165,1000170,1000196,1000222,1000241,1000306,1000321,1000327,1000369,1000373,1000380,1000410
Measurement id = 34913955 To popcluster30.atlas.winet.dcc.ufmg.br  created -> start :2022-01-22 18:32 estimation of stop:2022-01-23 02:52-> 1000003,1000004,1000006,1000045,1000069,1000093,1000125,1000164,1000165,1000170,1000196,1000222,1000241,1000306,1000321,1000327,1000369,1000373,1000380,1000410
Measurement id = 34913957 To popcluster31.atlas.winet.dcc.ufmg.br  created -> start :2022-01-22 18:32 estimation of stop:2022-01-23 02:52-> 1000003,1000004,1000006,1000045,1000069,1000093,1000125,1000164,1000165,1000170,1000196,1000222,1000241,1000306,1000321,1000327,1000369,1000373,1000380,1000410
Measurement id = 34913958 To popcluster32.atlas.winet.dcc.ufmg.br  created -> start :2022-01-22 18:32 estimation of stop:2022-01-23 02:52-> 1000003,1000004,1000006,1000045,1000069,1000093,1000125,1000164,1000165,1000170,1000196,1000222,1000241,1000306,1000321,1000327,1000369,1000373,1000380,1000410
Measurement id = 34913959 To popcluster33.atlas.winet.dcc.ufmg.br  created -> start :2022-01-22 18:32 estimation of stop:2022-01-23 02:52-> 1000003,1000004,1000006,1000045,1000069,1000093,1000125,1000164,1000165,1000170,1000196,1000222,1000241,1000306,1000321,1000327,1000369,1000373,1000380,1000410
Measurement id = 34913960 To popcluster34.atlas.winet.dcc.ufmg.br  created -> start :2022-01-22 18:32 estimation of stop:2022-01-23 02:52-> 1000003,1000004,1000006,1000045,1000069,1000093,1000125,1000164,1000165,1000170,1000196,1000222,1000241,1000306,1000321,1000327,1000369,1000373,1000380,1000410
Measurement id = 34913961 To popcluster35.atlas.winet.dcc.ufmg.br  created -> start :2022-01-22 18:32 estimation of stop:2022-01-23 02:52-> 1000003,1000004,1000006,1000045,1000069,1000093,1000125,1000164,1000165,1000170,1000196,1000222,1000241,1000306,1000321,1000327,1000369,1000373,1000380,1000410
Measurement id = 34913962 To popcluster36.atlas.winet.dcc.ufmg.br  created -> start :2022-01-22 18:32 estimation of stop:2022-01-23 02:52-> 1000003,1000004,1000006,1000045,1000069,1000093,1000125,1000164,1000165,1000170,1000196,1000222,1000241,1000306,1000321,1000327,1000369,1000373,1000380,1000410
Measurement id = 34913964 To popcluster37.atlas.winet.dcc.ufmg.br  created -> start :2022-01-22 18:32 estimation of stop:2022-01-23 02:52-> 1000003,1000004,1000006,1000045,1000069,1000093,1000125,1000164,1000165,1000170,1000196,1000222,1000241,1000306,1000321,1000327,1000369,1000373,1000380,1000410
Measurement id = 34913965 To popcluster38.atlas.winet.dcc.ufmg.br  created -> start :2022-01-22 18:32 estimation of stop:2022-01-23 02:52-> 1000003,1000004,1000006,1000045,1000069,1000093,1000125,1000164,1000165,1000170,1000196,1000222,1000241,1000306,1000321,1000327,1000369,1000373,1000380,1000410
Measurement id = 34913966 To popcluster39.atlas.winet.dcc.ufmg.br  created -> start :2022-01-22 18:32 estimation of stop:2022-01-23 02:52-> 1000003,1000004,1000006,1000045,1000069,1000093,1000125,1000164,1000165,1000170,1000196,1000222,1000241,1000306,1000321,1000327,1000369,1000373,1000380,1000410
Measurement id = 34913967 To popcluster40.atlas.winet.dcc.ufmg.br  created -> start :2022-01-22 18:32 estimation of stop:2022-01-23 02:52-> 1000003,1000004,1000006,1000045,1000069,1000093,1000125,1000164,1000165,1000170,1000196,1000222,1000241,1000306,1000321,1000327,1000369,1000373,1000380,1000410
Measurement id = 34913968 To popcluster41.atlas.winet.dcc.ufmg.br  created -> start :2022-01-22 18:32 estimation of stop:2022-01-23 02:52-> 1000003,1000004,1000006,1000045,1000069,1000093,1000125,1000164,1000165,1000170,1000196,1000222,1000241,1000306,1000321,1000327,1000369,1000373,1000380,1000410
Measurement id = 34913969 To popcluster42.atlas.winet.dcc.ufmg.br  created -> start :2022-01-22 18:32 estimation of stop:2022-01-23 02:52-> 1000003,1000004,1000006,1000045,1000069,1000093,1000125,1000164,1000165,1000170,1000196,1000222,1000241,1000306,1000321,1000327,1000369,1000373,1000380,1000410
Measurement id = 34913970 To popcluster43.atlas.winet.dcc.ufmg.br  created -> start :2022-01-22 18:32 estimation of stop:2022-01-23 02:52-> 1000003,1000004,1000006,1000045,1000069,1000093,1000125,1000164,1000165,1000170,1000196,1000222,1000241,1000306,1000321,1000327,1000369,1000373,1000380,1000410
Measurement id = 34913971 To popcluster44.atlas.winet.dcc.ufmg.br  created -> start :2022-01-22 18:32 estimation of stop:2022-01-23 02:52-> 1000003,1000004,1000006,1000045,1000069,1000093,1000125,1000164,1000165,1000170,1000196,1000222,1000241,1000306,1000321,1000327,1000369,1000373,1000380,1000410
Measurement id = 34913972 To popcluster45.atlas.winet.dcc.ufmg.br  created -> start :2022-01-22 18:32 estimation of stop:2022-01-23 02:52-> 1000003,1000004,1000006,1000045,1000069,1000093,1000125,1000164,1000165,1000170,1000196,1000222,1000241,1000306,1000321,1000327,1000369,1000373,1000380,1000410
Measurement id = 34913973 To popcluster46.atlas.winet.dcc.ufmg.br  created -> start :2022-01-22 18:32 estimation of stop:2022-01-23 02:52-> 1000003,1000004,1000006,1000045,1000069,1000093,1000125,1000164,1000165,1000170,1000196,1000222,1000241,1000306,1000321,1000327,1000369,1000373,1000380,1000410
Measurement id = 34913974 To popcluster47.atlas.winet.dcc.ufmg.br  created -> start :2022-01-22 18:32 estimation of stop:2022-01-23 02:52-> 1000003,1000004,1000006,1000045,1000069,1000093,1000125,1000164,1000165,1000170,1000196,1000222,1000241,1000306,1000321,1000327,1000369,1000373,1000380,1000410
Measurement id = 34913975 To popcluster48.atlas.winet.dcc.ufmg.br  created -> start :2022-01-22 18:32 estimation of stop:2022-01-23 02:52-> 1000003,1000004,1000006,1000045,1000069,1000093,1000125,1000164,1000165,1000170,1000196,1000222,1000241,1000306,1000321,1000327,1000369,1000373,1000380,1000410
Measurement id = 34913976 To popcluster49.atlas.winet.dcc.ufmg.br  created -> start :2022-01-22 18:32 estimation of stop:2022-01-23 02:52-> 1000003,1000004,1000006,1000045,1000069,1000093,1000125,1000164,1000165,1000170,1000196,1000222,1000241,1000306,1000321,1000327,1000369,1000373,1000380,1000410
Measurement id = 34913977 To popcluster50.atlas.winet.dcc.ufmg.br  created -> start :2022-01-22 18:32 estimation of stop:2022-01-23 02:52-> 1000003,1000004,1000006,1000045,1000069,1000093,1000125,1000164,1000165,1000170,1000196,1000222,1000241,1000306,1000321,1000327,1000369,1000373,1000380,1000410
Measurement id = 34913978 To popcluster51.atlas.winet.dcc.ufmg.br  created -> start :2022-01-22 18:32 estimation of stop:2022-01-23 02:52-> 1000003,1000004,1000006,1000045,1000069,1000093,1000125,1000164,1000165,1000170,1000196,1000222,1000241,1000306,1000321,1000327,1000369,1000373,1000380,1000410
Measurement id = 34913980 To popcluster52.atlas.winet.dcc.ufmg.br  created -> start :2022-01-22 18:32 estimation of stop:2022-01-23 02:52-> 1000003,1000004,1000006,1000045,1000069,1000093,1000125,1000164,1000165,1000170,1000196,1000222,1000241,1000306,1000321,1000327,1000369,1000373,1000380,1000410
Measurement id = 34913981 To popcluster53.atlas.winet.dcc.ufmg.br  created -> start :2022-01-22 18:32 estimation of stop:2022-01-23 02:52-> 1000003,1000004,1000006,1000045,1000069,1000093,1000125,1000164,1000165,1000170,1000196,1000222,1000241,1000306,1000321,1000327,1000369,1000373,1000380,1000410
Measurement id = 34913982 To popcluster54.atlas.winet.dcc.ufmg.br  created -> start :2022-01-22 18:32 estimation of stop:2022-01-23 02:52-> 1000003,1000004,1000006,1000045,1000069,1000093,1000125,1000164,1000165,1000170,1000196,1000222,1000241,1000306,1000321,1000327,1000369,1000373,1000380,1000410
Measurement id = 34913983 To popcluster55.atlas.winet.dcc.ufmg.br  created -> start :2022-01-22 18:32 estimation of stop:2022-01-23 02:52-> 1000003,1000004,1000006,1000045,1000069,1000093,1000125,1000164,1000165,1000170,1000196,1000222,1000241,1000306,1000321,1000327,1000369,1000373,1000380,1000410
Measurement id = 34913984 To popcluster56.atlas.winet.dcc.ufmg.br  created -> start :2022-01-22 18:32 estimation of stop:2022-01-23 02:52-> 1000003,1000004,1000006,1000045,1000069,1000093,1000125,1000164,1000165,1000170,1000196,1000222,1000241,1000306,1000321,1000327,1000369,1000373,1000380,1000410
Measurement id = 34913985 To popcluster57.atlas.winet.dcc.ufmg.br  created -> start :2022-01-22 18:32 estimation of stop:2022-01-23 02:52-> 1000003,1000004,1000006,1000045,1000069,1000093,1000125,1000164,1000165,1000170,1000196,1000222,1000241,1000306,1000321,1000327,1000369,1000373,1000380,1000410
Measurement id = 34913987 To popcluster58.atlas.winet.dcc.ufmg.br  created -> start :2022-01-22 18:32 estimation of stop:2022-01-23 02:52-> 1000003,1000004,1000006,1000045,1000069,1000093,1000125,1000164,1000165,1000170,1000196,1000222,1000241,1000306,1000321,1000327,1000369,1000373,1000380,1000410
Measurement id = 34913988 To popcluster59.atlas.winet.dcc.ufmg.br  created -> start :2022-01-22 18:32 estimation of stop:2022-01-23 02:52-> 1000003,1000004,1000006,1000045,1000069,1000093,1000125,1000164,1000165,1000170,1000196,1000222,1000241,1000306,1000321,1000327,1000369,1000373,1000380,1000410
Measurement id = 34913989 To popcluster60.atlas.winet.dcc.ufmg.br  created -> start :2022-01-22 18:32 estimation of stop:2022-01-23 02:52-> 1000003,1000004,1000006,1000045,1000069,1000093,1000125,1000164,1000165,1000170,1000196,1000222,1000241,1000306,1000321,1000327,1000369,1000373,1000380,1000410
Measurement id = 34913990 To popcluster61.atlas.winet.dcc.ufmg.br  created -> start :2022-01-22 18:32 estimation of stop:2022-01-23 02:52-> 1000003,1000004,1000006,1000045,1000069,1000093,1000125,1000164,1000165,1000170,1000196,1000222,1000241,1000306,1000321,1000327,1000369,1000373,1000380,1000410
Measurement id = 34913991 To popcluster62.atlas.winet.dcc.ufmg.br  created -> start :2022-01-22 18:32 estimation of stop:2022-01-23 02:52-> 1000003,1000004,1000006,1000045,1000069,1000093,1000125,1000164,1000165,1000170,1000196,1000222,1000241,1000306,1000321,1000327,1000369,1000373,1000380,1000410
Measurement id = 34913992 To popcluster63.atlas.winet.dcc.ufmg.br  created -> start :2022-01-22 18:32 estimation of stop:2022-01-23 02:52-> 1000003,1000004,1000006,1000045,1000069,1000093,1000125,1000164,1000165,1000170,1000196,1000222,1000241,1000306,1000321,1000327,1000369,1000373,1000380,1000410
Measurement id = 34913993 To popcluster64.atlas.winet.dcc.ufmg.br  created -> start :2022-01-22 18:32 estimation of stop:2022-01-23 02:52-> 1000003,1000004,1000006,1000045,1000069,1000093,1000125,1000164,1000165,1000170,1000196,1000222,1000241,1000306,1000321,1000327,1000369,1000373,1000380,1000410
Measurement id = 34913994 To popcluster65.atlas.winet.dcc.ufmg.br  created -> start :2022-01-22 18:32 estimation of stop:2022-01-23 02:52-> 1000003,1000004,1000006,1000045,1000069,1000093,1000125,1000164,1000165,1000170,1000196,1000222,1000241,1000306,1000321,1000327,1000369,1000373,1000380,1000410
Measurement id = 34913995 To popcluster66.atlas.winet.dcc.ufmg.br  created -> start :2022-01-22 18:32 estimation of stop:2022-01-23 02:52-> 1000003,1000004,1000006,1000045,1000069,1000093,1000125,1000164,1000165,1000170,1000196,1000222,1000241,1000306,1000321,1000327,1000369,1000373,1000380,1000410
Measurement id = 34913997 To popcluster67.atlas.winet.dcc.ufmg.br  created -> start :2022-01-22 18:32 estimation of stop:2022-01-23 02:52-> 1000003,1000004,1000006,1000045,1000069,1000093,1000125,1000164,1000165,1000170,1000196,1000222,1000241,1000306,1000321,1000327,1000369,1000373,1000380,1000410
Measurement id = 34913998 To popcluster68.atlas.winet.dcc.ufmg.br  created -> start :2022-01-22 18:32 estimation of stop:2022-01-23 02:52-> 1000003,1000004,1000006,1000045,1000069,1000093,1000125,1000164,1000165,1000170,1000196,1000222,1000241,1000306,1000321,1000327,1000369,1000373,1000380,1000410
Measurement id = 34913999 To popcluster69.atlas.winet.dcc.ufmg.br  created -> start :2022-01-22 18:32 estimation of stop:2022-01-23 02:52-> 1000003,1000004,1000006,1000045,1000069,1000093,1000125,1000164,1000165,1000170,1000196,1000222,1000241,1000306,1000321,1000327,1000369,1000373,1000380,1000410
Measurement id = 34914000 To popcluster70.atlas.winet.dcc.ufmg.br  created -> start :2022-01-22 18:32 estimation of stop:2022-01-23 02:52-> 1000003,1000004,1000006,1000045,1000069,1000093,1000125,1000164,1000165,1000170,1000196,1000222,1000241,1000306,1000321,1000327,1000369,1000373,1000380,1000410
Measurement id = 34914001 To popcluster71.atlas.winet.dcc.ufmg.br  created -> start :2022-01-22 18:32 estimation of stop:2022-01-23 02:52-> 1000003,1000004,1000006,1000045,1000069,1000093,1000125,1000164,1000165,1000170,1000196,1000222,1000241,1000306,1000321,1000327,1000369,1000373,1000380,1000410
Measurement id = 34914002 To popcluster72.atlas.winet.dcc.ufmg.br  created -> start :2022-01-22 18:32 estimation of stop:2022-01-23 02:52-> 1000003,1000004,1000006,1000045,1000069,1000093,1000125,1000164,1000165,1000170,1000196,1000222,1000241,1000306,1000321,1000327,1000369,1000373,1000380,1000410
Measurement id = 34914003 To popcluster73.atlas.winet.dcc.ufmg.br  created -> start :2022-01-22 18:32 estimation of stop:2022-01-23 02:52-> 1000003,1000004,1000006,1000045,1000069,1000093,1000125,1000164,1000165,1000170,1000196,1000222,1000241,1000306,1000321,1000327,1000369,1000373,1000380,1000410
Measurement id = 34914004 To popcluster74.atlas.winet.dcc.ufmg.br  created -> start :2022-01-22 18:32 estimation of stop:2022-01-23 02:52-> 1000003,1000004,1000006,1000045,1000069,1000093,1000125,1000164,1000165,1000170,1000196,1000222,1000241,1000306,1000321,1000327,1000369,1000373,1000380,1000410
Measurement id = 34914005 To popcluster75.atlas.winet.dcc.ufmg.br  created -> start :2022-01-22 18:32 estimation of stop:2022-01-23 02:52-> 1000003,1000004,1000006,1000045,1000069,1000093,1000125,1000164,1000165,1000170,1000196,1000222,1000241,1000306,1000321,1000327,1000369,1000373,1000380,1000410
Measurement id = 34914006 To popcluster76.atlas.winet.dcc.ufmg.br  created -> start :2022-01-22 18:32 estimation of stop:2022-01-23 02:52-> 1000003,1000004,1000006,1000045,1000069,1000093,1000125,1000164,1000165,1000170,1000196,1000222,1000241,1000306,1000321,1000327,1000369,1000373,1000380,1000410
Measurement id = 34914007 To popcluster77.atlas.winet.dcc.ufmg.br  created -> start :2022-01-22 18:32 estimation of stop:2022-01-23 02:52-> 1000003,1000004,1000006,1000045,1000069,1000093,1000125,1000164,1000165,1000170,1000196,1000222,1000241,1000306,1000321,1000327,1000369,1000373,1000380,1000410
Measurement id = 34914009 To popcluster78.atlas.winet.dcc.ufmg.br  created -> start :2022-01-22 18:32 estimation of stop:2022-01-23 02:52-> 1000003,1000004,1000006,1000045,1000069,1000093,1000125,1000164,1000165,1000170,1000196,1000222,1000241,1000306,1000321,1000327,1000369,1000373,1000380,1000410
Measurement id = 34914010 To popcluster79.atlas.winet.dcc.ufmg.br  created -> start :2022-01-22 18:32 estimation of stop:2022-01-23 02:52-> 1000003,1000004,1000006,1000045,1000069,1000093,1000125,1000164,1000165,1000170,1000196,1000222,1000241,1000306,1000321,1000327,1000369,1000373,1000380,1000410
Measurement id = 34914011 To popcluster80.atlas.winet.dcc.ufmg.br  created -> start :2022-01-22 18:32 estimation of stop:2022-01-23 02:52-> 1000003,1000004,1000006,1000045,1000069,1000093,1000125,1000164,1000165,1000170,1000196,1000222,1000241,1000306,1000321,1000327,1000369,1000373,1000380,1000410
Measurement id = 34914012 To popcluster81.atlas.winet.dcc.ufmg.br  created -> start :2022-01-22 18:32 estimation of stop:2022-01-23 02:52-> 1000003,1000004,1000006,1000045,1000069,1000093,1000125,1000164,1000165,1000170,1000196,1000222,1000241,1000306,1000321,1000327,1000369,1000373,1000380,1000410
Measurement id = 34914013 To popcluster82.atlas.winet.dcc.ufmg.br  created -> start :2022-01-22 18:32 estimation of stop:2022-01-23 02:52-> 1000003,1000004,1000006,1000045,1000069,1000093,1000125,1000164,1000165,1000170,1000196,1000222,1000241,1000306,1000321,1000327,1000369,1000373,1000380,1000410
Measurement id = 34914014 To popcluster83.atlas.winet.dcc.ufmg.br  created -> start :2022-01-22 18:32 estimation of stop:2022-01-23 02:52-> 1000003,1000004,1000006,1000045,1000069,1000093,1000125,1000164,1000165,1000170,1000196,1000222,1000241,1000306,1000321,1000327,1000369,1000373,1000380,1000410
Measurement id = 34914015 To popcluster84.atlas.winet.dcc.ufmg.br  created -> start :2022-01-22 18:32 estimation of stop:2022-01-23 02:52-> 1000003,1000004,1000006,1000045,1000069,1000093,1000125,1000164,1000165,1000170,1000196,1000222,1000241,1000306,1000321,1000327,1000369,1000373,1000380,1000410
Measurement id = 34914016 To popcluster85.atlas.winet.dcc.ufmg.br  created -> start :2022-01-22 18:32 estimation of stop:2022-01-23 02:52-> 1000003,1000004,1000006,1000045,1000069,1000093,1000125,1000164,1000165,1000170,1000196,1000222,1000241,1000306,1000321,1000327,1000369,1000373,1000380,1000410
Measurement id = 34914017 To popcluster86.atlas.winet.dcc.ufmg.br  created -> start :2022-01-22 18:32 estimation of stop:2022-01-23 02:52-> 1000003,1000004,1000006,1000045,1000069,1000093,1000125,1000164,1000165,1000170,1000196,1000222,1000241,1000306,1000321,1000327,1000369,1000373,1000380,1000410
Measurement id = 34914019 To popcluster87.atlas.winet.dcc.ufmg.br  created -> start :2022-01-22 18:32 estimation of stop:2022-01-23 02:52-> 1000003,1000004,1000006,1000045,1000069,1000093,1000125,1000164,1000165,1000170,1000196,1000222,1000241,1000306,1000321,1000327,1000369,1000373,1000380,1000410
Measurement id = 34914020 To popcluster88.atlas.winet.dcc.ufmg.br  created -> start :2022-01-22 18:32 estimation of stop:2022-01-23 02:52-> 1000003,1000004,1000006,1000045,1000069,1000093,1000125,1000164,1000165,1000170,1000196,1000222,1000241,1000306,1000321,1000327,1000369,1000373,1000380,1000410
Measurement id = 34914021 To popcluster89.atlas.winet.dcc.ufmg.br  created -> start :2022-01-22 18:32 estimation of stop:2022-01-23 02:52-> 1000003,1000004,1000006,1000045,1000069,1000093,1000125,1000164,1000165,1000170,1000196,1000222,1000241,1000306,1000321,1000327,1000369,1000373,1000380,1000410
Measurement id = 34914023 To popcluster90.atlas.winet.dcc.ufmg.br  created -> start :2022-01-22 18:32 estimation of stop:2022-01-23 02:52-> 1000003,1000004,1000006,1000045,1000069,1000093,1000125,1000164,1000165,1000170,1000196,1000222,1000241,1000306,1000321,1000327,1000369,1000373,1000380,1000410
Measurement id = 34914024 To popcluster91.atlas.winet.dcc.ufmg.br  created -> start :2022-01-22 18:32 estimation of stop:2022-01-23 02:52-> 1000003,1000004,1000006,1000045,1000069,1000093,1000125,1000164,1000165,1000170,1000196,1000222,1000241,1000306,1000321,1000327,1000369,1000373,1000380,1000410
Measurement id = 34914025 To popcluster92.atlas.winet.dcc.ufmg.br  created -> start :2022-01-22 18:32 estimation of stop:2022-01-23 02:52-> 1000003,1000004,1000006,1000045,1000069,1000093,1000125,1000164,1000165,1000170,1000196,1000222,1000241,1000306,1000321,1000327,1000369,1000373,1000380,1000410
Measurement id = 34914026 To popcluster93.atlas.winet.dcc.ufmg.br  created -> start :2022-01-22 18:32 estimation of stop:2022-01-23 02:52-> 1000003,1000004,1000006,1000045,1000069,1000093,1000125,1000164,1000165,1000170,1000196,1000222,1000241,1000306,1000321,1000327,1000369,1000373,1000380,1000410
Measurement id = 34914027 To popcluster94.atlas.winet.dcc.ufmg.br  created -> start :2022-01-22 18:32 estimation of stop:2022-01-23 02:52-> 1000003,1000004,1000006,1000045,1000069,1000093,1000125,1000164,1000165,1000170,1000196,1000222,1000241,1000306,1000321,1000327,1000369,1000373,1000380,1000410
Measurement id = 34914028 To popcluster95.atlas.winet.dcc.ufmg.br  created -> start :2022-01-22 18:32 estimation of stop:2022-01-23 02:52-> 1000003,1000004,1000006,1000045,1000069,1000093,1000125,1000164,1000165,1000170,1000196,1000222,1000241,1000306,1000321,1000327,1000369,1000373,1000380,1000410
Measurement id = 34914029 To popcluster96.atlas.winet.dcc.ufmg.br  created -> start :2022-01-22 18:32 estimation of stop:2022-01-23 02:52-> 1000003,1000004,1000006,1000045,1000069,1000093,1000125,1000164,1000165,1000170,1000196,1000222,1000241,1000306,1000321,1000327,1000369,1000373,1000380,1000410
Measurement id = 34914030 To popcluster97.atlas.winet.dcc.ufmg.br  created -> start :2022-01-22 18:32 estimation of stop:2022-01-23 02:52-> 1000003,1000004,1000006,1000045,1000069,1000093,1000125,1000164,1000165,1000170,1000196,1000222,1000241,1000306,1000321,1000327,1000369,1000373,1000380,1000410
Measurement id = 34914031 To popcluster98.atlas.winet.dcc.ufmg.br  created -> start :2022-01-22 18:32 estimation of stop:2022-01-23 02:52-> 1000003,1000004,1000006,1000045,1000069,1000093,1000125,1000164,1000165,1000170,1000196,1000222,1000241,1000306,1000321,1000327,1000369,1000373,1000380,1000410
Measurement id = 34914032 To popcluster99.atlas.winet.dcc.ufmg.br  created -> start :2022-01-22 18:32 estimation of stop:2022-01-23 02:52-> 1000003,1000004,1000006,1000045,1000069,1000093,1000125,1000164,1000165,1000170,1000196,1000222,1000241,1000306,1000321,1000327,1000369,1000373,1000380,1000410
Measurement id = 34914033 To popcluster100.atlas.winet.dcc.ufmg.br  created -> start :2022-01-22 18:32 estimation of stop:2022-01-23 02:52-> 1000003,1000004,1000006,1000045,1000069,1000093,1000125,1000164,1000165,1000170,1000196,1000222,1000241,1000306,1000321,1000327,1000369,1000373,1000380,1000410
