Measurement id = 34874722 To popcluster1.atlas.winet.dcc.ufmg.br  created -> start :2022-01-20 17:49 estimation of stop:2022-01-21 02:09-> 53670,53717,53798,53806,53809,53811,53848,53913,53989,54076,54094,51222,51226,52133,52298,53569,53683,53690,53477,53606
Measurement id = 34874723 To popcluster2.atlas.winet.dcc.ufmg.br  created -> start :2022-01-20 17:49 estimation of stop:2022-01-21 02:09-> 53670,53717,53798,53806,53809,53811,53848,53913,53989,54076,54094,51222,51226,52133,52298,53569,53683,53690,53477,53606
Measurement id = 34874724 To popcluster3.atlas.winet.dcc.ufmg.br  created -> start :2022-01-20 17:49 estimation of stop:2022-01-21 02:09-> 53670,53717,53798,53806,53809,53811,53848,53913,53989,54076,54094,51222,51226,52133,52298,53569,53683,53690,53477,53606
Measurement id = 34874727 To popcluster4.atlas.winet.dcc.ufmg.br  created -> start :2022-01-20 17:49 estimation of stop:2022-01-21 02:09-> 53670,53717,53798,53806,53809,53811,53848,53913,53989,54076,54094,51222,51226,52133,52298,53569,53683,53690,53477,53606
Measurement id = 34874728 To popcluster5.atlas.winet.dcc.ufmg.br  created -> start :2022-01-20 17:49 estimation of stop:2022-01-21 02:09-> 53670,53717,53798,53806,53809,53811,53848,53913,53989,54076,54094,51222,51226,52133,52298,53569,53683,53690,53477,53606
Measurement id = 34874729 To popcluster6.atlas.winet.dcc.ufmg.br  created -> start :2022-01-20 17:49 estimation of stop:2022-01-21 02:09-> 53670,53717,53798,53806,53809,53811,53848,53913,53989,54076,54094,51222,51226,52133,52298,53569,53683,53690,53477,53606
Measurement id = 34874730 To popcluster7.atlas.winet.dcc.ufmg.br  created -> start :2022-01-20 17:49 estimation of stop:2022-01-21 02:09-> 53670,53717,53798,53806,53809,53811,53848,53913,53989,54076,54094,51222,51226,52133,52298,53569,53683,53690,53477,53606
Measurement id = 34874731 To popcluster8.atlas.winet.dcc.ufmg.br  created -> start :2022-01-20 17:49 estimation of stop:2022-01-21 02:09-> 53670,53717,53798,53806,53809,53811,53848,53913,53989,54076,54094,51222,51226,52133,52298,53569,53683,53690,53477,53606
Measurement id = 34874732 To popcluster9.atlas.winet.dcc.ufmg.br  created -> start :2022-01-20 17:49 estimation of stop:2022-01-21 02:09-> 53670,53717,53798,53806,53809,53811,53848,53913,53989,54076,54094,51222,51226,52133,52298,53569,53683,53690,53477,53606
Measurement id = 34874733 To popcluster10.atlas.winet.dcc.ufmg.br  created -> start :2022-01-20 17:49 estimation of stop:2022-01-21 02:09-> 53670,53717,53798,53806,53809,53811,53848,53913,53989,54076,54094,51222,51226,52133,52298,53569,53683,53690,53477,53606
Measurement id = 34874734 To popcluster11.atlas.winet.dcc.ufmg.br  created -> start :2022-01-20 17:49 estimation of stop:2022-01-21 02:09-> 53670,53717,53798,53806,53809,53811,53848,53913,53989,54076,54094,51222,51226,52133,52298,53569,53683,53690,53477,53606
Measurement id = 34874735 To popcluster12.atlas.winet.dcc.ufmg.br  created -> start :2022-01-20 17:49 estimation of stop:2022-01-21 02:09-> 53670,53717,53798,53806,53809,53811,53848,53913,53989,54076,54094,51222,51226,52133,52298,53569,53683,53690,53477,53606
Measurement id = 34874736 To popcluster13.atlas.winet.dcc.ufmg.br  created -> start :2022-01-20 17:49 estimation of stop:2022-01-21 02:09-> 53670,53717,53798,53806,53809,53811,53848,53913,53989,54076,54094,51222,51226,52133,52298,53569,53683,53690,53477,53606
Measurement id = 34874737 To popcluster14.atlas.winet.dcc.ufmg.br  created -> start :2022-01-20 17:49 estimation of stop:2022-01-21 02:09-> 53670,53717,53798,53806,53809,53811,53848,53913,53989,54076,54094,51222,51226,52133,52298,53569,53683,53690,53477,53606
Measurement id = 34874738 To popcluster15.atlas.winet.dcc.ufmg.br  created -> start :2022-01-20 17:49 estimation of stop:2022-01-21 02:09-> 53670,53717,53798,53806,53809,53811,53848,53913,53989,54076,54094,51222,51226,52133,52298,53569,53683,53690,53477,53606
Measurement id = 34874739 To popcluster16.atlas.winet.dcc.ufmg.br  created -> start :2022-01-20 17:49 estimation of stop:2022-01-21 02:09-> 53670,53717,53798,53806,53809,53811,53848,53913,53989,54076,54094,51222,51226,52133,52298,53569,53683,53690,53477,53606
Measurement id = 34874740 To popcluster17.atlas.winet.dcc.ufmg.br  created -> start :2022-01-20 17:49 estimation of stop:2022-01-21 02:09-> 53670,53717,53798,53806,53809,53811,53848,53913,53989,54076,54094,51222,51226,52133,52298,53569,53683,53690,53477,53606
Measurement id = 34874741 To popcluster18.atlas.winet.dcc.ufmg.br  created -> start :2022-01-20 17:49 estimation of stop:2022-01-21 02:09-> 53670,53717,53798,53806,53809,53811,53848,53913,53989,54076,54094,51222,51226,52133,52298,53569,53683,53690,53477,53606
Measurement id = 34874742 To popcluster19.atlas.winet.dcc.ufmg.br  created -> start :2022-01-20 17:49 estimation of stop:2022-01-21 02:09-> 53670,53717,53798,53806,53809,53811,53848,53913,53989,54076,54094,51222,51226,52133,52298,53569,53683,53690,53477,53606
Measurement id = 34874745 To popcluster20.atlas.winet.dcc.ufmg.br  created -> start :2022-01-20 17:49 estimation of stop:2022-01-21 02:09-> 53670,53717,53798,53806,53809,53811,53848,53913,53989,54076,54094,51222,51226,52133,52298,53569,53683,53690,53477,53606
Measurement id = 34874748 To popcluster21.atlas.winet.dcc.ufmg.br  created -> start :2022-01-20 17:49 estimation of stop:2022-01-21 02:09-> 53670,53717,53798,53806,53809,53811,53848,53913,53989,54076,54094,51222,51226,52133,52298,53569,53683,53690,53477,53606
Measurement id = 34874751 To popcluster22.atlas.winet.dcc.ufmg.br  created -> start :2022-01-20 17:49 estimation of stop:2022-01-21 02:09-> 53670,53717,53798,53806,53809,53811,53848,53913,53989,54076,54094,51222,51226,52133,52298,53569,53683,53690,53477,53606
Measurement id = 34874754 To popcluster23.atlas.winet.dcc.ufmg.br  created -> start :2022-01-20 17:49 estimation of stop:2022-01-21 02:09-> 53670,53717,53798,53806,53809,53811,53848,53913,53989,54076,54094,51222,51226,52133,52298,53569,53683,53690,53477,53606
Measurement id = 34874757 To popcluster24.atlas.winet.dcc.ufmg.br  created -> start :2022-01-20 17:49 estimation of stop:2022-01-21 02:09-> 53670,53717,53798,53806,53809,53811,53848,53913,53989,54076,54094,51222,51226,52133,52298,53569,53683,53690,53477,53606
Measurement id = 34874760 To popcluster25.atlas.winet.dcc.ufmg.br  created -> start :2022-01-20 17:49 estimation of stop:2022-01-21 02:09-> 53670,53717,53798,53806,53809,53811,53848,53913,53989,54076,54094,51222,51226,52133,52298,53569,53683,53690,53477,53606
Measurement id = 34874763 To popcluster26.atlas.winet.dcc.ufmg.br  created -> start :2022-01-20 17:49 estimation of stop:2022-01-21 02:09-> 53670,53717,53798,53806,53809,53811,53848,53913,53989,54076,54094,51222,51226,52133,52298,53569,53683,53690,53477,53606
Measurement id = 34874766 To popcluster27.atlas.winet.dcc.ufmg.br  created -> start :2022-01-20 17:49 estimation of stop:2022-01-21 02:09-> 53670,53717,53798,53806,53809,53811,53848,53913,53989,54076,54094,51222,51226,52133,52298,53569,53683,53690,53477,53606
Measurement id = 34874771 To popcluster28.atlas.winet.dcc.ufmg.br  created -> start :2022-01-20 17:49 estimation of stop:2022-01-21 02:09-> 53670,53717,53798,53806,53809,53811,53848,53913,53989,54076,54094,51222,51226,52133,52298,53569,53683,53690,53477,53606
Measurement id = 34874776 To popcluster29.atlas.winet.dcc.ufmg.br  created -> start :2022-01-20 17:49 estimation of stop:2022-01-21 02:09-> 53670,53717,53798,53806,53809,53811,53848,53913,53989,54076,54094,51222,51226,52133,52298,53569,53683,53690,53477,53606
Measurement id = 34874779 To popcluster30.atlas.winet.dcc.ufmg.br  created -> start :2022-01-20 17:49 estimation of stop:2022-01-21 02:09-> 53670,53717,53798,53806,53809,53811,53848,53913,53989,54076,54094,51222,51226,52133,52298,53569,53683,53690,53477,53606
Measurement id = 34874784 To popcluster31.atlas.winet.dcc.ufmg.br  created -> start :2022-01-20 17:49 estimation of stop:2022-01-21 02:09-> 53670,53717,53798,53806,53809,53811,53848,53913,53989,54076,54094,51222,51226,52133,52298,53569,53683,53690,53477,53606
Measurement id = 34874790 To popcluster32.atlas.winet.dcc.ufmg.br  created -> start :2022-01-20 17:49 estimation of stop:2022-01-21 02:09-> 53670,53717,53798,53806,53809,53811,53848,53913,53989,54076,54094,51222,51226,52133,52298,53569,53683,53690,53477,53606
Measurement id = 34874795 To popcluster33.atlas.winet.dcc.ufmg.br  created -> start :2022-01-20 17:49 estimation of stop:2022-01-21 02:09-> 53670,53717,53798,53806,53809,53811,53848,53913,53989,54076,54094,51222,51226,52133,52298,53569,53683,53690,53477,53606
Measurement id = 34874800 To popcluster34.atlas.winet.dcc.ufmg.br  created -> start :2022-01-20 17:49 estimation of stop:2022-01-21 02:09-> 53670,53717,53798,53806,53809,53811,53848,53913,53989,54076,54094,51222,51226,52133,52298,53569,53683,53690,53477,53606
Measurement id = 34874804 To popcluster35.atlas.winet.dcc.ufmg.br  created -> start :2022-01-20 17:49 estimation of stop:2022-01-21 02:09-> 53670,53717,53798,53806,53809,53811,53848,53913,53989,54076,54094,51222,51226,52133,52298,53569,53683,53690,53477,53606
Measurement id = 34874809 To popcluster36.atlas.winet.dcc.ufmg.br  created -> start :2022-01-20 17:49 estimation of stop:2022-01-21 02:09-> 53670,53717,53798,53806,53809,53811,53848,53913,53989,54076,54094,51222,51226,52133,52298,53569,53683,53690,53477,53606
Measurement id = 34874814 To popcluster37.atlas.winet.dcc.ufmg.br  created -> start :2022-01-20 17:49 estimation of stop:2022-01-21 02:09-> 53670,53717,53798,53806,53809,53811,53848,53913,53989,54076,54094,51222,51226,52133,52298,53569,53683,53690,53477,53606
Measurement id = 34874819 To popcluster38.atlas.winet.dcc.ufmg.br  created -> start :2022-01-20 17:49 estimation of stop:2022-01-21 02:09-> 53670,53717,53798,53806,53809,53811,53848,53913,53989,54076,54094,51222,51226,52133,52298,53569,53683,53690,53477,53606
Measurement id = 34874824 To popcluster39.atlas.winet.dcc.ufmg.br  created -> start :2022-01-20 17:49 estimation of stop:2022-01-21 02:09-> 53670,53717,53798,53806,53809,53811,53848,53913,53989,54076,54094,51222,51226,52133,52298,53569,53683,53690,53477,53606
Measurement id = 34874829 To popcluster40.atlas.winet.dcc.ufmg.br  created -> start :2022-01-20 17:49 estimation of stop:2022-01-21 02:09-> 53670,53717,53798,53806,53809,53811,53848,53913,53989,54076,54094,51222,51226,52133,52298,53569,53683,53690,53477,53606
Measurement id = 34874832 To popcluster41.atlas.winet.dcc.ufmg.br  created -> start :2022-01-20 17:49 estimation of stop:2022-01-21 02:09-> 53670,53717,53798,53806,53809,53811,53848,53913,53989,54076,54094,51222,51226,52133,52298,53569,53683,53690,53477,53606
Measurement id = 34874837 To popcluster42.atlas.winet.dcc.ufmg.br  created -> start :2022-01-20 17:49 estimation of stop:2022-01-21 02:09-> 53670,53717,53798,53806,53809,53811,53848,53913,53989,54076,54094,51222,51226,52133,52298,53569,53683,53690,53477,53606
Measurement id = 34874842 To popcluster43.atlas.winet.dcc.ufmg.br  created -> start :2022-01-20 17:49 estimation of stop:2022-01-21 02:09-> 53670,53717,53798,53806,53809,53811,53848,53913,53989,54076,54094,51222,51226,52133,52298,53569,53683,53690,53477,53606
Measurement id = 34874848 To popcluster44.atlas.winet.dcc.ufmg.br  created -> start :2022-01-20 17:49 estimation of stop:2022-01-21 02:09-> 53670,53717,53798,53806,53809,53811,53848,53913,53989,54076,54094,51222,51226,52133,52298,53569,53683,53690,53477,53606
Measurement id = 34874853 To popcluster45.atlas.winet.dcc.ufmg.br  created -> start :2022-01-20 17:49 estimation of stop:2022-01-21 02:09-> 53670,53717,53798,53806,53809,53811,53848,53913,53989,54076,54094,51222,51226,52133,52298,53569,53683,53690,53477,53606
Measurement id = 34874856 To popcluster46.atlas.winet.dcc.ufmg.br  created -> start :2022-01-20 17:49 estimation of stop:2022-01-21 02:09-> 53670,53717,53798,53806,53809,53811,53848,53913,53989,54076,54094,51222,51226,52133,52298,53569,53683,53690,53477,53606
Measurement id = 34874860 To popcluster47.atlas.winet.dcc.ufmg.br  created -> start :2022-01-20 17:49 estimation of stop:2022-01-21 02:09-> 53670,53717,53798,53806,53809,53811,53848,53913,53989,54076,54094,51222,51226,52133,52298,53569,53683,53690,53477,53606
Measurement id = 34874864 To popcluster48.atlas.winet.dcc.ufmg.br  created -> start :2022-01-20 17:49 estimation of stop:2022-01-21 02:09-> 53670,53717,53798,53806,53809,53811,53848,53913,53989,54076,54094,51222,51226,52133,52298,53569,53683,53690,53477,53606
Measurement id = 34874869 To popcluster49.atlas.winet.dcc.ufmg.br  created -> start :2022-01-20 17:49 estimation of stop:2022-01-21 02:09-> 53670,53717,53798,53806,53809,53811,53848,53913,53989,54076,54094,51222,51226,52133,52298,53569,53683,53690,53477,53606
Measurement id = 34874874 To popcluster50.atlas.winet.dcc.ufmg.br  created -> start :2022-01-20 17:49 estimation of stop:2022-01-21 02:09-> 53670,53717,53798,53806,53809,53811,53848,53913,53989,54076,54094,51222,51226,52133,52298,53569,53683,53690,53477,53606
Measurement id = 34874879 To popcluster51.atlas.winet.dcc.ufmg.br  created -> start :2022-01-20 17:49 estimation of stop:2022-01-21 02:09-> 53670,53717,53798,53806,53809,53811,53848,53913,53989,54076,54094,51222,51226,52133,52298,53569,53683,53690,53477,53606
Measurement id = 34874884 To popcluster52.atlas.winet.dcc.ufmg.br  created -> start :2022-01-20 17:49 estimation of stop:2022-01-21 02:09-> 53670,53717,53798,53806,53809,53811,53848,53913,53989,54076,54094,51222,51226,52133,52298,53569,53683,53690,53477,53606
Measurement id = 34874889 To popcluster53.atlas.winet.dcc.ufmg.br  created -> start :2022-01-20 17:49 estimation of stop:2022-01-21 02:09-> 53670,53717,53798,53806,53809,53811,53848,53913,53989,54076,54094,51222,51226,52133,52298,53569,53683,53690,53477,53606
Measurement id = 34874894 To popcluster54.atlas.winet.dcc.ufmg.br  created -> start :2022-01-20 17:49 estimation of stop:2022-01-21 02:09-> 53670,53717,53798,53806,53809,53811,53848,53913,53989,54076,54094,51222,51226,52133,52298,53569,53683,53690,53477,53606
Measurement id = 34874900 To popcluster55.atlas.winet.dcc.ufmg.br  created -> start :2022-01-20 17:49 estimation of stop:2022-01-21 02:09-> 53670,53717,53798,53806,53809,53811,53848,53913,53989,54076,54094,51222,51226,52133,52298,53569,53683,53690,53477,53606
Measurement id = 34874909 To popcluster56.atlas.winet.dcc.ufmg.br  created -> start :2022-01-20 17:49 estimation of stop:2022-01-21 02:09-> 53670,53717,53798,53806,53809,53811,53848,53913,53989,54076,54094,51222,51226,52133,52298,53569,53683,53690,53477,53606
Measurement id = 34874914 To popcluster57.atlas.winet.dcc.ufmg.br  created -> start :2022-01-20 17:49 estimation of stop:2022-01-21 02:09-> 53670,53717,53798,53806,53809,53811,53848,53913,53989,54076,54094,51222,51226,52133,52298,53569,53683,53690,53477,53606
Measurement id = 34874919 To popcluster58.atlas.winet.dcc.ufmg.br  created -> start :2022-01-20 17:49 estimation of stop:2022-01-21 02:09-> 53670,53717,53798,53806,53809,53811,53848,53913,53989,54076,54094,51222,51226,52133,52298,53569,53683,53690,53477,53606
Measurement id = 34874925 To popcluster59.atlas.winet.dcc.ufmg.br  created -> start :2022-01-20 17:49 estimation of stop:2022-01-21 02:09-> 53670,53717,53798,53806,53809,53811,53848,53913,53989,54076,54094,51222,51226,52133,52298,53569,53683,53690,53477,53606
Measurement id = 34874930 To popcluster60.atlas.winet.dcc.ufmg.br  created -> start :2022-01-20 17:49 estimation of stop:2022-01-21 02:09-> 53670,53717,53798,53806,53809,53811,53848,53913,53989,54076,54094,51222,51226,52133,52298,53569,53683,53690,53477,53606
Measurement id = 34874935 To popcluster61.atlas.winet.dcc.ufmg.br  created -> start :2022-01-20 17:49 estimation of stop:2022-01-21 02:09-> 53670,53717,53798,53806,53809,53811,53848,53913,53989,54076,54094,51222,51226,52133,52298,53569,53683,53690,53477,53606
Measurement id = 34874940 To popcluster62.atlas.winet.dcc.ufmg.br  created -> start :2022-01-20 17:49 estimation of stop:2022-01-21 02:09-> 53670,53717,53798,53806,53809,53811,53848,53913,53989,54076,54094,51222,51226,52133,52298,53569,53683,53690,53477,53606
Measurement id = 34874945 To popcluster63.atlas.winet.dcc.ufmg.br  created -> start :2022-01-20 17:49 estimation of stop:2022-01-21 02:09-> 53670,53717,53798,53806,53809,53811,53848,53913,53989,54076,54094,51222,51226,52133,52298,53569,53683,53690,53477,53606
Measurement id = 34874952 To popcluster64.atlas.winet.dcc.ufmg.br  created -> start :2022-01-20 17:49 estimation of stop:2022-01-21 02:09-> 53670,53717,53798,53806,53809,53811,53848,53913,53989,54076,54094,51222,51226,52133,52298,53569,53683,53690,53477,53606
Measurement id = 34874957 To popcluster65.atlas.winet.dcc.ufmg.br  created -> start :2022-01-20 17:49 estimation of stop:2022-01-21 02:09-> 53670,53717,53798,53806,53809,53811,53848,53913,53989,54076,54094,51222,51226,52133,52298,53569,53683,53690,53477,53606
Measurement id = 34874964 To popcluster66.atlas.winet.dcc.ufmg.br  created -> start :2022-01-20 17:49 estimation of stop:2022-01-21 02:09-> 53670,53717,53798,53806,53809,53811,53848,53913,53989,54076,54094,51222,51226,52133,52298,53569,53683,53690,53477,53606
Measurement id = 34874969 To popcluster67.atlas.winet.dcc.ufmg.br  created -> start :2022-01-20 17:49 estimation of stop:2022-01-21 02:09-> 53670,53717,53798,53806,53809,53811,53848,53913,53989,54076,54094,51222,51226,52133,52298,53569,53683,53690,53477,53606
Measurement id = 34874972 To popcluster68.atlas.winet.dcc.ufmg.br  created -> start :2022-01-20 17:49 estimation of stop:2022-01-21 02:09-> 53670,53717,53798,53806,53809,53811,53848,53913,53989,54076,54094,51222,51226,52133,52298,53569,53683,53690,53477,53606
Measurement id = 34874973 To popcluster69.atlas.winet.dcc.ufmg.br  created -> start :2022-01-20 17:49 estimation of stop:2022-01-21 02:09-> 53670,53717,53798,53806,53809,53811,53848,53913,53989,54076,54094,51222,51226,52133,52298,53569,53683,53690,53477,53606
Measurement id = 34874974 To popcluster70.atlas.winet.dcc.ufmg.br  created -> start :2022-01-20 17:49 estimation of stop:2022-01-21 02:09-> 53670,53717,53798,53806,53809,53811,53848,53913,53989,54076,54094,51222,51226,52133,52298,53569,53683,53690,53477,53606
Measurement id = 34874975 To popcluster71.atlas.winet.dcc.ufmg.br  created -> start :2022-01-20 17:49 estimation of stop:2022-01-21 02:09-> 53670,53717,53798,53806,53809,53811,53848,53913,53989,54076,54094,51222,51226,52133,52298,53569,53683,53690,53477,53606
Measurement id = 34874976 To popcluster72.atlas.winet.dcc.ufmg.br  created -> start :2022-01-20 17:49 estimation of stop:2022-01-21 02:09-> 53670,53717,53798,53806,53809,53811,53848,53913,53989,54076,54094,51222,51226,52133,52298,53569,53683,53690,53477,53606
Measurement id = 34874977 To popcluster73.atlas.winet.dcc.ufmg.br  created -> start :2022-01-20 17:49 estimation of stop:2022-01-21 02:09-> 53670,53717,53798,53806,53809,53811,53848,53913,53989,54076,54094,51222,51226,52133,52298,53569,53683,53690,53477,53606
Measurement id = 34874978 To popcluster74.atlas.winet.dcc.ufmg.br  created -> start :2022-01-20 17:49 estimation of stop:2022-01-21 02:09-> 53670,53717,53798,53806,53809,53811,53848,53913,53989,54076,54094,51222,51226,52133,52298,53569,53683,53690,53477,53606
Measurement id = 34874979 To popcluster75.atlas.winet.dcc.ufmg.br  created -> start :2022-01-20 17:49 estimation of stop:2022-01-21 02:09-> 53670,53717,53798,53806,53809,53811,53848,53913,53989,54076,54094,51222,51226,52133,52298,53569,53683,53690,53477,53606
Measurement id = 34874980 To popcluster76.atlas.winet.dcc.ufmg.br  created -> start :2022-01-20 17:49 estimation of stop:2022-01-21 02:09-> 53670,53717,53798,53806,53809,53811,53848,53913,53989,54076,54094,51222,51226,52133,52298,53569,53683,53690,53477,53606
Measurement id = 34874981 To popcluster77.atlas.winet.dcc.ufmg.br  created -> start :2022-01-20 17:49 estimation of stop:2022-01-21 02:09-> 53670,53717,53798,53806,53809,53811,53848,53913,53989,54076,54094,51222,51226,52133,52298,53569,53683,53690,53477,53606
Measurement id = 34874982 To popcluster78.atlas.winet.dcc.ufmg.br  created -> start :2022-01-20 17:49 estimation of stop:2022-01-21 02:09-> 53670,53717,53798,53806,53809,53811,53848,53913,53989,54076,54094,51222,51226,52133,52298,53569,53683,53690,53477,53606
Measurement id = 34874983 To popcluster79.atlas.winet.dcc.ufmg.br  created -> start :2022-01-20 17:49 estimation of stop:2022-01-21 02:09-> 53670,53717,53798,53806,53809,53811,53848,53913,53989,54076,54094,51222,51226,52133,52298,53569,53683,53690,53477,53606
Measurement id = 34874984 To popcluster80.atlas.winet.dcc.ufmg.br  created -> start :2022-01-20 17:49 estimation of stop:2022-01-21 02:09-> 53670,53717,53798,53806,53809,53811,53848,53913,53989,54076,54094,51222,51226,52133,52298,53569,53683,53690,53477,53606
Measurement id = 34874985 To popcluster81.atlas.winet.dcc.ufmg.br  created -> start :2022-01-20 17:49 estimation of stop:2022-01-21 02:09-> 53670,53717,53798,53806,53809,53811,53848,53913,53989,54076,54094,51222,51226,52133,52298,53569,53683,53690,53477,53606
Measurement id = 34874986 To popcluster82.atlas.winet.dcc.ufmg.br  created -> start :2022-01-20 17:49 estimation of stop:2022-01-21 02:09-> 53670,53717,53798,53806,53809,53811,53848,53913,53989,54076,54094,51222,51226,52133,52298,53569,53683,53690,53477,53606
Measurement id = 34874987 To popcluster83.atlas.winet.dcc.ufmg.br  created -> start :2022-01-20 17:49 estimation of stop:2022-01-21 02:09-> 53670,53717,53798,53806,53809,53811,53848,53913,53989,54076,54094,51222,51226,52133,52298,53569,53683,53690,53477,53606
Measurement id = 34874988 To popcluster84.atlas.winet.dcc.ufmg.br  created -> start :2022-01-20 17:49 estimation of stop:2022-01-21 02:09-> 53670,53717,53798,53806,53809,53811,53848,53913,53989,54076,54094,51222,51226,52133,52298,53569,53683,53690,53477,53606
Measurement id = 34874989 To popcluster85.atlas.winet.dcc.ufmg.br  created -> start :2022-01-20 17:49 estimation of stop:2022-01-21 02:09-> 53670,53717,53798,53806,53809,53811,53848,53913,53989,54076,54094,51222,51226,52133,52298,53569,53683,53690,53477,53606
Measurement id = 34874990 To popcluster86.atlas.winet.dcc.ufmg.br  created -> start :2022-01-20 17:49 estimation of stop:2022-01-21 02:09-> 53670,53717,53798,53806,53809,53811,53848,53913,53989,54076,54094,51222,51226,52133,52298,53569,53683,53690,53477,53606
Measurement id = 34874991 To popcluster87.atlas.winet.dcc.ufmg.br  created -> start :2022-01-20 17:49 estimation of stop:2022-01-21 02:09-> 53670,53717,53798,53806,53809,53811,53848,53913,53989,54076,54094,51222,51226,52133,52298,53569,53683,53690,53477,53606
Measurement id = 34874992 To popcluster88.atlas.winet.dcc.ufmg.br  created -> start :2022-01-20 17:49 estimation of stop:2022-01-21 02:09-> 53670,53717,53798,53806,53809,53811,53848,53913,53989,54076,54094,51222,51226,52133,52298,53569,53683,53690,53477,53606
Measurement id = 34874993 To popcluster89.atlas.winet.dcc.ufmg.br  created -> start :2022-01-20 17:49 estimation of stop:2022-01-21 02:09-> 53670,53717,53798,53806,53809,53811,53848,53913,53989,54076,54094,51222,51226,52133,52298,53569,53683,53690,53477,53606
Measurement id = 34874994 To popcluster90.atlas.winet.dcc.ufmg.br  created -> start :2022-01-20 17:49 estimation of stop:2022-01-21 02:09-> 53670,53717,53798,53806,53809,53811,53848,53913,53989,54076,54094,51222,51226,52133,52298,53569,53683,53690,53477,53606
Measurement id = 34874995 To popcluster91.atlas.winet.dcc.ufmg.br  created -> start :2022-01-20 17:49 estimation of stop:2022-01-21 02:09-> 53670,53717,53798,53806,53809,53811,53848,53913,53989,54076,54094,51222,51226,52133,52298,53569,53683,53690,53477,53606
Measurement id = 34874996 To popcluster92.atlas.winet.dcc.ufmg.br  created -> start :2022-01-20 17:49 estimation of stop:2022-01-21 02:09-> 53670,53717,53798,53806,53809,53811,53848,53913,53989,54076,54094,51222,51226,52133,52298,53569,53683,53690,53477,53606
Measurement id = 34874997 To popcluster93.atlas.winet.dcc.ufmg.br  created -> start :2022-01-20 17:49 estimation of stop:2022-01-21 02:09-> 53670,53717,53798,53806,53809,53811,53848,53913,53989,54076,54094,51222,51226,52133,52298,53569,53683,53690,53477,53606
Measurement id = 34874998 To popcluster94.atlas.winet.dcc.ufmg.br  created -> start :2022-01-20 17:49 estimation of stop:2022-01-21 02:09-> 53670,53717,53798,53806,53809,53811,53848,53913,53989,54076,54094,51222,51226,52133,52298,53569,53683,53690,53477,53606
Measurement id = 34874999 To popcluster95.atlas.winet.dcc.ufmg.br  created -> start :2022-01-20 17:49 estimation of stop:2022-01-21 02:09-> 53670,53717,53798,53806,53809,53811,53848,53913,53989,54076,54094,51222,51226,52133,52298,53569,53683,53690,53477,53606
Measurement id = 34875000 To popcluster96.atlas.winet.dcc.ufmg.br  created -> start :2022-01-20 17:49 estimation of stop:2022-01-21 02:09-> 53670,53717,53798,53806,53809,53811,53848,53913,53989,54076,54094,51222,51226,52133,52298,53569,53683,53690,53477,53606
Measurement id = 34875001 To popcluster97.atlas.winet.dcc.ufmg.br  created -> start :2022-01-20 17:49 estimation of stop:2022-01-21 02:09-> 53670,53717,53798,53806,53809,53811,53848,53913,53989,54076,54094,51222,51226,52133,52298,53569,53683,53690,53477,53606
Measurement id = 34875002 To popcluster98.atlas.winet.dcc.ufmg.br  created -> start :2022-01-20 17:49 estimation of stop:2022-01-21 02:09-> 53670,53717,53798,53806,53809,53811,53848,53913,53989,54076,54094,51222,51226,52133,52298,53569,53683,53690,53477,53606
Measurement id = 34875003 To popcluster99.atlas.winet.dcc.ufmg.br  created -> start :2022-01-20 17:49 estimation of stop:2022-01-21 02:09-> 53670,53717,53798,53806,53809,53811,53848,53913,53989,54076,54094,51222,51226,52133,52298,53569,53683,53690,53477,53606
Measurement id = 34875004 To popcluster100.atlas.winet.dcc.ufmg.br  created -> start :2022-01-20 17:49 estimation of stop:2022-01-21 02:09-> 53670,53717,53798,53806,53809,53811,53848,53913,53989,54076,54094,51222,51226,52133,52298,53569,53683,53690,53477,53606
